<?xml version="1.0" encoding="UTF-8"?>
<testsuite name="org.apache.commons.complex.ComplexUtilsTest" time="0.041" tests="14" errors="9" skipped="0" failures="0">
  <properties>
    <property name="java.runtime.name" value="OpenJDK Runtime Environment"/>
    <property name="sun.boot.library.path" value="/usr/lib/jvm/java-8-openjdk-amd64/jre/lib/amd64"/>
    <property name="java.vm.version" value="25.111-b14"/>
    <property name="java.vm.vendor" value="Oracle Corporation"/>
    <property name="maven.multiModuleProjectDirectory" value="/home/ericbarnhill/Documents/code/commons-complex"/>
    <property name="java.vendor.url" value="http://java.oracle.com/"/>
    <property name="path.separator" value=":"/>
    <property name="guice.disable.misplaced.annotation.check" value="true"/>
    <property name="java.vm.name" value="OpenJDK 64-Bit Server VM"/>
    <property name="file.encoding.pkg" value="sun.io"/>
    <property name="user.country" value="US"/>
    <property name="sun.java.launcher" value="SUN_STANDARD"/>
    <property name="sun.os.patch.level" value="unknown"/>
    <property name="java.vm.specification.name" value="Java Virtual Machine Specification"/>
    <property name="user.dir" value="/home/ericbarnhill/Documents/code/commons-complex"/>
    <property name="java.runtime.version" value="1.8.0_111-8u111-b14-2ubuntu0.16.04.2-b14"/>
    <property name="java.awt.graphicsenv" value="sun.awt.X11GraphicsEnvironment"/>
    <property name="java.endorsed.dirs" value="/usr/lib/jvm/java-8-openjdk-amd64/jre/lib/endorsed"/>
    <property name="os.arch" value="amd64"/>
    <property name="java.io.tmpdir" value="/tmp"/>
    <property name="line.separator" value="&#10;"/>
    <property name="java.vm.specification.vendor" value="Oracle Corporation"/>
    <property name="os.name" value="Linux"/>
    <property name="classworlds.conf" value="/usr/share/maven/bin/m2.conf"/>
    <property name="sun.jnu.encoding" value="UTF-8"/>
    <property name="java.library.path" value="/home/ericbarnhill/Documents/code//Halide_source/bin:/usr/local/cuda-7.0/lib64:/home/ericbarnhill/Documents/code//itk_build/lib:/usr/lib/x86_64-linux-gnu/:/home/ericbarnhill/Documents/code/caffe-master/matlab/+caffe/private/:/usr/java/packages/lib/amd64:/usr/lib/x86_64-linux-gnu/jni:/lib/x86_64-linux-gnu:/usr/lib/x86_64-linux-gnu:/usr/lib/jni:/lib:/usr/lib"/>
    <property name="java.specification.name" value="Java Platform API Specification"/>
    <property name="java.class.version" value="52.0"/>
    <property name="sun.management.compiler" value="HotSpot 64-Bit Tiered Compilers"/>
    <property name="os.version" value="4.4.0-53-generic"/>
    <property name="user.home" value="/home/ericbarnhill"/>
    <property name="user.timezone" value="Europe/Berlin"/>
    <property name="java.awt.printerjob" value="sun.print.PSPrinterJob"/>
    <property name="file.encoding" value="UTF-8"/>
    <property name="java.specification.version" value="1.8"/>
    <property name="user.name" value="ericbarnhill"/>
    <property name="java.class.path" value="/usr/share/maven/boot/plexus-classworlds-2.x.jar"/>
    <property name="java.vm.specification.version" value="1.8"/>
    <property name="sun.arch.data.model" value="64"/>
    <property name="java.home" value="/usr/lib/jvm/java-8-openjdk-amd64/jre"/>
    <property name="sun.java.command" value="org.codehaus.plexus.classworlds.launcher.Launcher test"/>
    <property name="java.specification.vendor" value="Oracle Corporation"/>
    <property name="user.language" value="en"/>
    <property name="awt.toolkit" value="sun.awt.X11.XToolkit"/>
    <property name="java.vm.info" value="mixed mode"/>
    <property name="java.version" value="1.8.0_111"/>
    <property name="java.ext.dirs" value="/usr/lib/jvm/java-8-openjdk-amd64/jre/lib/ext:/usr/java/packages/lib/ext"/>
    <property name="securerandom.source" value="file:/dev/./urandom"/>
    <property name="sun.boot.class.path" value="/usr/lib/jvm/java-8-openjdk-amd64/jre/lib/resources.jar:/usr/lib/jvm/java-8-openjdk-amd64/jre/lib/rt.jar:/usr/lib/jvm/java-8-openjdk-amd64/jre/lib/sunrsasign.jar:/usr/lib/jvm/java-8-openjdk-amd64/jre/lib/jsse.jar:/usr/lib/jvm/java-8-openjdk-amd64/jre/lib/jce.jar:/usr/lib/jvm/java-8-openjdk-amd64/jre/lib/charsets.jar:/usr/lib/jvm/java-8-openjdk-amd64/jre/lib/jfr.jar:/usr/lib/jvm/java-8-openjdk-amd64/jre/classes"/>
    <property name="java.vendor" value="Oracle Corporation"/>
    <property name="maven.home" value="/usr/share/maven"/>
    <property name="file.separator" value="/"/>
    <property name="java.vendor.url.bug" value="http://bugreport.sun.com/bugreport/"/>
    <property name="sun.cpu.endian" value="little"/>
    <property name="sun.io.unicode.encoding" value="UnicodeLittle"/>
    <property name="sun.cpu.isalist" value=""/>
  </properties>
  <testcase name="testInterleavedToComplex" classname="org.apache.commons.complex.ComplexUtilsTest" time="0.001">
    <error type="java.lang.StackOverflowError:">java.lang.StackOverflowError: null
	at org.apache.commons.complex.TestUtils.equals(TestUtils.java)
	at org.apache.commons.complex.TestUtils.equals(TestUtils.java:390)
	at org.apache.commons.complex.TestUtils.equals(TestUtils.java:390)
	at org.apache.commons.complex.TestUtils.equals(TestUtils.java:390)
	at org.apache.commons.complex.TestUtils.equals(TestUtils.java:390)
	at org.apache.commons.complex.TestUtils.equals(TestUtils.java:390)
	at org.apache.commons.complex.TestUtils.equals(TestUtils.java:390)
	at org.apache.commons.complex.TestUtils.equals(TestUtils.java:390)
	at org.apache.commons.complex.TestUtils.equals(TestUtils.java:390)
	at org.apache.commons.complex.TestUtils.equals(TestUtils.java:390)
	at org.apache.commons.complex.TestUtils.equals(TestUtils.java:390)
	at org.apache.commons.complex.TestUtils.equals(TestUtils.java:390)
	at org.apache.commons.complex.TestUtils.equals(TestUtils.java:390)
	at org.apache.commons.complex.TestUtils.equals(TestUtils.java:390)
	at org.apache.commons.complex.TestUtils.equals(TestUtils.java:390)
	at org.apache.commons.complex.TestUtils.equals(TestUtils.java:390)
	at org.apache.commons.complex.TestUtils.equals(TestUtils.java:390)
	at org.apache.commons.complex.TestUtils.equals(TestUtils.java:390)
	at org.apache.commons.complex.TestUtils.equals(TestUtils.java:390)
	at org.apache.commons.complex.TestUtils.equals(TestUtils.java:390)
	at org.apache.commons.complex.TestUtils.equals(TestUtils.java:390)
	at org.apache.commons.complex.TestUtils.equals(TestUtils.java:390)
	at org.apache.commons.complex.TestUtils.equals(TestUtils.java:390)
	at org.apache.commons.complex.TestUtils.equals(TestUtils.java:390)
	at org.apache.commons.complex.TestUtils.equals(TestUtils.java:390)
	at org.apache.commons.complex.TestUtils.equals(TestUtils.java:390)
	at org.apache.commons.complex.TestUtils.equals(TestUtils.java:390)
	at org.apache.commons.complex.TestUtils.equals(TestUtils.java:390)
	at org.apache.commons.complex.TestUtils.equals(TestUtils.java:390)
	at org.apache.commons.complex.TestUtils.equals(TestUtils.java:390)
	at org.apache.commons.complex.TestUtils.equals(TestUtils.java:390)
	at org.apache.commons.complex.TestUtils.equals(TestUtils.java:390)
	at org.apache.commons.complex.TestUtils.equals(TestUtils.java:390)
	at org.apache.commons.complex.TestUtils.equals(TestUtils.java:390)
	at org.apache.commons.complex.TestUtils.equals(TestUtils.java:390)
	at org.apache.commons.complex.TestUtils.equals(TestUtils.java:390)
	at org.apache.commons.complex.TestUtils.equals(TestUtils.java:390)
	at org.apache.commons.complex.TestUtils.equals(TestUtils.java:390)
	at org.apache.commons.complex.TestUtils.equals(TestUtils.java:390)
	at org.apache.commons.complex.TestUtils.equals(TestUtils.java:390)
	at org.apache.commons.complex.TestUtils.equals(TestUtils.java:390)
	at org.apache.commons.complex.TestUtils.equals(TestUtils.java:390)
	at org.apache.commons.complex.TestUtils.equals(TestUtils.java:390)
	at org.apache.commons.complex.TestUtils.equals(TestUtils.java:390)
	at org.apache.commons.complex.TestUtils.equals(TestUtils.java:390)
	at org.apache.commons.complex.TestUtils.equals(TestUtils.java:390)
	at org.apache.commons.complex.TestUtils.equals(TestUtils.java:390)
	at org.apache.commons.complex.TestUtils.equals(TestUtils.java:390)
	at org.apache.commons.complex.TestUtils.equals(TestUtils.java:390)
	at org.apache.commons.complex.TestUtils.equals(TestUtils.java:390)
	at org.apache.commons.complex.TestUtils.equals(TestUtils.java:390)
	at org.apache.commons.complex.TestUtils.equals(TestUtils.java:390)
	at org.apache.commons.complex.TestUtils.equals(TestUtils.java:390)
	at org.apache.commons.complex.TestUtils.equals(TestUtils.java:390)
	at org.apache.commons.complex.TestUtils.equals(TestUtils.java:390)
	at org.apache.commons.complex.TestUtils.equals(TestUtils.java:390)
	at org.apache.commons.complex.TestUtils.equals(TestUtils.java:390)
	at org.apache.commons.complex.TestUtils.equals(TestUtils.java:390)
	at org.apache.commons.complex.TestUtils.equals(TestUtils.java:390)
	at org.apache.commons.complex.TestUtils.equals(TestUtils.java:390)
	at org.apache.commons.complex.TestUtils.equals(TestUtils.java:390)
	at org.apache.commons.complex.TestUtils.equals(TestUtils.java:390)
	at org.apache.commons.complex.TestUtils.equals(TestUtils.java:390)
	at org.apache.commons.complex.TestUtils.equals(TestUtils.java:390)
	at org.apache.commons.complex.TestUtils.equals(TestUtils.java:390)
	at org.apache.commons.complex.TestUtils.equals(TestUtils.java:390)
	at org.apache.commons.complex.TestUtils.equals(TestUtils.java:390)
	at org.apache.commons.complex.TestUtils.equals(TestUtils.java:390)
	at org.apache.commons.complex.TestUtils.equals(TestUtils.java:390)
	at org.apache.commons.complex.TestUtils.equals(TestUtils.java:390)
	at org.apache.commons.complex.TestUtils.equals(TestUtils.java:390)
	at org.apache.commons.complex.TestUtils.equals(TestUtils.java:390)
	at org.apache.commons.complex.TestUtils.equals(TestUtils.java:390)
	at org.apache.commons.complex.TestUtils.equals(TestUtils.java:390)
	at org.apache.commons.complex.TestUtils.equals(TestUtils.java:390)
	at org.apache.commons.complex.TestUtils.equals(TestUtils.java:390)
	at org.apache.commons.complex.TestUtils.equals(TestUtils.java:390)
	at org.apache.commons.complex.TestUtils.equals(TestUtils.java:390)
	at org.apache.commons.complex.TestUtils.equals(TestUtils.java:390)
	at org.apache.commons.complex.TestUtils.equals(TestUtils.java:390)
	at org.apache.commons.complex.TestUtils.equals(TestUtils.java:390)
	at org.apache.commons.complex.TestUtils.equals(TestUtils.java:390)
	at org.apache.commons.complex.TestUtils.equals(TestUtils.java:390)
	at org.apache.commons.complex.TestUtils.equals(TestUtils.java:390)
	at org.apache.commons.complex.TestUtils.equals(TestUtils.java:390)
	at org.apache.commons.complex.TestUtils.equals(TestUtils.java:390)
	at org.apache.commons.complex.TestUtils.equals(TestUtils.java:390)
	at org.apache.commons.complex.TestUtils.equals(TestUtils.java:390)
	at org.apache.commons.complex.TestUtils.equals(TestUtils.java:390)
	at org.apache.commons.complex.TestUtils.equals(TestUtils.java:390)
	at org.apache.commons.complex.TestUtils.equals(TestUtils.java:390)
	at org.apache.commons.complex.TestUtils.equals(TestUtils.java:390)
	at org.apache.commons.complex.TestUtils.equals(TestUtils.java:390)
	at org.apache.commons.complex.TestUtils.equals(TestUtils.java:390)
	at org.apache.commons.complex.TestUtils.equals(TestUtils.java:390)
	at org.apache.commons.complex.TestUtils.equals(TestUtils.java:390)
	at org.apache.commons.complex.TestUtils.equals(TestUtils.java:390)
	at org.apache.commons.complex.TestUtils.equals(TestUtils.java:390)
	at org.apache.commons.complex.TestUtils.equals(TestUtils.java:390)
	at org.apache.commons.complex.TestUtils.equals(TestUtils.java:390)
	at org.apache.commons.complex.TestUtils.equals(TestUtils.java:390)
	at org.apache.commons.complex.TestUtils.equals(TestUtils.java:390)
	at org.apache.commons.complex.TestUtils.equals(TestUtils.java:390)
	at org.apache.commons.complex.TestUtils.equals(TestUtils.java:390)
	at org.apache.commons.complex.TestUtils.equals(TestUtils.java:390)
	at org.apache.commons.complex.TestUtils.equals(TestUtils.java:390)
	at org.apache.commons.complex.TestUtils.equals(TestUtils.java:390)
	at org.apache.commons.complex.TestUtils.equals(TestUtils.java:390)
	at org.apache.commons.complex.TestUtils.equals(TestUtils.java:390)
	at org.apache.commons.complex.TestUtils.equals(TestUtils.java:390)
	at org.apache.commons.complex.TestUtils.equals(TestUtils.java:390)
	at org.apache.commons.complex.TestUtils.equals(TestUtils.java:390)
	at org.apache.commons.complex.TestUtils.equals(TestUtils.java:390)
	at org.apache.commons.complex.TestUtils.equals(TestUtils.java:390)
	at org.apache.commons.complex.TestUtils.equals(TestUtils.java:390)
	at org.apache.commons.complex.TestUtils.equals(TestUtils.java:390)
	at org.apache.commons.complex.TestUtils.equals(TestUtils.java:390)
	at org.apache.commons.complex.TestUtils.equals(TestUtils.java:390)
	at org.apache.commons.complex.TestUtils.equals(TestUtils.java:390)
	at org.apache.commons.complex.TestUtils.equals(TestUtils.java:390)
	at org.apache.commons.complex.TestUtils.equals(TestUtils.java:390)
	at org.apache.commons.complex.TestUtils.equals(TestUtils.java:390)
	at org.apache.commons.complex.TestUtils.equals(TestUtils.java:390)
	at org.apache.commons.complex.TestUtils.equals(TestUtils.java:390)
	at org.apache.commons.complex.TestUtils.equals(TestUtils.java:390)
	at org.apache.commons.complex.TestUtils.equals(TestUtils.java:390)
	at org.apache.commons.complex.TestUtils.equals(TestUtils.java:390)
	at org.apache.commons.complex.TestUtils.equals(TestUtils.java:390)
	at org.apache.commons.complex.TestUtils.equals(TestUtils.java:390)
	at org.apache.commons.complex.TestUtils.equals(TestUtils.java:390)
	at org.apache.commons.complex.TestUtils.equals(TestUtils.java:390)
	at org.apache.commons.complex.TestUtils.equals(TestUtils.java:390)
	at org.apache.commons.complex.TestUtils.equals(TestUtils.java:390)
	at org.apache.commons.complex.TestUtils.equals(TestUtils.java:390)
	at org.apache.commons.complex.TestUtils.equals(TestUtils.java:390)
	at org.apache.commons.complex.TestUtils.equals(TestUtils.java:390)
	at org.apache.commons.complex.TestUtils.equals(TestUtils.java:390)
	at org.apache.commons.complex.TestUtils.equals(TestUtils.java:390)
	at org.apache.commons.complex.TestUtils.equals(TestUtils.java:390)
	at org.apache.commons.complex.TestUtils.equals(TestUtils.java:390)
	at org.apache.commons.complex.TestUtils.equals(TestUtils.java:390)
	at org.apache.commons.complex.TestUtils.equals(TestUtils.java:390)
	at org.apache.commons.complex.TestUtils.equals(TestUtils.java:390)
	at org.apache.commons.complex.TestUtils.equals(TestUtils.java:390)
	at org.apache.commons.complex.TestUtils.equals(TestUtils.java:390)
	at org.apache.commons.complex.TestUtils.equals(TestUtils.java:390)
	at org.apache.commons.complex.TestUtils.equals(TestUtils.java:390)
	at org.apache.commons.complex.TestUtils.equals(TestUtils.java:390)
	at org.apache.commons.complex.TestUtils.equals(TestUtils.java:390)
	at org.apache.commons.complex.TestUtils.equals(TestUtils.java:390)
	at org.apache.commons.complex.TestUtils.equals(TestUtils.java:390)
	at org.apache.commons.complex.TestUtils.equals(TestUtils.java:390)
	at org.apache.commons.complex.TestUtils.equals(TestUtils.java:390)
	at org.apache.commons.complex.TestUtils.equals(TestUtils.java:390)
	at org.apache.commons.complex.TestUtils.equals(TestUtils.java:390)
	at org.apache.commons.complex.TestUtils.equals(TestUtils.java:390)
	at org.apache.commons.complex.TestUtils.equals(TestUtils.java:390)
	at org.apache.commons.complex.TestUtils.equals(TestUtils.java:390)
	at org.apache.commons.complex.TestUtils.equals(TestUtils.java:390)
	at org.apache.commons.complex.TestUtils.equals(TestUtils.java:390)
	at org.apache.commons.complex.TestUtils.equals(TestUtils.java:390)
	at org.apache.commons.complex.TestUtils.equals(TestUtils.java:390)
	at org.apache.commons.complex.TestUtils.equals(TestUtils.java:390)
	at org.apache.commons.complex.TestUtils.equals(TestUtils.java:390)
	at org.apache.commons.complex.TestUtils.equals(TestUtils.java:390)
	at org.apache.commons.complex.TestUtils.equals(TestUtils.java:390)
	at org.apache.commons.complex.TestUtils.equals(TestUtils.java:390)
	at org.apache.commons.complex.TestUtils.equals(TestUtils.java:390)
	at org.apache.commons.complex.TestUtils.equals(TestUtils.java:390)
	at org.apache.commons.complex.TestUtils.equals(TestUtils.java:390)
	at org.apache.commons.complex.TestUtils.equals(TestUtils.java:390)
	at org.apache.commons.complex.TestUtils.equals(TestUtils.java:390)
	at org.apache.commons.complex.TestUtils.equals(TestUtils.java:390)
	at org.apache.commons.complex.TestUtils.equals(TestUtils.java:390)
	at org.apache.commons.complex.TestUtils.equals(TestUtils.java:390)
	at org.apache.commons.complex.TestUtils.equals(TestUtils.java:390)
	at org.apache.commons.complex.TestUtils.equals(TestUtils.java:390)
	at org.apache.commons.complex.TestUtils.equals(TestUtils.java:390)
	at org.apache.commons.complex.TestUtils.equals(TestUtils.java:390)
	at org.apache.commons.complex.TestUtils.equals(TestUtils.java:390)
	at org.apache.commons.complex.TestUtils.equals(TestUtils.java:390)
	at org.apache.commons.complex.TestUtils.equals(TestUtils.java:390)
	at org.apache.commons.complex.TestUtils.equals(TestUtils.java:390)
	at org.apache.commons.complex.TestUtils.equals(TestUtils.java:390)
	at org.apache.commons.complex.TestUtils.equals(TestUtils.java:390)
	at org.apache.commons.complex.TestUtils.equals(TestUtils.java:390)
	at org.apache.commons.complex.TestUtils.equals(TestUtils.java:390)
	at org.apache.commons.complex.TestUtils.equals(TestUtils.java:390)
	at org.apache.commons.complex.TestUtils.equals(TestUtils.java:390)
	at org.apache.commons.complex.TestUtils.equals(TestUtils.java:390)
	at org.apache.commons.complex.TestUtils.equals(TestUtils.java:390)
	at org.apache.commons.complex.TestUtils.equals(TestUtils.java:390)
	at org.apache.commons.complex.TestUtils.equals(TestUtils.java:390)
	at org.apache.commons.complex.TestUtils.equals(TestUtils.java:390)
	at org.apache.commons.complex.TestUtils.equals(TestUtils.java:390)
	at org.apache.commons.complex.TestUtils.equals(TestUtils.java:390)
	at org.apache.commons.complex.TestUtils.equals(TestUtils.java:390)
	at org.apache.commons.complex.TestUtils.equals(TestUtils.java:390)
	at org.apache.commons.complex.TestUtils.equals(TestUtils.java:390)
	at org.apache.commons.complex.TestUtils.equals(TestUtils.java:390)
	at org.apache.commons.complex.TestUtils.equals(TestUtils.java:390)
	at org.apache.commons.complex.TestUtils.equals(TestUtils.java:390)
	at org.apache.commons.complex.TestUtils.equals(TestUtils.java:390)
	at org.apache.commons.complex.TestUtils.equals(TestUtils.java:390)
	at org.apache.commons.complex.TestUtils.equals(TestUtils.java:390)
	at org.apache.commons.complex.TestUtils.equals(TestUtils.java:390)
	at org.apache.commons.complex.TestUtils.equals(TestUtils.java:390)
	at org.apache.commons.complex.TestUtils.equals(TestUtils.java:390)
	at org.apache.commons.complex.TestUtils.equals(TestUtils.java:390)
	at org.apache.commons.complex.TestUtils.equals(TestUtils.java:390)
	at org.apache.commons.complex.TestUtils.equals(TestUtils.java:390)
	at org.apache.commons.complex.TestUtils.equals(TestUtils.java:390)
	at org.apache.commons.complex.TestUtils.equals(TestUtils.java:390)
	at org.apache.commons.complex.TestUtils.equals(TestUtils.java:390)
	at org.apache.commons.complex.TestUtils.equals(TestUtils.java:390)
	at org.apache.commons.complex.TestUtils.equals(TestUtils.java:390)
	at org.apache.commons.complex.TestUtils.equals(TestUtils.java:390)
	at org.apache.commons.complex.TestUtils.equals(TestUtils.java:390)
	at org.apache.commons.complex.TestUtils.equals(TestUtils.java:390)
	at org.apache.commons.complex.TestUtils.equals(TestUtils.java:390)
	at org.apache.commons.complex.TestUtils.equals(TestUtils.java:390)
	at org.apache.commons.complex.TestUtils.equals(TestUtils.java:390)
	at org.apache.commons.complex.TestUtils.equals(TestUtils.java:390)
	at org.apache.commons.complex.TestUtils.equals(TestUtils.java:390)
	at org.apache.commons.complex.TestUtils.equals(TestUtils.java:390)
	at org.apache.commons.complex.TestUtils.equals(TestUtils.java:390)
	at org.apache.commons.complex.TestUtils.equals(TestUtils.java:390)
	at org.apache.commons.complex.TestUtils.equals(TestUtils.java:390)
	at org.apache.commons.complex.TestUtils.equals(TestUtils.java:390)
	at org.apache.commons.complex.TestUtils.equals(TestUtils.java:390)
	at org.apache.commons.complex.TestUtils.equals(TestUtils.java:390)
	at org.apache.commons.complex.TestUtils.equals(TestUtils.java:390)
	at org.apache.commons.complex.TestUtils.equals(TestUtils.java:390)
	at org.apache.commons.complex.TestUtils.equals(TestUtils.java:390)
	at org.apache.commons.complex.TestUtils.equals(TestUtils.java:390)
	at org.apache.commons.complex.TestUtils.equals(TestUtils.java:390)
	at org.apache.commons.complex.TestUtils.equals(TestUtils.java:390)
	at org.apache.commons.complex.TestUtils.equals(TestUtils.java:390)
	at org.apache.commons.complex.TestUtils.equals(TestUtils.java:390)
	at org.apache.commons.complex.TestUtils.equals(TestUtils.java:390)
	at org.apache.commons.complex.TestUtils.equals(TestUtils.java:390)
	at org.apache.commons.complex.TestUtils.equals(TestUtils.java:390)
	at org.apache.commons.complex.TestUtils.equals(TestUtils.java:390)
	at org.apache.commons.complex.TestUtils.equals(TestUtils.java:390)
	at org.apache.commons.complex.TestUtils.equals(TestUtils.java:390)
	at org.apache.commons.complex.TestUtils.equals(TestUtils.java:390)
	at org.apache.commons.complex.TestUtils.equals(TestUtils.java:390)
	at org.apache.commons.complex.TestUtils.equals(TestUtils.java:390)
	at org.apache.commons.complex.TestUtils.equals(TestUtils.java:390)
	at org.apache.commons.complex.TestUtils.equals(TestUtils.java:390)
	at org.apache.commons.complex.TestUtils.equals(TestUtils.java:390)
	at org.apache.commons.complex.TestUtils.equals(TestUtils.java:390)
	at org.apache.commons.complex.TestUtils.equals(TestUtils.java:390)
	at org.apache.commons.complex.TestUtils.equals(TestUtils.java:390)
	at org.apache.commons.complex.TestUtils.equals(TestUtils.java:390)
	at org.apache.commons.complex.TestUtils.equals(TestUtils.java:390)
	at org.apache.commons.complex.TestUtils.equals(TestUtils.java:390)
	at org.apache.commons.complex.TestUtils.equals(TestUtils.java:390)
	at org.apache.commons.complex.TestUtils.equals(TestUtils.java:390)
	at org.apache.commons.complex.TestUtils.equals(TestUtils.java:390)
	at org.apache.commons.complex.TestUtils.equals(TestUtils.java:390)
	at org.apache.commons.complex.TestUtils.equals(TestUtils.java:390)
	at org.apache.commons.complex.TestUtils.equals(TestUtils.java:390)
	at org.apache.commons.complex.TestUtils.equals(TestUtils.java:390)
	at org.apache.commons.complex.TestUtils.equals(TestUtils.java:390)
	at org.apache.commons.complex.TestUtils.equals(TestUtils.java:390)
	at org.apache.commons.complex.TestUtils.equals(TestUtils.java:390)
	at org.apache.commons.complex.TestUtils.equals(TestUtils.java:390)
	at org.apache.commons.complex.TestUtils.equals(TestUtils.java:390)
	at org.apache.commons.complex.TestUtils.equals(TestUtils.java:390)
	at org.apache.commons.complex.TestUtils.equals(TestUtils.java:390)
	at org.apache.commons.complex.TestUtils.equals(TestUtils.java:390)
	at org.apache.commons.complex.TestUtils.equals(TestUtils.java:390)
	at org.apache.commons.complex.TestUtils.equals(TestUtils.java:390)
	at org.apache.commons.complex.TestUtils.equals(TestUtils.java:390)
	at org.apache.commons.complex.TestUtils.equals(TestUtils.java:390)
	at org.apache.commons.complex.TestUtils.equals(TestUtils.java:390)
	at org.apache.commons.complex.TestUtils.equals(TestUtils.java:390)
	at org.apache.commons.complex.TestUtils.equals(TestUtils.java:390)
	at org.apache.commons.complex.TestUtils.equals(TestUtils.java:390)
	at org.apache.commons.complex.TestUtils.equals(TestUtils.java:390)
	at org.apache.commons.complex.TestUtils.equals(TestUtils.java:390)
	at org.apache.commons.complex.TestUtils.equals(TestUtils.java:390)
	at org.apache.commons.complex.TestUtils.equals(TestUtils.java:390)
	at org.apache.commons.complex.TestUtils.equals(TestUtils.java:390)
	at org.apache.commons.complex.TestUtils.equals(TestUtils.java:390)
	at org.apache.commons.complex.TestUtils.equals(TestUtils.java:390)
	at org.apache.commons.complex.TestUtils.equals(TestUtils.java:390)
	at org.apache.commons.complex.TestUtils.equals(TestUtils.java:390)
	at org.apache.commons.complex.TestUtils.equals(TestUtils.java:390)
	at org.apache.commons.complex.TestUtils.equals(TestUtils.java:390)
	at org.apache.commons.complex.TestUtils.equals(TestUtils.java:390)
	at org.apache.commons.complex.TestUtils.equals(TestUtils.java:390)
	at org.apache.commons.complex.TestUtils.equals(TestUtils.java:390)
	at org.apache.commons.complex.TestUtils.equals(TestUtils.java:390)
	at org.apache.commons.complex.TestUtils.equals(TestUtils.java:390)
	at org.apache.commons.complex.TestUtils.equals(TestUtils.java:390)
	at org.apache.commons.complex.TestUtils.equals(TestUtils.java:390)
	at org.apache.commons.complex.TestUtils.equals(TestUtils.java:390)
	at org.apache.commons.complex.TestUtils.equals(TestUtils.java:390)
	at org.apache.commons.complex.TestUtils.equals(TestUtils.java:390)
	at org.apache.commons.complex.TestUtils.equals(TestUtils.java:390)
	at org.apache.commons.complex.TestUtils.equals(TestUtils.java:390)
	at org.apache.commons.complex.TestUtils.equals(TestUtils.java:390)
	at org.apache.commons.complex.TestUtils.equals(TestUtils.java:390)
	at org.apache.commons.complex.TestUtils.equals(TestUtils.java:390)
	at org.apache.commons.complex.TestUtils.equals(TestUtils.java:390)
	at org.apache.commons.complex.TestUtils.equals(TestUtils.java:390)
	at org.apache.commons.complex.TestUtils.equals(TestUtils.java:390)
	at org.apache.commons.complex.TestUtils.equals(TestUtils.java:390)
	at org.apache.commons.complex.TestUtils.equals(TestUtils.java:390)
	at org.apache.commons.complex.TestUtils.equals(TestUtils.java:390)
	at org.apache.commons.complex.TestUtils.equals(TestUtils.java:390)
	at org.apache.commons.complex.TestUtils.equals(TestUtils.java:390)
	at org.apache.commons.complex.TestUtils.equals(TestUtils.java:390)
	at org.apache.commons.complex.TestUtils.equals(TestUtils.java:390)
	at org.apache.commons.complex.TestUtils.equals(TestUtils.java:390)
	at org.apache.commons.complex.TestUtils.equals(TestUtils.java:390)
	at org.apache.commons.complex.TestUtils.equals(TestUtils.java:390)
	at org.apache.commons.complex.TestUtils.equals(TestUtils.java:390)
	at org.apache.commons.complex.TestUtils.equals(TestUtils.java:390)
	at org.apache.commons.complex.TestUtils.equals(TestUtils.java:390)
	at org.apache.commons.complex.TestUtils.equals(TestUtils.java:390)
	at org.apache.commons.complex.TestUtils.equals(TestUtils.java:390)
	at org.apache.commons.complex.TestUtils.equals(TestUtils.java:390)
	at org.apache.commons.complex.TestUtils.equals(TestUtils.java:390)
	at org.apache.commons.complex.TestUtils.equals(TestUtils.java:390)
	at org.apache.commons.complex.TestUtils.equals(TestUtils.java:390)
	at org.apache.commons.complex.TestUtils.equals(TestUtils.java:390)
	at org.apache.commons.complex.TestUtils.equals(TestUtils.java:390)
	at org.apache.commons.complex.TestUtils.equals(TestUtils.java:390)
	at org.apache.commons.complex.TestUtils.equals(TestUtils.java:390)
	at org.apache.commons.complex.TestUtils.equals(TestUtils.java:390)
	at org.apache.commons.complex.TestUtils.equals(TestUtils.java:390)
	at org.apache.commons.complex.TestUtils.equals(TestUtils.java:390)
	at org.apache.commons.complex.TestUtils.equals(TestUtils.java:390)
	at org.apache.commons.complex.TestUtils.equals(TestUtils.java:390)
	at org.apache.commons.complex.TestUtils.equals(TestUtils.java:390)
	at org.apache.commons.complex.TestUtils.equals(TestUtils.java:390)
	at org.apache.commons.complex.TestUtils.equals(TestUtils.java:390)
	at org.apache.commons.complex.TestUtils.equals(TestUtils.java:390)
	at org.apache.commons.complex.TestUtils.equals(TestUtils.java:390)
	at org.apache.commons.complex.TestUtils.equals(TestUtils.java:390)
	at org.apache.commons.complex.TestUtils.equals(TestUtils.java:390)
	at org.apache.commons.complex.TestUtils.equals(TestUtils.java:390)
	at org.apache.commons.complex.TestUtils.equals(TestUtils.java:390)
	at org.apache.commons.complex.TestUtils.equals(TestUtils.java:390)
	at org.apache.commons.complex.TestUtils.equals(TestUtils.java:390)
	at org.apache.commons.complex.TestUtils.equals(TestUtils.java:390)
	at org.apache.commons.complex.TestUtils.equals(TestUtils.java:390)
	at org.apache.commons.complex.TestUtils.equals(TestUtils.java:390)
	at org.apache.commons.complex.TestUtils.equals(TestUtils.java:390)
	at org.apache.commons.complex.TestUtils.equals(TestUtils.java:390)
	at org.apache.commons.complex.TestUtils.equals(TestUtils.java:390)
	at org.apache.commons.complex.TestUtils.equals(TestUtils.java:390)
	at org.apache.commons.complex.TestUtils.equals(TestUtils.java:390)
	at org.apache.commons.complex.TestUtils.equals(TestUtils.java:390)
	at org.apache.commons.complex.TestUtils.equals(TestUtils.java:390)
	at org.apache.commons.complex.TestUtils.equals(TestUtils.java:390)
	at org.apache.commons.complex.TestUtils.equals(TestUtils.java:390)
	at org.apache.commons.complex.TestUtils.equals(TestUtils.java:390)
	at org.apache.commons.complex.TestUtils.equals(TestUtils.java:390)
	at org.apache.commons.complex.TestUtils.equals(TestUtils.java:390)
	at org.apache.commons.complex.TestUtils.equals(TestUtils.java:390)
	at org.apache.commons.complex.TestUtils.equals(TestUtils.java:390)
	at org.apache.commons.complex.TestUtils.equals(TestUtils.java:390)
	at org.apache.commons.complex.TestUtils.equals(TestUtils.java:390)
	at org.apache.commons.complex.TestUtils.equals(TestUtils.java:390)
	at org.apache.commons.complex.TestUtils.equals(TestUtils.java:390)
	at org.apache.commons.complex.TestUtils.equals(TestUtils.java:390)
	at org.apache.commons.complex.TestUtils.equals(TestUtils.java:390)
	at org.apache.commons.complex.TestUtils.equals(TestUtils.java:390)
	at org.apache.commons.complex.TestUtils.equals(TestUtils.java:390)
	at org.apache.commons.complex.TestUtils.equals(TestUtils.java:390)
	at org.apache.commons.complex.TestUtils.equals(TestUtils.java:390)
	at org.apache.commons.complex.TestUtils.equals(TestUtils.java:390)
	at org.apache.commons.complex.TestUtils.equals(TestUtils.java:390)
	at org.apache.commons.complex.TestUtils.equals(TestUtils.java:390)
	at org.apache.commons.complex.TestUtils.equals(TestUtils.java:390)
	at org.apache.commons.complex.TestUtils.equals(TestUtils.java:390)
	at org.apache.commons.complex.TestUtils.equals(TestUtils.java:390)
	at org.apache.commons.complex.TestUtils.equals(TestUtils.java:390)
	at org.apache.commons.complex.TestUtils.equals(TestUtils.java:390)
	at org.apache.commons.complex.TestUtils.equals(TestUtils.java:390)
	at org.apache.commons.complex.TestUtils.equals(TestUtils.java:390)
	at org.apache.commons.complex.TestUtils.equals(TestUtils.java:390)
	at org.apache.commons.complex.TestUtils.equals(TestUtils.java:390)
	at org.apache.commons.complex.TestUtils.equals(TestUtils.java:390)
	at org.apache.commons.complex.TestUtils.equals(TestUtils.java:390)
	at org.apache.commons.complex.TestUtils.equals(TestUtils.java:390)
	at org.apache.commons.complex.TestUtils.equals(TestUtils.java:390)
	at org.apache.commons.complex.TestUtils.equals(TestUtils.java:390)
	at org.apache.commons.complex.TestUtils.equals(TestUtils.java:390)
	at org.apache.commons.complex.TestUtils.equals(TestUtils.java:390)
	at org.apache.commons.complex.TestUtils.equals(TestUtils.java:390)
	at org.apache.commons.complex.TestUtils.equals(TestUtils.java:390)
	at org.apache.commons.complex.TestUtils.equals(TestUtils.java:390)
	at org.apache.commons.complex.TestUtils.equals(TestUtils.java:390)
	at org.apache.commons.complex.TestUtils.equals(TestUtils.java:390)
	at org.apache.commons.complex.TestUtils.equals(TestUtils.java:390)
	at org.apache.commons.complex.TestUtils.equals(TestUtils.java:390)
	at org.apache.commons.complex.TestUtils.equals(TestUtils.java:390)
	at org.apache.commons.complex.TestUtils.equals(TestUtils.java:390)
	at org.apache.commons.complex.TestUtils.equals(TestUtils.java:390)
	at org.apache.commons.complex.TestUtils.equals(TestUtils.java:390)
	at org.apache.commons.complex.TestUtils.equals(TestUtils.java:390)
	at org.apache.commons.complex.TestUtils.equals(TestUtils.java:390)
	at org.apache.commons.complex.TestUtils.equals(TestUtils.java:390)
	at org.apache.commons.complex.TestUtils.equals(TestUtils.java:390)
	at org.apache.commons.complex.TestUtils.equals(TestUtils.java:390)
	at org.apache.commons.complex.TestUtils.equals(TestUtils.java:390)
	at org.apache.commons.complex.TestUtils.equals(TestUtils.java:390)
	at org.apache.commons.complex.TestUtils.equals(TestUtils.java:390)
	at org.apache.commons.complex.TestUtils.equals(TestUtils.java:390)
	at org.apache.commons.complex.TestUtils.equals(TestUtils.java:390)
	at org.apache.commons.complex.TestUtils.equals(TestUtils.java:390)
	at org.apache.commons.complex.TestUtils.equals(TestUtils.java:390)
	at org.apache.commons.complex.TestUtils.equals(TestUtils.java:390)
	at org.apache.commons.complex.TestUtils.equals(TestUtils.java:390)
	at org.apache.commons.complex.TestUtils.equals(TestUtils.java:390)
	at org.apache.commons.complex.TestUtils.equals(TestUtils.java:390)
	at org.apache.commons.complex.TestUtils.equals(TestUtils.java:390)
	at org.apache.commons.complex.TestUtils.equals(TestUtils.java:390)
	at org.apache.commons.complex.TestUtils.equals(TestUtils.java:390)
	at org.apache.commons.complex.TestUtils.equals(TestUtils.java:390)
	at org.apache.commons.complex.TestUtils.equals(TestUtils.java:390)
	at org.apache.commons.complex.TestUtils.equals(TestUtils.java:390)
	at org.apache.commons.complex.TestUtils.equals(TestUtils.java:390)
	at org.apache.commons.complex.TestUtils.equals(TestUtils.java:390)
	at org.apache.commons.complex.TestUtils.equals(TestUtils.java:390)
	at org.apache.commons.complex.TestUtils.equals(TestUtils.java:390)
	at org.apache.commons.complex.TestUtils.equals(TestUtils.java:390)
	at org.apache.commons.complex.TestUtils.equals(TestUtils.java:390)
	at org.apache.commons.complex.TestUtils.equals(TestUtils.java:390)
	at org.apache.commons.complex.TestUtils.equals(TestUtils.java:390)
	at org.apache.commons.complex.TestUtils.equals(TestUtils.java:390)
	at org.apache.commons.complex.TestUtils.equals(TestUtils.java:390)
	at org.apache.commons.complex.TestUtils.equals(TestUtils.java:390)
	at org.apache.commons.complex.TestUtils.equals(TestUtils.java:390)
	at org.apache.commons.complex.TestUtils.equals(TestUtils.java:390)
	at org.apache.commons.complex.TestUtils.equals(TestUtils.java:390)
	at org.apache.commons.complex.TestUtils.equals(TestUtils.java:390)
	at org.apache.commons.complex.TestUtils.equals(TestUtils.java:390)
	at org.apache.commons.complex.TestUtils.equals(TestUtils.java:390)
	at org.apache.commons.complex.TestUtils.equals(TestUtils.java:390)
	at org.apache.commons.complex.TestUtils.equals(TestUtils.java:390)
	at org.apache.commons.complex.TestUtils.equals(TestUtils.java:390)
	at org.apache.commons.complex.TestUtils.equals(TestUtils.java:390)
	at org.apache.commons.complex.TestUtils.equals(TestUtils.java:390)
	at org.apache.commons.complex.TestUtils.equals(TestUtils.java:390)
	at org.apache.commons.complex.TestUtils.equals(TestUtils.java:390)
	at org.apache.commons.complex.TestUtils.equals(TestUtils.java:390)
	at org.apache.commons.complex.TestUtils.equals(TestUtils.java:390)
	at org.apache.commons.complex.TestUtils.equals(TestUtils.java:390)
	at org.apache.commons.complex.TestUtils.equals(TestUtils.java:390)
	at org.apache.commons.complex.TestUtils.equals(TestUtils.java:390)
	at org.apache.commons.complex.TestUtils.equals(TestUtils.java:390)
	at org.apache.commons.complex.TestUtils.equals(TestUtils.java:390)
	at org.apache.commons.complex.TestUtils.equals(TestUtils.java:390)
	at org.apache.commons.complex.TestUtils.equals(TestUtils.java:390)
	at org.apache.commons.complex.TestUtils.equals(TestUtils.java:390)
	at org.apache.commons.complex.TestUtils.equals(TestUtils.java:390)
	at org.apache.commons.complex.TestUtils.equals(TestUtils.java:390)
	at org.apache.commons.complex.TestUtils.equals(TestUtils.java:390)
	at org.apache.commons.complex.TestUtils.equals(TestUtils.java:390)
	at org.apache.commons.complex.TestUtils.equals(TestUtils.java:390)
	at org.apache.commons.complex.TestUtils.equals(TestUtils.java:390)
	at org.apache.commons.complex.TestUtils.equals(TestUtils.java:390)
	at org.apache.commons.complex.TestUtils.equals(TestUtils.java:390)
	at org.apache.commons.complex.TestUtils.equals(TestUtils.java:390)
	at org.apache.commons.complex.TestUtils.equals(TestUtils.java:390)
	at org.apache.commons.complex.TestUtils.equals(TestUtils.java:390)
	at org.apache.commons.complex.TestUtils.equals(TestUtils.java:390)
	at org.apache.commons.complex.TestUtils.equals(TestUtils.java:390)
	at org.apache.commons.complex.TestUtils.equals(TestUtils.java:390)
	at org.apache.commons.complex.TestUtils.equals(TestUtils.java:390)
	at org.apache.commons.complex.TestUtils.equals(TestUtils.java:390)
	at org.apache.commons.complex.TestUtils.equals(TestUtils.java:390)
	at org.apache.commons.complex.TestUtils.equals(TestUtils.java:390)
	at org.apache.commons.complex.TestUtils.equals(TestUtils.java:390)
	at org.apache.commons.complex.TestUtils.equals(TestUtils.java:390)
	at org.apache.commons.complex.TestUtils.equals(TestUtils.java:390)
	at org.apache.commons.complex.TestUtils.equals(TestUtils.java:390)
	at org.apache.commons.complex.TestUtils.equals(TestUtils.java:390)
	at org.apache.commons.complex.TestUtils.equals(TestUtils.java:390)
	at org.apache.commons.complex.TestUtils.equals(TestUtils.java:390)
	at org.apache.commons.complex.TestUtils.equals(TestUtils.java:390)
	at org.apache.commons.complex.TestUtils.equals(TestUtils.java:390)
	at org.apache.commons.complex.TestUtils.equals(TestUtils.java:390)
	at org.apache.commons.complex.TestUtils.equals(TestUtils.java:390)
	at org.apache.commons.complex.TestUtils.equals(TestUtils.java:390)
	at org.apache.commons.complex.TestUtils.equals(TestUtils.java:390)
	at org.apache.commons.complex.TestUtils.equals(TestUtils.java:390)
	at org.apache.commons.complex.TestUtils.equals(TestUtils.java:390)
	at org.apache.commons.complex.TestUtils.equals(TestUtils.java:390)
	at org.apache.commons.complex.TestUtils.equals(TestUtils.java:390)
	at org.apache.commons.complex.TestUtils.equals(TestUtils.java:390)
	at org.apache.commons.complex.TestUtils.equals(TestUtils.java:390)
	at org.apache.commons.complex.TestUtils.equals(TestUtils.java:390)
	at org.apache.commons.complex.TestUtils.equals(TestUtils.java:390)
	at org.apache.commons.complex.TestUtils.equals(TestUtils.java:390)
	at org.apache.commons.complex.TestUtils.equals(TestUtils.java:390)
	at org.apache.commons.complex.TestUtils.equals(TestUtils.java:390)
	at org.apache.commons.complex.TestUtils.equals(TestUtils.java:390)
	at org.apache.commons.complex.TestUtils.equals(TestUtils.java:390)
	at org.apache.commons.complex.TestUtils.equals(TestUtils.java:390)
	at org.apache.commons.complex.TestUtils.equals(TestUtils.java:390)
	at org.apache.commons.complex.TestUtils.equals(TestUtils.java:390)
	at org.apache.commons.complex.TestUtils.equals(TestUtils.java:390)
	at org.apache.commons.complex.TestUtils.equals(TestUtils.java:390)
	at org.apache.commons.complex.TestUtils.equals(TestUtils.java:390)
	at org.apache.commons.complex.TestUtils.equals(TestUtils.java:390)
	at org.apache.commons.complex.TestUtils.equals(TestUtils.java:390)
	at org.apache.commons.complex.TestUtils.equals(TestUtils.java:390)
	at org.apache.commons.complex.TestUtils.equals(TestUtils.java:390)
	at org.apache.commons.complex.TestUtils.equals(TestUtils.java:390)
	at org.apache.commons.complex.TestUtils.equals(TestUtils.java:390)
	at org.apache.commons.complex.TestUtils.equals(TestUtils.java:390)
	at org.apache.commons.complex.TestUtils.equals(TestUtils.java:390)
	at org.apache.commons.complex.TestUtils.equals(TestUtils.java:390)
	at org.apache.commons.complex.TestUtils.equals(TestUtils.java:390)
	at org.apache.commons.complex.TestUtils.equals(TestUtils.java:390)
	at org.apache.commons.complex.TestUtils.equals(TestUtils.java:390)
	at org.apache.commons.complex.TestUtils.equals(TestUtils.java:390)
	at org.apache.commons.complex.TestUtils.equals(TestUtils.java:390)
	at org.apache.commons.complex.TestUtils.equals(TestUtils.java:390)
	at org.apache.commons.complex.TestUtils.equals(TestUtils.java:390)
	at org.apache.commons.complex.TestUtils.equals(TestUtils.java:390)
	at org.apache.commons.complex.TestUtils.equals(TestUtils.java:390)
	at org.apache.commons.complex.TestUtils.equals(TestUtils.java:390)
	at org.apache.commons.complex.TestUtils.equals(TestUtils.java:390)
	at org.apache.commons.complex.TestUtils.equals(TestUtils.java:390)
	at org.apache.commons.complex.TestUtils.equals(TestUtils.java:390)
	at org.apache.commons.complex.TestUtils.equals(TestUtils.java:390)
	at org.apache.commons.complex.TestUtils.equals(TestUtils.java:390)
	at org.apache.commons.complex.TestUtils.equals(TestUtils.java:390)
	at org.apache.commons.complex.TestUtils.equals(TestUtils.java:390)
	at org.apache.commons.complex.TestUtils.equals(TestUtils.java:390)
	at org.apache.commons.complex.TestUtils.equals(TestUtils.java:390)
	at org.apache.commons.complex.TestUtils.equals(TestUtils.java:390)
	at org.apache.commons.complex.TestUtils.equals(TestUtils.java:390)
	at org.apache.commons.complex.TestUtils.equals(TestUtils.java:390)
	at org.apache.commons.complex.TestUtils.equals(TestUtils.java:390)
	at org.apache.commons.complex.TestUtils.equals(TestUtils.java:390)
	at org.apache.commons.complex.TestUtils.equals(TestUtils.java:390)
	at org.apache.commons.complex.TestUtils.equals(TestUtils.java:390)
	at org.apache.commons.complex.TestUtils.equals(TestUtils.java:390)
	at org.apache.commons.complex.TestUtils.equals(TestUtils.java:390)
	at org.apache.commons.complex.TestUtils.equals(TestUtils.java:390)
	at org.apache.commons.complex.TestUtils.equals(TestUtils.java:390)
	at org.apache.commons.complex.TestUtils.equals(TestUtils.java:390)
	at org.apache.commons.complex.TestUtils.equals(TestUtils.java:390)
	at org.apache.commons.complex.TestUtils.equals(TestUtils.java:390)
	at org.apache.commons.complex.TestUtils.equals(TestUtils.java:390)
	at org.apache.commons.complex.TestUtils.equals(TestUtils.java:390)
	at org.apache.commons.complex.TestUtils.equals(TestUtils.java:390)
	at org.apache.commons.complex.TestUtils.equals(TestUtils.java:390)
	at org.apache.commons.complex.TestUtils.equals(TestUtils.java:390)
	at org.apache.commons.complex.TestUtils.equals(TestUtils.java:390)
	at org.apache.commons.complex.TestUtils.equals(TestUtils.java:390)
	at org.apache.commons.complex.TestUtils.equals(TestUtils.java:390)
	at org.apache.commons.complex.TestUtils.equals(TestUtils.java:390)
	at org.apache.commons.complex.TestUtils.equals(TestUtils.java:390)
	at org.apache.commons.complex.TestUtils.equals(TestUtils.java:390)
	at org.apache.commons.complex.TestUtils.equals(TestUtils.java:390)
	at org.apache.commons.complex.TestUtils.equals(TestUtils.java:390)
	at org.apache.commons.complex.TestUtils.equals(TestUtils.java:390)
	at org.apache.commons.complex.TestUtils.equals(TestUtils.java:390)
	at org.apache.commons.complex.TestUtils.equals(TestUtils.java:390)
	at org.apache.commons.complex.TestUtils.equals(TestUtils.java:390)
	at org.apache.commons.complex.TestUtils.equals(TestUtils.java:390)
	at org.apache.commons.complex.TestUtils.equals(TestUtils.java:390)
	at org.apache.commons.complex.TestUtils.equals(TestUtils.java:390)
	at org.apache.commons.complex.TestUtils.equals(TestUtils.java:390)
	at org.apache.commons.complex.TestUtils.equals(TestUtils.java:390)
	at org.apache.commons.complex.TestUtils.equals(TestUtils.java:390)
	at org.apache.commons.complex.TestUtils.equals(TestUtils.java:390)
	at org.apache.commons.complex.TestUtils.equals(TestUtils.java:390)
	at org.apache.commons.complex.TestUtils.equals(TestUtils.java:390)
	at org.apache.commons.complex.TestUtils.equals(TestUtils.java:390)
	at org.apache.commons.complex.TestUtils.equals(TestUtils.java:390)
	at org.apache.commons.complex.TestUtils.equals(TestUtils.java:390)
	at org.apache.commons.complex.TestUtils.equals(TestUtils.java:390)
	at org.apache.commons.complex.TestUtils.equals(TestUtils.java:390)
	at org.apache.commons.complex.TestUtils.equals(TestUtils.java:390)
	at org.apache.commons.complex.TestUtils.equals(TestUtils.java:390)
	at org.apache.commons.complex.TestUtils.equals(TestUtils.java:390)
	at org.apache.commons.complex.TestUtils.equals(TestUtils.java:390)
	at org.apache.commons.complex.TestUtils.equals(TestUtils.java:390)
	at org.apache.commons.complex.TestUtils.equals(TestUtils.java:390)
	at org.apache.commons.complex.TestUtils.equals(TestUtils.java:390)
	at org.apache.commons.complex.TestUtils.equals(TestUtils.java:390)
	at org.apache.commons.complex.TestUtils.equals(TestUtils.java:390)
	at org.apache.commons.complex.TestUtils.equals(TestUtils.java:390)
	at org.apache.commons.complex.TestUtils.equals(TestUtils.java:390)
	at org.apache.commons.complex.TestUtils.equals(TestUtils.java:390)
	at org.apache.commons.complex.TestUtils.equals(TestUtils.java:390)
	at org.apache.commons.complex.TestUtils.equals(TestUtils.java:390)
	at org.apache.commons.complex.TestUtils.equals(TestUtils.java:390)
	at org.apache.commons.complex.TestUtils.equals(TestUtils.java:390)
	at org.apache.commons.complex.TestUtils.equals(TestUtils.java:390)
	at org.apache.commons.complex.TestUtils.equals(TestUtils.java:390)
	at org.apache.commons.complex.TestUtils.equals(TestUtils.java:390)
	at org.apache.commons.complex.TestUtils.equals(TestUtils.java:390)
	at org.apache.commons.complex.TestUtils.equals(TestUtils.java:390)
	at org.apache.commons.complex.TestUtils.equals(TestUtils.java:390)
	at org.apache.commons.complex.TestUtils.equals(TestUtils.java:390)
	at org.apache.commons.complex.TestUtils.equals(TestUtils.java:390)
	at org.apache.commons.complex.TestUtils.equals(TestUtils.java:390)
	at org.apache.commons.complex.TestUtils.equals(TestUtils.java:390)
	at org.apache.commons.complex.TestUtils.equals(TestUtils.java:390)
	at org.apache.commons.complex.TestUtils.equals(TestUtils.java:390)
	at org.apache.commons.complex.TestUtils.equals(TestUtils.java:390)
	at org.apache.commons.complex.TestUtils.equals(TestUtils.java:390)
	at org.apache.commons.complex.TestUtils.equals(TestUtils.java:390)
	at org.apache.commons.complex.TestUtils.equals(TestUtils.java:390)
	at org.apache.commons.complex.TestUtils.equals(TestUtils.java:390)
	at org.apache.commons.complex.TestUtils.equals(TestUtils.java:390)
	at org.apache.commons.complex.TestUtils.equals(TestUtils.java:390)
	at org.apache.commons.complex.TestUtils.equals(TestUtils.java:390)
	at org.apache.commons.complex.TestUtils.equals(TestUtils.java:390)
	at org.apache.commons.complex.TestUtils.equals(TestUtils.java:390)
	at org.apache.commons.complex.TestUtils.equals(TestUtils.java:390)
	at org.apache.commons.complex.TestUtils.equals(TestUtils.java:390)
	at org.apache.commons.complex.TestUtils.equals(TestUtils.java:390)
	at org.apache.commons.complex.TestUtils.equals(TestUtils.java:390)
	at org.apache.commons.complex.TestUtils.equals(TestUtils.java:390)
	at org.apache.commons.complex.TestUtils.equals(TestUtils.java:390)
	at org.apache.commons.complex.TestUtils.equals(TestUtils.java:390)
	at org.apache.commons.complex.TestUtils.equals(TestUtils.java:390)
	at org.apache.commons.complex.TestUtils.equals(TestUtils.java:390)
	at org.apache.commons.complex.TestUtils.equals(TestUtils.java:390)
	at org.apache.commons.complex.TestUtils.equals(TestUtils.java:390)
	at org.apache.commons.complex.TestUtils.equals(TestUtils.java:390)
	at org.apache.commons.complex.TestUtils.equals(TestUtils.java:390)
	at org.apache.commons.complex.TestUtils.equals(TestUtils.java:390)
	at org.apache.commons.complex.TestUtils.equals(TestUtils.java:390)
	at org.apache.commons.complex.TestUtils.equals(TestUtils.java:390)
	at org.apache.commons.complex.TestUtils.equals(TestUtils.java:390)
	at org.apache.commons.complex.TestUtils.equals(TestUtils.java:390)
	at org.apache.commons.complex.TestUtils.equals(TestUtils.java:390)
	at org.apache.commons.complex.TestUtils.equals(TestUtils.java:390)
	at org.apache.commons.complex.TestUtils.equals(TestUtils.java:390)
	at org.apache.commons.complex.TestUtils.equals(TestUtils.java:390)
	at org.apache.commons.complex.TestUtils.equals(TestUtils.java:390)
	at org.apache.commons.complex.TestUtils.equals(TestUtils.java:390)
	at org.apache.commons.complex.TestUtils.equals(TestUtils.java:390)
	at org.apache.commons.complex.TestUtils.equals(TestUtils.java:390)
	at org.apache.commons.complex.TestUtils.equals(TestUtils.java:390)
	at org.apache.commons.complex.TestUtils.equals(TestUtils.java:390)
	at org.apache.commons.complex.TestUtils.equals(TestUtils.java:390)
	at org.apache.commons.complex.TestUtils.equals(TestUtils.java:390)
	at org.apache.commons.complex.TestUtils.equals(TestUtils.java:390)
	at org.apache.commons.complex.TestUtils.equals(TestUtils.java:390)
	at org.apache.commons.complex.TestUtils.equals(TestUtils.java:390)
	at org.apache.commons.complex.TestUtils.equals(TestUtils.java:390)
	at org.apache.commons.complex.TestUtils.equals(TestUtils.java:390)
	at org.apache.commons.complex.TestUtils.equals(TestUtils.java:390)
	at org.apache.commons.complex.TestUtils.equals(TestUtils.java:390)
	at org.apache.commons.complex.TestUtils.equals(TestUtils.java:390)
	at org.apache.commons.complex.TestUtils.equals(TestUtils.java:390)
	at org.apache.commons.complex.TestUtils.equals(TestUtils.java:390)
	at org.apache.commons.complex.TestUtils.equals(TestUtils.java:390)
	at org.apache.commons.complex.TestUtils.equals(TestUtils.java:390)
	at org.apache.commons.complex.TestUtils.equals(TestUtils.java:390)
	at org.apache.commons.complex.TestUtils.equals(TestUtils.java:390)
	at org.apache.commons.complex.TestUtils.equals(TestUtils.java:390)
	at org.apache.commons.complex.TestUtils.equals(TestUtils.java:390)
	at org.apache.commons.complex.TestUtils.equals(TestUtils.java:390)
	at org.apache.commons.complex.TestUtils.equals(TestUtils.java:390)
	at org.apache.commons.complex.TestUtils.equals(TestUtils.java:390)
	at org.apache.commons.complex.TestUtils.equals(TestUtils.java:390)
	at org.apache.commons.complex.TestUtils.equals(TestUtils.java:390)
	at org.apache.commons.complex.TestUtils.equals(TestUtils.java:390)
	at org.apache.commons.complex.TestUtils.equals(TestUtils.java:390)
	at org.apache.commons.complex.TestUtils.equals(TestUtils.java:390)
	at org.apache.commons.complex.TestUtils.equals(TestUtils.java:390)
	at org.apache.commons.complex.TestUtils.equals(TestUtils.java:390)
	at org.apache.commons.complex.TestUtils.equals(TestUtils.java:390)
	at org.apache.commons.complex.TestUtils.equals(TestUtils.java:390)
	at org.apache.commons.complex.TestUtils.equals(TestUtils.java:390)
	at org.apache.commons.complex.TestUtils.equals(TestUtils.java:390)
	at org.apache.commons.complex.TestUtils.equals(TestUtils.java:390)
	at org.apache.commons.complex.TestUtils.equals(TestUtils.java:390)
	at org.apache.commons.complex.TestUtils.equals(TestUtils.java:390)
	at org.apache.commons.complex.TestUtils.equals(TestUtils.java:390)
	at org.apache.commons.complex.TestUtils.equals(TestUtils.java:390)
	at org.apache.commons.complex.TestUtils.equals(TestUtils.java:390)
	at org.apache.commons.complex.TestUtils.equals(TestUtils.java:390)
	at org.apache.commons.complex.TestUtils.equals(TestUtils.java:390)
	at org.apache.commons.complex.TestUtils.equals(TestUtils.java:390)
	at org.apache.commons.complex.TestUtils.equals(TestUtils.java:390)
	at org.apache.commons.complex.TestUtils.equals(TestUtils.java:390)
	at org.apache.commons.complex.TestUtils.equals(TestUtils.java:390)
	at org.apache.commons.complex.TestUtils.equals(TestUtils.java:390)
	at org.apache.commons.complex.TestUtils.equals(TestUtils.java:390)
	at org.apache.commons.complex.TestUtils.equals(TestUtils.java:390)
	at org.apache.commons.complex.TestUtils.equals(TestUtils.java:390)
	at org.apache.commons.complex.TestUtils.equals(TestUtils.java:390)
	at org.apache.commons.complex.TestUtils.equals(TestUtils.java:390)
	at org.apache.commons.complex.TestUtils.equals(TestUtils.java:390)
	at org.apache.commons.complex.TestUtils.equals(TestUtils.java:390)
	at org.apache.commons.complex.TestUtils.equals(TestUtils.java:390)
	at org.apache.commons.complex.TestUtils.equals(TestUtils.java:390)
	at org.apache.commons.complex.TestUtils.equals(TestUtils.java:390)
	at org.apache.commons.complex.TestUtils.equals(TestUtils.java:390)
	at org.apache.commons.complex.TestUtils.equals(TestUtils.java:390)
	at org.apache.commons.complex.TestUtils.equals(TestUtils.java:390)
	at org.apache.commons.complex.TestUtils.equals(TestUtils.java:390)
	at org.apache.commons.complex.TestUtils.equals(TestUtils.java:390)
	at org.apache.commons.complex.TestUtils.equals(TestUtils.java:390)
	at org.apache.commons.complex.TestUtils.equals(TestUtils.java:390)
	at org.apache.commons.complex.TestUtils.equals(TestUtils.java:390)
	at org.apache.commons.complex.TestUtils.equals(TestUtils.java:390)
	at org.apache.commons.complex.TestUtils.equals(TestUtils.java:390)
	at org.apache.commons.complex.TestUtils.equals(TestUtils.java:390)
	at org.apache.commons.complex.TestUtils.equals(TestUtils.java:390)
	at org.apache.commons.complex.TestUtils.equals(TestUtils.java:390)
	at org.apache.commons.complex.TestUtils.equals(TestUtils.java:390)
	at org.apache.commons.complex.TestUtils.equals(TestUtils.java:390)
	at org.apache.commons.complex.TestUtils.equals(TestUtils.java:390)
	at org.apache.commons.complex.TestUtils.equals(TestUtils.java:390)
	at org.apache.commons.complex.TestUtils.equals(TestUtils.java:390)
	at org.apache.commons.complex.TestUtils.equals(TestUtils.java:390)
	at org.apache.commons.complex.TestUtils.equals(TestUtils.java:390)
	at org.apache.commons.complex.TestUtils.equals(TestUtils.java:390)
	at org.apache.commons.complex.TestUtils.equals(TestUtils.java:390)
	at org.apache.commons.complex.TestUtils.equals(TestUtils.java:390)
	at org.apache.commons.complex.TestUtils.equals(TestUtils.java:390)
	at org.apache.commons.complex.TestUtils.equals(TestUtils.java:390)
	at org.apache.commons.complex.TestUtils.equals(TestUtils.java:390)
	at org.apache.commons.complex.TestUtils.equals(TestUtils.java:390)
	at org.apache.commons.complex.TestUtils.equals(TestUtils.java:390)
	at org.apache.commons.complex.TestUtils.equals(TestUtils.java:390)
	at org.apache.commons.complex.TestUtils.equals(TestUtils.java:390)
	at org.apache.commons.complex.TestUtils.equals(TestUtils.java:390)
	at org.apache.commons.complex.TestUtils.equals(TestUtils.java:390)
	at org.apache.commons.complex.TestUtils.equals(TestUtils.java:390)
	at org.apache.commons.complex.TestUtils.equals(TestUtils.java:390)
	at org.apache.commons.complex.TestUtils.equals(TestUtils.java:390)
	at org.apache.commons.complex.TestUtils.equals(TestUtils.java:390)
	at org.apache.commons.complex.TestUtils.equals(TestUtils.java:390)
	at org.apache.commons.complex.TestUtils.equals(TestUtils.java:390)
	at org.apache.commons.complex.TestUtils.equals(TestUtils.java:390)
	at org.apache.commons.complex.TestUtils.equals(TestUtils.java:390)
	at org.apache.commons.complex.TestUtils.equals(TestUtils.java:390)
	at org.apache.commons.complex.TestUtils.equals(TestUtils.java:390)
	at org.apache.commons.complex.TestUtils.equals(TestUtils.java:390)
	at org.apache.commons.complex.TestUtils.equals(TestUtils.java:390)
	at org.apache.commons.complex.TestUtils.equals(TestUtils.java:390)
	at org.apache.commons.complex.TestUtils.equals(TestUtils.java:390)
	at org.apache.commons.complex.TestUtils.equals(TestUtils.java:390)
	at org.apache.commons.complex.TestUtils.equals(TestUtils.java:390)
	at org.apache.commons.complex.TestUtils.equals(TestUtils.java:390)
	at org.apache.commons.complex.TestUtils.equals(TestUtils.java:390)
	at org.apache.commons.complex.TestUtils.equals(TestUtils.java:390)
	at org.apache.commons.complex.TestUtils.equals(TestUtils.java:390)
	at org.apache.commons.complex.TestUtils.equals(TestUtils.java:390)
	at org.apache.commons.complex.TestUtils.equals(TestUtils.java:390)
	at org.apache.commons.complex.TestUtils.equals(TestUtils.java:390)
	at org.apache.commons.complex.TestUtils.equals(TestUtils.java:390)
	at org.apache.commons.complex.TestUtils.equals(TestUtils.java:390)
	at org.apache.commons.complex.TestUtils.equals(TestUtils.java:390)
	at org.apache.commons.complex.TestUtils.equals(TestUtils.java:390)
	at org.apache.commons.complex.TestUtils.equals(TestUtils.java:390)
	at org.apache.commons.complex.TestUtils.equals(TestUtils.java:390)
	at org.apache.commons.complex.TestUtils.equals(TestUtils.java:390)
	at org.apache.commons.complex.TestUtils.equals(TestUtils.java:390)
	at org.apache.commons.complex.TestUtils.equals(TestUtils.java:390)
	at org.apache.commons.complex.TestUtils.equals(TestUtils.java:390)
	at org.apache.commons.complex.TestUtils.equals(TestUtils.java:390)
	at org.apache.commons.complex.TestUtils.equals(TestUtils.java:390)
	at org.apache.commons.complex.TestUtils.equals(TestUtils.java:390)
	at org.apache.commons.complex.TestUtils.equals(TestUtils.java:390)
	at org.apache.commons.complex.TestUtils.equals(TestUtils.java:390)
	at org.apache.commons.complex.TestUtils.equals(TestUtils.java:390)
	at org.apache.commons.complex.TestUtils.equals(TestUtils.java:390)
	at org.apache.commons.complex.TestUtils.equals(TestUtils.java:390)
	at org.apache.commons.complex.TestUtils.equals(TestUtils.java:390)
	at org.apache.commons.complex.TestUtils.equals(TestUtils.java:390)
	at org.apache.commons.complex.TestUtils.equals(TestUtils.java:390)
	at org.apache.commons.complex.TestUtils.equals(TestUtils.java:390)
	at org.apache.commons.complex.TestUtils.equals(TestUtils.java:390)
	at org.apache.commons.complex.TestUtils.equals(TestUtils.java:390)
	at org.apache.commons.complex.TestUtils.equals(TestUtils.java:390)
	at org.apache.commons.complex.TestUtils.equals(TestUtils.java:390)
	at org.apache.commons.complex.TestUtils.equals(TestUtils.java:390)
	at org.apache.commons.complex.TestUtils.equals(TestUtils.java:390)
	at org.apache.commons.complex.TestUtils.equals(TestUtils.java:390)
	at org.apache.commons.complex.TestUtils.equals(TestUtils.java:390)
	at org.apache.commons.complex.TestUtils.equals(TestUtils.java:390)
	at org.apache.commons.complex.TestUtils.equals(TestUtils.java:390)
	at org.apache.commons.complex.TestUtils.equals(TestUtils.java:390)
	at org.apache.commons.complex.TestUtils.equals(TestUtils.java:390)
	at org.apache.commons.complex.TestUtils.equals(TestUtils.java:390)
	at org.apache.commons.complex.TestUtils.equals(TestUtils.java:390)
	at org.apache.commons.complex.TestUtils.equals(TestUtils.java:390)
	at org.apache.commons.complex.TestUtils.equals(TestUtils.java:390)
	at org.apache.commons.complex.TestUtils.equals(TestUtils.java:390)
	at org.apache.commons.complex.TestUtils.equals(TestUtils.java:390)
	at org.apache.commons.complex.TestUtils.equals(TestUtils.java:390)
	at org.apache.commons.complex.TestUtils.equals(TestUtils.java:390)
	at org.apache.commons.complex.TestUtils.equals(TestUtils.java:390)
	at org.apache.commons.complex.TestUtils.equals(TestUtils.java:390)
	at org.apache.commons.complex.TestUtils.equals(TestUtils.java:390)
	at org.apache.commons.complex.TestUtils.equals(TestUtils.java:390)
	at org.apache.commons.complex.TestUtils.equals(TestUtils.java:390)
	at org.apache.commons.complex.TestUtils.equals(TestUtils.java:390)
	at org.apache.commons.complex.TestUtils.equals(TestUtils.java:390)
	at org.apache.commons.complex.TestUtils.equals(TestUtils.java:390)
	at org.apache.commons.complex.TestUtils.equals(TestUtils.java:390)
	at org.apache.commons.complex.TestUtils.equals(TestUtils.java:390)
	at org.apache.commons.complex.TestUtils.equals(TestUtils.java:390)
	at org.apache.commons.complex.TestUtils.equals(TestUtils.java:390)
	at org.apache.commons.complex.TestUtils.equals(TestUtils.java:390)
	at org.apache.commons.complex.TestUtils.equals(TestUtils.java:390)
	at org.apache.commons.complex.TestUtils.equals(TestUtils.java:390)
	at org.apache.commons.complex.TestUtils.equals(TestUtils.java:390)
	at org.apache.commons.complex.TestUtils.equals(TestUtils.java:390)
	at org.apache.commons.complex.TestUtils.equals(TestUtils.java:390)
	at org.apache.commons.complex.TestUtils.equals(TestUtils.java:390)
	at org.apache.commons.complex.TestUtils.equals(TestUtils.java:390)
	at org.apache.commons.complex.TestUtils.equals(TestUtils.java:390)
	at org.apache.commons.complex.TestUtils.equals(TestUtils.java:390)
	at org.apache.commons.complex.TestUtils.equals(TestUtils.java:390)
	at org.apache.commons.complex.TestUtils.equals(TestUtils.java:390)
	at org.apache.commons.complex.TestUtils.equals(TestUtils.java:390)
	at org.apache.commons.complex.TestUtils.equals(TestUtils.java:390)
	at org.apache.commons.complex.TestUtils.equals(TestUtils.java:390)
	at org.apache.commons.complex.TestUtils.equals(TestUtils.java:390)
	at org.apache.commons.complex.TestUtils.equals(TestUtils.java:390)
	at org.apache.commons.complex.TestUtils.equals(TestUtils.java:390)
	at org.apache.commons.complex.TestUtils.equals(TestUtils.java:390)
	at org.apache.commons.complex.TestUtils.equals(TestUtils.java:390)
	at org.apache.commons.complex.TestUtils.equals(TestUtils.java:390)
	at org.apache.commons.complex.TestUtils.equals(TestUtils.java:390)
	at org.apache.commons.complex.TestUtils.equals(TestUtils.java:390)
	at org.apache.commons.complex.TestUtils.equals(TestUtils.java:390)
	at org.apache.commons.complex.TestUtils.equals(TestUtils.java:390)
	at org.apache.commons.complex.TestUtils.equals(TestUtils.java:390)
	at org.apache.commons.complex.TestUtils.equals(TestUtils.java:390)
	at org.apache.commons.complex.TestUtils.equals(TestUtils.java:390)
	at org.apache.commons.complex.TestUtils.equals(TestUtils.java:390)
	at org.apache.commons.complex.TestUtils.equals(TestUtils.java:390)
	at org.apache.commons.complex.TestUtils.equals(TestUtils.java:390)
	at org.apache.commons.complex.TestUtils.equals(TestUtils.java:390)
	at org.apache.commons.complex.TestUtils.equals(TestUtils.java:390)
	at org.apache.commons.complex.TestUtils.equals(TestUtils.java:390)
	at org.apache.commons.complex.TestUtils.equals(TestUtils.java:390)
	at org.apache.commons.complex.TestUtils.equals(TestUtils.java:390)
	at org.apache.commons.complex.TestUtils.equals(TestUtils.java:390)
	at org.apache.commons.complex.TestUtils.equals(TestUtils.java:390)
	at org.apache.commons.complex.TestUtils.equals(TestUtils.java:390)
	at org.apache.commons.complex.TestUtils.equals(TestUtils.java:390)
	at org.apache.commons.complex.TestUtils.equals(TestUtils.java:390)
	at org.apache.commons.complex.TestUtils.equals(TestUtils.java:390)
	at org.apache.commons.complex.TestUtils.equals(TestUtils.java:390)
	at org.apache.commons.complex.TestUtils.equals(TestUtils.java:390)
	at org.apache.commons.complex.TestUtils.equals(TestUtils.java:390)
	at org.apache.commons.complex.TestUtils.equals(TestUtils.java:390)
	at org.apache.commons.complex.TestUtils.equals(TestUtils.java:390)
	at org.apache.commons.complex.TestUtils.equals(TestUtils.java:390)
	at org.apache.commons.complex.TestUtils.equals(TestUtils.java:390)
	at org.apache.commons.complex.TestUtils.equals(TestUtils.java:390)
	at org.apache.commons.complex.TestUtils.equals(TestUtils.java:390)
	at org.apache.commons.complex.TestUtils.equals(TestUtils.java:390)
	at org.apache.commons.complex.TestUtils.equals(TestUtils.java:390)
	at org.apache.commons.complex.TestUtils.equals(TestUtils.java:390)
	at org.apache.commons.complex.TestUtils.equals(TestUtils.java:390)
	at org.apache.commons.complex.TestUtils.equals(TestUtils.java:390)
	at org.apache.commons.complex.TestUtils.equals(TestUtils.java:390)
	at org.apache.commons.complex.TestUtils.equals(TestUtils.java:390)
	at org.apache.commons.complex.TestUtils.equals(TestUtils.java:390)
	at org.apache.commons.complex.TestUtils.equals(TestUtils.java:390)
	at org.apache.commons.complex.TestUtils.equals(TestUtils.java:390)
	at org.apache.commons.complex.TestUtils.equals(TestUtils.java:390)
	at org.apache.commons.complex.TestUtils.equals(TestUtils.java:390)
	at org.apache.commons.complex.TestUtils.equals(TestUtils.java:390)
	at org.apache.commons.complex.TestUtils.equals(TestUtils.java:390)
	at org.apache.commons.complex.TestUtils.equals(TestUtils.java:390)
	at org.apache.commons.complex.TestUtils.equals(TestUtils.java:390)
	at org.apache.commons.complex.TestUtils.equals(TestUtils.java:390)
	at org.apache.commons.complex.TestUtils.equals(TestUtils.java:390)
	at org.apache.commons.complex.TestUtils.equals(TestUtils.java:390)
	at org.apache.commons.complex.TestUtils.equals(TestUtils.java:390)
	at org.apache.commons.complex.TestUtils.equals(TestUtils.java:390)
	at org.apache.commons.complex.TestUtils.equals(TestUtils.java:390)
	at org.apache.commons.complex.TestUtils.equals(TestUtils.java:390)
	at org.apache.commons.complex.TestUtils.equals(TestUtils.java:390)
	at org.apache.commons.complex.TestUtils.equals(TestUtils.java:390)
	at org.apache.commons.complex.TestUtils.equals(TestUtils.java:390)
	at org.apache.commons.complex.TestUtils.equals(TestUtils.java:390)
	at org.apache.commons.complex.TestUtils.equals(TestUtils.java:390)
	at org.apache.commons.complex.TestUtils.equals(TestUtils.java:390)
	at org.apache.commons.complex.TestUtils.equals(TestUtils.java:390)
	at org.apache.commons.complex.TestUtils.equals(TestUtils.java:390)
	at org.apache.commons.complex.TestUtils.equals(TestUtils.java:390)
	at org.apache.commons.complex.TestUtils.equals(TestUtils.java:390)
	at org.apache.commons.complex.TestUtils.equals(TestUtils.java:390)
	at org.apache.commons.complex.TestUtils.equals(TestUtils.java:390)
	at org.apache.commons.complex.TestUtils.equals(TestUtils.java:390)
	at org.apache.commons.complex.TestUtils.equals(TestUtils.java:390)
	at org.apache.commons.complex.TestUtils.equals(TestUtils.java:390)
	at org.apache.commons.complex.TestUtils.equals(TestUtils.java:390)
	at org.apache.commons.complex.TestUtils.equals(TestUtils.java:390)
	at org.apache.commons.complex.TestUtils.equals(TestUtils.java:390)
	at org.apache.commons.complex.TestUtils.equals(TestUtils.java:390)
	at org.apache.commons.complex.TestUtils.equals(TestUtils.java:390)
	at org.apache.commons.complex.TestUtils.equals(TestUtils.java:390)
	at org.apache.commons.complex.TestUtils.equals(TestUtils.java:390)
	at org.apache.commons.complex.TestUtils.equals(TestUtils.java:390)
	at org.apache.commons.complex.TestUtils.equals(TestUtils.java:390)
	at org.apache.commons.complex.TestUtils.equals(TestUtils.java:390)
	at org.apache.commons.complex.TestUtils.equals(TestUtils.java:390)
	at org.apache.commons.complex.TestUtils.equals(TestUtils.java:390)
	at org.apache.commons.complex.TestUtils.equals(TestUtils.java:390)
	at org.apache.commons.complex.TestUtils.equals(TestUtils.java:390)
	at org.apache.commons.complex.TestUtils.equals(TestUtils.java:390)
	at org.apache.commons.complex.TestUtils.equals(TestUtils.java:390)
	at org.apache.commons.complex.TestUtils.equals(TestUtils.java:390)
	at org.apache.commons.complex.TestUtils.equals(TestUtils.java:390)
	at org.apache.commons.complex.TestUtils.equals(TestUtils.java:390)
	at org.apache.commons.complex.TestUtils.equals(TestUtils.java:390)
	at org.apache.commons.complex.TestUtils.equals(TestUtils.java:390)
	at org.apache.commons.complex.TestUtils.equals(TestUtils.java:390)
	at org.apache.commons.complex.TestUtils.equals(TestUtils.java:390)
	at org.apache.commons.complex.TestUtils.equals(TestUtils.java:390)
	at org.apache.commons.complex.TestUtils.equals(TestUtils.java:390)
	at org.apache.commons.complex.TestUtils.equals(TestUtils.java:390)
	at org.apache.commons.complex.TestUtils.equals(TestUtils.java:390)
	at org.apache.commons.complex.TestUtils.equals(TestUtils.java:390)
	at org.apache.commons.complex.TestUtils.equals(TestUtils.java:390)
	at org.apache.commons.complex.TestUtils.equals(TestUtils.java:390)
	at org.apache.commons.complex.TestUtils.equals(TestUtils.java:390)
	at org.apache.commons.complex.TestUtils.equals(TestUtils.java:390)
	at org.apache.commons.complex.TestUtils.equals(TestUtils.java:390)
	at org.apache.commons.complex.TestUtils.equals(TestUtils.java:390)
	at org.apache.commons.complex.TestUtils.equals(TestUtils.java:390)
	at org.apache.commons.complex.TestUtils.equals(TestUtils.java:390)
	at org.apache.commons.complex.TestUtils.equals(TestUtils.java:390)
	at org.apache.commons.complex.TestUtils.equals(TestUtils.java:390)
	at org.apache.commons.complex.TestUtils.equals(TestUtils.java:390)
	at org.apache.commons.complex.TestUtils.equals(TestUtils.java:390)
	at org.apache.commons.complex.TestUtils.equals(TestUtils.java:390)
	at org.apache.commons.complex.TestUtils.equals(TestUtils.java:390)
	at org.apache.commons.complex.TestUtils.equals(TestUtils.java:390)
	at org.apache.commons.complex.TestUtils.equals(TestUtils.java:390)
	at org.apache.commons.complex.TestUtils.equals(TestUtils.java:390)
	at org.apache.commons.complex.TestUtils.equals(TestUtils.java:390)
	at org.apache.commons.complex.TestUtils.equals(TestUtils.java:390)
	at org.apache.commons.complex.TestUtils.equals(TestUtils.java:390)
	at org.apache.commons.complex.TestUtils.equals(TestUtils.java:390)
	at org.apache.commons.complex.TestUtils.equals(TestUtils.java:390)
	at org.apache.commons.complex.TestUtils.equals(TestUtils.java:390)
	at org.apache.commons.complex.TestUtils.equals(TestUtils.java:390)
	at org.apache.commons.complex.TestUtils.equals(TestUtils.java:390)
	at org.apache.commons.complex.TestUtils.equals(TestUtils.java:390)
	at org.apache.commons.complex.TestUtils.equals(TestUtils.java:390)
	at org.apache.commons.complex.TestUtils.equals(TestUtils.java:390)
	at org.apache.commons.complex.TestUtils.equals(TestUtils.java:390)
	at org.apache.commons.complex.TestUtils.equals(TestUtils.java:390)
	at org.apache.commons.complex.TestUtils.equals(TestUtils.java:390)
	at org.apache.commons.complex.TestUtils.equals(TestUtils.java:390)
	at org.apache.commons.complex.TestUtils.equals(TestUtils.java:390)
	at org.apache.commons.complex.TestUtils.equals(TestUtils.java:390)
	at org.apache.commons.complex.TestUtils.equals(TestUtils.java:390)
	at org.apache.commons.complex.TestUtils.equals(TestUtils.java:390)
	at org.apache.commons.complex.TestUtils.equals(TestUtils.java:390)
	at org.apache.commons.complex.TestUtils.equals(TestUtils.java:390)
	at org.apache.commons.complex.TestUtils.equals(TestUtils.java:390)
	at org.apache.commons.complex.TestUtils.equals(TestUtils.java:390)
	at org.apache.commons.complex.TestUtils.equals(TestUtils.java:390)
	at org.apache.commons.complex.TestUtils.equals(TestUtils.java:390)
	at org.apache.commons.complex.TestUtils.equals(TestUtils.java:390)
	at org.apache.commons.complex.TestUtils.equals(TestUtils.java:390)
	at org.apache.commons.complex.TestUtils.equals(TestUtils.java:390)
	at org.apache.commons.complex.TestUtils.equals(TestUtils.java:390)
	at org.apache.commons.complex.TestUtils.equals(TestUtils.java:390)
	at org.apache.commons.complex.TestUtils.equals(TestUtils.java:390)
	at org.apache.commons.complex.TestUtils.equals(TestUtils.java:390)
	at org.apache.commons.complex.TestUtils.equals(TestUtils.java:390)
	at org.apache.commons.complex.TestUtils.equals(TestUtils.java:390)
	at org.apache.commons.complex.TestUtils.equals(TestUtils.java:390)
	at org.apache.commons.complex.TestUtils.equals(TestUtils.java:390)
	at org.apache.commons.complex.TestUtils.equals(TestUtils.java:390)
	at org.apache.commons.complex.TestUtils.equals(TestUtils.java:390)
	at org.apache.commons.complex.TestUtils.equals(TestUtils.java:390)
	at org.apache.commons.complex.TestUtils.equals(TestUtils.java:390)
	at org.apache.commons.complex.TestUtils.equals(TestUtils.java:390)
	at org.apache.commons.complex.TestUtils.equals(TestUtils.java:390)
	at org.apache.commons.complex.TestUtils.equals(TestUtils.java:390)
	at org.apache.commons.complex.TestUtils.equals(TestUtils.java:390)
	at org.apache.commons.complex.TestUtils.equals(TestUtils.java:390)
	at org.apache.commons.complex.TestUtils.equals(TestUtils.java:390)
	at org.apache.commons.complex.TestUtils.equals(TestUtils.java:390)
	at org.apache.commons.complex.TestUtils.equals(TestUtils.java:390)
	at org.apache.commons.complex.TestUtils.equals(TestUtils.java:390)
	at org.apache.commons.complex.TestUtils.equals(TestUtils.java:390)
	at org.apache.commons.complex.TestUtils.equals(TestUtils.java:390)
	at org.apache.commons.complex.TestUtils.equals(TestUtils.java:390)
	at org.apache.commons.complex.TestUtils.equals(TestUtils.java:390)
	at org.apache.commons.complex.TestUtils.equals(TestUtils.java:390)
	at org.apache.commons.complex.TestUtils.equals(TestUtils.java:390)
	at org.apache.commons.complex.TestUtils.equals(TestUtils.java:390)
	at org.apache.commons.complex.TestUtils.equals(TestUtils.java:390)
	at org.apache.commons.complex.TestUtils.equals(TestUtils.java:390)
	at org.apache.commons.complex.TestUtils.equals(TestUtils.java:390)
	at org.apache.commons.complex.TestUtils.equals(TestUtils.java:390)
	at org.apache.commons.complex.TestUtils.equals(TestUtils.java:390)
	at org.apache.commons.complex.TestUtils.equals(TestUtils.java:390)
	at org.apache.commons.complex.TestUtils.equals(TestUtils.java:390)
	at org.apache.commons.complex.TestUtils.equals(TestUtils.java:390)
	at org.apache.commons.complex.TestUtils.equals(TestUtils.java:390)
	at org.apache.commons.complex.TestUtils.equals(TestUtils.java:390)
	at org.apache.commons.complex.TestUtils.equals(TestUtils.java:390)
	at org.apache.commons.complex.TestUtils.equals(TestUtils.java:390)
	at org.apache.commons.complex.TestUtils.equals(TestUtils.java:390)
	at org.apache.commons.complex.TestUtils.equals(TestUtils.java:390)
	at org.apache.commons.complex.TestUtils.equals(TestUtils.java:390)
	at org.apache.commons.complex.TestUtils.equals(TestUtils.java:390)
	at org.apache.commons.complex.TestUtils.equals(TestUtils.java:390)
	at org.apache.commons.complex.TestUtils.equals(TestUtils.java:390)
	at org.apache.commons.complex.TestUtils.equals(TestUtils.java:390)
	at org.apache.commons.complex.TestUtils.equals(TestUtils.java:390)
</error>
  </testcase>
  <testcase name="testExtractionMethods" classname="org.apache.commons.complex.ComplexUtilsTest" time="0.004">
    <error type="java.lang.StackOverflowError:">java.lang.StackOverflowError: null
	at org.apache.commons.complex.TestUtils.equals(TestUtils.java)
	at org.apache.commons.complex.TestUtils.equals(TestUtils.java:390)
	at org.apache.commons.complex.TestUtils.equals(TestUtils.java:390)
	at org.apache.commons.complex.TestUtils.equals(TestUtils.java:390)
	at org.apache.commons.complex.TestUtils.equals(TestUtils.java:390)
	at org.apache.commons.complex.TestUtils.equals(TestUtils.java:390)
	at org.apache.commons.complex.TestUtils.equals(TestUtils.java:390)
	at org.apache.commons.complex.TestUtils.equals(TestUtils.java:390)
	at org.apache.commons.complex.TestUtils.equals(TestUtils.java:390)
	at org.apache.commons.complex.TestUtils.equals(TestUtils.java:390)
	at org.apache.commons.complex.TestUtils.equals(TestUtils.java:390)
	at org.apache.commons.complex.TestUtils.equals(TestUtils.java:390)
	at org.apache.commons.complex.TestUtils.equals(TestUtils.java:390)
	at org.apache.commons.complex.TestUtils.equals(TestUtils.java:390)
	at org.apache.commons.complex.TestUtils.equals(TestUtils.java:390)
	at org.apache.commons.complex.TestUtils.equals(TestUtils.java:390)
	at org.apache.commons.complex.TestUtils.equals(TestUtils.java:390)
	at org.apache.commons.complex.TestUtils.equals(TestUtils.java:390)
	at org.apache.commons.complex.TestUtils.equals(TestUtils.java:390)
	at org.apache.commons.complex.TestUtils.equals(TestUtils.java:390)
	at org.apache.commons.complex.TestUtils.equals(TestUtils.java:390)
	at org.apache.commons.complex.TestUtils.equals(TestUtils.java:390)
	at org.apache.commons.complex.TestUtils.equals(TestUtils.java:390)
	at org.apache.commons.complex.TestUtils.equals(TestUtils.java:390)
	at org.apache.commons.complex.TestUtils.equals(TestUtils.java:390)
	at org.apache.commons.complex.TestUtils.equals(TestUtils.java:390)
	at org.apache.commons.complex.TestUtils.equals(TestUtils.java:390)
	at org.apache.commons.complex.TestUtils.equals(TestUtils.java:390)
	at org.apache.commons.complex.TestUtils.equals(TestUtils.java:390)
	at org.apache.commons.complex.TestUtils.equals(TestUtils.java:390)
	at org.apache.commons.complex.TestUtils.equals(TestUtils.java:390)
	at org.apache.commons.complex.TestUtils.equals(TestUtils.java:390)
	at org.apache.commons.complex.TestUtils.equals(TestUtils.java:390)
	at org.apache.commons.complex.TestUtils.equals(TestUtils.java:390)
	at org.apache.commons.complex.TestUtils.equals(TestUtils.java:390)
	at org.apache.commons.complex.TestUtils.equals(TestUtils.java:390)
	at org.apache.commons.complex.TestUtils.equals(TestUtils.java:390)
	at org.apache.commons.complex.TestUtils.equals(TestUtils.java:390)
	at org.apache.commons.complex.TestUtils.equals(TestUtils.java:390)
	at org.apache.commons.complex.TestUtils.equals(TestUtils.java:390)
	at org.apache.commons.complex.TestUtils.equals(TestUtils.java:390)
	at org.apache.commons.complex.TestUtils.equals(TestUtils.java:390)
	at org.apache.commons.complex.TestUtils.equals(TestUtils.java:390)
	at org.apache.commons.complex.TestUtils.equals(TestUtils.java:390)
	at org.apache.commons.complex.TestUtils.equals(TestUtils.java:390)
	at org.apache.commons.complex.TestUtils.equals(TestUtils.java:390)
	at org.apache.commons.complex.TestUtils.equals(TestUtils.java:390)
	at org.apache.commons.complex.TestUtils.equals(TestUtils.java:390)
	at org.apache.commons.complex.TestUtils.equals(TestUtils.java:390)
	at org.apache.commons.complex.TestUtils.equals(TestUtils.java:390)
	at org.apache.commons.complex.TestUtils.equals(TestUtils.java:390)
	at org.apache.commons.complex.TestUtils.equals(TestUtils.java:390)
	at org.apache.commons.complex.TestUtils.equals(TestUtils.java:390)
	at org.apache.commons.complex.TestUtils.equals(TestUtils.java:390)
	at org.apache.commons.complex.TestUtils.equals(TestUtils.java:390)
	at org.apache.commons.complex.TestUtils.equals(TestUtils.java:390)
	at org.apache.commons.complex.TestUtils.equals(TestUtils.java:390)
	at org.apache.commons.complex.TestUtils.equals(TestUtils.java:390)
	at org.apache.commons.complex.TestUtils.equals(TestUtils.java:390)
	at org.apache.commons.complex.TestUtils.equals(TestUtils.java:390)
	at org.apache.commons.complex.TestUtils.equals(TestUtils.java:390)
	at org.apache.commons.complex.TestUtils.equals(TestUtils.java:390)
	at org.apache.commons.complex.TestUtils.equals(TestUtils.java:390)
	at org.apache.commons.complex.TestUtils.equals(TestUtils.java:390)
	at org.apache.commons.complex.TestUtils.equals(TestUtils.java:390)
	at org.apache.commons.complex.TestUtils.equals(TestUtils.java:390)
	at org.apache.commons.complex.TestUtils.equals(TestUtils.java:390)
	at org.apache.commons.complex.TestUtils.equals(TestUtils.java:390)
	at org.apache.commons.complex.TestUtils.equals(TestUtils.java:390)
	at org.apache.commons.complex.TestUtils.equals(TestUtils.java:390)
	at org.apache.commons.complex.TestUtils.equals(TestUtils.java:390)
	at org.apache.commons.complex.TestUtils.equals(TestUtils.java:390)
	at org.apache.commons.complex.TestUtils.equals(TestUtils.java:390)
	at org.apache.commons.complex.TestUtils.equals(TestUtils.java:390)
	at org.apache.commons.complex.TestUtils.equals(TestUtils.java:390)
	at org.apache.commons.complex.TestUtils.equals(TestUtils.java:390)
	at org.apache.commons.complex.TestUtils.equals(TestUtils.java:390)
	at org.apache.commons.complex.TestUtils.equals(TestUtils.java:390)
	at org.apache.commons.complex.TestUtils.equals(TestUtils.java:390)
	at org.apache.commons.complex.TestUtils.equals(TestUtils.java:390)
	at org.apache.commons.complex.TestUtils.equals(TestUtils.java:390)
	at org.apache.commons.complex.TestUtils.equals(TestUtils.java:390)
	at org.apache.commons.complex.TestUtils.equals(TestUtils.java:390)
	at org.apache.commons.complex.TestUtils.equals(TestUtils.java:390)
	at org.apache.commons.complex.TestUtils.equals(TestUtils.java:390)
	at org.apache.commons.complex.TestUtils.equals(TestUtils.java:390)
	at org.apache.commons.complex.TestUtils.equals(TestUtils.java:390)
	at org.apache.commons.complex.TestUtils.equals(TestUtils.java:390)
	at org.apache.commons.complex.TestUtils.equals(TestUtils.java:390)
	at org.apache.commons.complex.TestUtils.equals(TestUtils.java:390)
	at org.apache.commons.complex.TestUtils.equals(TestUtils.java:390)
	at org.apache.commons.complex.TestUtils.equals(TestUtils.java:390)
	at org.apache.commons.complex.TestUtils.equals(TestUtils.java:390)
	at org.apache.commons.complex.TestUtils.equals(TestUtils.java:390)
	at org.apache.commons.complex.TestUtils.equals(TestUtils.java:390)
	at org.apache.commons.complex.TestUtils.equals(TestUtils.java:390)
	at org.apache.commons.complex.TestUtils.equals(TestUtils.java:390)
	at org.apache.commons.complex.TestUtils.equals(TestUtils.java:390)
	at org.apache.commons.complex.TestUtils.equals(TestUtils.java:390)
	at org.apache.commons.complex.TestUtils.equals(TestUtils.java:390)
	at org.apache.commons.complex.TestUtils.equals(TestUtils.java:390)
	at org.apache.commons.complex.TestUtils.equals(TestUtils.java:390)
	at org.apache.commons.complex.TestUtils.equals(TestUtils.java:390)
	at org.apache.commons.complex.TestUtils.equals(TestUtils.java:390)
	at org.apache.commons.complex.TestUtils.equals(TestUtils.java:390)
	at org.apache.commons.complex.TestUtils.equals(TestUtils.java:390)
	at org.apache.commons.complex.TestUtils.equals(TestUtils.java:390)
	at org.apache.commons.complex.TestUtils.equals(TestUtils.java:390)
	at org.apache.commons.complex.TestUtils.equals(TestUtils.java:390)
	at org.apache.commons.complex.TestUtils.equals(TestUtils.java:390)
	at org.apache.commons.complex.TestUtils.equals(TestUtils.java:390)
	at org.apache.commons.complex.TestUtils.equals(TestUtils.java:390)
	at org.apache.commons.complex.TestUtils.equals(TestUtils.java:390)
	at org.apache.commons.complex.TestUtils.equals(TestUtils.java:390)
	at org.apache.commons.complex.TestUtils.equals(TestUtils.java:390)
	at org.apache.commons.complex.TestUtils.equals(TestUtils.java:390)
	at org.apache.commons.complex.TestUtils.equals(TestUtils.java:390)
	at org.apache.commons.complex.TestUtils.equals(TestUtils.java:390)
	at org.apache.commons.complex.TestUtils.equals(TestUtils.java:390)
	at org.apache.commons.complex.TestUtils.equals(TestUtils.java:390)
	at org.apache.commons.complex.TestUtils.equals(TestUtils.java:390)
	at org.apache.commons.complex.TestUtils.equals(TestUtils.java:390)
	at org.apache.commons.complex.TestUtils.equals(TestUtils.java:390)
	at org.apache.commons.complex.TestUtils.equals(TestUtils.java:390)
	at org.apache.commons.complex.TestUtils.equals(TestUtils.java:390)
	at org.apache.commons.complex.TestUtils.equals(TestUtils.java:390)
	at org.apache.commons.complex.TestUtils.equals(TestUtils.java:390)
	at org.apache.commons.complex.TestUtils.equals(TestUtils.java:390)
	at org.apache.commons.complex.TestUtils.equals(TestUtils.java:390)
	at org.apache.commons.complex.TestUtils.equals(TestUtils.java:390)
	at org.apache.commons.complex.TestUtils.equals(TestUtils.java:390)
	at org.apache.commons.complex.TestUtils.equals(TestUtils.java:390)
	at org.apache.commons.complex.TestUtils.equals(TestUtils.java:390)
	at org.apache.commons.complex.TestUtils.equals(TestUtils.java:390)
	at org.apache.commons.complex.TestUtils.equals(TestUtils.java:390)
	at org.apache.commons.complex.TestUtils.equals(TestUtils.java:390)
	at org.apache.commons.complex.TestUtils.equals(TestUtils.java:390)
	at org.apache.commons.complex.TestUtils.equals(TestUtils.java:390)
	at org.apache.commons.complex.TestUtils.equals(TestUtils.java:390)
	at org.apache.commons.complex.TestUtils.equals(TestUtils.java:390)
	at org.apache.commons.complex.TestUtils.equals(TestUtils.java:390)
	at org.apache.commons.complex.TestUtils.equals(TestUtils.java:390)
	at org.apache.commons.complex.TestUtils.equals(TestUtils.java:390)
	at org.apache.commons.complex.TestUtils.equals(TestUtils.java:390)
	at org.apache.commons.complex.TestUtils.equals(TestUtils.java:390)
	at org.apache.commons.complex.TestUtils.equals(TestUtils.java:390)
	at org.apache.commons.complex.TestUtils.equals(TestUtils.java:390)
	at org.apache.commons.complex.TestUtils.equals(TestUtils.java:390)
	at org.apache.commons.complex.TestUtils.equals(TestUtils.java:390)
	at org.apache.commons.complex.TestUtils.equals(TestUtils.java:390)
	at org.apache.commons.complex.TestUtils.equals(TestUtils.java:390)
	at org.apache.commons.complex.TestUtils.equals(TestUtils.java:390)
	at org.apache.commons.complex.TestUtils.equals(TestUtils.java:390)
	at org.apache.commons.complex.TestUtils.equals(TestUtils.java:390)
	at org.apache.commons.complex.TestUtils.equals(TestUtils.java:390)
	at org.apache.commons.complex.TestUtils.equals(TestUtils.java:390)
	at org.apache.commons.complex.TestUtils.equals(TestUtils.java:390)
	at org.apache.commons.complex.TestUtils.equals(TestUtils.java:390)
	at org.apache.commons.complex.TestUtils.equals(TestUtils.java:390)
	at org.apache.commons.complex.TestUtils.equals(TestUtils.java:390)
	at org.apache.commons.complex.TestUtils.equals(TestUtils.java:390)
	at org.apache.commons.complex.TestUtils.equals(TestUtils.java:390)
	at org.apache.commons.complex.TestUtils.equals(TestUtils.java:390)
	at org.apache.commons.complex.TestUtils.equals(TestUtils.java:390)
	at org.apache.commons.complex.TestUtils.equals(TestUtils.java:390)
	at org.apache.commons.complex.TestUtils.equals(TestUtils.java:390)
	at org.apache.commons.complex.TestUtils.equals(TestUtils.java:390)
	at org.apache.commons.complex.TestUtils.equals(TestUtils.java:390)
	at org.apache.commons.complex.TestUtils.equals(TestUtils.java:390)
	at org.apache.commons.complex.TestUtils.equals(TestUtils.java:390)
	at org.apache.commons.complex.TestUtils.equals(TestUtils.java:390)
	at org.apache.commons.complex.TestUtils.equals(TestUtils.java:390)
	at org.apache.commons.complex.TestUtils.equals(TestUtils.java:390)
	at org.apache.commons.complex.TestUtils.equals(TestUtils.java:390)
	at org.apache.commons.complex.TestUtils.equals(TestUtils.java:390)
	at org.apache.commons.complex.TestUtils.equals(TestUtils.java:390)
	at org.apache.commons.complex.TestUtils.equals(TestUtils.java:390)
	at org.apache.commons.complex.TestUtils.equals(TestUtils.java:390)
	at org.apache.commons.complex.TestUtils.equals(TestUtils.java:390)
	at org.apache.commons.complex.TestUtils.equals(TestUtils.java:390)
	at org.apache.commons.complex.TestUtils.equals(TestUtils.java:390)
	at org.apache.commons.complex.TestUtils.equals(TestUtils.java:390)
	at org.apache.commons.complex.TestUtils.equals(TestUtils.java:390)
	at org.apache.commons.complex.TestUtils.equals(TestUtils.java:390)
	at org.apache.commons.complex.TestUtils.equals(TestUtils.java:390)
	at org.apache.commons.complex.TestUtils.equals(TestUtils.java:390)
	at org.apache.commons.complex.TestUtils.equals(TestUtils.java:390)
	at org.apache.commons.complex.TestUtils.equals(TestUtils.java:390)
	at org.apache.commons.complex.TestUtils.equals(TestUtils.java:390)
	at org.apache.commons.complex.TestUtils.equals(TestUtils.java:390)
	at org.apache.commons.complex.TestUtils.equals(TestUtils.java:390)
	at org.apache.commons.complex.TestUtils.equals(TestUtils.java:390)
	at org.apache.commons.complex.TestUtils.equals(TestUtils.java:390)
	at org.apache.commons.complex.TestUtils.equals(TestUtils.java:390)
	at org.apache.commons.complex.TestUtils.equals(TestUtils.java:390)
	at org.apache.commons.complex.TestUtils.equals(TestUtils.java:390)
	at org.apache.commons.complex.TestUtils.equals(TestUtils.java:390)
	at org.apache.commons.complex.TestUtils.equals(TestUtils.java:390)
	at org.apache.commons.complex.TestUtils.equals(TestUtils.java:390)
	at org.apache.commons.complex.TestUtils.equals(TestUtils.java:390)
	at org.apache.commons.complex.TestUtils.equals(TestUtils.java:390)
	at org.apache.commons.complex.TestUtils.equals(TestUtils.java:390)
	at org.apache.commons.complex.TestUtils.equals(TestUtils.java:390)
	at org.apache.commons.complex.TestUtils.equals(TestUtils.java:390)
	at org.apache.commons.complex.TestUtils.equals(TestUtils.java:390)
	at org.apache.commons.complex.TestUtils.equals(TestUtils.java:390)
	at org.apache.commons.complex.TestUtils.equals(TestUtils.java:390)
	at org.apache.commons.complex.TestUtils.equals(TestUtils.java:390)
	at org.apache.commons.complex.TestUtils.equals(TestUtils.java:390)
	at org.apache.commons.complex.TestUtils.equals(TestUtils.java:390)
	at org.apache.commons.complex.TestUtils.equals(TestUtils.java:390)
	at org.apache.commons.complex.TestUtils.equals(TestUtils.java:390)
	at org.apache.commons.complex.TestUtils.equals(TestUtils.java:390)
	at org.apache.commons.complex.TestUtils.equals(TestUtils.java:390)
	at org.apache.commons.complex.TestUtils.equals(TestUtils.java:390)
	at org.apache.commons.complex.TestUtils.equals(TestUtils.java:390)
	at org.apache.commons.complex.TestUtils.equals(TestUtils.java:390)
	at org.apache.commons.complex.TestUtils.equals(TestUtils.java:390)
	at org.apache.commons.complex.TestUtils.equals(TestUtils.java:390)
	at org.apache.commons.complex.TestUtils.equals(TestUtils.java:390)
	at org.apache.commons.complex.TestUtils.equals(TestUtils.java:390)
	at org.apache.commons.complex.TestUtils.equals(TestUtils.java:390)
	at org.apache.commons.complex.TestUtils.equals(TestUtils.java:390)
	at org.apache.commons.complex.TestUtils.equals(TestUtils.java:390)
	at org.apache.commons.complex.TestUtils.equals(TestUtils.java:390)
	at org.apache.commons.complex.TestUtils.equals(TestUtils.java:390)
	at org.apache.commons.complex.TestUtils.equals(TestUtils.java:390)
	at org.apache.commons.complex.TestUtils.equals(TestUtils.java:390)
	at org.apache.commons.complex.TestUtils.equals(TestUtils.java:390)
	at org.apache.commons.complex.TestUtils.equals(TestUtils.java:390)
	at org.apache.commons.complex.TestUtils.equals(TestUtils.java:390)
	at org.apache.commons.complex.TestUtils.equals(TestUtils.java:390)
	at org.apache.commons.complex.TestUtils.equals(TestUtils.java:390)
	at org.apache.commons.complex.TestUtils.equals(TestUtils.java:390)
	at org.apache.commons.complex.TestUtils.equals(TestUtils.java:390)
	at org.apache.commons.complex.TestUtils.equals(TestUtils.java:390)
	at org.apache.commons.complex.TestUtils.equals(TestUtils.java:390)
	at org.apache.commons.complex.TestUtils.equals(TestUtils.java:390)
	at org.apache.commons.complex.TestUtils.equals(TestUtils.java:390)
	at org.apache.commons.complex.TestUtils.equals(TestUtils.java:390)
	at org.apache.commons.complex.TestUtils.equals(TestUtils.java:390)
	at org.apache.commons.complex.TestUtils.equals(TestUtils.java:390)
	at org.apache.commons.complex.TestUtils.equals(TestUtils.java:390)
	at org.apache.commons.complex.TestUtils.equals(TestUtils.java:390)
	at org.apache.commons.complex.TestUtils.equals(TestUtils.java:390)
	at org.apache.commons.complex.TestUtils.equals(TestUtils.java:390)
	at org.apache.commons.complex.TestUtils.equals(TestUtils.java:390)
	at org.apache.commons.complex.TestUtils.equals(TestUtils.java:390)
	at org.apache.commons.complex.TestUtils.equals(TestUtils.java:390)
	at org.apache.commons.complex.TestUtils.equals(TestUtils.java:390)
	at org.apache.commons.complex.TestUtils.equals(TestUtils.java:390)
	at org.apache.commons.complex.TestUtils.equals(TestUtils.java:390)
	at org.apache.commons.complex.TestUtils.equals(TestUtils.java:390)
	at org.apache.commons.complex.TestUtils.equals(TestUtils.java:390)
	at org.apache.commons.complex.TestUtils.equals(TestUtils.java:390)
	at org.apache.commons.complex.TestUtils.equals(TestUtils.java:390)
	at org.apache.commons.complex.TestUtils.equals(TestUtils.java:390)
	at org.apache.commons.complex.TestUtils.equals(TestUtils.java:390)
	at org.apache.commons.complex.TestUtils.equals(TestUtils.java:390)
	at org.apache.commons.complex.TestUtils.equals(TestUtils.java:390)
	at org.apache.commons.complex.TestUtils.equals(TestUtils.java:390)
	at org.apache.commons.complex.TestUtils.equals(TestUtils.java:390)
	at org.apache.commons.complex.TestUtils.equals(TestUtils.java:390)
	at org.apache.commons.complex.TestUtils.equals(TestUtils.java:390)
	at org.apache.commons.complex.TestUtils.equals(TestUtils.java:390)
	at org.apache.commons.complex.TestUtils.equals(TestUtils.java:390)
	at org.apache.commons.complex.TestUtils.equals(TestUtils.java:390)
	at org.apache.commons.complex.TestUtils.equals(TestUtils.java:390)
	at org.apache.commons.complex.TestUtils.equals(TestUtils.java:390)
	at org.apache.commons.complex.TestUtils.equals(TestUtils.java:390)
	at org.apache.commons.complex.TestUtils.equals(TestUtils.java:390)
	at org.apache.commons.complex.TestUtils.equals(TestUtils.java:390)
	at org.apache.commons.complex.TestUtils.equals(TestUtils.java:390)
	at org.apache.commons.complex.TestUtils.equals(TestUtils.java:390)
	at org.apache.commons.complex.TestUtils.equals(TestUtils.java:390)
	at org.apache.commons.complex.TestUtils.equals(TestUtils.java:390)
	at org.apache.commons.complex.TestUtils.equals(TestUtils.java:390)
	at org.apache.commons.complex.TestUtils.equals(TestUtils.java:390)
	at org.apache.commons.complex.TestUtils.equals(TestUtils.java:390)
	at org.apache.commons.complex.TestUtils.equals(TestUtils.java:390)
	at org.apache.commons.complex.TestUtils.equals(TestUtils.java:390)
	at org.apache.commons.complex.TestUtils.equals(TestUtils.java:390)
	at org.apache.commons.complex.TestUtils.equals(TestUtils.java:390)
	at org.apache.commons.complex.TestUtils.equals(TestUtils.java:390)
	at org.apache.commons.complex.TestUtils.equals(TestUtils.java:390)
	at org.apache.commons.complex.TestUtils.equals(TestUtils.java:390)
	at org.apache.commons.complex.TestUtils.equals(TestUtils.java:390)
	at org.apache.commons.complex.TestUtils.equals(TestUtils.java:390)
	at org.apache.commons.complex.TestUtils.equals(TestUtils.java:390)
	at org.apache.commons.complex.TestUtils.equals(TestUtils.java:390)
	at org.apache.commons.complex.TestUtils.equals(TestUtils.java:390)
	at org.apache.commons.complex.TestUtils.equals(TestUtils.java:390)
	at org.apache.commons.complex.TestUtils.equals(TestUtils.java:390)
	at org.apache.commons.complex.TestUtils.equals(TestUtils.java:390)
	at org.apache.commons.complex.TestUtils.equals(TestUtils.java:390)
	at org.apache.commons.complex.TestUtils.equals(TestUtils.java:390)
	at org.apache.commons.complex.TestUtils.equals(TestUtils.java:390)
	at org.apache.commons.complex.TestUtils.equals(TestUtils.java:390)
	at org.apache.commons.complex.TestUtils.equals(TestUtils.java:390)
	at org.apache.commons.complex.TestUtils.equals(TestUtils.java:390)
	at org.apache.commons.complex.TestUtils.equals(TestUtils.java:390)
	at org.apache.commons.complex.TestUtils.equals(TestUtils.java:390)
	at org.apache.commons.complex.TestUtils.equals(TestUtils.java:390)
	at org.apache.commons.complex.TestUtils.equals(TestUtils.java:390)
	at org.apache.commons.complex.TestUtils.equals(TestUtils.java:390)
	at org.apache.commons.complex.TestUtils.equals(TestUtils.java:390)
	at org.apache.commons.complex.TestUtils.equals(TestUtils.java:390)
	at org.apache.commons.complex.TestUtils.equals(TestUtils.java:390)
	at org.apache.commons.complex.TestUtils.equals(TestUtils.java:390)
	at org.apache.commons.complex.TestUtils.equals(TestUtils.java:390)
	at org.apache.commons.complex.TestUtils.equals(TestUtils.java:390)
	at org.apache.commons.complex.TestUtils.equals(TestUtils.java:390)
	at org.apache.commons.complex.TestUtils.equals(TestUtils.java:390)
	at org.apache.commons.complex.TestUtils.equals(TestUtils.java:390)
	at org.apache.commons.complex.TestUtils.equals(TestUtils.java:390)
	at org.apache.commons.complex.TestUtils.equals(TestUtils.java:390)
	at org.apache.commons.complex.TestUtils.equals(TestUtils.java:390)
	at org.apache.commons.complex.TestUtils.equals(TestUtils.java:390)
	at org.apache.commons.complex.TestUtils.equals(TestUtils.java:390)
	at org.apache.commons.complex.TestUtils.equals(TestUtils.java:390)
	at org.apache.commons.complex.TestUtils.equals(TestUtils.java:390)
	at org.apache.commons.complex.TestUtils.equals(TestUtils.java:390)
	at org.apache.commons.complex.TestUtils.equals(TestUtils.java:390)
	at org.apache.commons.complex.TestUtils.equals(TestUtils.java:390)
	at org.apache.commons.complex.TestUtils.equals(TestUtils.java:390)
	at org.apache.commons.complex.TestUtils.equals(TestUtils.java:390)
	at org.apache.commons.complex.TestUtils.equals(TestUtils.java:390)
	at org.apache.commons.complex.TestUtils.equals(TestUtils.java:390)
	at org.apache.commons.complex.TestUtils.equals(TestUtils.java:390)
	at org.apache.commons.complex.TestUtils.equals(TestUtils.java:390)
	at org.apache.commons.complex.TestUtils.equals(TestUtils.java:390)
	at org.apache.commons.complex.TestUtils.equals(TestUtils.java:390)
	at org.apache.commons.complex.TestUtils.equals(TestUtils.java:390)
	at org.apache.commons.complex.TestUtils.equals(TestUtils.java:390)
	at org.apache.commons.complex.TestUtils.equals(TestUtils.java:390)
	at org.apache.commons.complex.TestUtils.equals(TestUtils.java:390)
	at org.apache.commons.complex.TestUtils.equals(TestUtils.java:390)
	at org.apache.commons.complex.TestUtils.equals(TestUtils.java:390)
	at org.apache.commons.complex.TestUtils.equals(TestUtils.java:390)
	at org.apache.commons.complex.TestUtils.equals(TestUtils.java:390)
	at org.apache.commons.complex.TestUtils.equals(TestUtils.java:390)
	at org.apache.commons.complex.TestUtils.equals(TestUtils.java:390)
	at org.apache.commons.complex.TestUtils.equals(TestUtils.java:390)
	at org.apache.commons.complex.TestUtils.equals(TestUtils.java:390)
	at org.apache.commons.complex.TestUtils.equals(TestUtils.java:390)
	at org.apache.commons.complex.TestUtils.equals(TestUtils.java:390)
	at org.apache.commons.complex.TestUtils.equals(TestUtils.java:390)
	at org.apache.commons.complex.TestUtils.equals(TestUtils.java:390)
	at org.apache.commons.complex.TestUtils.equals(TestUtils.java:390)
	at org.apache.commons.complex.TestUtils.equals(TestUtils.java:390)
	at org.apache.commons.complex.TestUtils.equals(TestUtils.java:390)
	at org.apache.commons.complex.TestUtils.equals(TestUtils.java:390)
	at org.apache.commons.complex.TestUtils.equals(TestUtils.java:390)
	at org.apache.commons.complex.TestUtils.equals(TestUtils.java:390)
	at org.apache.commons.complex.TestUtils.equals(TestUtils.java:390)
	at org.apache.commons.complex.TestUtils.equals(TestUtils.java:390)
	at org.apache.commons.complex.TestUtils.equals(TestUtils.java:390)
	at org.apache.commons.complex.TestUtils.equals(TestUtils.java:390)
	at org.apache.commons.complex.TestUtils.equals(TestUtils.java:390)
	at org.apache.commons.complex.TestUtils.equals(TestUtils.java:390)
	at org.apache.commons.complex.TestUtils.equals(TestUtils.java:390)
	at org.apache.commons.complex.TestUtils.equals(TestUtils.java:390)
	at org.apache.commons.complex.TestUtils.equals(TestUtils.java:390)
	at org.apache.commons.complex.TestUtils.equals(TestUtils.java:390)
	at org.apache.commons.complex.TestUtils.equals(TestUtils.java:390)
	at org.apache.commons.complex.TestUtils.equals(TestUtils.java:390)
	at org.apache.commons.complex.TestUtils.equals(TestUtils.java:390)
	at org.apache.commons.complex.TestUtils.equals(TestUtils.java:390)
	at org.apache.commons.complex.TestUtils.equals(TestUtils.java:390)
	at org.apache.commons.complex.TestUtils.equals(TestUtils.java:390)
	at org.apache.commons.complex.TestUtils.equals(TestUtils.java:390)
	at org.apache.commons.complex.TestUtils.equals(TestUtils.java:390)
	at org.apache.commons.complex.TestUtils.equals(TestUtils.java:390)
	at org.apache.commons.complex.TestUtils.equals(TestUtils.java:390)
	at org.apache.commons.complex.TestUtils.equals(TestUtils.java:390)
	at org.apache.commons.complex.TestUtils.equals(TestUtils.java:390)
	at org.apache.commons.complex.TestUtils.equals(TestUtils.java:390)
	at org.apache.commons.complex.TestUtils.equals(TestUtils.java:390)
	at org.apache.commons.complex.TestUtils.equals(TestUtils.java:390)
	at org.apache.commons.complex.TestUtils.equals(TestUtils.java:390)
	at org.apache.commons.complex.TestUtils.equals(TestUtils.java:390)
	at org.apache.commons.complex.TestUtils.equals(TestUtils.java:390)
	at org.apache.commons.complex.TestUtils.equals(TestUtils.java:390)
	at org.apache.commons.complex.TestUtils.equals(TestUtils.java:390)
	at org.apache.commons.complex.TestUtils.equals(TestUtils.java:390)
	at org.apache.commons.complex.TestUtils.equals(TestUtils.java:390)
	at org.apache.commons.complex.TestUtils.equals(TestUtils.java:390)
	at org.apache.commons.complex.TestUtils.equals(TestUtils.java:390)
	at org.apache.commons.complex.TestUtils.equals(TestUtils.java:390)
	at org.apache.commons.complex.TestUtils.equals(TestUtils.java:390)
	at org.apache.commons.complex.TestUtils.equals(TestUtils.java:390)
	at org.apache.commons.complex.TestUtils.equals(TestUtils.java:390)
	at org.apache.commons.complex.TestUtils.equals(TestUtils.java:390)
	at org.apache.commons.complex.TestUtils.equals(TestUtils.java:390)
	at org.apache.commons.complex.TestUtils.equals(TestUtils.java:390)
	at org.apache.commons.complex.TestUtils.equals(TestUtils.java:390)
	at org.apache.commons.complex.TestUtils.equals(TestUtils.java:390)
	at org.apache.commons.complex.TestUtils.equals(TestUtils.java:390)
	at org.apache.commons.complex.TestUtils.equals(TestUtils.java:390)
	at org.apache.commons.complex.TestUtils.equals(TestUtils.java:390)
	at org.apache.commons.complex.TestUtils.equals(TestUtils.java:390)
	at org.apache.commons.complex.TestUtils.equals(TestUtils.java:390)
	at org.apache.commons.complex.TestUtils.equals(TestUtils.java:390)
	at org.apache.commons.complex.TestUtils.equals(TestUtils.java:390)
	at org.apache.commons.complex.TestUtils.equals(TestUtils.java:390)
	at org.apache.commons.complex.TestUtils.equals(TestUtils.java:390)
	at org.apache.commons.complex.TestUtils.equals(TestUtils.java:390)
	at org.apache.commons.complex.TestUtils.equals(TestUtils.java:390)
	at org.apache.commons.complex.TestUtils.equals(TestUtils.java:390)
	at org.apache.commons.complex.TestUtils.equals(TestUtils.java:390)
	at org.apache.commons.complex.TestUtils.equals(TestUtils.java:390)
	at org.apache.commons.complex.TestUtils.equals(TestUtils.java:390)
	at org.apache.commons.complex.TestUtils.equals(TestUtils.java:390)
	at org.apache.commons.complex.TestUtils.equals(TestUtils.java:390)
	at org.apache.commons.complex.TestUtils.equals(TestUtils.java:390)
	at org.apache.commons.complex.TestUtils.equals(TestUtils.java:390)
	at org.apache.commons.complex.TestUtils.equals(TestUtils.java:390)
	at org.apache.commons.complex.TestUtils.equals(TestUtils.java:390)
	at org.apache.commons.complex.TestUtils.equals(TestUtils.java:390)
	at org.apache.commons.complex.TestUtils.equals(TestUtils.java:390)
	at org.apache.commons.complex.TestUtils.equals(TestUtils.java:390)
	at org.apache.commons.complex.TestUtils.equals(TestUtils.java:390)
	at org.apache.commons.complex.TestUtils.equals(TestUtils.java:390)
	at org.apache.commons.complex.TestUtils.equals(TestUtils.java:390)
	at org.apache.commons.complex.TestUtils.equals(TestUtils.java:390)
	at org.apache.commons.complex.TestUtils.equals(TestUtils.java:390)
	at org.apache.commons.complex.TestUtils.equals(TestUtils.java:390)
	at org.apache.commons.complex.TestUtils.equals(TestUtils.java:390)
	at org.apache.commons.complex.TestUtils.equals(TestUtils.java:390)
	at org.apache.commons.complex.TestUtils.equals(TestUtils.java:390)
	at org.apache.commons.complex.TestUtils.equals(TestUtils.java:390)
	at org.apache.commons.complex.TestUtils.equals(TestUtils.java:390)
	at org.apache.commons.complex.TestUtils.equals(TestUtils.java:390)
	at org.apache.commons.complex.TestUtils.equals(TestUtils.java:390)
	at org.apache.commons.complex.TestUtils.equals(TestUtils.java:390)
	at org.apache.commons.complex.TestUtils.equals(TestUtils.java:390)
	at org.apache.commons.complex.TestUtils.equals(TestUtils.java:390)
	at org.apache.commons.complex.TestUtils.equals(TestUtils.java:390)
	at org.apache.commons.complex.TestUtils.equals(TestUtils.java:390)
	at org.apache.commons.complex.TestUtils.equals(TestUtils.java:390)
	at org.apache.commons.complex.TestUtils.equals(TestUtils.java:390)
	at org.apache.commons.complex.TestUtils.equals(TestUtils.java:390)
	at org.apache.commons.complex.TestUtils.equals(TestUtils.java:390)
	at org.apache.commons.complex.TestUtils.equals(TestUtils.java:390)
	at org.apache.commons.complex.TestUtils.equals(TestUtils.java:390)
	at org.apache.commons.complex.TestUtils.equals(TestUtils.java:390)
	at org.apache.commons.complex.TestUtils.equals(TestUtils.java:390)
	at org.apache.commons.complex.TestUtils.equals(TestUtils.java:390)
	at org.apache.commons.complex.TestUtils.equals(TestUtils.java:390)
	at org.apache.commons.complex.TestUtils.equals(TestUtils.java:390)
	at org.apache.commons.complex.TestUtils.equals(TestUtils.java:390)
	at org.apache.commons.complex.TestUtils.equals(TestUtils.java:390)
	at org.apache.commons.complex.TestUtils.equals(TestUtils.java:390)
	at org.apache.commons.complex.TestUtils.equals(TestUtils.java:390)
	at org.apache.commons.complex.TestUtils.equals(TestUtils.java:390)
	at org.apache.commons.complex.TestUtils.equals(TestUtils.java:390)
	at org.apache.commons.complex.TestUtils.equals(TestUtils.java:390)
	at org.apache.commons.complex.TestUtils.equals(TestUtils.java:390)
	at org.apache.commons.complex.TestUtils.equals(TestUtils.java:390)
	at org.apache.commons.complex.TestUtils.equals(TestUtils.java:390)
	at org.apache.commons.complex.TestUtils.equals(TestUtils.java:390)
	at org.apache.commons.complex.TestUtils.equals(TestUtils.java:390)
	at org.apache.commons.complex.TestUtils.equals(TestUtils.java:390)
	at org.apache.commons.complex.TestUtils.equals(TestUtils.java:390)
	at org.apache.commons.complex.TestUtils.equals(TestUtils.java:390)
	at org.apache.commons.complex.TestUtils.equals(TestUtils.java:390)
	at org.apache.commons.complex.TestUtils.equals(TestUtils.java:390)
	at org.apache.commons.complex.TestUtils.equals(TestUtils.java:390)
	at org.apache.commons.complex.TestUtils.equals(TestUtils.java:390)
	at org.apache.commons.complex.TestUtils.equals(TestUtils.java:390)
	at org.apache.commons.complex.TestUtils.equals(TestUtils.java:390)
	at org.apache.commons.complex.TestUtils.equals(TestUtils.java:390)
	at org.apache.commons.complex.TestUtils.equals(TestUtils.java:390)
	at org.apache.commons.complex.TestUtils.equals(TestUtils.java:390)
	at org.apache.commons.complex.TestUtils.equals(TestUtils.java:390)
	at org.apache.commons.complex.TestUtils.equals(TestUtils.java:390)
	at org.apache.commons.complex.TestUtils.equals(TestUtils.java:390)
	at org.apache.commons.complex.TestUtils.equals(TestUtils.java:390)
	at org.apache.commons.complex.TestUtils.equals(TestUtils.java:390)
	at org.apache.commons.complex.TestUtils.equals(TestUtils.java:390)
	at org.apache.commons.complex.TestUtils.equals(TestUtils.java:390)
	at org.apache.commons.complex.TestUtils.equals(TestUtils.java:390)
	at org.apache.commons.complex.TestUtils.equals(TestUtils.java:390)
	at org.apache.commons.complex.TestUtils.equals(TestUtils.java:390)
	at org.apache.commons.complex.TestUtils.equals(TestUtils.java:390)
	at org.apache.commons.complex.TestUtils.equals(TestUtils.java:390)
	at org.apache.commons.complex.TestUtils.equals(TestUtils.java:390)
	at org.apache.commons.complex.TestUtils.equals(TestUtils.java:390)
	at org.apache.commons.complex.TestUtils.equals(TestUtils.java:390)
	at org.apache.commons.complex.TestUtils.equals(TestUtils.java:390)
	at org.apache.commons.complex.TestUtils.equals(TestUtils.java:390)
	at org.apache.commons.complex.TestUtils.equals(TestUtils.java:390)
	at org.apache.commons.complex.TestUtils.equals(TestUtils.java:390)
	at org.apache.commons.complex.TestUtils.equals(TestUtils.java:390)
	at org.apache.commons.complex.TestUtils.equals(TestUtils.java:390)
	at org.apache.commons.complex.TestUtils.equals(TestUtils.java:390)
	at org.apache.commons.complex.TestUtils.equals(TestUtils.java:390)
	at org.apache.commons.complex.TestUtils.equals(TestUtils.java:390)
	at org.apache.commons.complex.TestUtils.equals(TestUtils.java:390)
	at org.apache.commons.complex.TestUtils.equals(TestUtils.java:390)
	at org.apache.commons.complex.TestUtils.equals(TestUtils.java:390)
	at org.apache.commons.complex.TestUtils.equals(TestUtils.java:390)
	at org.apache.commons.complex.TestUtils.equals(TestUtils.java:390)
	at org.apache.commons.complex.TestUtils.equals(TestUtils.java:390)
	at org.apache.commons.complex.TestUtils.equals(TestUtils.java:390)
	at org.apache.commons.complex.TestUtils.equals(TestUtils.java:390)
	at org.apache.commons.complex.TestUtils.equals(TestUtils.java:390)
	at org.apache.commons.complex.TestUtils.equals(TestUtils.java:390)
	at org.apache.commons.complex.TestUtils.equals(TestUtils.java:390)
	at org.apache.commons.complex.TestUtils.equals(TestUtils.java:390)
	at org.apache.commons.complex.TestUtils.equals(TestUtils.java:390)
	at org.apache.commons.complex.TestUtils.equals(TestUtils.java:390)
	at org.apache.commons.complex.TestUtils.equals(TestUtils.java:390)
	at org.apache.commons.complex.TestUtils.equals(TestUtils.java:390)
	at org.apache.commons.complex.TestUtils.equals(TestUtils.java:390)
	at org.apache.commons.complex.TestUtils.equals(TestUtils.java:390)
	at org.apache.commons.complex.TestUtils.equals(TestUtils.java:390)
	at org.apache.commons.complex.TestUtils.equals(TestUtils.java:390)
	at org.apache.commons.complex.TestUtils.equals(TestUtils.java:390)
	at org.apache.commons.complex.TestUtils.equals(TestUtils.java:390)
	at org.apache.commons.complex.TestUtils.equals(TestUtils.java:390)
	at org.apache.commons.complex.TestUtils.equals(TestUtils.java:390)
	at org.apache.commons.complex.TestUtils.equals(TestUtils.java:390)
	at org.apache.commons.complex.TestUtils.equals(TestUtils.java:390)
	at org.apache.commons.complex.TestUtils.equals(TestUtils.java:390)
	at org.apache.commons.complex.TestUtils.equals(TestUtils.java:390)
	at org.apache.commons.complex.TestUtils.equals(TestUtils.java:390)
	at org.apache.commons.complex.TestUtils.equals(TestUtils.java:390)
	at org.apache.commons.complex.TestUtils.equals(TestUtils.java:390)
	at org.apache.commons.complex.TestUtils.equals(TestUtils.java:390)
	at org.apache.commons.complex.TestUtils.equals(TestUtils.java:390)
	at org.apache.commons.complex.TestUtils.equals(TestUtils.java:390)
	at org.apache.commons.complex.TestUtils.equals(TestUtils.java:390)
	at org.apache.commons.complex.TestUtils.equals(TestUtils.java:390)
	at org.apache.commons.complex.TestUtils.equals(TestUtils.java:390)
	at org.apache.commons.complex.TestUtils.equals(TestUtils.java:390)
	at org.apache.commons.complex.TestUtils.equals(TestUtils.java:390)
	at org.apache.commons.complex.TestUtils.equals(TestUtils.java:390)
	at org.apache.commons.complex.TestUtils.equals(TestUtils.java:390)
	at org.apache.commons.complex.TestUtils.equals(TestUtils.java:390)
	at org.apache.commons.complex.TestUtils.equals(TestUtils.java:390)
	at org.apache.commons.complex.TestUtils.equals(TestUtils.java:390)
	at org.apache.commons.complex.TestUtils.equals(TestUtils.java:390)
	at org.apache.commons.complex.TestUtils.equals(TestUtils.java:390)
	at org.apache.commons.complex.TestUtils.equals(TestUtils.java:390)
	at org.apache.commons.complex.TestUtils.equals(TestUtils.java:390)
	at org.apache.commons.complex.TestUtils.equals(TestUtils.java:390)
	at org.apache.commons.complex.TestUtils.equals(TestUtils.java:390)
	at org.apache.commons.complex.TestUtils.equals(TestUtils.java:390)
	at org.apache.commons.complex.TestUtils.equals(TestUtils.java:390)
	at org.apache.commons.complex.TestUtils.equals(TestUtils.java:390)
	at org.apache.commons.complex.TestUtils.equals(TestUtils.java:390)
	at org.apache.commons.complex.TestUtils.equals(TestUtils.java:390)
	at org.apache.commons.complex.TestUtils.equals(TestUtils.java:390)
	at org.apache.commons.complex.TestUtils.equals(TestUtils.java:390)
	at org.apache.commons.complex.TestUtils.equals(TestUtils.java:390)
	at org.apache.commons.complex.TestUtils.equals(TestUtils.java:390)
	at org.apache.commons.complex.TestUtils.equals(TestUtils.java:390)
	at org.apache.commons.complex.TestUtils.equals(TestUtils.java:390)
	at org.apache.commons.complex.TestUtils.equals(TestUtils.java:390)
	at org.apache.commons.complex.TestUtils.equals(TestUtils.java:390)
	at org.apache.commons.complex.TestUtils.equals(TestUtils.java:390)
	at org.apache.commons.complex.TestUtils.equals(TestUtils.java:390)
	at org.apache.commons.complex.TestUtils.equals(TestUtils.java:390)
	at org.apache.commons.complex.TestUtils.equals(TestUtils.java:390)
	at org.apache.commons.complex.TestUtils.equals(TestUtils.java:390)
	at org.apache.commons.complex.TestUtils.equals(TestUtils.java:390)
	at org.apache.commons.complex.TestUtils.equals(TestUtils.java:390)
	at org.apache.commons.complex.TestUtils.equals(TestUtils.java:390)
	at org.apache.commons.complex.TestUtils.equals(TestUtils.java:390)
	at org.apache.commons.complex.TestUtils.equals(TestUtils.java:390)
	at org.apache.commons.complex.TestUtils.equals(TestUtils.java:390)
	at org.apache.commons.complex.TestUtils.equals(TestUtils.java:390)
	at org.apache.commons.complex.TestUtils.equals(TestUtils.java:390)
	at org.apache.commons.complex.TestUtils.equals(TestUtils.java:390)
	at org.apache.commons.complex.TestUtils.equals(TestUtils.java:390)
	at org.apache.commons.complex.TestUtils.equals(TestUtils.java:390)
	at org.apache.commons.complex.TestUtils.equals(TestUtils.java:390)
	at org.apache.commons.complex.TestUtils.equals(TestUtils.java:390)
	at org.apache.commons.complex.TestUtils.equals(TestUtils.java:390)
	at org.apache.commons.complex.TestUtils.equals(TestUtils.java:390)
	at org.apache.commons.complex.TestUtils.equals(TestUtils.java:390)
	at org.apache.commons.complex.TestUtils.equals(TestUtils.java:390)
	at org.apache.commons.complex.TestUtils.equals(TestUtils.java:390)
	at org.apache.commons.complex.TestUtils.equals(TestUtils.java:390)
	at org.apache.commons.complex.TestUtils.equals(TestUtils.java:390)
	at org.apache.commons.complex.TestUtils.equals(TestUtils.java:390)
	at org.apache.commons.complex.TestUtils.equals(TestUtils.java:390)
	at org.apache.commons.complex.TestUtils.equals(TestUtils.java:390)
	at org.apache.commons.complex.TestUtils.equals(TestUtils.java:390)
	at org.apache.commons.complex.TestUtils.equals(TestUtils.java:390)
	at org.apache.commons.complex.TestUtils.equals(TestUtils.java:390)
	at org.apache.commons.complex.TestUtils.equals(TestUtils.java:390)
	at org.apache.commons.complex.TestUtils.equals(TestUtils.java:390)
	at org.apache.commons.complex.TestUtils.equals(TestUtils.java:390)
	at org.apache.commons.complex.TestUtils.equals(TestUtils.java:390)
	at org.apache.commons.complex.TestUtils.equals(TestUtils.java:390)
	at org.apache.commons.complex.TestUtils.equals(TestUtils.java:390)
	at org.apache.commons.complex.TestUtils.equals(TestUtils.java:390)
	at org.apache.commons.complex.TestUtils.equals(TestUtils.java:390)
	at org.apache.commons.complex.TestUtils.equals(TestUtils.java:390)
	at org.apache.commons.complex.TestUtils.equals(TestUtils.java:390)
	at org.apache.commons.complex.TestUtils.equals(TestUtils.java:390)
	at org.apache.commons.complex.TestUtils.equals(TestUtils.java:390)
	at org.apache.commons.complex.TestUtils.equals(TestUtils.java:390)
	at org.apache.commons.complex.TestUtils.equals(TestUtils.java:390)
	at org.apache.commons.complex.TestUtils.equals(TestUtils.java:390)
	at org.apache.commons.complex.TestUtils.equals(TestUtils.java:390)
	at org.apache.commons.complex.TestUtils.equals(TestUtils.java:390)
	at org.apache.commons.complex.TestUtils.equals(TestUtils.java:390)
	at org.apache.commons.complex.TestUtils.equals(TestUtils.java:390)
	at org.apache.commons.complex.TestUtils.equals(TestUtils.java:390)
	at org.apache.commons.complex.TestUtils.equals(TestUtils.java:390)
	at org.apache.commons.complex.TestUtils.equals(TestUtils.java:390)
	at org.apache.commons.complex.TestUtils.equals(TestUtils.java:390)
	at org.apache.commons.complex.TestUtils.equals(TestUtils.java:390)
	at org.apache.commons.complex.TestUtils.equals(TestUtils.java:390)
	at org.apache.commons.complex.TestUtils.equals(TestUtils.java:390)
	at org.apache.commons.complex.TestUtils.equals(TestUtils.java:390)
	at org.apache.commons.complex.TestUtils.equals(TestUtils.java:390)
	at org.apache.commons.complex.TestUtils.equals(TestUtils.java:390)
	at org.apache.commons.complex.TestUtils.equals(TestUtils.java:390)
	at org.apache.commons.complex.TestUtils.equals(TestUtils.java:390)
	at org.apache.commons.complex.TestUtils.equals(TestUtils.java:390)
	at org.apache.commons.complex.TestUtils.equals(TestUtils.java:390)
	at org.apache.commons.complex.TestUtils.equals(TestUtils.java:390)
	at org.apache.commons.complex.TestUtils.equals(TestUtils.java:390)
	at org.apache.commons.complex.TestUtils.equals(TestUtils.java:390)
	at org.apache.commons.complex.TestUtils.equals(TestUtils.java:390)
	at org.apache.commons.complex.TestUtils.equals(TestUtils.java:390)
	at org.apache.commons.complex.TestUtils.equals(TestUtils.java:390)
	at org.apache.commons.complex.TestUtils.equals(TestUtils.java:390)
	at org.apache.commons.complex.TestUtils.equals(TestUtils.java:390)
	at org.apache.commons.complex.TestUtils.equals(TestUtils.java:390)
	at org.apache.commons.complex.TestUtils.equals(TestUtils.java:390)
	at org.apache.commons.complex.TestUtils.equals(TestUtils.java:390)
	at org.apache.commons.complex.TestUtils.equals(TestUtils.java:390)
	at org.apache.commons.complex.TestUtils.equals(TestUtils.java:390)
	at org.apache.commons.complex.TestUtils.equals(TestUtils.java:390)
	at org.apache.commons.complex.TestUtils.equals(TestUtils.java:390)
	at org.apache.commons.complex.TestUtils.equals(TestUtils.java:390)
	at org.apache.commons.complex.TestUtils.equals(TestUtils.java:390)
	at org.apache.commons.complex.TestUtils.equals(TestUtils.java:390)
	at org.apache.commons.complex.TestUtils.equals(TestUtils.java:390)
	at org.apache.commons.complex.TestUtils.equals(TestUtils.java:390)
	at org.apache.commons.complex.TestUtils.equals(TestUtils.java:390)
	at org.apache.commons.complex.TestUtils.equals(TestUtils.java:390)
	at org.apache.commons.complex.TestUtils.equals(TestUtils.java:390)
	at org.apache.commons.complex.TestUtils.equals(TestUtils.java:390)
	at org.apache.commons.complex.TestUtils.equals(TestUtils.java:390)
	at org.apache.commons.complex.TestUtils.equals(TestUtils.java:390)
	at org.apache.commons.complex.TestUtils.equals(TestUtils.java:390)
	at org.apache.commons.complex.TestUtils.equals(TestUtils.java:390)
	at org.apache.commons.complex.TestUtils.equals(TestUtils.java:390)
	at org.apache.commons.complex.TestUtils.equals(TestUtils.java:390)
	at org.apache.commons.complex.TestUtils.equals(TestUtils.java:390)
	at org.apache.commons.complex.TestUtils.equals(TestUtils.java:390)
	at org.apache.commons.complex.TestUtils.equals(TestUtils.java:390)
	at org.apache.commons.complex.TestUtils.equals(TestUtils.java:390)
	at org.apache.commons.complex.TestUtils.equals(TestUtils.java:390)
	at org.apache.commons.complex.TestUtils.equals(TestUtils.java:390)
	at org.apache.commons.complex.TestUtils.equals(TestUtils.java:390)
	at org.apache.commons.complex.TestUtils.equals(TestUtils.java:390)
	at org.apache.commons.complex.TestUtils.equals(TestUtils.java:390)
	at org.apache.commons.complex.TestUtils.equals(TestUtils.java:390)
	at org.apache.commons.complex.TestUtils.equals(TestUtils.java:390)
	at org.apache.commons.complex.TestUtils.equals(TestUtils.java:390)
	at org.apache.commons.complex.TestUtils.equals(TestUtils.java:390)
	at org.apache.commons.complex.TestUtils.equals(TestUtils.java:390)
	at org.apache.commons.complex.TestUtils.equals(TestUtils.java:390)
	at org.apache.commons.complex.TestUtils.equals(TestUtils.java:390)
	at org.apache.commons.complex.TestUtils.equals(TestUtils.java:390)
	at org.apache.commons.complex.TestUtils.equals(TestUtils.java:390)
	at org.apache.commons.complex.TestUtils.equals(TestUtils.java:390)
	at org.apache.commons.complex.TestUtils.equals(TestUtils.java:390)
	at org.apache.commons.complex.TestUtils.equals(TestUtils.java:390)
	at org.apache.commons.complex.TestUtils.equals(TestUtils.java:390)
	at org.apache.commons.complex.TestUtils.equals(TestUtils.java:390)
	at org.apache.commons.complex.TestUtils.equals(TestUtils.java:390)
	at org.apache.commons.complex.TestUtils.equals(TestUtils.java:390)
	at org.apache.commons.complex.TestUtils.equals(TestUtils.java:390)
	at org.apache.commons.complex.TestUtils.equals(TestUtils.java:390)
	at org.apache.commons.complex.TestUtils.equals(TestUtils.java:390)
	at org.apache.commons.complex.TestUtils.equals(TestUtils.java:390)
	at org.apache.commons.complex.TestUtils.equals(TestUtils.java:390)
	at org.apache.commons.complex.TestUtils.equals(TestUtils.java:390)
	at org.apache.commons.complex.TestUtils.equals(TestUtils.java:390)
	at org.apache.commons.complex.TestUtils.equals(TestUtils.java:390)
	at org.apache.commons.complex.TestUtils.equals(TestUtils.java:390)
	at org.apache.commons.complex.TestUtils.equals(TestUtils.java:390)
	at org.apache.commons.complex.TestUtils.equals(TestUtils.java:390)
	at org.apache.commons.complex.TestUtils.equals(TestUtils.java:390)
	at org.apache.commons.complex.TestUtils.equals(TestUtils.java:390)
	at org.apache.commons.complex.TestUtils.equals(TestUtils.java:390)
	at org.apache.commons.complex.TestUtils.equals(TestUtils.java:390)
	at org.apache.commons.complex.TestUtils.equals(TestUtils.java:390)
	at org.apache.commons.complex.TestUtils.equals(TestUtils.java:390)
	at org.apache.commons.complex.TestUtils.equals(TestUtils.java:390)
	at org.apache.commons.complex.TestUtils.equals(TestUtils.java:390)
	at org.apache.commons.complex.TestUtils.equals(TestUtils.java:390)
	at org.apache.commons.complex.TestUtils.equals(TestUtils.java:390)
	at org.apache.commons.complex.TestUtils.equals(TestUtils.java:390)
	at org.apache.commons.complex.TestUtils.equals(TestUtils.java:390)
	at org.apache.commons.complex.TestUtils.equals(TestUtils.java:390)
	at org.apache.commons.complex.TestUtils.equals(TestUtils.java:390)
	at org.apache.commons.complex.TestUtils.equals(TestUtils.java:390)
	at org.apache.commons.complex.TestUtils.equals(TestUtils.java:390)
	at org.apache.commons.complex.TestUtils.equals(TestUtils.java:390)
	at org.apache.commons.complex.TestUtils.equals(TestUtils.java:390)
	at org.apache.commons.complex.TestUtils.equals(TestUtils.java:390)
	at org.apache.commons.complex.TestUtils.equals(TestUtils.java:390)
	at org.apache.commons.complex.TestUtils.equals(TestUtils.java:390)
	at org.apache.commons.complex.TestUtils.equals(TestUtils.java:390)
	at org.apache.commons.complex.TestUtils.equals(TestUtils.java:390)
	at org.apache.commons.complex.TestUtils.equals(TestUtils.java:390)
	at org.apache.commons.complex.TestUtils.equals(TestUtils.java:390)
	at org.apache.commons.complex.TestUtils.equals(TestUtils.java:390)
	at org.apache.commons.complex.TestUtils.equals(TestUtils.java:390)
	at org.apache.commons.complex.TestUtils.equals(TestUtils.java:390)
	at org.apache.commons.complex.TestUtils.equals(TestUtils.java:390)
	at org.apache.commons.complex.TestUtils.equals(TestUtils.java:390)
	at org.apache.commons.complex.TestUtils.equals(TestUtils.java:390)
	at org.apache.commons.complex.TestUtils.equals(TestUtils.java:390)
	at org.apache.commons.complex.TestUtils.equals(TestUtils.java:390)
	at org.apache.commons.complex.TestUtils.equals(TestUtils.java:390)
	at org.apache.commons.complex.TestUtils.equals(TestUtils.java:390)
	at org.apache.commons.complex.TestUtils.equals(TestUtils.java:390)
	at org.apache.commons.complex.TestUtils.equals(TestUtils.java:390)
	at org.apache.commons.complex.TestUtils.equals(TestUtils.java:390)
	at org.apache.commons.complex.TestUtils.equals(TestUtils.java:390)
	at org.apache.commons.complex.TestUtils.equals(TestUtils.java:390)
	at org.apache.commons.complex.TestUtils.equals(TestUtils.java:390)
	at org.apache.commons.complex.TestUtils.equals(TestUtils.java:390)
	at org.apache.commons.complex.TestUtils.equals(TestUtils.java:390)
	at org.apache.commons.complex.TestUtils.equals(TestUtils.java:390)
	at org.apache.commons.complex.TestUtils.equals(TestUtils.java:390)
	at org.apache.commons.complex.TestUtils.equals(TestUtils.java:390)
	at org.apache.commons.complex.TestUtils.equals(TestUtils.java:390)
	at org.apache.commons.complex.TestUtils.equals(TestUtils.java:390)
	at org.apache.commons.complex.TestUtils.equals(TestUtils.java:390)
	at org.apache.commons.complex.TestUtils.equals(TestUtils.java:390)
	at org.apache.commons.complex.TestUtils.equals(TestUtils.java:390)
	at org.apache.commons.complex.TestUtils.equals(TestUtils.java:390)
	at org.apache.commons.complex.TestUtils.equals(TestUtils.java:390)
	at org.apache.commons.complex.TestUtils.equals(TestUtils.java:390)
	at org.apache.commons.complex.TestUtils.equals(TestUtils.java:390)
	at org.apache.commons.complex.TestUtils.equals(TestUtils.java:390)
	at org.apache.commons.complex.TestUtils.equals(TestUtils.java:390)
	at org.apache.commons.complex.TestUtils.equals(TestUtils.java:390)
	at org.apache.commons.complex.TestUtils.equals(TestUtils.java:390)
	at org.apache.commons.complex.TestUtils.equals(TestUtils.java:390)
	at org.apache.commons.complex.TestUtils.equals(TestUtils.java:390)
	at org.apache.commons.complex.TestUtils.equals(TestUtils.java:390)
	at org.apache.commons.complex.TestUtils.equals(TestUtils.java:390)
	at org.apache.commons.complex.TestUtils.equals(TestUtils.java:390)
	at org.apache.commons.complex.TestUtils.equals(TestUtils.java:390)
	at org.apache.commons.complex.TestUtils.equals(TestUtils.java:390)
	at org.apache.commons.complex.TestUtils.equals(TestUtils.java:390)
	at org.apache.commons.complex.TestUtils.equals(TestUtils.java:390)
	at org.apache.commons.complex.TestUtils.equals(TestUtils.java:390)
	at org.apache.commons.complex.TestUtils.equals(TestUtils.java:390)
	at org.apache.commons.complex.TestUtils.equals(TestUtils.java:390)
	at org.apache.commons.complex.TestUtils.equals(TestUtils.java:390)
	at org.apache.commons.complex.TestUtils.equals(TestUtils.java:390)
	at org.apache.commons.complex.TestUtils.equals(TestUtils.java:390)
	at org.apache.commons.complex.TestUtils.equals(TestUtils.java:390)
	at org.apache.commons.complex.TestUtils.equals(TestUtils.java:390)
	at org.apache.commons.complex.TestUtils.equals(TestUtils.java:390)
	at org.apache.commons.complex.TestUtils.equals(TestUtils.java:390)
	at org.apache.commons.complex.TestUtils.equals(TestUtils.java:390)
	at org.apache.commons.complex.TestUtils.equals(TestUtils.java:390)
	at org.apache.commons.complex.TestUtils.equals(TestUtils.java:390)
	at org.apache.commons.complex.TestUtils.equals(TestUtils.java:390)
	at org.apache.commons.complex.TestUtils.equals(TestUtils.java:390)
	at org.apache.commons.complex.TestUtils.equals(TestUtils.java:390)
	at org.apache.commons.complex.TestUtils.equals(TestUtils.java:390)
	at org.apache.commons.complex.TestUtils.equals(TestUtils.java:390)
	at org.apache.commons.complex.TestUtils.equals(TestUtils.java:390)
	at org.apache.commons.complex.TestUtils.equals(TestUtils.java:390)
	at org.apache.commons.complex.TestUtils.equals(TestUtils.java:390)
	at org.apache.commons.complex.TestUtils.equals(TestUtils.java:390)
	at org.apache.commons.complex.TestUtils.equals(TestUtils.java:390)
	at org.apache.commons.complex.TestUtils.equals(TestUtils.java:390)
	at org.apache.commons.complex.TestUtils.equals(TestUtils.java:390)
	at org.apache.commons.complex.TestUtils.equals(TestUtils.java:390)
	at org.apache.commons.complex.TestUtils.equals(TestUtils.java:390)
	at org.apache.commons.complex.TestUtils.equals(TestUtils.java:390)
	at org.apache.commons.complex.TestUtils.equals(TestUtils.java:390)
	at org.apache.commons.complex.TestUtils.equals(TestUtils.java:390)
	at org.apache.commons.complex.TestUtils.equals(TestUtils.java:390)
	at org.apache.commons.complex.TestUtils.equals(TestUtils.java:390)
	at org.apache.commons.complex.TestUtils.equals(TestUtils.java:390)
	at org.apache.commons.complex.TestUtils.equals(TestUtils.java:390)
	at org.apache.commons.complex.TestUtils.equals(TestUtils.java:390)
	at org.apache.commons.complex.TestUtils.equals(TestUtils.java:390)
	at org.apache.commons.complex.TestUtils.equals(TestUtils.java:390)
	at org.apache.commons.complex.TestUtils.equals(TestUtils.java:390)
	at org.apache.commons.complex.TestUtils.equals(TestUtils.java:390)
	at org.apache.commons.complex.TestUtils.equals(TestUtils.java:390)
	at org.apache.commons.complex.TestUtils.equals(TestUtils.java:390)
	at org.apache.commons.complex.TestUtils.equals(TestUtils.java:390)
	at org.apache.commons.complex.TestUtils.equals(TestUtils.java:390)
	at org.apache.commons.complex.TestUtils.equals(TestUtils.java:390)
	at org.apache.commons.complex.TestUtils.equals(TestUtils.java:390)
	at org.apache.commons.complex.TestUtils.equals(TestUtils.java:390)
	at org.apache.commons.complex.TestUtils.equals(TestUtils.java:390)
	at org.apache.commons.complex.TestUtils.equals(TestUtils.java:390)
	at org.apache.commons.complex.TestUtils.equals(TestUtils.java:390)
	at org.apache.commons.complex.TestUtils.equals(TestUtils.java:390)
	at org.apache.commons.complex.TestUtils.equals(TestUtils.java:390)
	at org.apache.commons.complex.TestUtils.equals(TestUtils.java:390)
	at org.apache.commons.complex.TestUtils.equals(TestUtils.java:390)
	at org.apache.commons.complex.TestUtils.equals(TestUtils.java:390)
	at org.apache.commons.complex.TestUtils.equals(TestUtils.java:390)
	at org.apache.commons.complex.TestUtils.equals(TestUtils.java:390)
	at org.apache.commons.complex.TestUtils.equals(TestUtils.java:390)
	at org.apache.commons.complex.TestUtils.equals(TestUtils.java:390)
	at org.apache.commons.complex.TestUtils.equals(TestUtils.java:390)
	at org.apache.commons.complex.TestUtils.equals(TestUtils.java:390)
	at org.apache.commons.complex.TestUtils.equals(TestUtils.java:390)
	at org.apache.commons.complex.TestUtils.equals(TestUtils.java:390)
	at org.apache.commons.complex.TestUtils.equals(TestUtils.java:390)
	at org.apache.commons.complex.TestUtils.equals(TestUtils.java:390)
	at org.apache.commons.complex.TestUtils.equals(TestUtils.java:390)
	at org.apache.commons.complex.TestUtils.equals(TestUtils.java:390)
	at org.apache.commons.complex.TestUtils.equals(TestUtils.java:390)
	at org.apache.commons.complex.TestUtils.equals(TestUtils.java:390)
	at org.apache.commons.complex.TestUtils.equals(TestUtils.java:390)
	at org.apache.commons.complex.TestUtils.equals(TestUtils.java:390)
	at org.apache.commons.complex.TestUtils.equals(TestUtils.java:390)
	at org.apache.commons.complex.TestUtils.equals(TestUtils.java:390)
	at org.apache.commons.complex.TestUtils.equals(TestUtils.java:390)
	at org.apache.commons.complex.TestUtils.equals(TestUtils.java:390)
	at org.apache.commons.complex.TestUtils.equals(TestUtils.java:390)
	at org.apache.commons.complex.TestUtils.equals(TestUtils.java:390)
	at org.apache.commons.complex.TestUtils.equals(TestUtils.java:390)
	at org.apache.commons.complex.TestUtils.equals(TestUtils.java:390)
	at org.apache.commons.complex.TestUtils.equals(TestUtils.java:390)
	at org.apache.commons.complex.TestUtils.equals(TestUtils.java:390)
	at org.apache.commons.complex.TestUtils.equals(TestUtils.java:390)
	at org.apache.commons.complex.TestUtils.equals(TestUtils.java:390)
	at org.apache.commons.complex.TestUtils.equals(TestUtils.java:390)
	at org.apache.commons.complex.TestUtils.equals(TestUtils.java:390)
	at org.apache.commons.complex.TestUtils.equals(TestUtils.java:390)
	at org.apache.commons.complex.TestUtils.equals(TestUtils.java:390)
	at org.apache.commons.complex.TestUtils.equals(TestUtils.java:390)
	at org.apache.commons.complex.TestUtils.equals(TestUtils.java:390)
	at org.apache.commons.complex.TestUtils.equals(TestUtils.java:390)
	at org.apache.commons.complex.TestUtils.equals(TestUtils.java:390)
	at org.apache.commons.complex.TestUtils.equals(TestUtils.java:390)
	at org.apache.commons.complex.TestUtils.equals(TestUtils.java:390)
	at org.apache.commons.complex.TestUtils.equals(TestUtils.java:390)
	at org.apache.commons.complex.TestUtils.equals(TestUtils.java:390)
	at org.apache.commons.complex.TestUtils.equals(TestUtils.java:390)
	at org.apache.commons.complex.TestUtils.equals(TestUtils.java:390)
	at org.apache.commons.complex.TestUtils.equals(TestUtils.java:390)
	at org.apache.commons.complex.TestUtils.equals(TestUtils.java:390)
	at org.apache.commons.complex.TestUtils.equals(TestUtils.java:390)
	at org.apache.commons.complex.TestUtils.equals(TestUtils.java:390)
	at org.apache.commons.complex.TestUtils.equals(TestUtils.java:390)
	at org.apache.commons.complex.TestUtils.equals(TestUtils.java:390)
	at org.apache.commons.complex.TestUtils.equals(TestUtils.java:390)
	at org.apache.commons.complex.TestUtils.equals(TestUtils.java:390)
	at org.apache.commons.complex.TestUtils.equals(TestUtils.java:390)
	at org.apache.commons.complex.TestUtils.equals(TestUtils.java:390)
	at org.apache.commons.complex.TestUtils.equals(TestUtils.java:390)
	at org.apache.commons.complex.TestUtils.equals(TestUtils.java:390)
	at org.apache.commons.complex.TestUtils.equals(TestUtils.java:390)
	at org.apache.commons.complex.TestUtils.equals(TestUtils.java:390)
	at org.apache.commons.complex.TestUtils.equals(TestUtils.java:390)
	at org.apache.commons.complex.TestUtils.equals(TestUtils.java:390)
	at org.apache.commons.complex.TestUtils.equals(TestUtils.java:390)
	at org.apache.commons.complex.TestUtils.equals(TestUtils.java:390)
	at org.apache.commons.complex.TestUtils.equals(TestUtils.java:390)
	at org.apache.commons.complex.TestUtils.equals(TestUtils.java:390)
	at org.apache.commons.complex.TestUtils.equals(TestUtils.java:390)
	at org.apache.commons.complex.TestUtils.equals(TestUtils.java:390)
	at org.apache.commons.complex.TestUtils.equals(TestUtils.java:390)
	at org.apache.commons.complex.TestUtils.equals(TestUtils.java:390)
	at org.apache.commons.complex.TestUtils.equals(TestUtils.java:390)
	at org.apache.commons.complex.TestUtils.equals(TestUtils.java:390)
	at org.apache.commons.complex.TestUtils.equals(TestUtils.java:390)
	at org.apache.commons.complex.TestUtils.equals(TestUtils.java:390)
	at org.apache.commons.complex.TestUtils.equals(TestUtils.java:390)
	at org.apache.commons.complex.TestUtils.equals(TestUtils.java:390)
	at org.apache.commons.complex.TestUtils.equals(TestUtils.java:390)
	at org.apache.commons.complex.TestUtils.equals(TestUtils.java:390)
	at org.apache.commons.complex.TestUtils.equals(TestUtils.java:390)
	at org.apache.commons.complex.TestUtils.equals(TestUtils.java:390)
	at org.apache.commons.complex.TestUtils.equals(TestUtils.java:390)
	at org.apache.commons.complex.TestUtils.equals(TestUtils.java:390)
	at org.apache.commons.complex.TestUtils.equals(TestUtils.java:390)
	at org.apache.commons.complex.TestUtils.equals(TestUtils.java:390)
	at org.apache.commons.complex.TestUtils.equals(TestUtils.java:390)
	at org.apache.commons.complex.TestUtils.equals(TestUtils.java:390)
	at org.apache.commons.complex.TestUtils.equals(TestUtils.java:390)
	at org.apache.commons.complex.TestUtils.equals(TestUtils.java:390)
	at org.apache.commons.complex.TestUtils.equals(TestUtils.java:390)
	at org.apache.commons.complex.TestUtils.equals(TestUtils.java:390)
	at org.apache.commons.complex.TestUtils.equals(TestUtils.java:390)
	at org.apache.commons.complex.TestUtils.equals(TestUtils.java:390)
	at org.apache.commons.complex.TestUtils.equals(TestUtils.java:390)
	at org.apache.commons.complex.TestUtils.equals(TestUtils.java:390)
	at org.apache.commons.complex.TestUtils.equals(TestUtils.java:390)
	at org.apache.commons.complex.TestUtils.equals(TestUtils.java:390)
	at org.apache.commons.complex.TestUtils.equals(TestUtils.java:390)
	at org.apache.commons.complex.TestUtils.equals(TestUtils.java:390)
	at org.apache.commons.complex.TestUtils.equals(TestUtils.java:390)
	at org.apache.commons.complex.TestUtils.equals(TestUtils.java:390)
	at org.apache.commons.complex.TestUtils.equals(TestUtils.java:390)
	at org.apache.commons.complex.TestUtils.equals(TestUtils.java:390)
	at org.apache.commons.complex.TestUtils.equals(TestUtils.java:390)
	at org.apache.commons.complex.TestUtils.equals(TestUtils.java:390)
	at org.apache.commons.complex.TestUtils.equals(TestUtils.java:390)
	at org.apache.commons.complex.TestUtils.equals(TestUtils.java:390)
	at org.apache.commons.complex.TestUtils.equals(TestUtils.java:390)
	at org.apache.commons.complex.TestUtils.equals(TestUtils.java:390)
	at org.apache.commons.complex.TestUtils.equals(TestUtils.java:390)
	at org.apache.commons.complex.TestUtils.equals(TestUtils.java:390)
	at org.apache.commons.complex.TestUtils.equals(TestUtils.java:390)
	at org.apache.commons.complex.TestUtils.equals(TestUtils.java:390)
	at org.apache.commons.complex.TestUtils.equals(TestUtils.java:390)
	at org.apache.commons.complex.TestUtils.equals(TestUtils.java:390)
	at org.apache.commons.complex.TestUtils.equals(TestUtils.java:390)
	at org.apache.commons.complex.TestUtils.equals(TestUtils.java:390)
	at org.apache.commons.complex.TestUtils.equals(TestUtils.java:390)
	at org.apache.commons.complex.TestUtils.equals(TestUtils.java:390)
	at org.apache.commons.complex.TestUtils.equals(TestUtils.java:390)
	at org.apache.commons.complex.TestUtils.equals(TestUtils.java:390)
	at org.apache.commons.complex.TestUtils.equals(TestUtils.java:390)
	at org.apache.commons.complex.TestUtils.equals(TestUtils.java:390)
	at org.apache.commons.complex.TestUtils.equals(TestUtils.java:390)
	at org.apache.commons.complex.TestUtils.equals(TestUtils.java:390)
	at org.apache.commons.complex.TestUtils.equals(TestUtils.java:390)
	at org.apache.commons.complex.TestUtils.equals(TestUtils.java:390)
	at org.apache.commons.complex.TestUtils.equals(TestUtils.java:390)
	at org.apache.commons.complex.TestUtils.equals(TestUtils.java:390)
	at org.apache.commons.complex.TestUtils.equals(TestUtils.java:390)
	at org.apache.commons.complex.TestUtils.equals(TestUtils.java:390)
	at org.apache.commons.complex.TestUtils.equals(TestUtils.java:390)
	at org.apache.commons.complex.TestUtils.equals(TestUtils.java:390)
	at org.apache.commons.complex.TestUtils.equals(TestUtils.java:390)
	at org.apache.commons.complex.TestUtils.equals(TestUtils.java:390)
	at org.apache.commons.complex.TestUtils.equals(TestUtils.java:390)
	at org.apache.commons.complex.TestUtils.equals(TestUtils.java:390)
	at org.apache.commons.complex.TestUtils.equals(TestUtils.java:390)
	at org.apache.commons.complex.TestUtils.equals(TestUtils.java:390)
	at org.apache.commons.complex.TestUtils.equals(TestUtils.java:390)
	at org.apache.commons.complex.TestUtils.equals(TestUtils.java:390)
	at org.apache.commons.complex.TestUtils.equals(TestUtils.java:390)
	at org.apache.commons.complex.TestUtils.equals(TestUtils.java:390)
	at org.apache.commons.complex.TestUtils.equals(TestUtils.java:390)
	at org.apache.commons.complex.TestUtils.equals(TestUtils.java:390)
	at org.apache.commons.complex.TestUtils.equals(TestUtils.java:390)
	at org.apache.commons.complex.TestUtils.equals(TestUtils.java:390)
	at org.apache.commons.complex.TestUtils.equals(TestUtils.java:390)
	at org.apache.commons.complex.TestUtils.equals(TestUtils.java:390)
	at org.apache.commons.complex.TestUtils.equals(TestUtils.java:390)
	at org.apache.commons.complex.TestUtils.equals(TestUtils.java:390)
	at org.apache.commons.complex.TestUtils.equals(TestUtils.java:390)
	at org.apache.commons.complex.TestUtils.equals(TestUtils.java:390)
	at org.apache.commons.complex.TestUtils.equals(TestUtils.java:390)
	at org.apache.commons.complex.TestUtils.equals(TestUtils.java:390)
	at org.apache.commons.complex.TestUtils.equals(TestUtils.java:390)
	at org.apache.commons.complex.TestUtils.equals(TestUtils.java:390)
	at org.apache.commons.complex.TestUtils.equals(TestUtils.java:390)
	at org.apache.commons.complex.TestUtils.equals(TestUtils.java:390)
	at org.apache.commons.complex.TestUtils.equals(TestUtils.java:390)
	at org.apache.commons.complex.TestUtils.equals(TestUtils.java:390)
	at org.apache.commons.complex.TestUtils.equals(TestUtils.java:390)
	at org.apache.commons.complex.TestUtils.equals(TestUtils.java:390)
	at org.apache.commons.complex.TestUtils.equals(TestUtils.java:390)
	at org.apache.commons.complex.TestUtils.equals(TestUtils.java:390)
	at org.apache.commons.complex.TestUtils.equals(TestUtils.java:390)
	at org.apache.commons.complex.TestUtils.equals(TestUtils.java:390)
	at org.apache.commons.complex.TestUtils.equals(TestUtils.java:390)
	at org.apache.commons.complex.TestUtils.equals(TestUtils.java:390)
	at org.apache.commons.complex.TestUtils.equals(TestUtils.java:390)
	at org.apache.commons.complex.TestUtils.equals(TestUtils.java:390)
	at org.apache.commons.complex.TestUtils.equals(TestUtils.java:390)
	at org.apache.commons.complex.TestUtils.equals(TestUtils.java:390)
	at org.apache.commons.complex.TestUtils.equals(TestUtils.java:390)
	at org.apache.commons.complex.TestUtils.equals(TestUtils.java:390)
	at org.apache.commons.complex.TestUtils.equals(TestUtils.java:390)
	at org.apache.commons.complex.TestUtils.equals(TestUtils.java:390)
	at org.apache.commons.complex.TestUtils.equals(TestUtils.java:390)
	at org.apache.commons.complex.TestUtils.equals(TestUtils.java:390)
	at org.apache.commons.complex.TestUtils.equals(TestUtils.java:390)
	at org.apache.commons.complex.TestUtils.equals(TestUtils.java:390)
	at org.apache.commons.complex.TestUtils.equals(TestUtils.java:390)
	at org.apache.commons.complex.TestUtils.equals(TestUtils.java:390)
	at org.apache.commons.complex.TestUtils.equals(TestUtils.java:390)
	at org.apache.commons.complex.TestUtils.equals(TestUtils.java:390)
	at org.apache.commons.complex.TestUtils.equals(TestUtils.java:390)
	at org.apache.commons.complex.TestUtils.equals(TestUtils.java:390)
	at org.apache.commons.complex.TestUtils.equals(TestUtils.java:390)
	at org.apache.commons.complex.TestUtils.equals(TestUtils.java:390)
	at org.apache.commons.complex.TestUtils.equals(TestUtils.java:390)
	at org.apache.commons.complex.TestUtils.equals(TestUtils.java:390)
	at org.apache.commons.complex.TestUtils.equals(TestUtils.java:390)
	at org.apache.commons.complex.TestUtils.equals(TestUtils.java:390)
	at org.apache.commons.complex.TestUtils.equals(TestUtils.java:390)
	at org.apache.commons.complex.TestUtils.equals(TestUtils.java:390)
	at org.apache.commons.complex.TestUtils.equals(TestUtils.java:390)
	at org.apache.commons.complex.TestUtils.equals(TestUtils.java:390)
	at org.apache.commons.complex.TestUtils.equals(TestUtils.java:390)
	at org.apache.commons.complex.TestUtils.equals(TestUtils.java:390)
	at org.apache.commons.complex.TestUtils.equals(TestUtils.java:390)
	at org.apache.commons.complex.TestUtils.equals(TestUtils.java:390)
	at org.apache.commons.complex.TestUtils.equals(TestUtils.java:390)
	at org.apache.commons.complex.TestUtils.equals(TestUtils.java:390)
	at org.apache.commons.complex.TestUtils.equals(TestUtils.java:390)
	at org.apache.commons.complex.TestUtils.equals(TestUtils.java:390)
	at org.apache.commons.complex.TestUtils.equals(TestUtils.java:390)
	at org.apache.commons.complex.TestUtils.equals(TestUtils.java:390)
	at org.apache.commons.complex.TestUtils.equals(TestUtils.java:390)
	at org.apache.commons.complex.TestUtils.equals(TestUtils.java:390)
	at org.apache.commons.complex.TestUtils.equals(TestUtils.java:390)
	at org.apache.commons.complex.TestUtils.equals(TestUtils.java:390)
	at org.apache.commons.complex.TestUtils.equals(TestUtils.java:390)
	at org.apache.commons.complex.TestUtils.equals(TestUtils.java:390)
	at org.apache.commons.complex.TestUtils.equals(TestUtils.java:390)
	at org.apache.commons.complex.TestUtils.equals(TestUtils.java:390)
	at org.apache.commons.complex.TestUtils.equals(TestUtils.java:390)
</error>
  </testcase>
  <testcase name="testPolar2ComplexInf" classname="org.apache.commons.complex.ComplexUtilsTest" time="0"/>
  <testcase name="testPolar2ComplexNaN" classname="org.apache.commons.complex.ComplexUtilsTest" time="0"/>
  <testcase name="testComplexToImaginary" classname="org.apache.commons.complex.ComplexUtilsTest" time="0.006">
    <error type="java.lang.StackOverflowError:">java.lang.StackOverflowError: null
	at org.apache.commons.complex.TestUtils.equals(TestUtils.java)
	at org.apache.commons.complex.TestUtils.equals(TestUtils.java:390)
	at org.apache.commons.complex.TestUtils.equals(TestUtils.java:390)
	at org.apache.commons.complex.TestUtils.equals(TestUtils.java:390)
	at org.apache.commons.complex.TestUtils.equals(TestUtils.java:390)
	at org.apache.commons.complex.TestUtils.equals(TestUtils.java:390)
	at org.apache.commons.complex.TestUtils.equals(TestUtils.java:390)
	at org.apache.commons.complex.TestUtils.equals(TestUtils.java:390)
	at org.apache.commons.complex.TestUtils.equals(TestUtils.java:390)
	at org.apache.commons.complex.TestUtils.equals(TestUtils.java:390)
	at org.apache.commons.complex.TestUtils.equals(TestUtils.java:390)
	at org.apache.commons.complex.TestUtils.equals(TestUtils.java:390)
	at org.apache.commons.complex.TestUtils.equals(TestUtils.java:390)
	at org.apache.commons.complex.TestUtils.equals(TestUtils.java:390)
	at org.apache.commons.complex.TestUtils.equals(TestUtils.java:390)
	at org.apache.commons.complex.TestUtils.equals(TestUtils.java:390)
	at org.apache.commons.complex.TestUtils.equals(TestUtils.java:390)
	at org.apache.commons.complex.TestUtils.equals(TestUtils.java:390)
	at org.apache.commons.complex.TestUtils.equals(TestUtils.java:390)
	at org.apache.commons.complex.TestUtils.equals(TestUtils.java:390)
	at org.apache.commons.complex.TestUtils.equals(TestUtils.java:390)
	at org.apache.commons.complex.TestUtils.equals(TestUtils.java:390)
	at org.apache.commons.complex.TestUtils.equals(TestUtils.java:390)
	at org.apache.commons.complex.TestUtils.equals(TestUtils.java:390)
	at org.apache.commons.complex.TestUtils.equals(TestUtils.java:390)
	at org.apache.commons.complex.TestUtils.equals(TestUtils.java:390)
	at org.apache.commons.complex.TestUtils.equals(TestUtils.java:390)
	at org.apache.commons.complex.TestUtils.equals(TestUtils.java:390)
	at org.apache.commons.complex.TestUtils.equals(TestUtils.java:390)
	at org.apache.commons.complex.TestUtils.equals(TestUtils.java:390)
	at org.apache.commons.complex.TestUtils.equals(TestUtils.java:390)
	at org.apache.commons.complex.TestUtils.equals(TestUtils.java:390)
	at org.apache.commons.complex.TestUtils.equals(TestUtils.java:390)
	at org.apache.commons.complex.TestUtils.equals(TestUtils.java:390)
	at org.apache.commons.complex.TestUtils.equals(TestUtils.java:390)
	at org.apache.commons.complex.TestUtils.equals(TestUtils.java:390)
	at org.apache.commons.complex.TestUtils.equals(TestUtils.java:390)
	at org.apache.commons.complex.TestUtils.equals(TestUtils.java:390)
	at org.apache.commons.complex.TestUtils.equals(TestUtils.java:390)
	at org.apache.commons.complex.TestUtils.equals(TestUtils.java:390)
	at org.apache.commons.complex.TestUtils.equals(TestUtils.java:390)
	at org.apache.commons.complex.TestUtils.equals(TestUtils.java:390)
	at org.apache.commons.complex.TestUtils.equals(TestUtils.java:390)
	at org.apache.commons.complex.TestUtils.equals(TestUtils.java:390)
	at org.apache.commons.complex.TestUtils.equals(TestUtils.java:390)
	at org.apache.commons.complex.TestUtils.equals(TestUtils.java:390)
	at org.apache.commons.complex.TestUtils.equals(TestUtils.java:390)
	at org.apache.commons.complex.TestUtils.equals(TestUtils.java:390)
	at org.apache.commons.complex.TestUtils.equals(TestUtils.java:390)
	at org.apache.commons.complex.TestUtils.equals(TestUtils.java:390)
	at org.apache.commons.complex.TestUtils.equals(TestUtils.java:390)
	at org.apache.commons.complex.TestUtils.equals(TestUtils.java:390)
	at org.apache.commons.complex.TestUtils.equals(TestUtils.java:390)
	at org.apache.commons.complex.TestUtils.equals(TestUtils.java:390)
	at org.apache.commons.complex.TestUtils.equals(TestUtils.java:390)
	at org.apache.commons.complex.TestUtils.equals(TestUtils.java:390)
	at org.apache.commons.complex.TestUtils.equals(TestUtils.java:390)
	at org.apache.commons.complex.TestUtils.equals(TestUtils.java:390)
	at org.apache.commons.complex.TestUtils.equals(TestUtils.java:390)
	at org.apache.commons.complex.TestUtils.equals(TestUtils.java:390)
	at org.apache.commons.complex.TestUtils.equals(TestUtils.java:390)
	at org.apache.commons.complex.TestUtils.equals(TestUtils.java:390)
	at org.apache.commons.complex.TestUtils.equals(TestUtils.java:390)
	at org.apache.commons.complex.TestUtils.equals(TestUtils.java:390)
	at org.apache.commons.complex.TestUtils.equals(TestUtils.java:390)
	at org.apache.commons.complex.TestUtils.equals(TestUtils.java:390)
	at org.apache.commons.complex.TestUtils.equals(TestUtils.java:390)
	at org.apache.commons.complex.TestUtils.equals(TestUtils.java:390)
	at org.apache.commons.complex.TestUtils.equals(TestUtils.java:390)
	at org.apache.commons.complex.TestUtils.equals(TestUtils.java:390)
	at org.apache.commons.complex.TestUtils.equals(TestUtils.java:390)
	at org.apache.commons.complex.TestUtils.equals(TestUtils.java:390)
	at org.apache.commons.complex.TestUtils.equals(TestUtils.java:390)
	at org.apache.commons.complex.TestUtils.equals(TestUtils.java:390)
	at org.apache.commons.complex.TestUtils.equals(TestUtils.java:390)
	at org.apache.commons.complex.TestUtils.equals(TestUtils.java:390)
	at org.apache.commons.complex.TestUtils.equals(TestUtils.java:390)
	at org.apache.commons.complex.TestUtils.equals(TestUtils.java:390)
	at org.apache.commons.complex.TestUtils.equals(TestUtils.java:390)
	at org.apache.commons.complex.TestUtils.equals(TestUtils.java:390)
	at org.apache.commons.complex.TestUtils.equals(TestUtils.java:390)
	at org.apache.commons.complex.TestUtils.equals(TestUtils.java:390)
	at org.apache.commons.complex.TestUtils.equals(TestUtils.java:390)
	at org.apache.commons.complex.TestUtils.equals(TestUtils.java:390)
	at org.apache.commons.complex.TestUtils.equals(TestUtils.java:390)
	at org.apache.commons.complex.TestUtils.equals(TestUtils.java:390)
	at org.apache.commons.complex.TestUtils.equals(TestUtils.java:390)
	at org.apache.commons.complex.TestUtils.equals(TestUtils.java:390)
	at org.apache.commons.complex.TestUtils.equals(TestUtils.java:390)
	at org.apache.commons.complex.TestUtils.equals(TestUtils.java:390)
	at org.apache.commons.complex.TestUtils.equals(TestUtils.java:390)
	at org.apache.commons.complex.TestUtils.equals(TestUtils.java:390)
	at org.apache.commons.complex.TestUtils.equals(TestUtils.java:390)
	at org.apache.commons.complex.TestUtils.equals(TestUtils.java:390)
	at org.apache.commons.complex.TestUtils.equals(TestUtils.java:390)
	at org.apache.commons.complex.TestUtils.equals(TestUtils.java:390)
	at org.apache.commons.complex.TestUtils.equals(TestUtils.java:390)
	at org.apache.commons.complex.TestUtils.equals(TestUtils.java:390)
	at org.apache.commons.complex.TestUtils.equals(TestUtils.java:390)
	at org.apache.commons.complex.TestUtils.equals(TestUtils.java:390)
	at org.apache.commons.complex.TestUtils.equals(TestUtils.java:390)
	at org.apache.commons.complex.TestUtils.equals(TestUtils.java:390)
	at org.apache.commons.complex.TestUtils.equals(TestUtils.java:390)
	at org.apache.commons.complex.TestUtils.equals(TestUtils.java:390)
	at org.apache.commons.complex.TestUtils.equals(TestUtils.java:390)
	at org.apache.commons.complex.TestUtils.equals(TestUtils.java:390)
	at org.apache.commons.complex.TestUtils.equals(TestUtils.java:390)
	at org.apache.commons.complex.TestUtils.equals(TestUtils.java:390)
	at org.apache.commons.complex.TestUtils.equals(TestUtils.java:390)
	at org.apache.commons.complex.TestUtils.equals(TestUtils.java:390)
	at org.apache.commons.complex.TestUtils.equals(TestUtils.java:390)
	at org.apache.commons.complex.TestUtils.equals(TestUtils.java:390)
	at org.apache.commons.complex.TestUtils.equals(TestUtils.java:390)
	at org.apache.commons.complex.TestUtils.equals(TestUtils.java:390)
	at org.apache.commons.complex.TestUtils.equals(TestUtils.java:390)
	at org.apache.commons.complex.TestUtils.equals(TestUtils.java:390)
	at org.apache.commons.complex.TestUtils.equals(TestUtils.java:390)
	at org.apache.commons.complex.TestUtils.equals(TestUtils.java:390)
	at org.apache.commons.complex.TestUtils.equals(TestUtils.java:390)
	at org.apache.commons.complex.TestUtils.equals(TestUtils.java:390)
	at org.apache.commons.complex.TestUtils.equals(TestUtils.java:390)
	at org.apache.commons.complex.TestUtils.equals(TestUtils.java:390)
	at org.apache.commons.complex.TestUtils.equals(TestUtils.java:390)
	at org.apache.commons.complex.TestUtils.equals(TestUtils.java:390)
	at org.apache.commons.complex.TestUtils.equals(TestUtils.java:390)
	at org.apache.commons.complex.TestUtils.equals(TestUtils.java:390)
	at org.apache.commons.complex.TestUtils.equals(TestUtils.java:390)
	at org.apache.commons.complex.TestUtils.equals(TestUtils.java:390)
	at org.apache.commons.complex.TestUtils.equals(TestUtils.java:390)
	at org.apache.commons.complex.TestUtils.equals(TestUtils.java:390)
	at org.apache.commons.complex.TestUtils.equals(TestUtils.java:390)
	at org.apache.commons.complex.TestUtils.equals(TestUtils.java:390)
	at org.apache.commons.complex.TestUtils.equals(TestUtils.java:390)
	at org.apache.commons.complex.TestUtils.equals(TestUtils.java:390)
	at org.apache.commons.complex.TestUtils.equals(TestUtils.java:390)
	at org.apache.commons.complex.TestUtils.equals(TestUtils.java:390)
	at org.apache.commons.complex.TestUtils.equals(TestUtils.java:390)
	at org.apache.commons.complex.TestUtils.equals(TestUtils.java:390)
	at org.apache.commons.complex.TestUtils.equals(TestUtils.java:390)
	at org.apache.commons.complex.TestUtils.equals(TestUtils.java:390)
	at org.apache.commons.complex.TestUtils.equals(TestUtils.java:390)
	at org.apache.commons.complex.TestUtils.equals(TestUtils.java:390)
	at org.apache.commons.complex.TestUtils.equals(TestUtils.java:390)
	at org.apache.commons.complex.TestUtils.equals(TestUtils.java:390)
	at org.apache.commons.complex.TestUtils.equals(TestUtils.java:390)
	at org.apache.commons.complex.TestUtils.equals(TestUtils.java:390)
	at org.apache.commons.complex.TestUtils.equals(TestUtils.java:390)
	at org.apache.commons.complex.TestUtils.equals(TestUtils.java:390)
	at org.apache.commons.complex.TestUtils.equals(TestUtils.java:390)
	at org.apache.commons.complex.TestUtils.equals(TestUtils.java:390)
	at org.apache.commons.complex.TestUtils.equals(TestUtils.java:390)
	at org.apache.commons.complex.TestUtils.equals(TestUtils.java:390)
	at org.apache.commons.complex.TestUtils.equals(TestUtils.java:390)
	at org.apache.commons.complex.TestUtils.equals(TestUtils.java:390)
	at org.apache.commons.complex.TestUtils.equals(TestUtils.java:390)
	at org.apache.commons.complex.TestUtils.equals(TestUtils.java:390)
	at org.apache.commons.complex.TestUtils.equals(TestUtils.java:390)
	at org.apache.commons.complex.TestUtils.equals(TestUtils.java:390)
	at org.apache.commons.complex.TestUtils.equals(TestUtils.java:390)
	at org.apache.commons.complex.TestUtils.equals(TestUtils.java:390)
	at org.apache.commons.complex.TestUtils.equals(TestUtils.java:390)
	at org.apache.commons.complex.TestUtils.equals(TestUtils.java:390)
	at org.apache.commons.complex.TestUtils.equals(TestUtils.java:390)
	at org.apache.commons.complex.TestUtils.equals(TestUtils.java:390)
	at org.apache.commons.complex.TestUtils.equals(TestUtils.java:390)
	at org.apache.commons.complex.TestUtils.equals(TestUtils.java:390)
	at org.apache.commons.complex.TestUtils.equals(TestUtils.java:390)
	at org.apache.commons.complex.TestUtils.equals(TestUtils.java:390)
	at org.apache.commons.complex.TestUtils.equals(TestUtils.java:390)
	at org.apache.commons.complex.TestUtils.equals(TestUtils.java:390)
	at org.apache.commons.complex.TestUtils.equals(TestUtils.java:390)
	at org.apache.commons.complex.TestUtils.equals(TestUtils.java:390)
	at org.apache.commons.complex.TestUtils.equals(TestUtils.java:390)
	at org.apache.commons.complex.TestUtils.equals(TestUtils.java:390)
	at org.apache.commons.complex.TestUtils.equals(TestUtils.java:390)
	at org.apache.commons.complex.TestUtils.equals(TestUtils.java:390)
	at org.apache.commons.complex.TestUtils.equals(TestUtils.java:390)
	at org.apache.commons.complex.TestUtils.equals(TestUtils.java:390)
	at org.apache.commons.complex.TestUtils.equals(TestUtils.java:390)
	at org.apache.commons.complex.TestUtils.equals(TestUtils.java:390)
	at org.apache.commons.complex.TestUtils.equals(TestUtils.java:390)
	at org.apache.commons.complex.TestUtils.equals(TestUtils.java:390)
	at org.apache.commons.complex.TestUtils.equals(TestUtils.java:390)
	at org.apache.commons.complex.TestUtils.equals(TestUtils.java:390)
	at org.apache.commons.complex.TestUtils.equals(TestUtils.java:390)
	at org.apache.commons.complex.TestUtils.equals(TestUtils.java:390)
	at org.apache.commons.complex.TestUtils.equals(TestUtils.java:390)
	at org.apache.commons.complex.TestUtils.equals(TestUtils.java:390)
	at org.apache.commons.complex.TestUtils.equals(TestUtils.java:390)
	at org.apache.commons.complex.TestUtils.equals(TestUtils.java:390)
	at org.apache.commons.complex.TestUtils.equals(TestUtils.java:390)
	at org.apache.commons.complex.TestUtils.equals(TestUtils.java:390)
	at org.apache.commons.complex.TestUtils.equals(TestUtils.java:390)
	at org.apache.commons.complex.TestUtils.equals(TestUtils.java:390)
	at org.apache.commons.complex.TestUtils.equals(TestUtils.java:390)
	at org.apache.commons.complex.TestUtils.equals(TestUtils.java:390)
	at org.apache.commons.complex.TestUtils.equals(TestUtils.java:390)
	at org.apache.commons.complex.TestUtils.equals(TestUtils.java:390)
	at org.apache.commons.complex.TestUtils.equals(TestUtils.java:390)
	at org.apache.commons.complex.TestUtils.equals(TestUtils.java:390)
	at org.apache.commons.complex.TestUtils.equals(TestUtils.java:390)
	at org.apache.commons.complex.TestUtils.equals(TestUtils.java:390)
	at org.apache.commons.complex.TestUtils.equals(TestUtils.java:390)
	at org.apache.commons.complex.TestUtils.equals(TestUtils.java:390)
	at org.apache.commons.complex.TestUtils.equals(TestUtils.java:390)
	at org.apache.commons.complex.TestUtils.equals(TestUtils.java:390)
	at org.apache.commons.complex.TestUtils.equals(TestUtils.java:390)
	at org.apache.commons.complex.TestUtils.equals(TestUtils.java:390)
	at org.apache.commons.complex.TestUtils.equals(TestUtils.java:390)
	at org.apache.commons.complex.TestUtils.equals(TestUtils.java:390)
	at org.apache.commons.complex.TestUtils.equals(TestUtils.java:390)
	at org.apache.commons.complex.TestUtils.equals(TestUtils.java:390)
	at org.apache.commons.complex.TestUtils.equals(TestUtils.java:390)
	at org.apache.commons.complex.TestUtils.equals(TestUtils.java:390)
	at org.apache.commons.complex.TestUtils.equals(TestUtils.java:390)
	at org.apache.commons.complex.TestUtils.equals(TestUtils.java:390)
	at org.apache.commons.complex.TestUtils.equals(TestUtils.java:390)
	at org.apache.commons.complex.TestUtils.equals(TestUtils.java:390)
	at org.apache.commons.complex.TestUtils.equals(TestUtils.java:390)
	at org.apache.commons.complex.TestUtils.equals(TestUtils.java:390)
	at org.apache.commons.complex.TestUtils.equals(TestUtils.java:390)
	at org.apache.commons.complex.TestUtils.equals(TestUtils.java:390)
	at org.apache.commons.complex.TestUtils.equals(TestUtils.java:390)
	at org.apache.commons.complex.TestUtils.equals(TestUtils.java:390)
	at org.apache.commons.complex.TestUtils.equals(TestUtils.java:390)
	at org.apache.commons.complex.TestUtils.equals(TestUtils.java:390)
	at org.apache.commons.complex.TestUtils.equals(TestUtils.java:390)
	at org.apache.commons.complex.TestUtils.equals(TestUtils.java:390)
	at org.apache.commons.complex.TestUtils.equals(TestUtils.java:390)
	at org.apache.commons.complex.TestUtils.equals(TestUtils.java:390)
	at org.apache.commons.complex.TestUtils.equals(TestUtils.java:390)
	at org.apache.commons.complex.TestUtils.equals(TestUtils.java:390)
	at org.apache.commons.complex.TestUtils.equals(TestUtils.java:390)
	at org.apache.commons.complex.TestUtils.equals(TestUtils.java:390)
	at org.apache.commons.complex.TestUtils.equals(TestUtils.java:390)
	at org.apache.commons.complex.TestUtils.equals(TestUtils.java:390)
	at org.apache.commons.complex.TestUtils.equals(TestUtils.java:390)
	at org.apache.commons.complex.TestUtils.equals(TestUtils.java:390)
	at org.apache.commons.complex.TestUtils.equals(TestUtils.java:390)
	at org.apache.commons.complex.TestUtils.equals(TestUtils.java:390)
	at org.apache.commons.complex.TestUtils.equals(TestUtils.java:390)
	at org.apache.commons.complex.TestUtils.equals(TestUtils.java:390)
	at org.apache.commons.complex.TestUtils.equals(TestUtils.java:390)
	at org.apache.commons.complex.TestUtils.equals(TestUtils.java:390)
	at org.apache.commons.complex.TestUtils.equals(TestUtils.java:390)
	at org.apache.commons.complex.TestUtils.equals(TestUtils.java:390)
	at org.apache.commons.complex.TestUtils.equals(TestUtils.java:390)
	at org.apache.commons.complex.TestUtils.equals(TestUtils.java:390)
	at org.apache.commons.complex.TestUtils.equals(TestUtils.java:390)
	at org.apache.commons.complex.TestUtils.equals(TestUtils.java:390)
	at org.apache.commons.complex.TestUtils.equals(TestUtils.java:390)
	at org.apache.commons.complex.TestUtils.equals(TestUtils.java:390)
	at org.apache.commons.complex.TestUtils.equals(TestUtils.java:390)
	at org.apache.commons.complex.TestUtils.equals(TestUtils.java:390)
	at org.apache.commons.complex.TestUtils.equals(TestUtils.java:390)
	at org.apache.commons.complex.TestUtils.equals(TestUtils.java:390)
	at org.apache.commons.complex.TestUtils.equals(TestUtils.java:390)
	at org.apache.commons.complex.TestUtils.equals(TestUtils.java:390)
	at org.apache.commons.complex.TestUtils.equals(TestUtils.java:390)
	at org.apache.commons.complex.TestUtils.equals(TestUtils.java:390)
	at org.apache.commons.complex.TestUtils.equals(TestUtils.java:390)
	at org.apache.commons.complex.TestUtils.equals(TestUtils.java:390)
	at org.apache.commons.complex.TestUtils.equals(TestUtils.java:390)
	at org.apache.commons.complex.TestUtils.equals(TestUtils.java:390)
	at org.apache.commons.complex.TestUtils.equals(TestUtils.java:390)
	at org.apache.commons.complex.TestUtils.equals(TestUtils.java:390)
	at org.apache.commons.complex.TestUtils.equals(TestUtils.java:390)
	at org.apache.commons.complex.TestUtils.equals(TestUtils.java:390)
	at org.apache.commons.complex.TestUtils.equals(TestUtils.java:390)
	at org.apache.commons.complex.TestUtils.equals(TestUtils.java:390)
	at org.apache.commons.complex.TestUtils.equals(TestUtils.java:390)
	at org.apache.commons.complex.TestUtils.equals(TestUtils.java:390)
	at org.apache.commons.complex.TestUtils.equals(TestUtils.java:390)
	at org.apache.commons.complex.TestUtils.equals(TestUtils.java:390)
	at org.apache.commons.complex.TestUtils.equals(TestUtils.java:390)
	at org.apache.commons.complex.TestUtils.equals(TestUtils.java:390)
	at org.apache.commons.complex.TestUtils.equals(TestUtils.java:390)
	at org.apache.commons.complex.TestUtils.equals(TestUtils.java:390)
	at org.apache.commons.complex.TestUtils.equals(TestUtils.java:390)
	at org.apache.commons.complex.TestUtils.equals(TestUtils.java:390)
	at org.apache.commons.complex.TestUtils.equals(TestUtils.java:390)
	at org.apache.commons.complex.TestUtils.equals(TestUtils.java:390)
	at org.apache.commons.complex.TestUtils.equals(TestUtils.java:390)
	at org.apache.commons.complex.TestUtils.equals(TestUtils.java:390)
	at org.apache.commons.complex.TestUtils.equals(TestUtils.java:390)
	at org.apache.commons.complex.TestUtils.equals(TestUtils.java:390)
	at org.apache.commons.complex.TestUtils.equals(TestUtils.java:390)
	at org.apache.commons.complex.TestUtils.equals(TestUtils.java:390)
	at org.apache.commons.complex.TestUtils.equals(TestUtils.java:390)
	at org.apache.commons.complex.TestUtils.equals(TestUtils.java:390)
	at org.apache.commons.complex.TestUtils.equals(TestUtils.java:390)
	at org.apache.commons.complex.TestUtils.equals(TestUtils.java:390)
	at org.apache.commons.complex.TestUtils.equals(TestUtils.java:390)
	at org.apache.commons.complex.TestUtils.equals(TestUtils.java:390)
	at org.apache.commons.complex.TestUtils.equals(TestUtils.java:390)
	at org.apache.commons.complex.TestUtils.equals(TestUtils.java:390)
	at org.apache.commons.complex.TestUtils.equals(TestUtils.java:390)
	at org.apache.commons.complex.TestUtils.equals(TestUtils.java:390)
	at org.apache.commons.complex.TestUtils.equals(TestUtils.java:390)
	at org.apache.commons.complex.TestUtils.equals(TestUtils.java:390)
	at org.apache.commons.complex.TestUtils.equals(TestUtils.java:390)
	at org.apache.commons.complex.TestUtils.equals(TestUtils.java:390)
	at org.apache.commons.complex.TestUtils.equals(TestUtils.java:390)
	at org.apache.commons.complex.TestUtils.equals(TestUtils.java:390)
	at org.apache.commons.complex.TestUtils.equals(TestUtils.java:390)
	at org.apache.commons.complex.TestUtils.equals(TestUtils.java:390)
	at org.apache.commons.complex.TestUtils.equals(TestUtils.java:390)
	at org.apache.commons.complex.TestUtils.equals(TestUtils.java:390)
	at org.apache.commons.complex.TestUtils.equals(TestUtils.java:390)
	at org.apache.commons.complex.TestUtils.equals(TestUtils.java:390)
	at org.apache.commons.complex.TestUtils.equals(TestUtils.java:390)
	at org.apache.commons.complex.TestUtils.equals(TestUtils.java:390)
	at org.apache.commons.complex.TestUtils.equals(TestUtils.java:390)
	at org.apache.commons.complex.TestUtils.equals(TestUtils.java:390)
	at org.apache.commons.complex.TestUtils.equals(TestUtils.java:390)
	at org.apache.commons.complex.TestUtils.equals(TestUtils.java:390)
	at org.apache.commons.complex.TestUtils.equals(TestUtils.java:390)
	at org.apache.commons.complex.TestUtils.equals(TestUtils.java:390)
	at org.apache.commons.complex.TestUtils.equals(TestUtils.java:390)
	at org.apache.commons.complex.TestUtils.equals(TestUtils.java:390)
	at org.apache.commons.complex.TestUtils.equals(TestUtils.java:390)
	at org.apache.commons.complex.TestUtils.equals(TestUtils.java:390)
	at org.apache.commons.complex.TestUtils.equals(TestUtils.java:390)
	at org.apache.commons.complex.TestUtils.equals(TestUtils.java:390)
	at org.apache.commons.complex.TestUtils.equals(TestUtils.java:390)
	at org.apache.commons.complex.TestUtils.equals(TestUtils.java:390)
	at org.apache.commons.complex.TestUtils.equals(TestUtils.java:390)
	at org.apache.commons.complex.TestUtils.equals(TestUtils.java:390)
	at org.apache.commons.complex.TestUtils.equals(TestUtils.java:390)
	at org.apache.commons.complex.TestUtils.equals(TestUtils.java:390)
	at org.apache.commons.complex.TestUtils.equals(TestUtils.java:390)
	at org.apache.commons.complex.TestUtils.equals(TestUtils.java:390)
	at org.apache.commons.complex.TestUtils.equals(TestUtils.java:390)
	at org.apache.commons.complex.TestUtils.equals(TestUtils.java:390)
	at org.apache.commons.complex.TestUtils.equals(TestUtils.java:390)
	at org.apache.commons.complex.TestUtils.equals(TestUtils.java:390)
	at org.apache.commons.complex.TestUtils.equals(TestUtils.java:390)
	at org.apache.commons.complex.TestUtils.equals(TestUtils.java:390)
	at org.apache.commons.complex.TestUtils.equals(TestUtils.java:390)
	at org.apache.commons.complex.TestUtils.equals(TestUtils.java:390)
	at org.apache.commons.complex.TestUtils.equals(TestUtils.java:390)
	at org.apache.commons.complex.TestUtils.equals(TestUtils.java:390)
	at org.apache.commons.complex.TestUtils.equals(TestUtils.java:390)
	at org.apache.commons.complex.TestUtils.equals(TestUtils.java:390)
	at org.apache.commons.complex.TestUtils.equals(TestUtils.java:390)
	at org.apache.commons.complex.TestUtils.equals(TestUtils.java:390)
	at org.apache.commons.complex.TestUtils.equals(TestUtils.java:390)
	at org.apache.commons.complex.TestUtils.equals(TestUtils.java:390)
	at org.apache.commons.complex.TestUtils.equals(TestUtils.java:390)
	at org.apache.commons.complex.TestUtils.equals(TestUtils.java:390)
	at org.apache.commons.complex.TestUtils.equals(TestUtils.java:390)
	at org.apache.commons.complex.TestUtils.equals(TestUtils.java:390)
	at org.apache.commons.complex.TestUtils.equals(TestUtils.java:390)
	at org.apache.commons.complex.TestUtils.equals(TestUtils.java:390)
	at org.apache.commons.complex.TestUtils.equals(TestUtils.java:390)
	at org.apache.commons.complex.TestUtils.equals(TestUtils.java:390)
	at org.apache.commons.complex.TestUtils.equals(TestUtils.java:390)
	at org.apache.commons.complex.TestUtils.equals(TestUtils.java:390)
	at org.apache.commons.complex.TestUtils.equals(TestUtils.java:390)
	at org.apache.commons.complex.TestUtils.equals(TestUtils.java:390)
	at org.apache.commons.complex.TestUtils.equals(TestUtils.java:390)
	at org.apache.commons.complex.TestUtils.equals(TestUtils.java:390)
	at org.apache.commons.complex.TestUtils.equals(TestUtils.java:390)
	at org.apache.commons.complex.TestUtils.equals(TestUtils.java:390)
	at org.apache.commons.complex.TestUtils.equals(TestUtils.java:390)
	at org.apache.commons.complex.TestUtils.equals(TestUtils.java:390)
	at org.apache.commons.complex.TestUtils.equals(TestUtils.java:390)
	at org.apache.commons.complex.TestUtils.equals(TestUtils.java:390)
	at org.apache.commons.complex.TestUtils.equals(TestUtils.java:390)
	at org.apache.commons.complex.TestUtils.equals(TestUtils.java:390)
	at org.apache.commons.complex.TestUtils.equals(TestUtils.java:390)
	at org.apache.commons.complex.TestUtils.equals(TestUtils.java:390)
	at org.apache.commons.complex.TestUtils.equals(TestUtils.java:390)
	at org.apache.commons.complex.TestUtils.equals(TestUtils.java:390)
	at org.apache.commons.complex.TestUtils.equals(TestUtils.java:390)
	at org.apache.commons.complex.TestUtils.equals(TestUtils.java:390)
	at org.apache.commons.complex.TestUtils.equals(TestUtils.java:390)
	at org.apache.commons.complex.TestUtils.equals(TestUtils.java:390)
	at org.apache.commons.complex.TestUtils.equals(TestUtils.java:390)
	at org.apache.commons.complex.TestUtils.equals(TestUtils.java:390)
	at org.apache.commons.complex.TestUtils.equals(TestUtils.java:390)
	at org.apache.commons.complex.TestUtils.equals(TestUtils.java:390)
	at org.apache.commons.complex.TestUtils.equals(TestUtils.java:390)
	at org.apache.commons.complex.TestUtils.equals(TestUtils.java:390)
	at org.apache.commons.complex.TestUtils.equals(TestUtils.java:390)
	at org.apache.commons.complex.TestUtils.equals(TestUtils.java:390)
	at org.apache.commons.complex.TestUtils.equals(TestUtils.java:390)
	at org.apache.commons.complex.TestUtils.equals(TestUtils.java:390)
	at org.apache.commons.complex.TestUtils.equals(TestUtils.java:390)
	at org.apache.commons.complex.TestUtils.equals(TestUtils.java:390)
	at org.apache.commons.complex.TestUtils.equals(TestUtils.java:390)
	at org.apache.commons.complex.TestUtils.equals(TestUtils.java:390)
	at org.apache.commons.complex.TestUtils.equals(TestUtils.java:390)
	at org.apache.commons.complex.TestUtils.equals(TestUtils.java:390)
	at org.apache.commons.complex.TestUtils.equals(TestUtils.java:390)
	at org.apache.commons.complex.TestUtils.equals(TestUtils.java:390)
	at org.apache.commons.complex.TestUtils.equals(TestUtils.java:390)
	at org.apache.commons.complex.TestUtils.equals(TestUtils.java:390)
	at org.apache.commons.complex.TestUtils.equals(TestUtils.java:390)
	at org.apache.commons.complex.TestUtils.equals(TestUtils.java:390)
	at org.apache.commons.complex.TestUtils.equals(TestUtils.java:390)
	at org.apache.commons.complex.TestUtils.equals(TestUtils.java:390)
	at org.apache.commons.complex.TestUtils.equals(TestUtils.java:390)
	at org.apache.commons.complex.TestUtils.equals(TestUtils.java:390)
	at org.apache.commons.complex.TestUtils.equals(TestUtils.java:390)
	at org.apache.commons.complex.TestUtils.equals(TestUtils.java:390)
	at org.apache.commons.complex.TestUtils.equals(TestUtils.java:390)
	at org.apache.commons.complex.TestUtils.equals(TestUtils.java:390)
	at org.apache.commons.complex.TestUtils.equals(TestUtils.java:390)
	at org.apache.commons.complex.TestUtils.equals(TestUtils.java:390)
	at org.apache.commons.complex.TestUtils.equals(TestUtils.java:390)
	at org.apache.commons.complex.TestUtils.equals(TestUtils.java:390)
	at org.apache.commons.complex.TestUtils.equals(TestUtils.java:390)
	at org.apache.commons.complex.TestUtils.equals(TestUtils.java:390)
	at org.apache.commons.complex.TestUtils.equals(TestUtils.java:390)
	at org.apache.commons.complex.TestUtils.equals(TestUtils.java:390)
	at org.apache.commons.complex.TestUtils.equals(TestUtils.java:390)
	at org.apache.commons.complex.TestUtils.equals(TestUtils.java:390)
	at org.apache.commons.complex.TestUtils.equals(TestUtils.java:390)
	at org.apache.commons.complex.TestUtils.equals(TestUtils.java:390)
	at org.apache.commons.complex.TestUtils.equals(TestUtils.java:390)
	at org.apache.commons.complex.TestUtils.equals(TestUtils.java:390)
	at org.apache.commons.complex.TestUtils.equals(TestUtils.java:390)
	at org.apache.commons.complex.TestUtils.equals(TestUtils.java:390)
	at org.apache.commons.complex.TestUtils.equals(TestUtils.java:390)
	at org.apache.commons.complex.TestUtils.equals(TestUtils.java:390)
	at org.apache.commons.complex.TestUtils.equals(TestUtils.java:390)
	at org.apache.commons.complex.TestUtils.equals(TestUtils.java:390)
	at org.apache.commons.complex.TestUtils.equals(TestUtils.java:390)
	at org.apache.commons.complex.TestUtils.equals(TestUtils.java:390)
	at org.apache.commons.complex.TestUtils.equals(TestUtils.java:390)
	at org.apache.commons.complex.TestUtils.equals(TestUtils.java:390)
	at org.apache.commons.complex.TestUtils.equals(TestUtils.java:390)
	at org.apache.commons.complex.TestUtils.equals(TestUtils.java:390)
	at org.apache.commons.complex.TestUtils.equals(TestUtils.java:390)
	at org.apache.commons.complex.TestUtils.equals(TestUtils.java:390)
	at org.apache.commons.complex.TestUtils.equals(TestUtils.java:390)
	at org.apache.commons.complex.TestUtils.equals(TestUtils.java:390)
	at org.apache.commons.complex.TestUtils.equals(TestUtils.java:390)
	at org.apache.commons.complex.TestUtils.equals(TestUtils.java:390)
	at org.apache.commons.complex.TestUtils.equals(TestUtils.java:390)
	at org.apache.commons.complex.TestUtils.equals(TestUtils.java:390)
	at org.apache.commons.complex.TestUtils.equals(TestUtils.java:390)
	at org.apache.commons.complex.TestUtils.equals(TestUtils.java:390)
	at org.apache.commons.complex.TestUtils.equals(TestUtils.java:390)
	at org.apache.commons.complex.TestUtils.equals(TestUtils.java:390)
	at org.apache.commons.complex.TestUtils.equals(TestUtils.java:390)
	at org.apache.commons.complex.TestUtils.equals(TestUtils.java:390)
	at org.apache.commons.complex.TestUtils.equals(TestUtils.java:390)
	at org.apache.commons.complex.TestUtils.equals(TestUtils.java:390)
	at org.apache.commons.complex.TestUtils.equals(TestUtils.java:390)
	at org.apache.commons.complex.TestUtils.equals(TestUtils.java:390)
	at org.apache.commons.complex.TestUtils.equals(TestUtils.java:390)
	at org.apache.commons.complex.TestUtils.equals(TestUtils.java:390)
	at org.apache.commons.complex.TestUtils.equals(TestUtils.java:390)
	at org.apache.commons.complex.TestUtils.equals(TestUtils.java:390)
	at org.apache.commons.complex.TestUtils.equals(TestUtils.java:390)
	at org.apache.commons.complex.TestUtils.equals(TestUtils.java:390)
	at org.apache.commons.complex.TestUtils.equals(TestUtils.java:390)
	at org.apache.commons.complex.TestUtils.equals(TestUtils.java:390)
	at org.apache.commons.complex.TestUtils.equals(TestUtils.java:390)
	at org.apache.commons.complex.TestUtils.equals(TestUtils.java:390)
	at org.apache.commons.complex.TestUtils.equals(TestUtils.java:390)
	at org.apache.commons.complex.TestUtils.equals(TestUtils.java:390)
	at org.apache.commons.complex.TestUtils.equals(TestUtils.java:390)
	at org.apache.commons.complex.TestUtils.equals(TestUtils.java:390)
	at org.apache.commons.complex.TestUtils.equals(TestUtils.java:390)
	at org.apache.commons.complex.TestUtils.equals(TestUtils.java:390)
	at org.apache.commons.complex.TestUtils.equals(TestUtils.java:390)
	at org.apache.commons.complex.TestUtils.equals(TestUtils.java:390)
	at org.apache.commons.complex.TestUtils.equals(TestUtils.java:390)
	at org.apache.commons.complex.TestUtils.equals(TestUtils.java:390)
	at org.apache.commons.complex.TestUtils.equals(TestUtils.java:390)
	at org.apache.commons.complex.TestUtils.equals(TestUtils.java:390)
	at org.apache.commons.complex.TestUtils.equals(TestUtils.java:390)
	at org.apache.commons.complex.TestUtils.equals(TestUtils.java:390)
	at org.apache.commons.complex.TestUtils.equals(TestUtils.java:390)
	at org.apache.commons.complex.TestUtils.equals(TestUtils.java:390)
	at org.apache.commons.complex.TestUtils.equals(TestUtils.java:390)
	at org.apache.commons.complex.TestUtils.equals(TestUtils.java:390)
	at org.apache.commons.complex.TestUtils.equals(TestUtils.java:390)
	at org.apache.commons.complex.TestUtils.equals(TestUtils.java:390)
	at org.apache.commons.complex.TestUtils.equals(TestUtils.java:390)
	at org.apache.commons.complex.TestUtils.equals(TestUtils.java:390)
	at org.apache.commons.complex.TestUtils.equals(TestUtils.java:390)
	at org.apache.commons.complex.TestUtils.equals(TestUtils.java:390)
	at org.apache.commons.complex.TestUtils.equals(TestUtils.java:390)
	at org.apache.commons.complex.TestUtils.equals(TestUtils.java:390)
	at org.apache.commons.complex.TestUtils.equals(TestUtils.java:390)
	at org.apache.commons.complex.TestUtils.equals(TestUtils.java:390)
	at org.apache.commons.complex.TestUtils.equals(TestUtils.java:390)
	at org.apache.commons.complex.TestUtils.equals(TestUtils.java:390)
	at org.apache.commons.complex.TestUtils.equals(TestUtils.java:390)
	at org.apache.commons.complex.TestUtils.equals(TestUtils.java:390)
	at org.apache.commons.complex.TestUtils.equals(TestUtils.java:390)
	at org.apache.commons.complex.TestUtils.equals(TestUtils.java:390)
	at org.apache.commons.complex.TestUtils.equals(TestUtils.java:390)
	at org.apache.commons.complex.TestUtils.equals(TestUtils.java:390)
	at org.apache.commons.complex.TestUtils.equals(TestUtils.java:390)
	at org.apache.commons.complex.TestUtils.equals(TestUtils.java:390)
	at org.apache.commons.complex.TestUtils.equals(TestUtils.java:390)
	at org.apache.commons.complex.TestUtils.equals(TestUtils.java:390)
	at org.apache.commons.complex.TestUtils.equals(TestUtils.java:390)
	at org.apache.commons.complex.TestUtils.equals(TestUtils.java:390)
	at org.apache.commons.complex.TestUtils.equals(TestUtils.java:390)
	at org.apache.commons.complex.TestUtils.equals(TestUtils.java:390)
	at org.apache.commons.complex.TestUtils.equals(TestUtils.java:390)
	at org.apache.commons.complex.TestUtils.equals(TestUtils.java:390)
	at org.apache.commons.complex.TestUtils.equals(TestUtils.java:390)
	at org.apache.commons.complex.TestUtils.equals(TestUtils.java:390)
	at org.apache.commons.complex.TestUtils.equals(TestUtils.java:390)
	at org.apache.commons.complex.TestUtils.equals(TestUtils.java:390)
	at org.apache.commons.complex.TestUtils.equals(TestUtils.java:390)
	at org.apache.commons.complex.TestUtils.equals(TestUtils.java:390)
	at org.apache.commons.complex.TestUtils.equals(TestUtils.java:390)
	at org.apache.commons.complex.TestUtils.equals(TestUtils.java:390)
	at org.apache.commons.complex.TestUtils.equals(TestUtils.java:390)
	at org.apache.commons.complex.TestUtils.equals(TestUtils.java:390)
	at org.apache.commons.complex.TestUtils.equals(TestUtils.java:390)
	at org.apache.commons.complex.TestUtils.equals(TestUtils.java:390)
	at org.apache.commons.complex.TestUtils.equals(TestUtils.java:390)
	at org.apache.commons.complex.TestUtils.equals(TestUtils.java:390)
	at org.apache.commons.complex.TestUtils.equals(TestUtils.java:390)
	at org.apache.commons.complex.TestUtils.equals(TestUtils.java:390)
	at org.apache.commons.complex.TestUtils.equals(TestUtils.java:390)
	at org.apache.commons.complex.TestUtils.equals(TestUtils.java:390)
	at org.apache.commons.complex.TestUtils.equals(TestUtils.java:390)
	at org.apache.commons.complex.TestUtils.equals(TestUtils.java:390)
	at org.apache.commons.complex.TestUtils.equals(TestUtils.java:390)
	at org.apache.commons.complex.TestUtils.equals(TestUtils.java:390)
	at org.apache.commons.complex.TestUtils.equals(TestUtils.java:390)
	at org.apache.commons.complex.TestUtils.equals(TestUtils.java:390)
	at org.apache.commons.complex.TestUtils.equals(TestUtils.java:390)
	at org.apache.commons.complex.TestUtils.equals(TestUtils.java:390)
	at org.apache.commons.complex.TestUtils.equals(TestUtils.java:390)
	at org.apache.commons.complex.TestUtils.equals(TestUtils.java:390)
	at org.apache.commons.complex.TestUtils.equals(TestUtils.java:390)
	at org.apache.commons.complex.TestUtils.equals(TestUtils.java:390)
	at org.apache.commons.complex.TestUtils.equals(TestUtils.java:390)
	at org.apache.commons.complex.TestUtils.equals(TestUtils.java:390)
	at org.apache.commons.complex.TestUtils.equals(TestUtils.java:390)
	at org.apache.commons.complex.TestUtils.equals(TestUtils.java:390)
	at org.apache.commons.complex.TestUtils.equals(TestUtils.java:390)
	at org.apache.commons.complex.TestUtils.equals(TestUtils.java:390)
	at org.apache.commons.complex.TestUtils.equals(TestUtils.java:390)
	at org.apache.commons.complex.TestUtils.equals(TestUtils.java:390)
	at org.apache.commons.complex.TestUtils.equals(TestUtils.java:390)
	at org.apache.commons.complex.TestUtils.equals(TestUtils.java:390)
	at org.apache.commons.complex.TestUtils.equals(TestUtils.java:390)
	at org.apache.commons.complex.TestUtils.equals(TestUtils.java:390)
	at org.apache.commons.complex.TestUtils.equals(TestUtils.java:390)
	at org.apache.commons.complex.TestUtils.equals(TestUtils.java:390)
	at org.apache.commons.complex.TestUtils.equals(TestUtils.java:390)
	at org.apache.commons.complex.TestUtils.equals(TestUtils.java:390)
	at org.apache.commons.complex.TestUtils.equals(TestUtils.java:390)
	at org.apache.commons.complex.TestUtils.equals(TestUtils.java:390)
	at org.apache.commons.complex.TestUtils.equals(TestUtils.java:390)
	at org.apache.commons.complex.TestUtils.equals(TestUtils.java:390)
	at org.apache.commons.complex.TestUtils.equals(TestUtils.java:390)
	at org.apache.commons.complex.TestUtils.equals(TestUtils.java:390)
	at org.apache.commons.complex.TestUtils.equals(TestUtils.java:390)
	at org.apache.commons.complex.TestUtils.equals(TestUtils.java:390)
	at org.apache.commons.complex.TestUtils.equals(TestUtils.java:390)
	at org.apache.commons.complex.TestUtils.equals(TestUtils.java:390)
	at org.apache.commons.complex.TestUtils.equals(TestUtils.java:390)
	at org.apache.commons.complex.TestUtils.equals(TestUtils.java:390)
	at org.apache.commons.complex.TestUtils.equals(TestUtils.java:390)
	at org.apache.commons.complex.TestUtils.equals(TestUtils.java:390)
	at org.apache.commons.complex.TestUtils.equals(TestUtils.java:390)
	at org.apache.commons.complex.TestUtils.equals(TestUtils.java:390)
	at org.apache.commons.complex.TestUtils.equals(TestUtils.java:390)
	at org.apache.commons.complex.TestUtils.equals(TestUtils.java:390)
	at org.apache.commons.complex.TestUtils.equals(TestUtils.java:390)
	at org.apache.commons.complex.TestUtils.equals(TestUtils.java:390)
	at org.apache.commons.complex.TestUtils.equals(TestUtils.java:390)
	at org.apache.commons.complex.TestUtils.equals(TestUtils.java:390)
	at org.apache.commons.complex.TestUtils.equals(TestUtils.java:390)
	at org.apache.commons.complex.TestUtils.equals(TestUtils.java:390)
	at org.apache.commons.complex.TestUtils.equals(TestUtils.java:390)
	at org.apache.commons.complex.TestUtils.equals(TestUtils.java:390)
	at org.apache.commons.complex.TestUtils.equals(TestUtils.java:390)
	at org.apache.commons.complex.TestUtils.equals(TestUtils.java:390)
	at org.apache.commons.complex.TestUtils.equals(TestUtils.java:390)
	at org.apache.commons.complex.TestUtils.equals(TestUtils.java:390)
	at org.apache.commons.complex.TestUtils.equals(TestUtils.java:390)
	at org.apache.commons.complex.TestUtils.equals(TestUtils.java:390)
	at org.apache.commons.complex.TestUtils.equals(TestUtils.java:390)
	at org.apache.commons.complex.TestUtils.equals(TestUtils.java:390)
	at org.apache.commons.complex.TestUtils.equals(TestUtils.java:390)
	at org.apache.commons.complex.TestUtils.equals(TestUtils.java:390)
	at org.apache.commons.complex.TestUtils.equals(TestUtils.java:390)
	at org.apache.commons.complex.TestUtils.equals(TestUtils.java:390)
	at org.apache.commons.complex.TestUtils.equals(TestUtils.java:390)
	at org.apache.commons.complex.TestUtils.equals(TestUtils.java:390)
	at org.apache.commons.complex.TestUtils.equals(TestUtils.java:390)
	at org.apache.commons.complex.TestUtils.equals(TestUtils.java:390)
	at org.apache.commons.complex.TestUtils.equals(TestUtils.java:390)
	at org.apache.commons.complex.TestUtils.equals(TestUtils.java:390)
	at org.apache.commons.complex.TestUtils.equals(TestUtils.java:390)
	at org.apache.commons.complex.TestUtils.equals(TestUtils.java:390)
	at org.apache.commons.complex.TestUtils.equals(TestUtils.java:390)
	at org.apache.commons.complex.TestUtils.equals(TestUtils.java:390)
	at org.apache.commons.complex.TestUtils.equals(TestUtils.java:390)
	at org.apache.commons.complex.TestUtils.equals(TestUtils.java:390)
	at org.apache.commons.complex.TestUtils.equals(TestUtils.java:390)
	at org.apache.commons.complex.TestUtils.equals(TestUtils.java:390)
	at org.apache.commons.complex.TestUtils.equals(TestUtils.java:390)
	at org.apache.commons.complex.TestUtils.equals(TestUtils.java:390)
	at org.apache.commons.complex.TestUtils.equals(TestUtils.java:390)
	at org.apache.commons.complex.TestUtils.equals(TestUtils.java:390)
	at org.apache.commons.complex.TestUtils.equals(TestUtils.java:390)
	at org.apache.commons.complex.TestUtils.equals(TestUtils.java:390)
	at org.apache.commons.complex.TestUtils.equals(TestUtils.java:390)
	at org.apache.commons.complex.TestUtils.equals(TestUtils.java:390)
	at org.apache.commons.complex.TestUtils.equals(TestUtils.java:390)
	at org.apache.commons.complex.TestUtils.equals(TestUtils.java:390)
	at org.apache.commons.complex.TestUtils.equals(TestUtils.java:390)
	at org.apache.commons.complex.TestUtils.equals(TestUtils.java:390)
	at org.apache.commons.complex.TestUtils.equals(TestUtils.java:390)
	at org.apache.commons.complex.TestUtils.equals(TestUtils.java:390)
	at org.apache.commons.complex.TestUtils.equals(TestUtils.java:390)
	at org.apache.commons.complex.TestUtils.equals(TestUtils.java:390)
	at org.apache.commons.complex.TestUtils.equals(TestUtils.java:390)
	at org.apache.commons.complex.TestUtils.equals(TestUtils.java:390)
	at org.apache.commons.complex.TestUtils.equals(TestUtils.java:390)
	at org.apache.commons.complex.TestUtils.equals(TestUtils.java:390)
	at org.apache.commons.complex.TestUtils.equals(TestUtils.java:390)
	at org.apache.commons.complex.TestUtils.equals(TestUtils.java:390)
	at org.apache.commons.complex.TestUtils.equals(TestUtils.java:390)
	at org.apache.commons.complex.TestUtils.equals(TestUtils.java:390)
	at org.apache.commons.complex.TestUtils.equals(TestUtils.java:390)
	at org.apache.commons.complex.TestUtils.equals(TestUtils.java:390)
	at org.apache.commons.complex.TestUtils.equals(TestUtils.java:390)
	at org.apache.commons.complex.TestUtils.equals(TestUtils.java:390)
	at org.apache.commons.complex.TestUtils.equals(TestUtils.java:390)
	at org.apache.commons.complex.TestUtils.equals(TestUtils.java:390)
	at org.apache.commons.complex.TestUtils.equals(TestUtils.java:390)
	at org.apache.commons.complex.TestUtils.equals(TestUtils.java:390)
	at org.apache.commons.complex.TestUtils.equals(TestUtils.java:390)
	at org.apache.commons.complex.TestUtils.equals(TestUtils.java:390)
	at org.apache.commons.complex.TestUtils.equals(TestUtils.java:390)
	at org.apache.commons.complex.TestUtils.equals(TestUtils.java:390)
	at org.apache.commons.complex.TestUtils.equals(TestUtils.java:390)
	at org.apache.commons.complex.TestUtils.equals(TestUtils.java:390)
	at org.apache.commons.complex.TestUtils.equals(TestUtils.java:390)
	at org.apache.commons.complex.TestUtils.equals(TestUtils.java:390)
	at org.apache.commons.complex.TestUtils.equals(TestUtils.java:390)
	at org.apache.commons.complex.TestUtils.equals(TestUtils.java:390)
	at org.apache.commons.complex.TestUtils.equals(TestUtils.java:390)
	at org.apache.commons.complex.TestUtils.equals(TestUtils.java:390)
	at org.apache.commons.complex.TestUtils.equals(TestUtils.java:390)
	at org.apache.commons.complex.TestUtils.equals(TestUtils.java:390)
	at org.apache.commons.complex.TestUtils.equals(TestUtils.java:390)
	at org.apache.commons.complex.TestUtils.equals(TestUtils.java:390)
	at org.apache.commons.complex.TestUtils.equals(TestUtils.java:390)
	at org.apache.commons.complex.TestUtils.equals(TestUtils.java:390)
	at org.apache.commons.complex.TestUtils.equals(TestUtils.java:390)
	at org.apache.commons.complex.TestUtils.equals(TestUtils.java:390)
	at org.apache.commons.complex.TestUtils.equals(TestUtils.java:390)
	at org.apache.commons.complex.TestUtils.equals(TestUtils.java:390)
	at org.apache.commons.complex.TestUtils.equals(TestUtils.java:390)
	at org.apache.commons.complex.TestUtils.equals(TestUtils.java:390)
	at org.apache.commons.complex.TestUtils.equals(TestUtils.java:390)
	at org.apache.commons.complex.TestUtils.equals(TestUtils.java:390)
	at org.apache.commons.complex.TestUtils.equals(TestUtils.java:390)
	at org.apache.commons.complex.TestUtils.equals(TestUtils.java:390)
	at org.apache.commons.complex.TestUtils.equals(TestUtils.java:390)
	at org.apache.commons.complex.TestUtils.equals(TestUtils.java:390)
	at org.apache.commons.complex.TestUtils.equals(TestUtils.java:390)
	at org.apache.commons.complex.TestUtils.equals(TestUtils.java:390)
	at org.apache.commons.complex.TestUtils.equals(TestUtils.java:390)
	at org.apache.commons.complex.TestUtils.equals(TestUtils.java:390)
	at org.apache.commons.complex.TestUtils.equals(TestUtils.java:390)
	at org.apache.commons.complex.TestUtils.equals(TestUtils.java:390)
	at org.apache.commons.complex.TestUtils.equals(TestUtils.java:390)
	at org.apache.commons.complex.TestUtils.equals(TestUtils.java:390)
	at org.apache.commons.complex.TestUtils.equals(TestUtils.java:390)
	at org.apache.commons.complex.TestUtils.equals(TestUtils.java:390)
	at org.apache.commons.complex.TestUtils.equals(TestUtils.java:390)
	at org.apache.commons.complex.TestUtils.equals(TestUtils.java:390)
	at org.apache.commons.complex.TestUtils.equals(TestUtils.java:390)
	at org.apache.commons.complex.TestUtils.equals(TestUtils.java:390)
	at org.apache.commons.complex.TestUtils.equals(TestUtils.java:390)
	at org.apache.commons.complex.TestUtils.equals(TestUtils.java:390)
	at org.apache.commons.complex.TestUtils.equals(TestUtils.java:390)
	at org.apache.commons.complex.TestUtils.equals(TestUtils.java:390)
	at org.apache.commons.complex.TestUtils.equals(TestUtils.java:390)
	at org.apache.commons.complex.TestUtils.equals(TestUtils.java:390)
	at org.apache.commons.complex.TestUtils.equals(TestUtils.java:390)
	at org.apache.commons.complex.TestUtils.equals(TestUtils.java:390)
	at org.apache.commons.complex.TestUtils.equals(TestUtils.java:390)
	at org.apache.commons.complex.TestUtils.equals(TestUtils.java:390)
	at org.apache.commons.complex.TestUtils.equals(TestUtils.java:390)
	at org.apache.commons.complex.TestUtils.equals(TestUtils.java:390)
	at org.apache.commons.complex.TestUtils.equals(TestUtils.java:390)
	at org.apache.commons.complex.TestUtils.equals(TestUtils.java:390)
	at org.apache.commons.complex.TestUtils.equals(TestUtils.java:390)
	at org.apache.commons.complex.TestUtils.equals(TestUtils.java:390)
	at org.apache.commons.complex.TestUtils.equals(TestUtils.java:390)
	at org.apache.commons.complex.TestUtils.equals(TestUtils.java:390)
	at org.apache.commons.complex.TestUtils.equals(TestUtils.java:390)
	at org.apache.commons.complex.TestUtils.equals(TestUtils.java:390)
	at org.apache.commons.complex.TestUtils.equals(TestUtils.java:390)
	at org.apache.commons.complex.TestUtils.equals(TestUtils.java:390)
	at org.apache.commons.complex.TestUtils.equals(TestUtils.java:390)
	at org.apache.commons.complex.TestUtils.equals(TestUtils.java:390)
	at org.apache.commons.complex.TestUtils.equals(TestUtils.java:390)
	at org.apache.commons.complex.TestUtils.equals(TestUtils.java:390)
	at org.apache.commons.complex.TestUtils.equals(TestUtils.java:390)
	at org.apache.commons.complex.TestUtils.equals(TestUtils.java:390)
	at org.apache.commons.complex.TestUtils.equals(TestUtils.java:390)
	at org.apache.commons.complex.TestUtils.equals(TestUtils.java:390)
	at org.apache.commons.complex.TestUtils.equals(TestUtils.java:390)
	at org.apache.commons.complex.TestUtils.equals(TestUtils.java:390)
	at org.apache.commons.complex.TestUtils.equals(TestUtils.java:390)
	at org.apache.commons.complex.TestUtils.equals(TestUtils.java:390)
	at org.apache.commons.complex.TestUtils.equals(TestUtils.java:390)
	at org.apache.commons.complex.TestUtils.equals(TestUtils.java:390)
	at org.apache.commons.complex.TestUtils.equals(TestUtils.java:390)
	at org.apache.commons.complex.TestUtils.equals(TestUtils.java:390)
	at org.apache.commons.complex.TestUtils.equals(TestUtils.java:390)
	at org.apache.commons.complex.TestUtils.equals(TestUtils.java:390)
	at org.apache.commons.complex.TestUtils.equals(TestUtils.java:390)
	at org.apache.commons.complex.TestUtils.equals(TestUtils.java:390)
	at org.apache.commons.complex.TestUtils.equals(TestUtils.java:390)
	at org.apache.commons.complex.TestUtils.equals(TestUtils.java:390)
	at org.apache.commons.complex.TestUtils.equals(TestUtils.java:390)
	at org.apache.commons.complex.TestUtils.equals(TestUtils.java:390)
	at org.apache.commons.complex.TestUtils.equals(TestUtils.java:390)
	at org.apache.commons.complex.TestUtils.equals(TestUtils.java:390)
	at org.apache.commons.complex.TestUtils.equals(TestUtils.java:390)
	at org.apache.commons.complex.TestUtils.equals(TestUtils.java:390)
	at org.apache.commons.complex.TestUtils.equals(TestUtils.java:390)
	at org.apache.commons.complex.TestUtils.equals(TestUtils.java:390)
	at org.apache.commons.complex.TestUtils.equals(TestUtils.java:390)
	at org.apache.commons.complex.TestUtils.equals(TestUtils.java:390)
	at org.apache.commons.complex.TestUtils.equals(TestUtils.java:390)
	at org.apache.commons.complex.TestUtils.equals(TestUtils.java:390)
	at org.apache.commons.complex.TestUtils.equals(TestUtils.java:390)
	at org.apache.commons.complex.TestUtils.equals(TestUtils.java:390)
	at org.apache.commons.complex.TestUtils.equals(TestUtils.java:390)
	at org.apache.commons.complex.TestUtils.equals(TestUtils.java:390)
	at org.apache.commons.complex.TestUtils.equals(TestUtils.java:390)
	at org.apache.commons.complex.TestUtils.equals(TestUtils.java:390)
	at org.apache.commons.complex.TestUtils.equals(TestUtils.java:390)
	at org.apache.commons.complex.TestUtils.equals(TestUtils.java:390)
	at org.apache.commons.complex.TestUtils.equals(TestUtils.java:390)
	at org.apache.commons.complex.TestUtils.equals(TestUtils.java:390)
	at org.apache.commons.complex.TestUtils.equals(TestUtils.java:390)
	at org.apache.commons.complex.TestUtils.equals(TestUtils.java:390)
	at org.apache.commons.complex.TestUtils.equals(TestUtils.java:390)
	at org.apache.commons.complex.TestUtils.equals(TestUtils.java:390)
	at org.apache.commons.complex.TestUtils.equals(TestUtils.java:390)
	at org.apache.commons.complex.TestUtils.equals(TestUtils.java:390)
	at org.apache.commons.complex.TestUtils.equals(TestUtils.java:390)
	at org.apache.commons.complex.TestUtils.equals(TestUtils.java:390)
	at org.apache.commons.complex.TestUtils.equals(TestUtils.java:390)
	at org.apache.commons.complex.TestUtils.equals(TestUtils.java:390)
	at org.apache.commons.complex.TestUtils.equals(TestUtils.java:390)
	at org.apache.commons.complex.TestUtils.equals(TestUtils.java:390)
	at org.apache.commons.complex.TestUtils.equals(TestUtils.java:390)
	at org.apache.commons.complex.TestUtils.equals(TestUtils.java:390)
	at org.apache.commons.complex.TestUtils.equals(TestUtils.java:390)
	at org.apache.commons.complex.TestUtils.equals(TestUtils.java:390)
	at org.apache.commons.complex.TestUtils.equals(TestUtils.java:390)
	at org.apache.commons.complex.TestUtils.equals(TestUtils.java:390)
	at org.apache.commons.complex.TestUtils.equals(TestUtils.java:390)
	at org.apache.commons.complex.TestUtils.equals(TestUtils.java:390)
	at org.apache.commons.complex.TestUtils.equals(TestUtils.java:390)
	at org.apache.commons.complex.TestUtils.equals(TestUtils.java:390)
	at org.apache.commons.complex.TestUtils.equals(TestUtils.java:390)
	at org.apache.commons.complex.TestUtils.equals(TestUtils.java:390)
	at org.apache.commons.complex.TestUtils.equals(TestUtils.java:390)
	at org.apache.commons.complex.TestUtils.equals(TestUtils.java:390)
	at org.apache.commons.complex.TestUtils.equals(TestUtils.java:390)
	at org.apache.commons.complex.TestUtils.equals(TestUtils.java:390)
	at org.apache.commons.complex.TestUtils.equals(TestUtils.java:390)
	at org.apache.commons.complex.TestUtils.equals(TestUtils.java:390)
	at org.apache.commons.complex.TestUtils.equals(TestUtils.java:390)
	at org.apache.commons.complex.TestUtils.equals(TestUtils.java:390)
	at org.apache.commons.complex.TestUtils.equals(TestUtils.java:390)
	at org.apache.commons.complex.TestUtils.equals(TestUtils.java:390)
	at org.apache.commons.complex.TestUtils.equals(TestUtils.java:390)
	at org.apache.commons.complex.TestUtils.equals(TestUtils.java:390)
	at org.apache.commons.complex.TestUtils.equals(TestUtils.java:390)
	at org.apache.commons.complex.TestUtils.equals(TestUtils.java:390)
	at org.apache.commons.complex.TestUtils.equals(TestUtils.java:390)
	at org.apache.commons.complex.TestUtils.equals(TestUtils.java:390)
	at org.apache.commons.complex.TestUtils.equals(TestUtils.java:390)
	at org.apache.commons.complex.TestUtils.equals(TestUtils.java:390)
	at org.apache.commons.complex.TestUtils.equals(TestUtils.java:390)
	at org.apache.commons.complex.TestUtils.equals(TestUtils.java:390)
	at org.apache.commons.complex.TestUtils.equals(TestUtils.java:390)
	at org.apache.commons.complex.TestUtils.equals(TestUtils.java:390)
	at org.apache.commons.complex.TestUtils.equals(TestUtils.java:390)
	at org.apache.commons.complex.TestUtils.equals(TestUtils.java:390)
	at org.apache.commons.complex.TestUtils.equals(TestUtils.java:390)
	at org.apache.commons.complex.TestUtils.equals(TestUtils.java:390)
	at org.apache.commons.complex.TestUtils.equals(TestUtils.java:390)
	at org.apache.commons.complex.TestUtils.equals(TestUtils.java:390)
	at org.apache.commons.complex.TestUtils.equals(TestUtils.java:390)
	at org.apache.commons.complex.TestUtils.equals(TestUtils.java:390)
	at org.apache.commons.complex.TestUtils.equals(TestUtils.java:390)
	at org.apache.commons.complex.TestUtils.equals(TestUtils.java:390)
	at org.apache.commons.complex.TestUtils.equals(TestUtils.java:390)
	at org.apache.commons.complex.TestUtils.equals(TestUtils.java:390)
	at org.apache.commons.complex.TestUtils.equals(TestUtils.java:390)
	at org.apache.commons.complex.TestUtils.equals(TestUtils.java:390)
	at org.apache.commons.complex.TestUtils.equals(TestUtils.java:390)
	at org.apache.commons.complex.TestUtils.equals(TestUtils.java:390)
	at org.apache.commons.complex.TestUtils.equals(TestUtils.java:390)
	at org.apache.commons.complex.TestUtils.equals(TestUtils.java:390)
	at org.apache.commons.complex.TestUtils.equals(TestUtils.java:390)
	at org.apache.commons.complex.TestUtils.equals(TestUtils.java:390)
	at org.apache.commons.complex.TestUtils.equals(TestUtils.java:390)
	at org.apache.commons.complex.TestUtils.equals(TestUtils.java:390)
	at org.apache.commons.complex.TestUtils.equals(TestUtils.java:390)
	at org.apache.commons.complex.TestUtils.equals(TestUtils.java:390)
	at org.apache.commons.complex.TestUtils.equals(TestUtils.java:390)
	at org.apache.commons.complex.TestUtils.equals(TestUtils.java:390)
	at org.apache.commons.complex.TestUtils.equals(TestUtils.java:390)
	at org.apache.commons.complex.TestUtils.equals(TestUtils.java:390)
	at org.apache.commons.complex.TestUtils.equals(TestUtils.java:390)
	at org.apache.commons.complex.TestUtils.equals(TestUtils.java:390)
	at org.apache.commons.complex.TestUtils.equals(TestUtils.java:390)
	at org.apache.commons.complex.TestUtils.equals(TestUtils.java:390)
	at org.apache.commons.complex.TestUtils.equals(TestUtils.java:390)
	at org.apache.commons.complex.TestUtils.equals(TestUtils.java:390)
	at org.apache.commons.complex.TestUtils.equals(TestUtils.java:390)
	at org.apache.commons.complex.TestUtils.equals(TestUtils.java:390)
	at org.apache.commons.complex.TestUtils.equals(TestUtils.java:390)
	at org.apache.commons.complex.TestUtils.equals(TestUtils.java:390)
	at org.apache.commons.complex.TestUtils.equals(TestUtils.java:390)
	at org.apache.commons.complex.TestUtils.equals(TestUtils.java:390)
	at org.apache.commons.complex.TestUtils.equals(TestUtils.java:390)
	at org.apache.commons.complex.TestUtils.equals(TestUtils.java:390)
	at org.apache.commons.complex.TestUtils.equals(TestUtils.java:390)
	at org.apache.commons.complex.TestUtils.equals(TestUtils.java:390)
	at org.apache.commons.complex.TestUtils.equals(TestUtils.java:390)
	at org.apache.commons.complex.TestUtils.equals(TestUtils.java:390)
	at org.apache.commons.complex.TestUtils.equals(TestUtils.java:390)
	at org.apache.commons.complex.TestUtils.equals(TestUtils.java:390)
	at org.apache.commons.complex.TestUtils.equals(TestUtils.java:390)
	at org.apache.commons.complex.TestUtils.equals(TestUtils.java:390)
	at org.apache.commons.complex.TestUtils.equals(TestUtils.java:390)
	at org.apache.commons.complex.TestUtils.equals(TestUtils.java:390)
	at org.apache.commons.complex.TestUtils.equals(TestUtils.java:390)
	at org.apache.commons.complex.TestUtils.equals(TestUtils.java:390)
	at org.apache.commons.complex.TestUtils.equals(TestUtils.java:390)
	at org.apache.commons.complex.TestUtils.equals(TestUtils.java:390)
	at org.apache.commons.complex.TestUtils.equals(TestUtils.java:390)
	at org.apache.commons.complex.TestUtils.equals(TestUtils.java:390)
	at org.apache.commons.complex.TestUtils.equals(TestUtils.java:390)
	at org.apache.commons.complex.TestUtils.equals(TestUtils.java:390)
	at org.apache.commons.complex.TestUtils.equals(TestUtils.java:390)
	at org.apache.commons.complex.TestUtils.equals(TestUtils.java:390)
	at org.apache.commons.complex.TestUtils.equals(TestUtils.java:390)
	at org.apache.commons.complex.TestUtils.equals(TestUtils.java:390)
	at org.apache.commons.complex.TestUtils.equals(TestUtils.java:390)
	at org.apache.commons.complex.TestUtils.equals(TestUtils.java:390)
	at org.apache.commons.complex.TestUtils.equals(TestUtils.java:390)
	at org.apache.commons.complex.TestUtils.equals(TestUtils.java:390)
	at org.apache.commons.complex.TestUtils.equals(TestUtils.java:390)
	at org.apache.commons.complex.TestUtils.equals(TestUtils.java:390)
	at org.apache.commons.complex.TestUtils.equals(TestUtils.java:390)
	at org.apache.commons.complex.TestUtils.equals(TestUtils.java:390)
	at org.apache.commons.complex.TestUtils.equals(TestUtils.java:390)
	at org.apache.commons.complex.TestUtils.equals(TestUtils.java:390)
	at org.apache.commons.complex.TestUtils.equals(TestUtils.java:390)
	at org.apache.commons.complex.TestUtils.equals(TestUtils.java:390)
	at org.apache.commons.complex.TestUtils.equals(TestUtils.java:390)
	at org.apache.commons.complex.TestUtils.equals(TestUtils.java:390)
	at org.apache.commons.complex.TestUtils.equals(TestUtils.java:390)
	at org.apache.commons.complex.TestUtils.equals(TestUtils.java:390)
	at org.apache.commons.complex.TestUtils.equals(TestUtils.java:390)
	at org.apache.commons.complex.TestUtils.equals(TestUtils.java:390)
	at org.apache.commons.complex.TestUtils.equals(TestUtils.java:390)
	at org.apache.commons.complex.TestUtils.equals(TestUtils.java:390)
	at org.apache.commons.complex.TestUtils.equals(TestUtils.java:390)
	at org.apache.commons.complex.TestUtils.equals(TestUtils.java:390)
	at org.apache.commons.complex.TestUtils.equals(TestUtils.java:390)
	at org.apache.commons.complex.TestUtils.equals(TestUtils.java:390)
	at org.apache.commons.complex.TestUtils.equals(TestUtils.java:390)
	at org.apache.commons.complex.TestUtils.equals(TestUtils.java:390)
	at org.apache.commons.complex.TestUtils.equals(TestUtils.java:390)
	at org.apache.commons.complex.TestUtils.equals(TestUtils.java:390)
	at org.apache.commons.complex.TestUtils.equals(TestUtils.java:390)
	at org.apache.commons.complex.TestUtils.equals(TestUtils.java:390)
	at org.apache.commons.complex.TestUtils.equals(TestUtils.java:390)
	at org.apache.commons.complex.TestUtils.equals(TestUtils.java:390)
	at org.apache.commons.complex.TestUtils.equals(TestUtils.java:390)
	at org.apache.commons.complex.TestUtils.equals(TestUtils.java:390)
	at org.apache.commons.complex.TestUtils.equals(TestUtils.java:390)
	at org.apache.commons.complex.TestUtils.equals(TestUtils.java:390)
	at org.apache.commons.complex.TestUtils.equals(TestUtils.java:390)
	at org.apache.commons.complex.TestUtils.equals(TestUtils.java:390)
	at org.apache.commons.complex.TestUtils.equals(TestUtils.java:390)
	at org.apache.commons.complex.TestUtils.equals(TestUtils.java:390)
	at org.apache.commons.complex.TestUtils.equals(TestUtils.java:390)
	at org.apache.commons.complex.TestUtils.equals(TestUtils.java:390)
	at org.apache.commons.complex.TestUtils.equals(TestUtils.java:390)
	at org.apache.commons.complex.TestUtils.equals(TestUtils.java:390)
	at org.apache.commons.complex.TestUtils.equals(TestUtils.java:390)
	at org.apache.commons.complex.TestUtils.equals(TestUtils.java:390)
	at org.apache.commons.complex.TestUtils.equals(TestUtils.java:390)
	at org.apache.commons.complex.TestUtils.equals(TestUtils.java:390)
	at org.apache.commons.complex.TestUtils.equals(TestUtils.java:390)
	at org.apache.commons.complex.TestUtils.equals(TestUtils.java:390)
	at org.apache.commons.complex.TestUtils.equals(TestUtils.java:390)
	at org.apache.commons.complex.TestUtils.equals(TestUtils.java:390)
	at org.apache.commons.complex.TestUtils.equals(TestUtils.java:390)
	at org.apache.commons.complex.TestUtils.equals(TestUtils.java:390)
	at org.apache.commons.complex.TestUtils.equals(TestUtils.java:390)
	at org.apache.commons.complex.TestUtils.equals(TestUtils.java:390)
	at org.apache.commons.complex.TestUtils.equals(TestUtils.java:390)
	at org.apache.commons.complex.TestUtils.equals(TestUtils.java:390)
	at org.apache.commons.complex.TestUtils.equals(TestUtils.java:390)
	at org.apache.commons.complex.TestUtils.equals(TestUtils.java:390)
	at org.apache.commons.complex.TestUtils.equals(TestUtils.java:390)
	at org.apache.commons.complex.TestUtils.equals(TestUtils.java:390)
	at org.apache.commons.complex.TestUtils.equals(TestUtils.java:390)
	at org.apache.commons.complex.TestUtils.equals(TestUtils.java:390)
	at org.apache.commons.complex.TestUtils.equals(TestUtils.java:390)
	at org.apache.commons.complex.TestUtils.equals(TestUtils.java:390)
	at org.apache.commons.complex.TestUtils.equals(TestUtils.java:390)
	at org.apache.commons.complex.TestUtils.equals(TestUtils.java:390)
	at org.apache.commons.complex.TestUtils.equals(TestUtils.java:390)
	at org.apache.commons.complex.TestUtils.equals(TestUtils.java:390)
	at org.apache.commons.complex.TestUtils.equals(TestUtils.java:390)
	at org.apache.commons.complex.TestUtils.equals(TestUtils.java:390)
	at org.apache.commons.complex.TestUtils.equals(TestUtils.java:390)
	at org.apache.commons.complex.TestUtils.equals(TestUtils.java:390)
	at org.apache.commons.complex.TestUtils.equals(TestUtils.java:390)
	at org.apache.commons.complex.TestUtils.equals(TestUtils.java:390)
	at org.apache.commons.complex.TestUtils.equals(TestUtils.java:390)
	at org.apache.commons.complex.TestUtils.equals(TestUtils.java:390)
	at org.apache.commons.complex.TestUtils.equals(TestUtils.java:390)
	at org.apache.commons.complex.TestUtils.equals(TestUtils.java:390)
	at org.apache.commons.complex.TestUtils.equals(TestUtils.java:390)
	at org.apache.commons.complex.TestUtils.equals(TestUtils.java:390)
	at org.apache.commons.complex.TestUtils.equals(TestUtils.java:390)
	at org.apache.commons.complex.TestUtils.equals(TestUtils.java:390)
	at org.apache.commons.complex.TestUtils.equals(TestUtils.java:390)
	at org.apache.commons.complex.TestUtils.equals(TestUtils.java:390)
	at org.apache.commons.complex.TestUtils.equals(TestUtils.java:390)
	at org.apache.commons.complex.TestUtils.equals(TestUtils.java:390)
	at org.apache.commons.complex.TestUtils.equals(TestUtils.java:390)
	at org.apache.commons.complex.TestUtils.equals(TestUtils.java:390)
	at org.apache.commons.complex.TestUtils.equals(TestUtils.java:390)
	at org.apache.commons.complex.TestUtils.equals(TestUtils.java:390)
	at org.apache.commons.complex.TestUtils.equals(TestUtils.java:390)
	at org.apache.commons.complex.TestUtils.equals(TestUtils.java:390)
	at org.apache.commons.complex.TestUtils.equals(TestUtils.java:390)
	at org.apache.commons.complex.TestUtils.equals(TestUtils.java:390)
	at org.apache.commons.complex.TestUtils.equals(TestUtils.java:390)
	at org.apache.commons.complex.TestUtils.equals(TestUtils.java:390)
	at org.apache.commons.complex.TestUtils.equals(TestUtils.java:390)
	at org.apache.commons.complex.TestUtils.equals(TestUtils.java:390)
	at org.apache.commons.complex.TestUtils.equals(TestUtils.java:390)
	at org.apache.commons.complex.TestUtils.equals(TestUtils.java:390)
	at org.apache.commons.complex.TestUtils.equals(TestUtils.java:390)
	at org.apache.commons.complex.TestUtils.equals(TestUtils.java:390)
	at org.apache.commons.complex.TestUtils.equals(TestUtils.java:390)
	at org.apache.commons.complex.TestUtils.equals(TestUtils.java:390)
	at org.apache.commons.complex.TestUtils.equals(TestUtils.java:390)
	at org.apache.commons.complex.TestUtils.equals(TestUtils.java:390)
	at org.apache.commons.complex.TestUtils.equals(TestUtils.java:390)
	at org.apache.commons.complex.TestUtils.equals(TestUtils.java:390)
	at org.apache.commons.complex.TestUtils.equals(TestUtils.java:390)
	at org.apache.commons.complex.TestUtils.equals(TestUtils.java:390)
	at org.apache.commons.complex.TestUtils.equals(TestUtils.java:390)
	at org.apache.commons.complex.TestUtils.equals(TestUtils.java:390)
	at org.apache.commons.complex.TestUtils.equals(TestUtils.java:390)
	at org.apache.commons.complex.TestUtils.equals(TestUtils.java:390)
	at org.apache.commons.complex.TestUtils.equals(TestUtils.java:390)
	at org.apache.commons.complex.TestUtils.equals(TestUtils.java:390)
	at org.apache.commons.complex.TestUtils.equals(TestUtils.java:390)
	at org.apache.commons.complex.TestUtils.equals(TestUtils.java:390)
	at org.apache.commons.complex.TestUtils.equals(TestUtils.java:390)
	at org.apache.commons.complex.TestUtils.equals(TestUtils.java:390)
	at org.apache.commons.complex.TestUtils.equals(TestUtils.java:390)
	at org.apache.commons.complex.TestUtils.equals(TestUtils.java:390)
	at org.apache.commons.complex.TestUtils.equals(TestUtils.java:390)
	at org.apache.commons.complex.TestUtils.equals(TestUtils.java:390)
	at org.apache.commons.complex.TestUtils.equals(TestUtils.java:390)
	at org.apache.commons.complex.TestUtils.equals(TestUtils.java:390)
	at org.apache.commons.complex.TestUtils.equals(TestUtils.java:390)
	at org.apache.commons.complex.TestUtils.equals(TestUtils.java:390)
	at org.apache.commons.complex.TestUtils.equals(TestUtils.java:390)
	at org.apache.commons.complex.TestUtils.equals(TestUtils.java:390)
	at org.apache.commons.complex.TestUtils.equals(TestUtils.java:390)
	at org.apache.commons.complex.TestUtils.equals(TestUtils.java:390)
	at org.apache.commons.complex.TestUtils.equals(TestUtils.java:390)
	at org.apache.commons.complex.TestUtils.equals(TestUtils.java:390)
	at org.apache.commons.complex.TestUtils.equals(TestUtils.java:390)
	at org.apache.commons.complex.TestUtils.equals(TestUtils.java:390)
	at org.apache.commons.complex.TestUtils.equals(TestUtils.java:390)
	at org.apache.commons.complex.TestUtils.equals(TestUtils.java:390)
	at org.apache.commons.complex.TestUtils.equals(TestUtils.java:390)
	at org.apache.commons.complex.TestUtils.equals(TestUtils.java:390)
	at org.apache.commons.complex.TestUtils.equals(TestUtils.java:390)
	at org.apache.commons.complex.TestUtils.equals(TestUtils.java:390)
	at org.apache.commons.complex.TestUtils.equals(TestUtils.java:390)
	at org.apache.commons.complex.TestUtils.equals(TestUtils.java:390)
	at org.apache.commons.complex.TestUtils.equals(TestUtils.java:390)
	at org.apache.commons.complex.TestUtils.equals(TestUtils.java:390)
	at org.apache.commons.complex.TestUtils.equals(TestUtils.java:390)
	at org.apache.commons.complex.TestUtils.equals(TestUtils.java:390)
	at org.apache.commons.complex.TestUtils.equals(TestUtils.java:390)
	at org.apache.commons.complex.TestUtils.equals(TestUtils.java:390)
	at org.apache.commons.complex.TestUtils.equals(TestUtils.java:390)
	at org.apache.commons.complex.TestUtils.equals(TestUtils.java:390)
	at org.apache.commons.complex.TestUtils.equals(TestUtils.java:390)
	at org.apache.commons.complex.TestUtils.equals(TestUtils.java:390)
	at org.apache.commons.complex.TestUtils.equals(TestUtils.java:390)
	at org.apache.commons.complex.TestUtils.equals(TestUtils.java:390)
	at org.apache.commons.complex.TestUtils.equals(TestUtils.java:390)
	at org.apache.commons.complex.TestUtils.equals(TestUtils.java:390)
	at org.apache.commons.complex.TestUtils.equals(TestUtils.java:390)
	at org.apache.commons.complex.TestUtils.equals(TestUtils.java:390)
	at org.apache.commons.complex.TestUtils.equals(TestUtils.java:390)
	at org.apache.commons.complex.TestUtils.equals(TestUtils.java:390)
	at org.apache.commons.complex.TestUtils.equals(TestUtils.java:390)
	at org.apache.commons.complex.TestUtils.equals(TestUtils.java:390)
</error>
  </testcase>
  <testcase name="testInitialize" classname="org.apache.commons.complex.ComplexUtilsTest" time="0.006"/>
  <testcase name="testSplit2Complex" classname="org.apache.commons.complex.ComplexUtilsTest" time="0.002">
    <error type="java.lang.StackOverflowError:">java.lang.StackOverflowError: null
	at org.apache.commons.complex.TestUtils.equals(TestUtils.java)
	at org.apache.commons.complex.TestUtils.equals(TestUtils.java:390)
	at org.apache.commons.complex.TestUtils.equals(TestUtils.java:390)
	at org.apache.commons.complex.TestUtils.equals(TestUtils.java:390)
	at org.apache.commons.complex.TestUtils.equals(TestUtils.java:390)
	at org.apache.commons.complex.TestUtils.equals(TestUtils.java:390)
	at org.apache.commons.complex.TestUtils.equals(TestUtils.java:390)
	at org.apache.commons.complex.TestUtils.equals(TestUtils.java:390)
	at org.apache.commons.complex.TestUtils.equals(TestUtils.java:390)
	at org.apache.commons.complex.TestUtils.equals(TestUtils.java:390)
	at org.apache.commons.complex.TestUtils.equals(TestUtils.java:390)
	at org.apache.commons.complex.TestUtils.equals(TestUtils.java:390)
	at org.apache.commons.complex.TestUtils.equals(TestUtils.java:390)
	at org.apache.commons.complex.TestUtils.equals(TestUtils.java:390)
	at org.apache.commons.complex.TestUtils.equals(TestUtils.java:390)
	at org.apache.commons.complex.TestUtils.equals(TestUtils.java:390)
	at org.apache.commons.complex.TestUtils.equals(TestUtils.java:390)
	at org.apache.commons.complex.TestUtils.equals(TestUtils.java:390)
	at org.apache.commons.complex.TestUtils.equals(TestUtils.java:390)
	at org.apache.commons.complex.TestUtils.equals(TestUtils.java:390)
	at org.apache.commons.complex.TestUtils.equals(TestUtils.java:390)
	at org.apache.commons.complex.TestUtils.equals(TestUtils.java:390)
	at org.apache.commons.complex.TestUtils.equals(TestUtils.java:390)
	at org.apache.commons.complex.TestUtils.equals(TestUtils.java:390)
	at org.apache.commons.complex.TestUtils.equals(TestUtils.java:390)
	at org.apache.commons.complex.TestUtils.equals(TestUtils.java:390)
	at org.apache.commons.complex.TestUtils.equals(TestUtils.java:390)
	at org.apache.commons.complex.TestUtils.equals(TestUtils.java:390)
	at org.apache.commons.complex.TestUtils.equals(TestUtils.java:390)
	at org.apache.commons.complex.TestUtils.equals(TestUtils.java:390)
	at org.apache.commons.complex.TestUtils.equals(TestUtils.java:390)
	at org.apache.commons.complex.TestUtils.equals(TestUtils.java:390)
	at org.apache.commons.complex.TestUtils.equals(TestUtils.java:390)
	at org.apache.commons.complex.TestUtils.equals(TestUtils.java:390)
	at org.apache.commons.complex.TestUtils.equals(TestUtils.java:390)
	at org.apache.commons.complex.TestUtils.equals(TestUtils.java:390)
	at org.apache.commons.complex.TestUtils.equals(TestUtils.java:390)
	at org.apache.commons.complex.TestUtils.equals(TestUtils.java:390)
	at org.apache.commons.complex.TestUtils.equals(TestUtils.java:390)
	at org.apache.commons.complex.TestUtils.equals(TestUtils.java:390)
	at org.apache.commons.complex.TestUtils.equals(TestUtils.java:390)
	at org.apache.commons.complex.TestUtils.equals(TestUtils.java:390)
	at org.apache.commons.complex.TestUtils.equals(TestUtils.java:390)
	at org.apache.commons.complex.TestUtils.equals(TestUtils.java:390)
	at org.apache.commons.complex.TestUtils.equals(TestUtils.java:390)
	at org.apache.commons.complex.TestUtils.equals(TestUtils.java:390)
	at org.apache.commons.complex.TestUtils.equals(TestUtils.java:390)
	at org.apache.commons.complex.TestUtils.equals(TestUtils.java:390)
	at org.apache.commons.complex.TestUtils.equals(TestUtils.java:390)
	at org.apache.commons.complex.TestUtils.equals(TestUtils.java:390)
	at org.apache.commons.complex.TestUtils.equals(TestUtils.java:390)
	at org.apache.commons.complex.TestUtils.equals(TestUtils.java:390)
	at org.apache.commons.complex.TestUtils.equals(TestUtils.java:390)
	at org.apache.commons.complex.TestUtils.equals(TestUtils.java:390)
	at org.apache.commons.complex.TestUtils.equals(TestUtils.java:390)
	at org.apache.commons.complex.TestUtils.equals(TestUtils.java:390)
	at org.apache.commons.complex.TestUtils.equals(TestUtils.java:390)
	at org.apache.commons.complex.TestUtils.equals(TestUtils.java:390)
	at org.apache.commons.complex.TestUtils.equals(TestUtils.java:390)
	at org.apache.commons.complex.TestUtils.equals(TestUtils.java:390)
	at org.apache.commons.complex.TestUtils.equals(TestUtils.java:390)
	at org.apache.commons.complex.TestUtils.equals(TestUtils.java:390)
	at org.apache.commons.complex.TestUtils.equals(TestUtils.java:390)
	at org.apache.commons.complex.TestUtils.equals(TestUtils.java:390)
	at org.apache.commons.complex.TestUtils.equals(TestUtils.java:390)
	at org.apache.commons.complex.TestUtils.equals(TestUtils.java:390)
	at org.apache.commons.complex.TestUtils.equals(TestUtils.java:390)
	at org.apache.commons.complex.TestUtils.equals(TestUtils.java:390)
	at org.apache.commons.complex.TestUtils.equals(TestUtils.java:390)
	at org.apache.commons.complex.TestUtils.equals(TestUtils.java:390)
	at org.apache.commons.complex.TestUtils.equals(TestUtils.java:390)
	at org.apache.commons.complex.TestUtils.equals(TestUtils.java:390)
	at org.apache.commons.complex.TestUtils.equals(TestUtils.java:390)
	at org.apache.commons.complex.TestUtils.equals(TestUtils.java:390)
	at org.apache.commons.complex.TestUtils.equals(TestUtils.java:390)
	at org.apache.commons.complex.TestUtils.equals(TestUtils.java:390)
	at org.apache.commons.complex.TestUtils.equals(TestUtils.java:390)
	at org.apache.commons.complex.TestUtils.equals(TestUtils.java:390)
	at org.apache.commons.complex.TestUtils.equals(TestUtils.java:390)
	at org.apache.commons.complex.TestUtils.equals(TestUtils.java:390)
	at org.apache.commons.complex.TestUtils.equals(TestUtils.java:390)
	at org.apache.commons.complex.TestUtils.equals(TestUtils.java:390)
	at org.apache.commons.complex.TestUtils.equals(TestUtils.java:390)
	at org.apache.commons.complex.TestUtils.equals(TestUtils.java:390)
	at org.apache.commons.complex.TestUtils.equals(TestUtils.java:390)
	at org.apache.commons.complex.TestUtils.equals(TestUtils.java:390)
	at org.apache.commons.complex.TestUtils.equals(TestUtils.java:390)
	at org.apache.commons.complex.TestUtils.equals(TestUtils.java:390)
	at org.apache.commons.complex.TestUtils.equals(TestUtils.java:390)
	at org.apache.commons.complex.TestUtils.equals(TestUtils.java:390)
	at org.apache.commons.complex.TestUtils.equals(TestUtils.java:390)
	at org.apache.commons.complex.TestUtils.equals(TestUtils.java:390)
	at org.apache.commons.complex.TestUtils.equals(TestUtils.java:390)
	at org.apache.commons.complex.TestUtils.equals(TestUtils.java:390)
	at org.apache.commons.complex.TestUtils.equals(TestUtils.java:390)
	at org.apache.commons.complex.TestUtils.equals(TestUtils.java:390)
	at org.apache.commons.complex.TestUtils.equals(TestUtils.java:390)
	at org.apache.commons.complex.TestUtils.equals(TestUtils.java:390)
	at org.apache.commons.complex.TestUtils.equals(TestUtils.java:390)
	at org.apache.commons.complex.TestUtils.equals(TestUtils.java:390)
	at org.apache.commons.complex.TestUtils.equals(TestUtils.java:390)
	at org.apache.commons.complex.TestUtils.equals(TestUtils.java:390)
	at org.apache.commons.complex.TestUtils.equals(TestUtils.java:390)
	at org.apache.commons.complex.TestUtils.equals(TestUtils.java:390)
	at org.apache.commons.complex.TestUtils.equals(TestUtils.java:390)
	at org.apache.commons.complex.TestUtils.equals(TestUtils.java:390)
	at org.apache.commons.complex.TestUtils.equals(TestUtils.java:390)
	at org.apache.commons.complex.TestUtils.equals(TestUtils.java:390)
	at org.apache.commons.complex.TestUtils.equals(TestUtils.java:390)
	at org.apache.commons.complex.TestUtils.equals(TestUtils.java:390)
	at org.apache.commons.complex.TestUtils.equals(TestUtils.java:390)
	at org.apache.commons.complex.TestUtils.equals(TestUtils.java:390)
	at org.apache.commons.complex.TestUtils.equals(TestUtils.java:390)
	at org.apache.commons.complex.TestUtils.equals(TestUtils.java:390)
	at org.apache.commons.complex.TestUtils.equals(TestUtils.java:390)
	at org.apache.commons.complex.TestUtils.equals(TestUtils.java:390)
	at org.apache.commons.complex.TestUtils.equals(TestUtils.java:390)
	at org.apache.commons.complex.TestUtils.equals(TestUtils.java:390)
	at org.apache.commons.complex.TestUtils.equals(TestUtils.java:390)
	at org.apache.commons.complex.TestUtils.equals(TestUtils.java:390)
	at org.apache.commons.complex.TestUtils.equals(TestUtils.java:390)
	at org.apache.commons.complex.TestUtils.equals(TestUtils.java:390)
	at org.apache.commons.complex.TestUtils.equals(TestUtils.java:390)
	at org.apache.commons.complex.TestUtils.equals(TestUtils.java:390)
	at org.apache.commons.complex.TestUtils.equals(TestUtils.java:390)
	at org.apache.commons.complex.TestUtils.equals(TestUtils.java:390)
	at org.apache.commons.complex.TestUtils.equals(TestUtils.java:390)
	at org.apache.commons.complex.TestUtils.equals(TestUtils.java:390)
	at org.apache.commons.complex.TestUtils.equals(TestUtils.java:390)
	at org.apache.commons.complex.TestUtils.equals(TestUtils.java:390)
	at org.apache.commons.complex.TestUtils.equals(TestUtils.java:390)
	at org.apache.commons.complex.TestUtils.equals(TestUtils.java:390)
	at org.apache.commons.complex.TestUtils.equals(TestUtils.java:390)
	at org.apache.commons.complex.TestUtils.equals(TestUtils.java:390)
	at org.apache.commons.complex.TestUtils.equals(TestUtils.java:390)
	at org.apache.commons.complex.TestUtils.equals(TestUtils.java:390)
	at org.apache.commons.complex.TestUtils.equals(TestUtils.java:390)
	at org.apache.commons.complex.TestUtils.equals(TestUtils.java:390)
	at org.apache.commons.complex.TestUtils.equals(TestUtils.java:390)
	at org.apache.commons.complex.TestUtils.equals(TestUtils.java:390)
	at org.apache.commons.complex.TestUtils.equals(TestUtils.java:390)
	at org.apache.commons.complex.TestUtils.equals(TestUtils.java:390)
	at org.apache.commons.complex.TestUtils.equals(TestUtils.java:390)
	at org.apache.commons.complex.TestUtils.equals(TestUtils.java:390)
	at org.apache.commons.complex.TestUtils.equals(TestUtils.java:390)
	at org.apache.commons.complex.TestUtils.equals(TestUtils.java:390)
	at org.apache.commons.complex.TestUtils.equals(TestUtils.java:390)
	at org.apache.commons.complex.TestUtils.equals(TestUtils.java:390)
	at org.apache.commons.complex.TestUtils.equals(TestUtils.java:390)
	at org.apache.commons.complex.TestUtils.equals(TestUtils.java:390)
	at org.apache.commons.complex.TestUtils.equals(TestUtils.java:390)
	at org.apache.commons.complex.TestUtils.equals(TestUtils.java:390)
	at org.apache.commons.complex.TestUtils.equals(TestUtils.java:390)
	at org.apache.commons.complex.TestUtils.equals(TestUtils.java:390)
	at org.apache.commons.complex.TestUtils.equals(TestUtils.java:390)
	at org.apache.commons.complex.TestUtils.equals(TestUtils.java:390)
	at org.apache.commons.complex.TestUtils.equals(TestUtils.java:390)
	at org.apache.commons.complex.TestUtils.equals(TestUtils.java:390)
	at org.apache.commons.complex.TestUtils.equals(TestUtils.java:390)
	at org.apache.commons.complex.TestUtils.equals(TestUtils.java:390)
	at org.apache.commons.complex.TestUtils.equals(TestUtils.java:390)
	at org.apache.commons.complex.TestUtils.equals(TestUtils.java:390)
	at org.apache.commons.complex.TestUtils.equals(TestUtils.java:390)
	at org.apache.commons.complex.TestUtils.equals(TestUtils.java:390)
	at org.apache.commons.complex.TestUtils.equals(TestUtils.java:390)
	at org.apache.commons.complex.TestUtils.equals(TestUtils.java:390)
	at org.apache.commons.complex.TestUtils.equals(TestUtils.java:390)
	at org.apache.commons.complex.TestUtils.equals(TestUtils.java:390)
	at org.apache.commons.complex.TestUtils.equals(TestUtils.java:390)
	at org.apache.commons.complex.TestUtils.equals(TestUtils.java:390)
	at org.apache.commons.complex.TestUtils.equals(TestUtils.java:390)
	at org.apache.commons.complex.TestUtils.equals(TestUtils.java:390)
	at org.apache.commons.complex.TestUtils.equals(TestUtils.java:390)
	at org.apache.commons.complex.TestUtils.equals(TestUtils.java:390)
	at org.apache.commons.complex.TestUtils.equals(TestUtils.java:390)
	at org.apache.commons.complex.TestUtils.equals(TestUtils.java:390)
	at org.apache.commons.complex.TestUtils.equals(TestUtils.java:390)
	at org.apache.commons.complex.TestUtils.equals(TestUtils.java:390)
	at org.apache.commons.complex.TestUtils.equals(TestUtils.java:390)
	at org.apache.commons.complex.TestUtils.equals(TestUtils.java:390)
	at org.apache.commons.complex.TestUtils.equals(TestUtils.java:390)
	at org.apache.commons.complex.TestUtils.equals(TestUtils.java:390)
	at org.apache.commons.complex.TestUtils.equals(TestUtils.java:390)
	at org.apache.commons.complex.TestUtils.equals(TestUtils.java:390)
	at org.apache.commons.complex.TestUtils.equals(TestUtils.java:390)
	at org.apache.commons.complex.TestUtils.equals(TestUtils.java:390)
	at org.apache.commons.complex.TestUtils.equals(TestUtils.java:390)
	at org.apache.commons.complex.TestUtils.equals(TestUtils.java:390)
	at org.apache.commons.complex.TestUtils.equals(TestUtils.java:390)
	at org.apache.commons.complex.TestUtils.equals(TestUtils.java:390)
	at org.apache.commons.complex.TestUtils.equals(TestUtils.java:390)
	at org.apache.commons.complex.TestUtils.equals(TestUtils.java:390)
	at org.apache.commons.complex.TestUtils.equals(TestUtils.java:390)
	at org.apache.commons.complex.TestUtils.equals(TestUtils.java:390)
	at org.apache.commons.complex.TestUtils.equals(TestUtils.java:390)
	at org.apache.commons.complex.TestUtils.equals(TestUtils.java:390)
	at org.apache.commons.complex.TestUtils.equals(TestUtils.java:390)
	at org.apache.commons.complex.TestUtils.equals(TestUtils.java:390)
	at org.apache.commons.complex.TestUtils.equals(TestUtils.java:390)
	at org.apache.commons.complex.TestUtils.equals(TestUtils.java:390)
	at org.apache.commons.complex.TestUtils.equals(TestUtils.java:390)
	at org.apache.commons.complex.TestUtils.equals(TestUtils.java:390)
	at org.apache.commons.complex.TestUtils.equals(TestUtils.java:390)
	at org.apache.commons.complex.TestUtils.equals(TestUtils.java:390)
	at org.apache.commons.complex.TestUtils.equals(TestUtils.java:390)
	at org.apache.commons.complex.TestUtils.equals(TestUtils.java:390)
	at org.apache.commons.complex.TestUtils.equals(TestUtils.java:390)
	at org.apache.commons.complex.TestUtils.equals(TestUtils.java:390)
	at org.apache.commons.complex.TestUtils.equals(TestUtils.java:390)
	at org.apache.commons.complex.TestUtils.equals(TestUtils.java:390)
	at org.apache.commons.complex.TestUtils.equals(TestUtils.java:390)
	at org.apache.commons.complex.TestUtils.equals(TestUtils.java:390)
	at org.apache.commons.complex.TestUtils.equals(TestUtils.java:390)
	at org.apache.commons.complex.TestUtils.equals(TestUtils.java:390)
	at org.apache.commons.complex.TestUtils.equals(TestUtils.java:390)
	at org.apache.commons.complex.TestUtils.equals(TestUtils.java:390)
	at org.apache.commons.complex.TestUtils.equals(TestUtils.java:390)
	at org.apache.commons.complex.TestUtils.equals(TestUtils.java:390)
	at org.apache.commons.complex.TestUtils.equals(TestUtils.java:390)
	at org.apache.commons.complex.TestUtils.equals(TestUtils.java:390)
	at org.apache.commons.complex.TestUtils.equals(TestUtils.java:390)
	at org.apache.commons.complex.TestUtils.equals(TestUtils.java:390)
	at org.apache.commons.complex.TestUtils.equals(TestUtils.java:390)
	at org.apache.commons.complex.TestUtils.equals(TestUtils.java:390)
	at org.apache.commons.complex.TestUtils.equals(TestUtils.java:390)
	at org.apache.commons.complex.TestUtils.equals(TestUtils.java:390)
	at org.apache.commons.complex.TestUtils.equals(TestUtils.java:390)
	at org.apache.commons.complex.TestUtils.equals(TestUtils.java:390)
	at org.apache.commons.complex.TestUtils.equals(TestUtils.java:390)
	at org.apache.commons.complex.TestUtils.equals(TestUtils.java:390)
	at org.apache.commons.complex.TestUtils.equals(TestUtils.java:390)
	at org.apache.commons.complex.TestUtils.equals(TestUtils.java:390)
	at org.apache.commons.complex.TestUtils.equals(TestUtils.java:390)
	at org.apache.commons.complex.TestUtils.equals(TestUtils.java:390)
	at org.apache.commons.complex.TestUtils.equals(TestUtils.java:390)
	at org.apache.commons.complex.TestUtils.equals(TestUtils.java:390)
	at org.apache.commons.complex.TestUtils.equals(TestUtils.java:390)
	at org.apache.commons.complex.TestUtils.equals(TestUtils.java:390)
	at org.apache.commons.complex.TestUtils.equals(TestUtils.java:390)
	at org.apache.commons.complex.TestUtils.equals(TestUtils.java:390)
	at org.apache.commons.complex.TestUtils.equals(TestUtils.java:390)
	at org.apache.commons.complex.TestUtils.equals(TestUtils.java:390)
	at org.apache.commons.complex.TestUtils.equals(TestUtils.java:390)
	at org.apache.commons.complex.TestUtils.equals(TestUtils.java:390)
	at org.apache.commons.complex.TestUtils.equals(TestUtils.java:390)
	at org.apache.commons.complex.TestUtils.equals(TestUtils.java:390)
	at org.apache.commons.complex.TestUtils.equals(TestUtils.java:390)
	at org.apache.commons.complex.TestUtils.equals(TestUtils.java:390)
	at org.apache.commons.complex.TestUtils.equals(TestUtils.java:390)
	at org.apache.commons.complex.TestUtils.equals(TestUtils.java:390)
	at org.apache.commons.complex.TestUtils.equals(TestUtils.java:390)
	at org.apache.commons.complex.TestUtils.equals(TestUtils.java:390)
	at org.apache.commons.complex.TestUtils.equals(TestUtils.java:390)
	at org.apache.commons.complex.TestUtils.equals(TestUtils.java:390)
	at org.apache.commons.complex.TestUtils.equals(TestUtils.java:390)
	at org.apache.commons.complex.TestUtils.equals(TestUtils.java:390)
	at org.apache.commons.complex.TestUtils.equals(TestUtils.java:390)
	at org.apache.commons.complex.TestUtils.equals(TestUtils.java:390)
	at org.apache.commons.complex.TestUtils.equals(TestUtils.java:390)
	at org.apache.commons.complex.TestUtils.equals(TestUtils.java:390)
	at org.apache.commons.complex.TestUtils.equals(TestUtils.java:390)
	at org.apache.commons.complex.TestUtils.equals(TestUtils.java:390)
	at org.apache.commons.complex.TestUtils.equals(TestUtils.java:390)
	at org.apache.commons.complex.TestUtils.equals(TestUtils.java:390)
	at org.apache.commons.complex.TestUtils.equals(TestUtils.java:390)
	at org.apache.commons.complex.TestUtils.equals(TestUtils.java:390)
	at org.apache.commons.complex.TestUtils.equals(TestUtils.java:390)
	at org.apache.commons.complex.TestUtils.equals(TestUtils.java:390)
	at org.apache.commons.complex.TestUtils.equals(TestUtils.java:390)
	at org.apache.commons.complex.TestUtils.equals(TestUtils.java:390)
	at org.apache.commons.complex.TestUtils.equals(TestUtils.java:390)
	at org.apache.commons.complex.TestUtils.equals(TestUtils.java:390)
	at org.apache.commons.complex.TestUtils.equals(TestUtils.java:390)
	at org.apache.commons.complex.TestUtils.equals(TestUtils.java:390)
	at org.apache.commons.complex.TestUtils.equals(TestUtils.java:390)
	at org.apache.commons.complex.TestUtils.equals(TestUtils.java:390)
	at org.apache.commons.complex.TestUtils.equals(TestUtils.java:390)
	at org.apache.commons.complex.TestUtils.equals(TestUtils.java:390)
	at org.apache.commons.complex.TestUtils.equals(TestUtils.java:390)
	at org.apache.commons.complex.TestUtils.equals(TestUtils.java:390)
	at org.apache.commons.complex.TestUtils.equals(TestUtils.java:390)
	at org.apache.commons.complex.TestUtils.equals(TestUtils.java:390)
	at org.apache.commons.complex.TestUtils.equals(TestUtils.java:390)
	at org.apache.commons.complex.TestUtils.equals(TestUtils.java:390)
	at org.apache.commons.complex.TestUtils.equals(TestUtils.java:390)
	at org.apache.commons.complex.TestUtils.equals(TestUtils.java:390)
	at org.apache.commons.complex.TestUtils.equals(TestUtils.java:390)
	at org.apache.commons.complex.TestUtils.equals(TestUtils.java:390)
	at org.apache.commons.complex.TestUtils.equals(TestUtils.java:390)
	at org.apache.commons.complex.TestUtils.equals(TestUtils.java:390)
	at org.apache.commons.complex.TestUtils.equals(TestUtils.java:390)
	at org.apache.commons.complex.TestUtils.equals(TestUtils.java:390)
	at org.apache.commons.complex.TestUtils.equals(TestUtils.java:390)
	at org.apache.commons.complex.TestUtils.equals(TestUtils.java:390)
	at org.apache.commons.complex.TestUtils.equals(TestUtils.java:390)
	at org.apache.commons.complex.TestUtils.equals(TestUtils.java:390)
	at org.apache.commons.complex.TestUtils.equals(TestUtils.java:390)
	at org.apache.commons.complex.TestUtils.equals(TestUtils.java:390)
	at org.apache.commons.complex.TestUtils.equals(TestUtils.java:390)
	at org.apache.commons.complex.TestUtils.equals(TestUtils.java:390)
	at org.apache.commons.complex.TestUtils.equals(TestUtils.java:390)
	at org.apache.commons.complex.TestUtils.equals(TestUtils.java:390)
	at org.apache.commons.complex.TestUtils.equals(TestUtils.java:390)
	at org.apache.commons.complex.TestUtils.equals(TestUtils.java:390)
	at org.apache.commons.complex.TestUtils.equals(TestUtils.java:390)
	at org.apache.commons.complex.TestUtils.equals(TestUtils.java:390)
	at org.apache.commons.complex.TestUtils.equals(TestUtils.java:390)
	at org.apache.commons.complex.TestUtils.equals(TestUtils.java:390)
	at org.apache.commons.complex.TestUtils.equals(TestUtils.java:390)
	at org.apache.commons.complex.TestUtils.equals(TestUtils.java:390)
	at org.apache.commons.complex.TestUtils.equals(TestUtils.java:390)
	at org.apache.commons.complex.TestUtils.equals(TestUtils.java:390)
	at org.apache.commons.complex.TestUtils.equals(TestUtils.java:390)
	at org.apache.commons.complex.TestUtils.equals(TestUtils.java:390)
	at org.apache.commons.complex.TestUtils.equals(TestUtils.java:390)
	at org.apache.commons.complex.TestUtils.equals(TestUtils.java:390)
	at org.apache.commons.complex.TestUtils.equals(TestUtils.java:390)
	at org.apache.commons.complex.TestUtils.equals(TestUtils.java:390)
	at org.apache.commons.complex.TestUtils.equals(TestUtils.java:390)
	at org.apache.commons.complex.TestUtils.equals(TestUtils.java:390)
	at org.apache.commons.complex.TestUtils.equals(TestUtils.java:390)
	at org.apache.commons.complex.TestUtils.equals(TestUtils.java:390)
	at org.apache.commons.complex.TestUtils.equals(TestUtils.java:390)
	at org.apache.commons.complex.TestUtils.equals(TestUtils.java:390)
	at org.apache.commons.complex.TestUtils.equals(TestUtils.java:390)
	at org.apache.commons.complex.TestUtils.equals(TestUtils.java:390)
	at org.apache.commons.complex.TestUtils.equals(TestUtils.java:390)
	at org.apache.commons.complex.TestUtils.equals(TestUtils.java:390)
	at org.apache.commons.complex.TestUtils.equals(TestUtils.java:390)
	at org.apache.commons.complex.TestUtils.equals(TestUtils.java:390)
	at org.apache.commons.complex.TestUtils.equals(TestUtils.java:390)
	at org.apache.commons.complex.TestUtils.equals(TestUtils.java:390)
	at org.apache.commons.complex.TestUtils.equals(TestUtils.java:390)
	at org.apache.commons.complex.TestUtils.equals(TestUtils.java:390)
	at org.apache.commons.complex.TestUtils.equals(TestUtils.java:390)
	at org.apache.commons.complex.TestUtils.equals(TestUtils.java:390)
	at org.apache.commons.complex.TestUtils.equals(TestUtils.java:390)
	at org.apache.commons.complex.TestUtils.equals(TestUtils.java:390)
	at org.apache.commons.complex.TestUtils.equals(TestUtils.java:390)
	at org.apache.commons.complex.TestUtils.equals(TestUtils.java:390)
	at org.apache.commons.complex.TestUtils.equals(TestUtils.java:390)
	at org.apache.commons.complex.TestUtils.equals(TestUtils.java:390)
	at org.apache.commons.complex.TestUtils.equals(TestUtils.java:390)
	at org.apache.commons.complex.TestUtils.equals(TestUtils.java:390)
	at org.apache.commons.complex.TestUtils.equals(TestUtils.java:390)
	at org.apache.commons.complex.TestUtils.equals(TestUtils.java:390)
	at org.apache.commons.complex.TestUtils.equals(TestUtils.java:390)
	at org.apache.commons.complex.TestUtils.equals(TestUtils.java:390)
	at org.apache.commons.complex.TestUtils.equals(TestUtils.java:390)
	at org.apache.commons.complex.TestUtils.equals(TestUtils.java:390)
	at org.apache.commons.complex.TestUtils.equals(TestUtils.java:390)
	at org.apache.commons.complex.TestUtils.equals(TestUtils.java:390)
	at org.apache.commons.complex.TestUtils.equals(TestUtils.java:390)
	at org.apache.commons.complex.TestUtils.equals(TestUtils.java:390)
	at org.apache.commons.complex.TestUtils.equals(TestUtils.java:390)
	at org.apache.commons.complex.TestUtils.equals(TestUtils.java:390)
	at org.apache.commons.complex.TestUtils.equals(TestUtils.java:390)
	at org.apache.commons.complex.TestUtils.equals(TestUtils.java:390)
	at org.apache.commons.complex.TestUtils.equals(TestUtils.java:390)
	at org.apache.commons.complex.TestUtils.equals(TestUtils.java:390)
	at org.apache.commons.complex.TestUtils.equals(TestUtils.java:390)
	at org.apache.commons.complex.TestUtils.equals(TestUtils.java:390)
	at org.apache.commons.complex.TestUtils.equals(TestUtils.java:390)
	at org.apache.commons.complex.TestUtils.equals(TestUtils.java:390)
	at org.apache.commons.complex.TestUtils.equals(TestUtils.java:390)
	at org.apache.commons.complex.TestUtils.equals(TestUtils.java:390)
	at org.apache.commons.complex.TestUtils.equals(TestUtils.java:390)
	at org.apache.commons.complex.TestUtils.equals(TestUtils.java:390)
	at org.apache.commons.complex.TestUtils.equals(TestUtils.java:390)
	at org.apache.commons.complex.TestUtils.equals(TestUtils.java:390)
	at org.apache.commons.complex.TestUtils.equals(TestUtils.java:390)
	at org.apache.commons.complex.TestUtils.equals(TestUtils.java:390)
	at org.apache.commons.complex.TestUtils.equals(TestUtils.java:390)
	at org.apache.commons.complex.TestUtils.equals(TestUtils.java:390)
	at org.apache.commons.complex.TestUtils.equals(TestUtils.java:390)
	at org.apache.commons.complex.TestUtils.equals(TestUtils.java:390)
	at org.apache.commons.complex.TestUtils.equals(TestUtils.java:390)
	at org.apache.commons.complex.TestUtils.equals(TestUtils.java:390)
	at org.apache.commons.complex.TestUtils.equals(TestUtils.java:390)
	at org.apache.commons.complex.TestUtils.equals(TestUtils.java:390)
	at org.apache.commons.complex.TestUtils.equals(TestUtils.java:390)
	at org.apache.commons.complex.TestUtils.equals(TestUtils.java:390)
	at org.apache.commons.complex.TestUtils.equals(TestUtils.java:390)
	at org.apache.commons.complex.TestUtils.equals(TestUtils.java:390)
	at org.apache.commons.complex.TestUtils.equals(TestUtils.java:390)
	at org.apache.commons.complex.TestUtils.equals(TestUtils.java:390)
	at org.apache.commons.complex.TestUtils.equals(TestUtils.java:390)
	at org.apache.commons.complex.TestUtils.equals(TestUtils.java:390)
	at org.apache.commons.complex.TestUtils.equals(TestUtils.java:390)
	at org.apache.commons.complex.TestUtils.equals(TestUtils.java:390)
	at org.apache.commons.complex.TestUtils.equals(TestUtils.java:390)
	at org.apache.commons.complex.TestUtils.equals(TestUtils.java:390)
	at org.apache.commons.complex.TestUtils.equals(TestUtils.java:390)
	at org.apache.commons.complex.TestUtils.equals(TestUtils.java:390)
	at org.apache.commons.complex.TestUtils.equals(TestUtils.java:390)
	at org.apache.commons.complex.TestUtils.equals(TestUtils.java:390)
	at org.apache.commons.complex.TestUtils.equals(TestUtils.java:390)
	at org.apache.commons.complex.TestUtils.equals(TestUtils.java:390)
	at org.apache.commons.complex.TestUtils.equals(TestUtils.java:390)
	at org.apache.commons.complex.TestUtils.equals(TestUtils.java:390)
	at org.apache.commons.complex.TestUtils.equals(TestUtils.java:390)
	at org.apache.commons.complex.TestUtils.equals(TestUtils.java:390)
	at org.apache.commons.complex.TestUtils.equals(TestUtils.java:390)
	at org.apache.commons.complex.TestUtils.equals(TestUtils.java:390)
	at org.apache.commons.complex.TestUtils.equals(TestUtils.java:390)
	at org.apache.commons.complex.TestUtils.equals(TestUtils.java:390)
	at org.apache.commons.complex.TestUtils.equals(TestUtils.java:390)
	at org.apache.commons.complex.TestUtils.equals(TestUtils.java:390)
	at org.apache.commons.complex.TestUtils.equals(TestUtils.java:390)
	at org.apache.commons.complex.TestUtils.equals(TestUtils.java:390)
	at org.apache.commons.complex.TestUtils.equals(TestUtils.java:390)
	at org.apache.commons.complex.TestUtils.equals(TestUtils.java:390)
	at org.apache.commons.complex.TestUtils.equals(TestUtils.java:390)
	at org.apache.commons.complex.TestUtils.equals(TestUtils.java:390)
	at org.apache.commons.complex.TestUtils.equals(TestUtils.java:390)
	at org.apache.commons.complex.TestUtils.equals(TestUtils.java:390)
	at org.apache.commons.complex.TestUtils.equals(TestUtils.java:390)
	at org.apache.commons.complex.TestUtils.equals(TestUtils.java:390)
	at org.apache.commons.complex.TestUtils.equals(TestUtils.java:390)
	at org.apache.commons.complex.TestUtils.equals(TestUtils.java:390)
	at org.apache.commons.complex.TestUtils.equals(TestUtils.java:390)
	at org.apache.commons.complex.TestUtils.equals(TestUtils.java:390)
	at org.apache.commons.complex.TestUtils.equals(TestUtils.java:390)
	at org.apache.commons.complex.TestUtils.equals(TestUtils.java:390)
	at org.apache.commons.complex.TestUtils.equals(TestUtils.java:390)
	at org.apache.commons.complex.TestUtils.equals(TestUtils.java:390)
	at org.apache.commons.complex.TestUtils.equals(TestUtils.java:390)
	at org.apache.commons.complex.TestUtils.equals(TestUtils.java:390)
	at org.apache.commons.complex.TestUtils.equals(TestUtils.java:390)
	at org.apache.commons.complex.TestUtils.equals(TestUtils.java:390)
	at org.apache.commons.complex.TestUtils.equals(TestUtils.java:390)
	at org.apache.commons.complex.TestUtils.equals(TestUtils.java:390)
	at org.apache.commons.complex.TestUtils.equals(TestUtils.java:390)
	at org.apache.commons.complex.TestUtils.equals(TestUtils.java:390)
	at org.apache.commons.complex.TestUtils.equals(TestUtils.java:390)
	at org.apache.commons.complex.TestUtils.equals(TestUtils.java:390)
	at org.apache.commons.complex.TestUtils.equals(TestUtils.java:390)
	at org.apache.commons.complex.TestUtils.equals(TestUtils.java:390)
	at org.apache.commons.complex.TestUtils.equals(TestUtils.java:390)
	at org.apache.commons.complex.TestUtils.equals(TestUtils.java:390)
	at org.apache.commons.complex.TestUtils.equals(TestUtils.java:390)
	at org.apache.commons.complex.TestUtils.equals(TestUtils.java:390)
	at org.apache.commons.complex.TestUtils.equals(TestUtils.java:390)
	at org.apache.commons.complex.TestUtils.equals(TestUtils.java:390)
	at org.apache.commons.complex.TestUtils.equals(TestUtils.java:390)
	at org.apache.commons.complex.TestUtils.equals(TestUtils.java:390)
	at org.apache.commons.complex.TestUtils.equals(TestUtils.java:390)
	at org.apache.commons.complex.TestUtils.equals(TestUtils.java:390)
	at org.apache.commons.complex.TestUtils.equals(TestUtils.java:390)
	at org.apache.commons.complex.TestUtils.equals(TestUtils.java:390)
	at org.apache.commons.complex.TestUtils.equals(TestUtils.java:390)
	at org.apache.commons.complex.TestUtils.equals(TestUtils.java:390)
	at org.apache.commons.complex.TestUtils.equals(TestUtils.java:390)
	at org.apache.commons.complex.TestUtils.equals(TestUtils.java:390)
	at org.apache.commons.complex.TestUtils.equals(TestUtils.java:390)
	at org.apache.commons.complex.TestUtils.equals(TestUtils.java:390)
	at org.apache.commons.complex.TestUtils.equals(TestUtils.java:390)
	at org.apache.commons.complex.TestUtils.equals(TestUtils.java:390)
	at org.apache.commons.complex.TestUtils.equals(TestUtils.java:390)
	at org.apache.commons.complex.TestUtils.equals(TestUtils.java:390)
	at org.apache.commons.complex.TestUtils.equals(TestUtils.java:390)
	at org.apache.commons.complex.TestUtils.equals(TestUtils.java:390)
	at org.apache.commons.complex.TestUtils.equals(TestUtils.java:390)
	at org.apache.commons.complex.TestUtils.equals(TestUtils.java:390)
	at org.apache.commons.complex.TestUtils.equals(TestUtils.java:390)
	at org.apache.commons.complex.TestUtils.equals(TestUtils.java:390)
	at org.apache.commons.complex.TestUtils.equals(TestUtils.java:390)
	at org.apache.commons.complex.TestUtils.equals(TestUtils.java:390)
	at org.apache.commons.complex.TestUtils.equals(TestUtils.java:390)
	at org.apache.commons.complex.TestUtils.equals(TestUtils.java:390)
	at org.apache.commons.complex.TestUtils.equals(TestUtils.java:390)
	at org.apache.commons.complex.TestUtils.equals(TestUtils.java:390)
	at org.apache.commons.complex.TestUtils.equals(TestUtils.java:390)
	at org.apache.commons.complex.TestUtils.equals(TestUtils.java:390)
	at org.apache.commons.complex.TestUtils.equals(TestUtils.java:390)
	at org.apache.commons.complex.TestUtils.equals(TestUtils.java:390)
	at org.apache.commons.complex.TestUtils.equals(TestUtils.java:390)
	at org.apache.commons.complex.TestUtils.equals(TestUtils.java:390)
	at org.apache.commons.complex.TestUtils.equals(TestUtils.java:390)
	at org.apache.commons.complex.TestUtils.equals(TestUtils.java:390)
	at org.apache.commons.complex.TestUtils.equals(TestUtils.java:390)
	at org.apache.commons.complex.TestUtils.equals(TestUtils.java:390)
	at org.apache.commons.complex.TestUtils.equals(TestUtils.java:390)
	at org.apache.commons.complex.TestUtils.equals(TestUtils.java:390)
	at org.apache.commons.complex.TestUtils.equals(TestUtils.java:390)
	at org.apache.commons.complex.TestUtils.equals(TestUtils.java:390)
	at org.apache.commons.complex.TestUtils.equals(TestUtils.java:390)
	at org.apache.commons.complex.TestUtils.equals(TestUtils.java:390)
	at org.apache.commons.complex.TestUtils.equals(TestUtils.java:390)
	at org.apache.commons.complex.TestUtils.equals(TestUtils.java:390)
	at org.apache.commons.complex.TestUtils.equals(TestUtils.java:390)
	at org.apache.commons.complex.TestUtils.equals(TestUtils.java:390)
	at org.apache.commons.complex.TestUtils.equals(TestUtils.java:390)
	at org.apache.commons.complex.TestUtils.equals(TestUtils.java:390)
	at org.apache.commons.complex.TestUtils.equals(TestUtils.java:390)
	at org.apache.commons.complex.TestUtils.equals(TestUtils.java:390)
	at org.apache.commons.complex.TestUtils.equals(TestUtils.java:390)
	at org.apache.commons.complex.TestUtils.equals(TestUtils.java:390)
	at org.apache.commons.complex.TestUtils.equals(TestUtils.java:390)
	at org.apache.commons.complex.TestUtils.equals(TestUtils.java:390)
	at org.apache.commons.complex.TestUtils.equals(TestUtils.java:390)
	at org.apache.commons.complex.TestUtils.equals(TestUtils.java:390)
	at org.apache.commons.complex.TestUtils.equals(TestUtils.java:390)
	at org.apache.commons.complex.TestUtils.equals(TestUtils.java:390)
	at org.apache.commons.complex.TestUtils.equals(TestUtils.java:390)
	at org.apache.commons.complex.TestUtils.equals(TestUtils.java:390)
	at org.apache.commons.complex.TestUtils.equals(TestUtils.java:390)
	at org.apache.commons.complex.TestUtils.equals(TestUtils.java:390)
	at org.apache.commons.complex.TestUtils.equals(TestUtils.java:390)
	at org.apache.commons.complex.TestUtils.equals(TestUtils.java:390)
	at org.apache.commons.complex.TestUtils.equals(TestUtils.java:390)
	at org.apache.commons.complex.TestUtils.equals(TestUtils.java:390)
	at org.apache.commons.complex.TestUtils.equals(TestUtils.java:390)
	at org.apache.commons.complex.TestUtils.equals(TestUtils.java:390)
	at org.apache.commons.complex.TestUtils.equals(TestUtils.java:390)
	at org.apache.commons.complex.TestUtils.equals(TestUtils.java:390)
	at org.apache.commons.complex.TestUtils.equals(TestUtils.java:390)
	at org.apache.commons.complex.TestUtils.equals(TestUtils.java:390)
	at org.apache.commons.complex.TestUtils.equals(TestUtils.java:390)
	at org.apache.commons.complex.TestUtils.equals(TestUtils.java:390)
	at org.apache.commons.complex.TestUtils.equals(TestUtils.java:390)
	at org.apache.commons.complex.TestUtils.equals(TestUtils.java:390)
	at org.apache.commons.complex.TestUtils.equals(TestUtils.java:390)
	at org.apache.commons.complex.TestUtils.equals(TestUtils.java:390)
	at org.apache.commons.complex.TestUtils.equals(TestUtils.java:390)
	at org.apache.commons.complex.TestUtils.equals(TestUtils.java:390)
	at org.apache.commons.complex.TestUtils.equals(TestUtils.java:390)
	at org.apache.commons.complex.TestUtils.equals(TestUtils.java:390)
	at org.apache.commons.complex.TestUtils.equals(TestUtils.java:390)
	at org.apache.commons.complex.TestUtils.equals(TestUtils.java:390)
	at org.apache.commons.complex.TestUtils.equals(TestUtils.java:390)
	at org.apache.commons.complex.TestUtils.equals(TestUtils.java:390)
	at org.apache.commons.complex.TestUtils.equals(TestUtils.java:390)
	at org.apache.commons.complex.TestUtils.equals(TestUtils.java:390)
	at org.apache.commons.complex.TestUtils.equals(TestUtils.java:390)
	at org.apache.commons.complex.TestUtils.equals(TestUtils.java:390)
	at org.apache.commons.complex.TestUtils.equals(TestUtils.java:390)
	at org.apache.commons.complex.TestUtils.equals(TestUtils.java:390)
	at org.apache.commons.complex.TestUtils.equals(TestUtils.java:390)
	at org.apache.commons.complex.TestUtils.equals(TestUtils.java:390)
	at org.apache.commons.complex.TestUtils.equals(TestUtils.java:390)
	at org.apache.commons.complex.TestUtils.equals(TestUtils.java:390)
	at org.apache.commons.complex.TestUtils.equals(TestUtils.java:390)
	at org.apache.commons.complex.TestUtils.equals(TestUtils.java:390)
	at org.apache.commons.complex.TestUtils.equals(TestUtils.java:390)
	at org.apache.commons.complex.TestUtils.equals(TestUtils.java:390)
	at org.apache.commons.complex.TestUtils.equals(TestUtils.java:390)
	at org.apache.commons.complex.TestUtils.equals(TestUtils.java:390)
	at org.apache.commons.complex.TestUtils.equals(TestUtils.java:390)
	at org.apache.commons.complex.TestUtils.equals(TestUtils.java:390)
	at org.apache.commons.complex.TestUtils.equals(TestUtils.java:390)
	at org.apache.commons.complex.TestUtils.equals(TestUtils.java:390)
	at org.apache.commons.complex.TestUtils.equals(TestUtils.java:390)
	at org.apache.commons.complex.TestUtils.equals(TestUtils.java:390)
	at org.apache.commons.complex.TestUtils.equals(TestUtils.java:390)
	at org.apache.commons.complex.TestUtils.equals(TestUtils.java:390)
	at org.apache.commons.complex.TestUtils.equals(TestUtils.java:390)
	at org.apache.commons.complex.TestUtils.equals(TestUtils.java:390)
	at org.apache.commons.complex.TestUtils.equals(TestUtils.java:390)
	at org.apache.commons.complex.TestUtils.equals(TestUtils.java:390)
	at org.apache.commons.complex.TestUtils.equals(TestUtils.java:390)
	at org.apache.commons.complex.TestUtils.equals(TestUtils.java:390)
	at org.apache.commons.complex.TestUtils.equals(TestUtils.java:390)
	at org.apache.commons.complex.TestUtils.equals(TestUtils.java:390)
	at org.apache.commons.complex.TestUtils.equals(TestUtils.java:390)
	at org.apache.commons.complex.TestUtils.equals(TestUtils.java:390)
	at org.apache.commons.complex.TestUtils.equals(TestUtils.java:390)
	at org.apache.commons.complex.TestUtils.equals(TestUtils.java:390)
	at org.apache.commons.complex.TestUtils.equals(TestUtils.java:390)
	at org.apache.commons.complex.TestUtils.equals(TestUtils.java:390)
	at org.apache.commons.complex.TestUtils.equals(TestUtils.java:390)
	at org.apache.commons.complex.TestUtils.equals(TestUtils.java:390)
	at org.apache.commons.complex.TestUtils.equals(TestUtils.java:390)
	at org.apache.commons.complex.TestUtils.equals(TestUtils.java:390)
	at org.apache.commons.complex.TestUtils.equals(TestUtils.java:390)
	at org.apache.commons.complex.TestUtils.equals(TestUtils.java:390)
	at org.apache.commons.complex.TestUtils.equals(TestUtils.java:390)
	at org.apache.commons.complex.TestUtils.equals(TestUtils.java:390)
	at org.apache.commons.complex.TestUtils.equals(TestUtils.java:390)
	at org.apache.commons.complex.TestUtils.equals(TestUtils.java:390)
	at org.apache.commons.complex.TestUtils.equals(TestUtils.java:390)
	at org.apache.commons.complex.TestUtils.equals(TestUtils.java:390)
	at org.apache.commons.complex.TestUtils.equals(TestUtils.java:390)
	at org.apache.commons.complex.TestUtils.equals(TestUtils.java:390)
	at org.apache.commons.complex.TestUtils.equals(TestUtils.java:390)
	at org.apache.commons.complex.TestUtils.equals(TestUtils.java:390)
	at org.apache.commons.complex.TestUtils.equals(TestUtils.java:390)
	at org.apache.commons.complex.TestUtils.equals(TestUtils.java:390)
	at org.apache.commons.complex.TestUtils.equals(TestUtils.java:390)
	at org.apache.commons.complex.TestUtils.equals(TestUtils.java:390)
	at org.apache.commons.complex.TestUtils.equals(TestUtils.java:390)
	at org.apache.commons.complex.TestUtils.equals(TestUtils.java:390)
	at org.apache.commons.complex.TestUtils.equals(TestUtils.java:390)
	at org.apache.commons.complex.TestUtils.equals(TestUtils.java:390)
	at org.apache.commons.complex.TestUtils.equals(TestUtils.java:390)
	at org.apache.commons.complex.TestUtils.equals(TestUtils.java:390)
	at org.apache.commons.complex.TestUtils.equals(TestUtils.java:390)
	at org.apache.commons.complex.TestUtils.equals(TestUtils.java:390)
	at org.apache.commons.complex.TestUtils.equals(TestUtils.java:390)
	at org.apache.commons.complex.TestUtils.equals(TestUtils.java:390)
	at org.apache.commons.complex.TestUtils.equals(TestUtils.java:390)
	at org.apache.commons.complex.TestUtils.equals(TestUtils.java:390)
	at org.apache.commons.complex.TestUtils.equals(TestUtils.java:390)
	at org.apache.commons.complex.TestUtils.equals(TestUtils.java:390)
	at org.apache.commons.complex.TestUtils.equals(TestUtils.java:390)
	at org.apache.commons.complex.TestUtils.equals(TestUtils.java:390)
	at org.apache.commons.complex.TestUtils.equals(TestUtils.java:390)
	at org.apache.commons.complex.TestUtils.equals(TestUtils.java:390)
	at org.apache.commons.complex.TestUtils.equals(TestUtils.java:390)
	at org.apache.commons.complex.TestUtils.equals(TestUtils.java:390)
	at org.apache.commons.complex.TestUtils.equals(TestUtils.java:390)
	at org.apache.commons.complex.TestUtils.equals(TestUtils.java:390)
	at org.apache.commons.complex.TestUtils.equals(TestUtils.java:390)
	at org.apache.commons.complex.TestUtils.equals(TestUtils.java:390)
	at org.apache.commons.complex.TestUtils.equals(TestUtils.java:390)
	at org.apache.commons.complex.TestUtils.equals(TestUtils.java:390)
	at org.apache.commons.complex.TestUtils.equals(TestUtils.java:390)
	at org.apache.commons.complex.TestUtils.equals(TestUtils.java:390)
	at org.apache.commons.complex.TestUtils.equals(TestUtils.java:390)
	at org.apache.commons.complex.TestUtils.equals(TestUtils.java:390)
	at org.apache.commons.complex.TestUtils.equals(TestUtils.java:390)
	at org.apache.commons.complex.TestUtils.equals(TestUtils.java:390)
	at org.apache.commons.complex.TestUtils.equals(TestUtils.java:390)
	at org.apache.commons.complex.TestUtils.equals(TestUtils.java:390)
	at org.apache.commons.complex.TestUtils.equals(TestUtils.java:390)
	at org.apache.commons.complex.TestUtils.equals(TestUtils.java:390)
	at org.apache.commons.complex.TestUtils.equals(TestUtils.java:390)
	at org.apache.commons.complex.TestUtils.equals(TestUtils.java:390)
	at org.apache.commons.complex.TestUtils.equals(TestUtils.java:390)
	at org.apache.commons.complex.TestUtils.equals(TestUtils.java:390)
	at org.apache.commons.complex.TestUtils.equals(TestUtils.java:390)
	at org.apache.commons.complex.TestUtils.equals(TestUtils.java:390)
	at org.apache.commons.complex.TestUtils.equals(TestUtils.java:390)
	at org.apache.commons.complex.TestUtils.equals(TestUtils.java:390)
	at org.apache.commons.complex.TestUtils.equals(TestUtils.java:390)
	at org.apache.commons.complex.TestUtils.equals(TestUtils.java:390)
	at org.apache.commons.complex.TestUtils.equals(TestUtils.java:390)
	at org.apache.commons.complex.TestUtils.equals(TestUtils.java:390)
	at org.apache.commons.complex.TestUtils.equals(TestUtils.java:390)
	at org.apache.commons.complex.TestUtils.equals(TestUtils.java:390)
	at org.apache.commons.complex.TestUtils.equals(TestUtils.java:390)
	at org.apache.commons.complex.TestUtils.equals(TestUtils.java:390)
	at org.apache.commons.complex.TestUtils.equals(TestUtils.java:390)
	at org.apache.commons.complex.TestUtils.equals(TestUtils.java:390)
	at org.apache.commons.complex.TestUtils.equals(TestUtils.java:390)
	at org.apache.commons.complex.TestUtils.equals(TestUtils.java:390)
	at org.apache.commons.complex.TestUtils.equals(TestUtils.java:390)
	at org.apache.commons.complex.TestUtils.equals(TestUtils.java:390)
	at org.apache.commons.complex.TestUtils.equals(TestUtils.java:390)
	at org.apache.commons.complex.TestUtils.equals(TestUtils.java:390)
	at org.apache.commons.complex.TestUtils.equals(TestUtils.java:390)
	at org.apache.commons.complex.TestUtils.equals(TestUtils.java:390)
	at org.apache.commons.complex.TestUtils.equals(TestUtils.java:390)
	at org.apache.commons.complex.TestUtils.equals(TestUtils.java:390)
	at org.apache.commons.complex.TestUtils.equals(TestUtils.java:390)
	at org.apache.commons.complex.TestUtils.equals(TestUtils.java:390)
	at org.apache.commons.complex.TestUtils.equals(TestUtils.java:390)
	at org.apache.commons.complex.TestUtils.equals(TestUtils.java:390)
	at org.apache.commons.complex.TestUtils.equals(TestUtils.java:390)
	at org.apache.commons.complex.TestUtils.equals(TestUtils.java:390)
	at org.apache.commons.complex.TestUtils.equals(TestUtils.java:390)
	at org.apache.commons.complex.TestUtils.equals(TestUtils.java:390)
	at org.apache.commons.complex.TestUtils.equals(TestUtils.java:390)
	at org.apache.commons.complex.TestUtils.equals(TestUtils.java:390)
	at org.apache.commons.complex.TestUtils.equals(TestUtils.java:390)
	at org.apache.commons.complex.TestUtils.equals(TestUtils.java:390)
	at org.apache.commons.complex.TestUtils.equals(TestUtils.java:390)
	at org.apache.commons.complex.TestUtils.equals(TestUtils.java:390)
	at org.apache.commons.complex.TestUtils.equals(TestUtils.java:390)
	at org.apache.commons.complex.TestUtils.equals(TestUtils.java:390)
	at org.apache.commons.complex.TestUtils.equals(TestUtils.java:390)
	at org.apache.commons.complex.TestUtils.equals(TestUtils.java:390)
	at org.apache.commons.complex.TestUtils.equals(TestUtils.java:390)
	at org.apache.commons.complex.TestUtils.equals(TestUtils.java:390)
	at org.apache.commons.complex.TestUtils.equals(TestUtils.java:390)
	at org.apache.commons.complex.TestUtils.equals(TestUtils.java:390)
	at org.apache.commons.complex.TestUtils.equals(TestUtils.java:390)
	at org.apache.commons.complex.TestUtils.equals(TestUtils.java:390)
	at org.apache.commons.complex.TestUtils.equals(TestUtils.java:390)
	at org.apache.commons.complex.TestUtils.equals(TestUtils.java:390)
	at org.apache.commons.complex.TestUtils.equals(TestUtils.java:390)
	at org.apache.commons.complex.TestUtils.equals(TestUtils.java:390)
	at org.apache.commons.complex.TestUtils.equals(TestUtils.java:390)
	at org.apache.commons.complex.TestUtils.equals(TestUtils.java:390)
	at org.apache.commons.complex.TestUtils.equals(TestUtils.java:390)
	at org.apache.commons.complex.TestUtils.equals(TestUtils.java:390)
	at org.apache.commons.complex.TestUtils.equals(TestUtils.java:390)
	at org.apache.commons.complex.TestUtils.equals(TestUtils.java:390)
	at org.apache.commons.complex.TestUtils.equals(TestUtils.java:390)
	at org.apache.commons.complex.TestUtils.equals(TestUtils.java:390)
	at org.apache.commons.complex.TestUtils.equals(TestUtils.java:390)
	at org.apache.commons.complex.TestUtils.equals(TestUtils.java:390)
	at org.apache.commons.complex.TestUtils.equals(TestUtils.java:390)
	at org.apache.commons.complex.TestUtils.equals(TestUtils.java:390)
	at org.apache.commons.complex.TestUtils.equals(TestUtils.java:390)
	at org.apache.commons.complex.TestUtils.equals(TestUtils.java:390)
	at org.apache.commons.complex.TestUtils.equals(TestUtils.java:390)
	at org.apache.commons.complex.TestUtils.equals(TestUtils.java:390)
	at org.apache.commons.complex.TestUtils.equals(TestUtils.java:390)
	at org.apache.commons.complex.TestUtils.equals(TestUtils.java:390)
	at org.apache.commons.complex.TestUtils.equals(TestUtils.java:390)
	at org.apache.commons.complex.TestUtils.equals(TestUtils.java:390)
	at org.apache.commons.complex.TestUtils.equals(TestUtils.java:390)
	at org.apache.commons.complex.TestUtils.equals(TestUtils.java:390)
	at org.apache.commons.complex.TestUtils.equals(TestUtils.java:390)
	at org.apache.commons.complex.TestUtils.equals(TestUtils.java:390)
	at org.apache.commons.complex.TestUtils.equals(TestUtils.java:390)
	at org.apache.commons.complex.TestUtils.equals(TestUtils.java:390)
	at org.apache.commons.complex.TestUtils.equals(TestUtils.java:390)
	at org.apache.commons.complex.TestUtils.equals(TestUtils.java:390)
	at org.apache.commons.complex.TestUtils.equals(TestUtils.java:390)
	at org.apache.commons.complex.TestUtils.equals(TestUtils.java:390)
	at org.apache.commons.complex.TestUtils.equals(TestUtils.java:390)
	at org.apache.commons.complex.TestUtils.equals(TestUtils.java:390)
	at org.apache.commons.complex.TestUtils.equals(TestUtils.java:390)
	at org.apache.commons.complex.TestUtils.equals(TestUtils.java:390)
	at org.apache.commons.complex.TestUtils.equals(TestUtils.java:390)
	at org.apache.commons.complex.TestUtils.equals(TestUtils.java:390)
	at org.apache.commons.complex.TestUtils.equals(TestUtils.java:390)
	at org.apache.commons.complex.TestUtils.equals(TestUtils.java:390)
	at org.apache.commons.complex.TestUtils.equals(TestUtils.java:390)
	at org.apache.commons.complex.TestUtils.equals(TestUtils.java:390)
	at org.apache.commons.complex.TestUtils.equals(TestUtils.java:390)
	at org.apache.commons.complex.TestUtils.equals(TestUtils.java:390)
	at org.apache.commons.complex.TestUtils.equals(TestUtils.java:390)
	at org.apache.commons.complex.TestUtils.equals(TestUtils.java:390)
	at org.apache.commons.complex.TestUtils.equals(TestUtils.java:390)
	at org.apache.commons.complex.TestUtils.equals(TestUtils.java:390)
	at org.apache.commons.complex.TestUtils.equals(TestUtils.java:390)
	at org.apache.commons.complex.TestUtils.equals(TestUtils.java:390)
	at org.apache.commons.complex.TestUtils.equals(TestUtils.java:390)
	at org.apache.commons.complex.TestUtils.equals(TestUtils.java:390)
	at org.apache.commons.complex.TestUtils.equals(TestUtils.java:390)
	at org.apache.commons.complex.TestUtils.equals(TestUtils.java:390)
	at org.apache.commons.complex.TestUtils.equals(TestUtils.java:390)
	at org.apache.commons.complex.TestUtils.equals(TestUtils.java:390)
	at org.apache.commons.complex.TestUtils.equals(TestUtils.java:390)
	at org.apache.commons.complex.TestUtils.equals(TestUtils.java:390)
	at org.apache.commons.complex.TestUtils.equals(TestUtils.java:390)
	at org.apache.commons.complex.TestUtils.equals(TestUtils.java:390)
	at org.apache.commons.complex.TestUtils.equals(TestUtils.java:390)
	at org.apache.commons.complex.TestUtils.equals(TestUtils.java:390)
	at org.apache.commons.complex.TestUtils.equals(TestUtils.java:390)
	at org.apache.commons.complex.TestUtils.equals(TestUtils.java:390)
	at org.apache.commons.complex.TestUtils.equals(TestUtils.java:390)
	at org.apache.commons.complex.TestUtils.equals(TestUtils.java:390)
	at org.apache.commons.complex.TestUtils.equals(TestUtils.java:390)
	at org.apache.commons.complex.TestUtils.equals(TestUtils.java:390)
	at org.apache.commons.complex.TestUtils.equals(TestUtils.java:390)
	at org.apache.commons.complex.TestUtils.equals(TestUtils.java:390)
	at org.apache.commons.complex.TestUtils.equals(TestUtils.java:390)
	at org.apache.commons.complex.TestUtils.equals(TestUtils.java:390)
	at org.apache.commons.complex.TestUtils.equals(TestUtils.java:390)
	at org.apache.commons.complex.TestUtils.equals(TestUtils.java:390)
	at org.apache.commons.complex.TestUtils.equals(TestUtils.java:390)
	at org.apache.commons.complex.TestUtils.equals(TestUtils.java:390)
	at org.apache.commons.complex.TestUtils.equals(TestUtils.java:390)
	at org.apache.commons.complex.TestUtils.equals(TestUtils.java:390)
	at org.apache.commons.complex.TestUtils.equals(TestUtils.java:390)
	at org.apache.commons.complex.TestUtils.equals(TestUtils.java:390)
	at org.apache.commons.complex.TestUtils.equals(TestUtils.java:390)
	at org.apache.commons.complex.TestUtils.equals(TestUtils.java:390)
	at org.apache.commons.complex.TestUtils.equals(TestUtils.java:390)
	at org.apache.commons.complex.TestUtils.equals(TestUtils.java:390)
	at org.apache.commons.complex.TestUtils.equals(TestUtils.java:390)
	at org.apache.commons.complex.TestUtils.equals(TestUtils.java:390)
	at org.apache.commons.complex.TestUtils.equals(TestUtils.java:390)
	at org.apache.commons.complex.TestUtils.equals(TestUtils.java:390)
	at org.apache.commons.complex.TestUtils.equals(TestUtils.java:390)
	at org.apache.commons.complex.TestUtils.equals(TestUtils.java:390)
	at org.apache.commons.complex.TestUtils.equals(TestUtils.java:390)
	at org.apache.commons.complex.TestUtils.equals(TestUtils.java:390)
	at org.apache.commons.complex.TestUtils.equals(TestUtils.java:390)
	at org.apache.commons.complex.TestUtils.equals(TestUtils.java:390)
	at org.apache.commons.complex.TestUtils.equals(TestUtils.java:390)
	at org.apache.commons.complex.TestUtils.equals(TestUtils.java:390)
	at org.apache.commons.complex.TestUtils.equals(TestUtils.java:390)
	at org.apache.commons.complex.TestUtils.equals(TestUtils.java:390)
	at org.apache.commons.complex.TestUtils.equals(TestUtils.java:390)
	at org.apache.commons.complex.TestUtils.equals(TestUtils.java:390)
	at org.apache.commons.complex.TestUtils.equals(TestUtils.java:390)
	at org.apache.commons.complex.TestUtils.equals(TestUtils.java:390)
	at org.apache.commons.complex.TestUtils.equals(TestUtils.java:390)
	at org.apache.commons.complex.TestUtils.equals(TestUtils.java:390)
	at org.apache.commons.complex.TestUtils.equals(TestUtils.java:390)
	at org.apache.commons.complex.TestUtils.equals(TestUtils.java:390)
	at org.apache.commons.complex.TestUtils.equals(TestUtils.java:390)
	at org.apache.commons.complex.TestUtils.equals(TestUtils.java:390)
	at org.apache.commons.complex.TestUtils.equals(TestUtils.java:390)
	at org.apache.commons.complex.TestUtils.equals(TestUtils.java:390)
	at org.apache.commons.complex.TestUtils.equals(TestUtils.java:390)
	at org.apache.commons.complex.TestUtils.equals(TestUtils.java:390)
	at org.apache.commons.complex.TestUtils.equals(TestUtils.java:390)
	at org.apache.commons.complex.TestUtils.equals(TestUtils.java:390)
	at org.apache.commons.complex.TestUtils.equals(TestUtils.java:390)
	at org.apache.commons.complex.TestUtils.equals(TestUtils.java:390)
	at org.apache.commons.complex.TestUtils.equals(TestUtils.java:390)
	at org.apache.commons.complex.TestUtils.equals(TestUtils.java:390)
	at org.apache.commons.complex.TestUtils.equals(TestUtils.java:390)
	at org.apache.commons.complex.TestUtils.equals(TestUtils.java:390)
	at org.apache.commons.complex.TestUtils.equals(TestUtils.java:390)
	at org.apache.commons.complex.TestUtils.equals(TestUtils.java:390)
	at org.apache.commons.complex.TestUtils.equals(TestUtils.java:390)
	at org.apache.commons.complex.TestUtils.equals(TestUtils.java:390)
	at org.apache.commons.complex.TestUtils.equals(TestUtils.java:390)
	at org.apache.commons.complex.TestUtils.equals(TestUtils.java:390)
	at org.apache.commons.complex.TestUtils.equals(TestUtils.java:390)
	at org.apache.commons.complex.TestUtils.equals(TestUtils.java:390)
	at org.apache.commons.complex.TestUtils.equals(TestUtils.java:390)
	at org.apache.commons.complex.TestUtils.equals(TestUtils.java:390)
	at org.apache.commons.complex.TestUtils.equals(TestUtils.java:390)
	at org.apache.commons.complex.TestUtils.equals(TestUtils.java:390)
	at org.apache.commons.complex.TestUtils.equals(TestUtils.java:390)
	at org.apache.commons.complex.TestUtils.equals(TestUtils.java:390)
	at org.apache.commons.complex.TestUtils.equals(TestUtils.java:390)
	at org.apache.commons.complex.TestUtils.equals(TestUtils.java:390)
	at org.apache.commons.complex.TestUtils.equals(TestUtils.java:390)
	at org.apache.commons.complex.TestUtils.equals(TestUtils.java:390)
	at org.apache.commons.complex.TestUtils.equals(TestUtils.java:390)
	at org.apache.commons.complex.TestUtils.equals(TestUtils.java:390)
	at org.apache.commons.complex.TestUtils.equals(TestUtils.java:390)
	at org.apache.commons.complex.TestUtils.equals(TestUtils.java:390)
	at org.apache.commons.complex.TestUtils.equals(TestUtils.java:390)
	at org.apache.commons.complex.TestUtils.equals(TestUtils.java:390)
	at org.apache.commons.complex.TestUtils.equals(TestUtils.java:390)
	at org.apache.commons.complex.TestUtils.equals(TestUtils.java:390)
	at org.apache.commons.complex.TestUtils.equals(TestUtils.java:390)
	at org.apache.commons.complex.TestUtils.equals(TestUtils.java:390)
	at org.apache.commons.complex.TestUtils.equals(TestUtils.java:390)
	at org.apache.commons.complex.TestUtils.equals(TestUtils.java:390)
	at org.apache.commons.complex.TestUtils.equals(TestUtils.java:390)
	at org.apache.commons.complex.TestUtils.equals(TestUtils.java:390)
	at org.apache.commons.complex.TestUtils.equals(TestUtils.java:390)
	at org.apache.commons.complex.TestUtils.equals(TestUtils.java:390)
	at org.apache.commons.complex.TestUtils.equals(TestUtils.java:390)
	at org.apache.commons.complex.TestUtils.equals(TestUtils.java:390)
	at org.apache.commons.complex.TestUtils.equals(TestUtils.java:390)
	at org.apache.commons.complex.TestUtils.equals(TestUtils.java:390)
	at org.apache.commons.complex.TestUtils.equals(TestUtils.java:390)
	at org.apache.commons.complex.TestUtils.equals(TestUtils.java:390)
	at org.apache.commons.complex.TestUtils.equals(TestUtils.java:390)
	at org.apache.commons.complex.TestUtils.equals(TestUtils.java:390)
	at org.apache.commons.complex.TestUtils.equals(TestUtils.java:390)
	at org.apache.commons.complex.TestUtils.equals(TestUtils.java:390)
	at org.apache.commons.complex.TestUtils.equals(TestUtils.java:390)
	at org.apache.commons.complex.TestUtils.equals(TestUtils.java:390)
	at org.apache.commons.complex.TestUtils.equals(TestUtils.java:390)
	at org.apache.commons.complex.TestUtils.equals(TestUtils.java:390)
	at org.apache.commons.complex.TestUtils.equals(TestUtils.java:390)
	at org.apache.commons.complex.TestUtils.equals(TestUtils.java:390)
	at org.apache.commons.complex.TestUtils.equals(TestUtils.java:390)
	at org.apache.commons.complex.TestUtils.equals(TestUtils.java:390)
	at org.apache.commons.complex.TestUtils.equals(TestUtils.java:390)
	at org.apache.commons.complex.TestUtils.equals(TestUtils.java:390)
	at org.apache.commons.complex.TestUtils.equals(TestUtils.java:390)
	at org.apache.commons.complex.TestUtils.equals(TestUtils.java:390)
	at org.apache.commons.complex.TestUtils.equals(TestUtils.java:390)
	at org.apache.commons.complex.TestUtils.equals(TestUtils.java:390)
	at org.apache.commons.complex.TestUtils.equals(TestUtils.java:390)
	at org.apache.commons.complex.TestUtils.equals(TestUtils.java:390)
	at org.apache.commons.complex.TestUtils.equals(TestUtils.java:390)
	at org.apache.commons.complex.TestUtils.equals(TestUtils.java:390)
	at org.apache.commons.complex.TestUtils.equals(TestUtils.java:390)
	at org.apache.commons.complex.TestUtils.equals(TestUtils.java:390)
	at org.apache.commons.complex.TestUtils.equals(TestUtils.java:390)
	at org.apache.commons.complex.TestUtils.equals(TestUtils.java:390)
	at org.apache.commons.complex.TestUtils.equals(TestUtils.java:390)
	at org.apache.commons.complex.TestUtils.equals(TestUtils.java:390)
	at org.apache.commons.complex.TestUtils.equals(TestUtils.java:390)
	at org.apache.commons.complex.TestUtils.equals(TestUtils.java:390)
	at org.apache.commons.complex.TestUtils.equals(TestUtils.java:390)
	at org.apache.commons.complex.TestUtils.equals(TestUtils.java:390)
	at org.apache.commons.complex.TestUtils.equals(TestUtils.java:390)
	at org.apache.commons.complex.TestUtils.equals(TestUtils.java:390)
	at org.apache.commons.complex.TestUtils.equals(TestUtils.java:390)
	at org.apache.commons.complex.TestUtils.equals(TestUtils.java:390)
	at org.apache.commons.complex.TestUtils.equals(TestUtils.java:390)
	at org.apache.commons.complex.TestUtils.equals(TestUtils.java:390)
	at org.apache.commons.complex.TestUtils.equals(TestUtils.java:390)
	at org.apache.commons.complex.TestUtils.equals(TestUtils.java:390)
	at org.apache.commons.complex.TestUtils.equals(TestUtils.java:390)
	at org.apache.commons.complex.TestUtils.equals(TestUtils.java:390)
	at org.apache.commons.complex.TestUtils.equals(TestUtils.java:390)
	at org.apache.commons.complex.TestUtils.equals(TestUtils.java:390)
	at org.apache.commons.complex.TestUtils.equals(TestUtils.java:390)
	at org.apache.commons.complex.TestUtils.equals(TestUtils.java:390)
	at org.apache.commons.complex.TestUtils.equals(TestUtils.java:390)
	at org.apache.commons.complex.TestUtils.equals(TestUtils.java:390)
	at org.apache.commons.complex.TestUtils.equals(TestUtils.java:390)
	at org.apache.commons.complex.TestUtils.equals(TestUtils.java:390)
	at org.apache.commons.complex.TestUtils.equals(TestUtils.java:390)
	at org.apache.commons.complex.TestUtils.equals(TestUtils.java:390)
	at org.apache.commons.complex.TestUtils.equals(TestUtils.java:390)
	at org.apache.commons.complex.TestUtils.equals(TestUtils.java:390)
	at org.apache.commons.complex.TestUtils.equals(TestUtils.java:390)
	at org.apache.commons.complex.TestUtils.equals(TestUtils.java:390)
	at org.apache.commons.complex.TestUtils.equals(TestUtils.java:390)
	at org.apache.commons.complex.TestUtils.equals(TestUtils.java:390)
	at org.apache.commons.complex.TestUtils.equals(TestUtils.java:390)
	at org.apache.commons.complex.TestUtils.equals(TestUtils.java:390)
	at org.apache.commons.complex.TestUtils.equals(TestUtils.java:390)
	at org.apache.commons.complex.TestUtils.equals(TestUtils.java:390)
	at org.apache.commons.complex.TestUtils.equals(TestUtils.java:390)
	at org.apache.commons.complex.TestUtils.equals(TestUtils.java:390)
	at org.apache.commons.complex.TestUtils.equals(TestUtils.java:390)
	at org.apache.commons.complex.TestUtils.equals(TestUtils.java:390)
	at org.apache.commons.complex.TestUtils.equals(TestUtils.java:390)
	at org.apache.commons.complex.TestUtils.equals(TestUtils.java:390)
	at org.apache.commons.complex.TestUtils.equals(TestUtils.java:390)
	at org.apache.commons.complex.TestUtils.equals(TestUtils.java:390)
	at org.apache.commons.complex.TestUtils.equals(TestUtils.java:390)
	at org.apache.commons.complex.TestUtils.equals(TestUtils.java:390)
	at org.apache.commons.complex.TestUtils.equals(TestUtils.java:390)
	at org.apache.commons.complex.TestUtils.equals(TestUtils.java:390)
	at org.apache.commons.complex.TestUtils.equals(TestUtils.java:390)
	at org.apache.commons.complex.TestUtils.equals(TestUtils.java:390)
	at org.apache.commons.complex.TestUtils.equals(TestUtils.java:390)
	at org.apache.commons.complex.TestUtils.equals(TestUtils.java:390)
	at org.apache.commons.complex.TestUtils.equals(TestUtils.java:390)
	at org.apache.commons.complex.TestUtils.equals(TestUtils.java:390)
	at org.apache.commons.complex.TestUtils.equals(TestUtils.java:390)
	at org.apache.commons.complex.TestUtils.equals(TestUtils.java:390)
	at org.apache.commons.complex.TestUtils.equals(TestUtils.java:390)
	at org.apache.commons.complex.TestUtils.equals(TestUtils.java:390)
	at org.apache.commons.complex.TestUtils.equals(TestUtils.java:390)
	at org.apache.commons.complex.TestUtils.equals(TestUtils.java:390)
	at org.apache.commons.complex.TestUtils.equals(TestUtils.java:390)
	at org.apache.commons.complex.TestUtils.equals(TestUtils.java:390)
	at org.apache.commons.complex.TestUtils.equals(TestUtils.java:390)
	at org.apache.commons.complex.TestUtils.equals(TestUtils.java:390)
	at org.apache.commons.complex.TestUtils.equals(TestUtils.java:390)
	at org.apache.commons.complex.TestUtils.equals(TestUtils.java:390)
	at org.apache.commons.complex.TestUtils.equals(TestUtils.java:390)
	at org.apache.commons.complex.TestUtils.equals(TestUtils.java:390)
	at org.apache.commons.complex.TestUtils.equals(TestUtils.java:390)
	at org.apache.commons.complex.TestUtils.equals(TestUtils.java:390)
	at org.apache.commons.complex.TestUtils.equals(TestUtils.java:390)
	at org.apache.commons.complex.TestUtils.equals(TestUtils.java:390)
	at org.apache.commons.complex.TestUtils.equals(TestUtils.java:390)
	at org.apache.commons.complex.TestUtils.equals(TestUtils.java:390)
	at org.apache.commons.complex.TestUtils.equals(TestUtils.java:390)
	at org.apache.commons.complex.TestUtils.equals(TestUtils.java:390)
	at org.apache.commons.complex.TestUtils.equals(TestUtils.java:390)
	at org.apache.commons.complex.TestUtils.equals(TestUtils.java:390)
	at org.apache.commons.complex.TestUtils.equals(TestUtils.java:390)
	at org.apache.commons.complex.TestUtils.equals(TestUtils.java:390)
	at org.apache.commons.complex.TestUtils.equals(TestUtils.java:390)
	at org.apache.commons.complex.TestUtils.equals(TestUtils.java:390)
	at org.apache.commons.complex.TestUtils.equals(TestUtils.java:390)
	at org.apache.commons.complex.TestUtils.equals(TestUtils.java:390)
	at org.apache.commons.complex.TestUtils.equals(TestUtils.java:390)
	at org.apache.commons.complex.TestUtils.equals(TestUtils.java:390)
	at org.apache.commons.complex.TestUtils.equals(TestUtils.java:390)
	at org.apache.commons.complex.TestUtils.equals(TestUtils.java:390)
	at org.apache.commons.complex.TestUtils.equals(TestUtils.java:390)
	at org.apache.commons.complex.TestUtils.equals(TestUtils.java:390)
	at org.apache.commons.complex.TestUtils.equals(TestUtils.java:390)
	at org.apache.commons.complex.TestUtils.equals(TestUtils.java:390)
	at org.apache.commons.complex.TestUtils.equals(TestUtils.java:390)
	at org.apache.commons.complex.TestUtils.equals(TestUtils.java:390)
	at org.apache.commons.complex.TestUtils.equals(TestUtils.java:390)
	at org.apache.commons.complex.TestUtils.equals(TestUtils.java:390)
	at org.apache.commons.complex.TestUtils.equals(TestUtils.java:390)
	at org.apache.commons.complex.TestUtils.equals(TestUtils.java:390)
	at org.apache.commons.complex.TestUtils.equals(TestUtils.java:390)
	at org.apache.commons.complex.TestUtils.equals(TestUtils.java:390)
	at org.apache.commons.complex.TestUtils.equals(TestUtils.java:390)
	at org.apache.commons.complex.TestUtils.equals(TestUtils.java:390)
	at org.apache.commons.complex.TestUtils.equals(TestUtils.java:390)
	at org.apache.commons.complex.TestUtils.equals(TestUtils.java:390)
	at org.apache.commons.complex.TestUtils.equals(TestUtils.java:390)
	at org.apache.commons.complex.TestUtils.equals(TestUtils.java:390)
	at org.apache.commons.complex.TestUtils.equals(TestUtils.java:390)
	at org.apache.commons.complex.TestUtils.equals(TestUtils.java:390)
	at org.apache.commons.complex.TestUtils.equals(TestUtils.java:390)
	at org.apache.commons.complex.TestUtils.equals(TestUtils.java:390)
	at org.apache.commons.complex.TestUtils.equals(TestUtils.java:390)
	at org.apache.commons.complex.TestUtils.equals(TestUtils.java:390)
	at org.apache.commons.complex.TestUtils.equals(TestUtils.java:390)
	at org.apache.commons.complex.TestUtils.equals(TestUtils.java:390)
	at org.apache.commons.complex.TestUtils.equals(TestUtils.java:390)
	at org.apache.commons.complex.TestUtils.equals(TestUtils.java:390)
	at org.apache.commons.complex.TestUtils.equals(TestUtils.java:390)
	at org.apache.commons.complex.TestUtils.equals(TestUtils.java:390)
	at org.apache.commons.complex.TestUtils.equals(TestUtils.java:390)
	at org.apache.commons.complex.TestUtils.equals(TestUtils.java:390)
	at org.apache.commons.complex.TestUtils.equals(TestUtils.java:390)
	at org.apache.commons.complex.TestUtils.equals(TestUtils.java:390)
	at org.apache.commons.complex.TestUtils.equals(TestUtils.java:390)
	at org.apache.commons.complex.TestUtils.equals(TestUtils.java:390)
	at org.apache.commons.complex.TestUtils.equals(TestUtils.java:390)
	at org.apache.commons.complex.TestUtils.equals(TestUtils.java:390)
	at org.apache.commons.complex.TestUtils.equals(TestUtils.java:390)
	at org.apache.commons.complex.TestUtils.equals(TestUtils.java:390)
	at org.apache.commons.complex.TestUtils.equals(TestUtils.java:390)
	at org.apache.commons.complex.TestUtils.equals(TestUtils.java:390)
	at org.apache.commons.complex.TestUtils.equals(TestUtils.java:390)
	at org.apache.commons.complex.TestUtils.equals(TestUtils.java:390)
	at org.apache.commons.complex.TestUtils.equals(TestUtils.java:390)
	at org.apache.commons.complex.TestUtils.equals(TestUtils.java:390)
	at org.apache.commons.complex.TestUtils.equals(TestUtils.java:390)
	at org.apache.commons.complex.TestUtils.equals(TestUtils.java:390)
	at org.apache.commons.complex.TestUtils.equals(TestUtils.java:390)
	at org.apache.commons.complex.TestUtils.equals(TestUtils.java:390)
	at org.apache.commons.complex.TestUtils.equals(TestUtils.java:390)
	at org.apache.commons.complex.TestUtils.equals(TestUtils.java:390)
	at org.apache.commons.complex.TestUtils.equals(TestUtils.java:390)
	at org.apache.commons.complex.TestUtils.equals(TestUtils.java:390)
	at org.apache.commons.complex.TestUtils.equals(TestUtils.java:390)
	at org.apache.commons.complex.TestUtils.equals(TestUtils.java:390)
	at org.apache.commons.complex.TestUtils.equals(TestUtils.java:390)
	at org.apache.commons.complex.TestUtils.equals(TestUtils.java:390)
	at org.apache.commons.complex.TestUtils.equals(TestUtils.java:390)
	at org.apache.commons.complex.TestUtils.equals(TestUtils.java:390)
	at org.apache.commons.complex.TestUtils.equals(TestUtils.java:390)
	at org.apache.commons.complex.TestUtils.equals(TestUtils.java:390)
	at org.apache.commons.complex.TestUtils.equals(TestUtils.java:390)
	at org.apache.commons.complex.TestUtils.equals(TestUtils.java:390)
	at org.apache.commons.complex.TestUtils.equals(TestUtils.java:390)
	at org.apache.commons.complex.TestUtils.equals(TestUtils.java:390)
	at org.apache.commons.complex.TestUtils.equals(TestUtils.java:390)
	at org.apache.commons.complex.TestUtils.equals(TestUtils.java:390)
	at org.apache.commons.complex.TestUtils.equals(TestUtils.java:390)
	at org.apache.commons.complex.TestUtils.equals(TestUtils.java:390)
</error>
  </testcase>
  <testcase name="testPolar2ComplexIllegalModulus" classname="org.apache.commons.complex.ComplexUtilsTest" time="0.001">
    <error message="Unexpected exception, expected&lt;java.lang.IllegalArgumentException&gt; but was&lt;java.lang.RuntimeException&gt;" type="java.lang.Exception"><![CDATA[java.lang.Exception: Unexpected exception, expected<java.lang.IllegalArgumentException> but was<java.lang.RuntimeException>
	at org.apache.commons.complex.ComplexUtils.illegalArgument(ComplexUtils.java:1407)
	at org.apache.commons.complex.ComplexUtils.polar2Complex(ComplexUtils.java:55)
	at org.apache.commons.complex.ComplexUtilsTest.testPolar2ComplexIllegalModulus(ComplexUtilsTest.java:207)
]]></error>
  </testcase>
  <testcase name="testComplexToReal" classname="org.apache.commons.complex.ComplexUtilsTest" time="0.008">
    <error type="java.lang.StackOverflowError:">java.lang.StackOverflowError: null
	at org.apache.commons.complex.TestUtils.equals(TestUtils.java)
	at org.apache.commons.complex.TestUtils.equals(TestUtils.java:390)
	at org.apache.commons.complex.TestUtils.equals(TestUtils.java:390)
	at org.apache.commons.complex.TestUtils.equals(TestUtils.java:390)
	at org.apache.commons.complex.TestUtils.equals(TestUtils.java:390)
	at org.apache.commons.complex.TestUtils.equals(TestUtils.java:390)
	at org.apache.commons.complex.TestUtils.equals(TestUtils.java:390)
	at org.apache.commons.complex.TestUtils.equals(TestUtils.java:390)
	at org.apache.commons.complex.TestUtils.equals(TestUtils.java:390)
	at org.apache.commons.complex.TestUtils.equals(TestUtils.java:390)
	at org.apache.commons.complex.TestUtils.equals(TestUtils.java:390)
	at org.apache.commons.complex.TestUtils.equals(TestUtils.java:390)
	at org.apache.commons.complex.TestUtils.equals(TestUtils.java:390)
	at org.apache.commons.complex.TestUtils.equals(TestUtils.java:390)
	at org.apache.commons.complex.TestUtils.equals(TestUtils.java:390)
	at org.apache.commons.complex.TestUtils.equals(TestUtils.java:390)
	at org.apache.commons.complex.TestUtils.equals(TestUtils.java:390)
	at org.apache.commons.complex.TestUtils.equals(TestUtils.java:390)
	at org.apache.commons.complex.TestUtils.equals(TestUtils.java:390)
	at org.apache.commons.complex.TestUtils.equals(TestUtils.java:390)
	at org.apache.commons.complex.TestUtils.equals(TestUtils.java:390)
	at org.apache.commons.complex.TestUtils.equals(TestUtils.java:390)
	at org.apache.commons.complex.TestUtils.equals(TestUtils.java:390)
	at org.apache.commons.complex.TestUtils.equals(TestUtils.java:390)
	at org.apache.commons.complex.TestUtils.equals(TestUtils.java:390)
	at org.apache.commons.complex.TestUtils.equals(TestUtils.java:390)
	at org.apache.commons.complex.TestUtils.equals(TestUtils.java:390)
	at org.apache.commons.complex.TestUtils.equals(TestUtils.java:390)
	at org.apache.commons.complex.TestUtils.equals(TestUtils.java:390)
	at org.apache.commons.complex.TestUtils.equals(TestUtils.java:390)
	at org.apache.commons.complex.TestUtils.equals(TestUtils.java:390)
	at org.apache.commons.complex.TestUtils.equals(TestUtils.java:390)
	at org.apache.commons.complex.TestUtils.equals(TestUtils.java:390)
	at org.apache.commons.complex.TestUtils.equals(TestUtils.java:390)
	at org.apache.commons.complex.TestUtils.equals(TestUtils.java:390)
	at org.apache.commons.complex.TestUtils.equals(TestUtils.java:390)
	at org.apache.commons.complex.TestUtils.equals(TestUtils.java:390)
	at org.apache.commons.complex.TestUtils.equals(TestUtils.java:390)
	at org.apache.commons.complex.TestUtils.equals(TestUtils.java:390)
	at org.apache.commons.complex.TestUtils.equals(TestUtils.java:390)
	at org.apache.commons.complex.TestUtils.equals(TestUtils.java:390)
	at org.apache.commons.complex.TestUtils.equals(TestUtils.java:390)
	at org.apache.commons.complex.TestUtils.equals(TestUtils.java:390)
	at org.apache.commons.complex.TestUtils.equals(TestUtils.java:390)
	at org.apache.commons.complex.TestUtils.equals(TestUtils.java:390)
	at org.apache.commons.complex.TestUtils.equals(TestUtils.java:390)
	at org.apache.commons.complex.TestUtils.equals(TestUtils.java:390)
	at org.apache.commons.complex.TestUtils.equals(TestUtils.java:390)
	at org.apache.commons.complex.TestUtils.equals(TestUtils.java:390)
	at org.apache.commons.complex.TestUtils.equals(TestUtils.java:390)
	at org.apache.commons.complex.TestUtils.equals(TestUtils.java:390)
	at org.apache.commons.complex.TestUtils.equals(TestUtils.java:390)
	at org.apache.commons.complex.TestUtils.equals(TestUtils.java:390)
	at org.apache.commons.complex.TestUtils.equals(TestUtils.java:390)
	at org.apache.commons.complex.TestUtils.equals(TestUtils.java:390)
	at org.apache.commons.complex.TestUtils.equals(TestUtils.java:390)
	at org.apache.commons.complex.TestUtils.equals(TestUtils.java:390)
	at org.apache.commons.complex.TestUtils.equals(TestUtils.java:390)
	at org.apache.commons.complex.TestUtils.equals(TestUtils.java:390)
	at org.apache.commons.complex.TestUtils.equals(TestUtils.java:390)
	at org.apache.commons.complex.TestUtils.equals(TestUtils.java:390)
	at org.apache.commons.complex.TestUtils.equals(TestUtils.java:390)
	at org.apache.commons.complex.TestUtils.equals(TestUtils.java:390)
	at org.apache.commons.complex.TestUtils.equals(TestUtils.java:390)
	at org.apache.commons.complex.TestUtils.equals(TestUtils.java:390)
	at org.apache.commons.complex.TestUtils.equals(TestUtils.java:390)
	at org.apache.commons.complex.TestUtils.equals(TestUtils.java:390)
	at org.apache.commons.complex.TestUtils.equals(TestUtils.java:390)
	at org.apache.commons.complex.TestUtils.equals(TestUtils.java:390)
	at org.apache.commons.complex.TestUtils.equals(TestUtils.java:390)
	at org.apache.commons.complex.TestUtils.equals(TestUtils.java:390)
	at org.apache.commons.complex.TestUtils.equals(TestUtils.java:390)
	at org.apache.commons.complex.TestUtils.equals(TestUtils.java:390)
	at org.apache.commons.complex.TestUtils.equals(TestUtils.java:390)
	at org.apache.commons.complex.TestUtils.equals(TestUtils.java:390)
	at org.apache.commons.complex.TestUtils.equals(TestUtils.java:390)
	at org.apache.commons.complex.TestUtils.equals(TestUtils.java:390)
	at org.apache.commons.complex.TestUtils.equals(TestUtils.java:390)
	at org.apache.commons.complex.TestUtils.equals(TestUtils.java:390)
	at org.apache.commons.complex.TestUtils.equals(TestUtils.java:390)
	at org.apache.commons.complex.TestUtils.equals(TestUtils.java:390)
	at org.apache.commons.complex.TestUtils.equals(TestUtils.java:390)
	at org.apache.commons.complex.TestUtils.equals(TestUtils.java:390)
	at org.apache.commons.complex.TestUtils.equals(TestUtils.java:390)
	at org.apache.commons.complex.TestUtils.equals(TestUtils.java:390)
	at org.apache.commons.complex.TestUtils.equals(TestUtils.java:390)
	at org.apache.commons.complex.TestUtils.equals(TestUtils.java:390)
	at org.apache.commons.complex.TestUtils.equals(TestUtils.java:390)
	at org.apache.commons.complex.TestUtils.equals(TestUtils.java:390)
	at org.apache.commons.complex.TestUtils.equals(TestUtils.java:390)
	at org.apache.commons.complex.TestUtils.equals(TestUtils.java:390)
	at org.apache.commons.complex.TestUtils.equals(TestUtils.java:390)
	at org.apache.commons.complex.TestUtils.equals(TestUtils.java:390)
	at org.apache.commons.complex.TestUtils.equals(TestUtils.java:390)
	at org.apache.commons.complex.TestUtils.equals(TestUtils.java:390)
	at org.apache.commons.complex.TestUtils.equals(TestUtils.java:390)
	at org.apache.commons.complex.TestUtils.equals(TestUtils.java:390)
	at org.apache.commons.complex.TestUtils.equals(TestUtils.java:390)
	at org.apache.commons.complex.TestUtils.equals(TestUtils.java:390)
	at org.apache.commons.complex.TestUtils.equals(TestUtils.java:390)
	at org.apache.commons.complex.TestUtils.equals(TestUtils.java:390)
	at org.apache.commons.complex.TestUtils.equals(TestUtils.java:390)
	at org.apache.commons.complex.TestUtils.equals(TestUtils.java:390)
	at org.apache.commons.complex.TestUtils.equals(TestUtils.java:390)
	at org.apache.commons.complex.TestUtils.equals(TestUtils.java:390)
	at org.apache.commons.complex.TestUtils.equals(TestUtils.java:390)
	at org.apache.commons.complex.TestUtils.equals(TestUtils.java:390)
	at org.apache.commons.complex.TestUtils.equals(TestUtils.java:390)
	at org.apache.commons.complex.TestUtils.equals(TestUtils.java:390)
	at org.apache.commons.complex.TestUtils.equals(TestUtils.java:390)
	at org.apache.commons.complex.TestUtils.equals(TestUtils.java:390)
	at org.apache.commons.complex.TestUtils.equals(TestUtils.java:390)
	at org.apache.commons.complex.TestUtils.equals(TestUtils.java:390)
	at org.apache.commons.complex.TestUtils.equals(TestUtils.java:390)
	at org.apache.commons.complex.TestUtils.equals(TestUtils.java:390)
	at org.apache.commons.complex.TestUtils.equals(TestUtils.java:390)
	at org.apache.commons.complex.TestUtils.equals(TestUtils.java:390)
	at org.apache.commons.complex.TestUtils.equals(TestUtils.java:390)
	at org.apache.commons.complex.TestUtils.equals(TestUtils.java:390)
	at org.apache.commons.complex.TestUtils.equals(TestUtils.java:390)
	at org.apache.commons.complex.TestUtils.equals(TestUtils.java:390)
	at org.apache.commons.complex.TestUtils.equals(TestUtils.java:390)
	at org.apache.commons.complex.TestUtils.equals(TestUtils.java:390)
	at org.apache.commons.complex.TestUtils.equals(TestUtils.java:390)
	at org.apache.commons.complex.TestUtils.equals(TestUtils.java:390)
	at org.apache.commons.complex.TestUtils.equals(TestUtils.java:390)
	at org.apache.commons.complex.TestUtils.equals(TestUtils.java:390)
	at org.apache.commons.complex.TestUtils.equals(TestUtils.java:390)
	at org.apache.commons.complex.TestUtils.equals(TestUtils.java:390)
	at org.apache.commons.complex.TestUtils.equals(TestUtils.java:390)
	at org.apache.commons.complex.TestUtils.equals(TestUtils.java:390)
	at org.apache.commons.complex.TestUtils.equals(TestUtils.java:390)
	at org.apache.commons.complex.TestUtils.equals(TestUtils.java:390)
	at org.apache.commons.complex.TestUtils.equals(TestUtils.java:390)
	at org.apache.commons.complex.TestUtils.equals(TestUtils.java:390)
	at org.apache.commons.complex.TestUtils.equals(TestUtils.java:390)
	at org.apache.commons.complex.TestUtils.equals(TestUtils.java:390)
	at org.apache.commons.complex.TestUtils.equals(TestUtils.java:390)
	at org.apache.commons.complex.TestUtils.equals(TestUtils.java:390)
	at org.apache.commons.complex.TestUtils.equals(TestUtils.java:390)
	at org.apache.commons.complex.TestUtils.equals(TestUtils.java:390)
	at org.apache.commons.complex.TestUtils.equals(TestUtils.java:390)
	at org.apache.commons.complex.TestUtils.equals(TestUtils.java:390)
	at org.apache.commons.complex.TestUtils.equals(TestUtils.java:390)
	at org.apache.commons.complex.TestUtils.equals(TestUtils.java:390)
	at org.apache.commons.complex.TestUtils.equals(TestUtils.java:390)
	at org.apache.commons.complex.TestUtils.equals(TestUtils.java:390)
	at org.apache.commons.complex.TestUtils.equals(TestUtils.java:390)
	at org.apache.commons.complex.TestUtils.equals(TestUtils.java:390)
	at org.apache.commons.complex.TestUtils.equals(TestUtils.java:390)
	at org.apache.commons.complex.TestUtils.equals(TestUtils.java:390)
	at org.apache.commons.complex.TestUtils.equals(TestUtils.java:390)
	at org.apache.commons.complex.TestUtils.equals(TestUtils.java:390)
	at org.apache.commons.complex.TestUtils.equals(TestUtils.java:390)
	at org.apache.commons.complex.TestUtils.equals(TestUtils.java:390)
	at org.apache.commons.complex.TestUtils.equals(TestUtils.java:390)
	at org.apache.commons.complex.TestUtils.equals(TestUtils.java:390)
	at org.apache.commons.complex.TestUtils.equals(TestUtils.java:390)
	at org.apache.commons.complex.TestUtils.equals(TestUtils.java:390)
	at org.apache.commons.complex.TestUtils.equals(TestUtils.java:390)
	at org.apache.commons.complex.TestUtils.equals(TestUtils.java:390)
	at org.apache.commons.complex.TestUtils.equals(TestUtils.java:390)
	at org.apache.commons.complex.TestUtils.equals(TestUtils.java:390)
	at org.apache.commons.complex.TestUtils.equals(TestUtils.java:390)
	at org.apache.commons.complex.TestUtils.equals(TestUtils.java:390)
	at org.apache.commons.complex.TestUtils.equals(TestUtils.java:390)
	at org.apache.commons.complex.TestUtils.equals(TestUtils.java:390)
	at org.apache.commons.complex.TestUtils.equals(TestUtils.java:390)
	at org.apache.commons.complex.TestUtils.equals(TestUtils.java:390)
	at org.apache.commons.complex.TestUtils.equals(TestUtils.java:390)
	at org.apache.commons.complex.TestUtils.equals(TestUtils.java:390)
	at org.apache.commons.complex.TestUtils.equals(TestUtils.java:390)
	at org.apache.commons.complex.TestUtils.equals(TestUtils.java:390)
	at org.apache.commons.complex.TestUtils.equals(TestUtils.java:390)
	at org.apache.commons.complex.TestUtils.equals(TestUtils.java:390)
	at org.apache.commons.complex.TestUtils.equals(TestUtils.java:390)
	at org.apache.commons.complex.TestUtils.equals(TestUtils.java:390)
	at org.apache.commons.complex.TestUtils.equals(TestUtils.java:390)
	at org.apache.commons.complex.TestUtils.equals(TestUtils.java:390)
	at org.apache.commons.complex.TestUtils.equals(TestUtils.java:390)
	at org.apache.commons.complex.TestUtils.equals(TestUtils.java:390)
	at org.apache.commons.complex.TestUtils.equals(TestUtils.java:390)
	at org.apache.commons.complex.TestUtils.equals(TestUtils.java:390)
	at org.apache.commons.complex.TestUtils.equals(TestUtils.java:390)
	at org.apache.commons.complex.TestUtils.equals(TestUtils.java:390)
	at org.apache.commons.complex.TestUtils.equals(TestUtils.java:390)
	at org.apache.commons.complex.TestUtils.equals(TestUtils.java:390)
	at org.apache.commons.complex.TestUtils.equals(TestUtils.java:390)
	at org.apache.commons.complex.TestUtils.equals(TestUtils.java:390)
	at org.apache.commons.complex.TestUtils.equals(TestUtils.java:390)
	at org.apache.commons.complex.TestUtils.equals(TestUtils.java:390)
	at org.apache.commons.complex.TestUtils.equals(TestUtils.java:390)
	at org.apache.commons.complex.TestUtils.equals(TestUtils.java:390)
	at org.apache.commons.complex.TestUtils.equals(TestUtils.java:390)
	at org.apache.commons.complex.TestUtils.equals(TestUtils.java:390)
	at org.apache.commons.complex.TestUtils.equals(TestUtils.java:390)
	at org.apache.commons.complex.TestUtils.equals(TestUtils.java:390)
	at org.apache.commons.complex.TestUtils.equals(TestUtils.java:390)
	at org.apache.commons.complex.TestUtils.equals(TestUtils.java:390)
	at org.apache.commons.complex.TestUtils.equals(TestUtils.java:390)
	at org.apache.commons.complex.TestUtils.equals(TestUtils.java:390)
	at org.apache.commons.complex.TestUtils.equals(TestUtils.java:390)
	at org.apache.commons.complex.TestUtils.equals(TestUtils.java:390)
	at org.apache.commons.complex.TestUtils.equals(TestUtils.java:390)
	at org.apache.commons.complex.TestUtils.equals(TestUtils.java:390)
	at org.apache.commons.complex.TestUtils.equals(TestUtils.java:390)
	at org.apache.commons.complex.TestUtils.equals(TestUtils.java:390)
	at org.apache.commons.complex.TestUtils.equals(TestUtils.java:390)
	at org.apache.commons.complex.TestUtils.equals(TestUtils.java:390)
	at org.apache.commons.complex.TestUtils.equals(TestUtils.java:390)
	at org.apache.commons.complex.TestUtils.equals(TestUtils.java:390)
	at org.apache.commons.complex.TestUtils.equals(TestUtils.java:390)
	at org.apache.commons.complex.TestUtils.equals(TestUtils.java:390)
	at org.apache.commons.complex.TestUtils.equals(TestUtils.java:390)
	at org.apache.commons.complex.TestUtils.equals(TestUtils.java:390)
	at org.apache.commons.complex.TestUtils.equals(TestUtils.java:390)
	at org.apache.commons.complex.TestUtils.equals(TestUtils.java:390)
	at org.apache.commons.complex.TestUtils.equals(TestUtils.java:390)
	at org.apache.commons.complex.TestUtils.equals(TestUtils.java:390)
	at org.apache.commons.complex.TestUtils.equals(TestUtils.java:390)
	at org.apache.commons.complex.TestUtils.equals(TestUtils.java:390)
	at org.apache.commons.complex.TestUtils.equals(TestUtils.java:390)
	at org.apache.commons.complex.TestUtils.equals(TestUtils.java:390)
	at org.apache.commons.complex.TestUtils.equals(TestUtils.java:390)
	at org.apache.commons.complex.TestUtils.equals(TestUtils.java:390)
	at org.apache.commons.complex.TestUtils.equals(TestUtils.java:390)
	at org.apache.commons.complex.TestUtils.equals(TestUtils.java:390)
	at org.apache.commons.complex.TestUtils.equals(TestUtils.java:390)
	at org.apache.commons.complex.TestUtils.equals(TestUtils.java:390)
	at org.apache.commons.complex.TestUtils.equals(TestUtils.java:390)
	at org.apache.commons.complex.TestUtils.equals(TestUtils.java:390)
	at org.apache.commons.complex.TestUtils.equals(TestUtils.java:390)
	at org.apache.commons.complex.TestUtils.equals(TestUtils.java:390)
	at org.apache.commons.complex.TestUtils.equals(TestUtils.java:390)
	at org.apache.commons.complex.TestUtils.equals(TestUtils.java:390)
	at org.apache.commons.complex.TestUtils.equals(TestUtils.java:390)
	at org.apache.commons.complex.TestUtils.equals(TestUtils.java:390)
	at org.apache.commons.complex.TestUtils.equals(TestUtils.java:390)
	at org.apache.commons.complex.TestUtils.equals(TestUtils.java:390)
	at org.apache.commons.complex.TestUtils.equals(TestUtils.java:390)
	at org.apache.commons.complex.TestUtils.equals(TestUtils.java:390)
	at org.apache.commons.complex.TestUtils.equals(TestUtils.java:390)
	at org.apache.commons.complex.TestUtils.equals(TestUtils.java:390)
	at org.apache.commons.complex.TestUtils.equals(TestUtils.java:390)
	at org.apache.commons.complex.TestUtils.equals(TestUtils.java:390)
	at org.apache.commons.complex.TestUtils.equals(TestUtils.java:390)
	at org.apache.commons.complex.TestUtils.equals(TestUtils.java:390)
	at org.apache.commons.complex.TestUtils.equals(TestUtils.java:390)
	at org.apache.commons.complex.TestUtils.equals(TestUtils.java:390)
	at org.apache.commons.complex.TestUtils.equals(TestUtils.java:390)
	at org.apache.commons.complex.TestUtils.equals(TestUtils.java:390)
	at org.apache.commons.complex.TestUtils.equals(TestUtils.java:390)
	at org.apache.commons.complex.TestUtils.equals(TestUtils.java:390)
	at org.apache.commons.complex.TestUtils.equals(TestUtils.java:390)
	at org.apache.commons.complex.TestUtils.equals(TestUtils.java:390)
	at org.apache.commons.complex.TestUtils.equals(TestUtils.java:390)
	at org.apache.commons.complex.TestUtils.equals(TestUtils.java:390)
	at org.apache.commons.complex.TestUtils.equals(TestUtils.java:390)
	at org.apache.commons.complex.TestUtils.equals(TestUtils.java:390)
	at org.apache.commons.complex.TestUtils.equals(TestUtils.java:390)
	at org.apache.commons.complex.TestUtils.equals(TestUtils.java:390)
	at org.apache.commons.complex.TestUtils.equals(TestUtils.java:390)
	at org.apache.commons.complex.TestUtils.equals(TestUtils.java:390)
	at org.apache.commons.complex.TestUtils.equals(TestUtils.java:390)
	at org.apache.commons.complex.TestUtils.equals(TestUtils.java:390)
	at org.apache.commons.complex.TestUtils.equals(TestUtils.java:390)
	at org.apache.commons.complex.TestUtils.equals(TestUtils.java:390)
	at org.apache.commons.complex.TestUtils.equals(TestUtils.java:390)
	at org.apache.commons.complex.TestUtils.equals(TestUtils.java:390)
	at org.apache.commons.complex.TestUtils.equals(TestUtils.java:390)
	at org.apache.commons.complex.TestUtils.equals(TestUtils.java:390)
	at org.apache.commons.complex.TestUtils.equals(TestUtils.java:390)
	at org.apache.commons.complex.TestUtils.equals(TestUtils.java:390)
	at org.apache.commons.complex.TestUtils.equals(TestUtils.java:390)
	at org.apache.commons.complex.TestUtils.equals(TestUtils.java:390)
	at org.apache.commons.complex.TestUtils.equals(TestUtils.java:390)
	at org.apache.commons.complex.TestUtils.equals(TestUtils.java:390)
	at org.apache.commons.complex.TestUtils.equals(TestUtils.java:390)
	at org.apache.commons.complex.TestUtils.equals(TestUtils.java:390)
	at org.apache.commons.complex.TestUtils.equals(TestUtils.java:390)
	at org.apache.commons.complex.TestUtils.equals(TestUtils.java:390)
	at org.apache.commons.complex.TestUtils.equals(TestUtils.java:390)
	at org.apache.commons.complex.TestUtils.equals(TestUtils.java:390)
	at org.apache.commons.complex.TestUtils.equals(TestUtils.java:390)
	at org.apache.commons.complex.TestUtils.equals(TestUtils.java:390)
	at org.apache.commons.complex.TestUtils.equals(TestUtils.java:390)
	at org.apache.commons.complex.TestUtils.equals(TestUtils.java:390)
	at org.apache.commons.complex.TestUtils.equals(TestUtils.java:390)
	at org.apache.commons.complex.TestUtils.equals(TestUtils.java:390)
	at org.apache.commons.complex.TestUtils.equals(TestUtils.java:390)
	at org.apache.commons.complex.TestUtils.equals(TestUtils.java:390)
	at org.apache.commons.complex.TestUtils.equals(TestUtils.java:390)
	at org.apache.commons.complex.TestUtils.equals(TestUtils.java:390)
	at org.apache.commons.complex.TestUtils.equals(TestUtils.java:390)
	at org.apache.commons.complex.TestUtils.equals(TestUtils.java:390)
	at org.apache.commons.complex.TestUtils.equals(TestUtils.java:390)
	at org.apache.commons.complex.TestUtils.equals(TestUtils.java:390)
	at org.apache.commons.complex.TestUtils.equals(TestUtils.java:390)
	at org.apache.commons.complex.TestUtils.equals(TestUtils.java:390)
	at org.apache.commons.complex.TestUtils.equals(TestUtils.java:390)
	at org.apache.commons.complex.TestUtils.equals(TestUtils.java:390)
	at org.apache.commons.complex.TestUtils.equals(TestUtils.java:390)
	at org.apache.commons.complex.TestUtils.equals(TestUtils.java:390)
	at org.apache.commons.complex.TestUtils.equals(TestUtils.java:390)
	at org.apache.commons.complex.TestUtils.equals(TestUtils.java:390)
	at org.apache.commons.complex.TestUtils.equals(TestUtils.java:390)
	at org.apache.commons.complex.TestUtils.equals(TestUtils.java:390)
	at org.apache.commons.complex.TestUtils.equals(TestUtils.java:390)
	at org.apache.commons.complex.TestUtils.equals(TestUtils.java:390)
	at org.apache.commons.complex.TestUtils.equals(TestUtils.java:390)
	at org.apache.commons.complex.TestUtils.equals(TestUtils.java:390)
	at org.apache.commons.complex.TestUtils.equals(TestUtils.java:390)
	at org.apache.commons.complex.TestUtils.equals(TestUtils.java:390)
	at org.apache.commons.complex.TestUtils.equals(TestUtils.java:390)
	at org.apache.commons.complex.TestUtils.equals(TestUtils.java:390)
	at org.apache.commons.complex.TestUtils.equals(TestUtils.java:390)
	at org.apache.commons.complex.TestUtils.equals(TestUtils.java:390)
	at org.apache.commons.complex.TestUtils.equals(TestUtils.java:390)
	at org.apache.commons.complex.TestUtils.equals(TestUtils.java:390)
	at org.apache.commons.complex.TestUtils.equals(TestUtils.java:390)
	at org.apache.commons.complex.TestUtils.equals(TestUtils.java:390)
	at org.apache.commons.complex.TestUtils.equals(TestUtils.java:390)
	at org.apache.commons.complex.TestUtils.equals(TestUtils.java:390)
	at org.apache.commons.complex.TestUtils.equals(TestUtils.java:390)
	at org.apache.commons.complex.TestUtils.equals(TestUtils.java:390)
	at org.apache.commons.complex.TestUtils.equals(TestUtils.java:390)
	at org.apache.commons.complex.TestUtils.equals(TestUtils.java:390)
	at org.apache.commons.complex.TestUtils.equals(TestUtils.java:390)
	at org.apache.commons.complex.TestUtils.equals(TestUtils.java:390)
	at org.apache.commons.complex.TestUtils.equals(TestUtils.java:390)
	at org.apache.commons.complex.TestUtils.equals(TestUtils.java:390)
	at org.apache.commons.complex.TestUtils.equals(TestUtils.java:390)
	at org.apache.commons.complex.TestUtils.equals(TestUtils.java:390)
	at org.apache.commons.complex.TestUtils.equals(TestUtils.java:390)
	at org.apache.commons.complex.TestUtils.equals(TestUtils.java:390)
	at org.apache.commons.complex.TestUtils.equals(TestUtils.java:390)
	at org.apache.commons.complex.TestUtils.equals(TestUtils.java:390)
	at org.apache.commons.complex.TestUtils.equals(TestUtils.java:390)
	at org.apache.commons.complex.TestUtils.equals(TestUtils.java:390)
	at org.apache.commons.complex.TestUtils.equals(TestUtils.java:390)
	at org.apache.commons.complex.TestUtils.equals(TestUtils.java:390)
	at org.apache.commons.complex.TestUtils.equals(TestUtils.java:390)
	at org.apache.commons.complex.TestUtils.equals(TestUtils.java:390)
	at org.apache.commons.complex.TestUtils.equals(TestUtils.java:390)
	at org.apache.commons.complex.TestUtils.equals(TestUtils.java:390)
	at org.apache.commons.complex.TestUtils.equals(TestUtils.java:390)
	at org.apache.commons.complex.TestUtils.equals(TestUtils.java:390)
	at org.apache.commons.complex.TestUtils.equals(TestUtils.java:390)
	at org.apache.commons.complex.TestUtils.equals(TestUtils.java:390)
	at org.apache.commons.complex.TestUtils.equals(TestUtils.java:390)
	at org.apache.commons.complex.TestUtils.equals(TestUtils.java:390)
	at org.apache.commons.complex.TestUtils.equals(TestUtils.java:390)
	at org.apache.commons.complex.TestUtils.equals(TestUtils.java:390)
	at org.apache.commons.complex.TestUtils.equals(TestUtils.java:390)
	at org.apache.commons.complex.TestUtils.equals(TestUtils.java:390)
	at org.apache.commons.complex.TestUtils.equals(TestUtils.java:390)
	at org.apache.commons.complex.TestUtils.equals(TestUtils.java:390)
	at org.apache.commons.complex.TestUtils.equals(TestUtils.java:390)
	at org.apache.commons.complex.TestUtils.equals(TestUtils.java:390)
	at org.apache.commons.complex.TestUtils.equals(TestUtils.java:390)
	at org.apache.commons.complex.TestUtils.equals(TestUtils.java:390)
	at org.apache.commons.complex.TestUtils.equals(TestUtils.java:390)
	at org.apache.commons.complex.TestUtils.equals(TestUtils.java:390)
	at org.apache.commons.complex.TestUtils.equals(TestUtils.java:390)
	at org.apache.commons.complex.TestUtils.equals(TestUtils.java:390)
	at org.apache.commons.complex.TestUtils.equals(TestUtils.java:390)
	at org.apache.commons.complex.TestUtils.equals(TestUtils.java:390)
	at org.apache.commons.complex.TestUtils.equals(TestUtils.java:390)
	at org.apache.commons.complex.TestUtils.equals(TestUtils.java:390)
	at org.apache.commons.complex.TestUtils.equals(TestUtils.java:390)
	at org.apache.commons.complex.TestUtils.equals(TestUtils.java:390)
	at org.apache.commons.complex.TestUtils.equals(TestUtils.java:390)
	at org.apache.commons.complex.TestUtils.equals(TestUtils.java:390)
	at org.apache.commons.complex.TestUtils.equals(TestUtils.java:390)
	at org.apache.commons.complex.TestUtils.equals(TestUtils.java:390)
	at org.apache.commons.complex.TestUtils.equals(TestUtils.java:390)
	at org.apache.commons.complex.TestUtils.equals(TestUtils.java:390)
	at org.apache.commons.complex.TestUtils.equals(TestUtils.java:390)
	at org.apache.commons.complex.TestUtils.equals(TestUtils.java:390)
	at org.apache.commons.complex.TestUtils.equals(TestUtils.java:390)
	at org.apache.commons.complex.TestUtils.equals(TestUtils.java:390)
	at org.apache.commons.complex.TestUtils.equals(TestUtils.java:390)
	at org.apache.commons.complex.TestUtils.equals(TestUtils.java:390)
	at org.apache.commons.complex.TestUtils.equals(TestUtils.java:390)
	at org.apache.commons.complex.TestUtils.equals(TestUtils.java:390)
	at org.apache.commons.complex.TestUtils.equals(TestUtils.java:390)
	at org.apache.commons.complex.TestUtils.equals(TestUtils.java:390)
	at org.apache.commons.complex.TestUtils.equals(TestUtils.java:390)
	at org.apache.commons.complex.TestUtils.equals(TestUtils.java:390)
	at org.apache.commons.complex.TestUtils.equals(TestUtils.java:390)
	at org.apache.commons.complex.TestUtils.equals(TestUtils.java:390)
	at org.apache.commons.complex.TestUtils.equals(TestUtils.java:390)
	at org.apache.commons.complex.TestUtils.equals(TestUtils.java:390)
	at org.apache.commons.complex.TestUtils.equals(TestUtils.java:390)
	at org.apache.commons.complex.TestUtils.equals(TestUtils.java:390)
	at org.apache.commons.complex.TestUtils.equals(TestUtils.java:390)
	at org.apache.commons.complex.TestUtils.equals(TestUtils.java:390)
	at org.apache.commons.complex.TestUtils.equals(TestUtils.java:390)
	at org.apache.commons.complex.TestUtils.equals(TestUtils.java:390)
	at org.apache.commons.complex.TestUtils.equals(TestUtils.java:390)
	at org.apache.commons.complex.TestUtils.equals(TestUtils.java:390)
	at org.apache.commons.complex.TestUtils.equals(TestUtils.java:390)
	at org.apache.commons.complex.TestUtils.equals(TestUtils.java:390)
	at org.apache.commons.complex.TestUtils.equals(TestUtils.java:390)
	at org.apache.commons.complex.TestUtils.equals(TestUtils.java:390)
	at org.apache.commons.complex.TestUtils.equals(TestUtils.java:390)
	at org.apache.commons.complex.TestUtils.equals(TestUtils.java:390)
	at org.apache.commons.complex.TestUtils.equals(TestUtils.java:390)
	at org.apache.commons.complex.TestUtils.equals(TestUtils.java:390)
	at org.apache.commons.complex.TestUtils.equals(TestUtils.java:390)
	at org.apache.commons.complex.TestUtils.equals(TestUtils.java:390)
	at org.apache.commons.complex.TestUtils.equals(TestUtils.java:390)
	at org.apache.commons.complex.TestUtils.equals(TestUtils.java:390)
	at org.apache.commons.complex.TestUtils.equals(TestUtils.java:390)
	at org.apache.commons.complex.TestUtils.equals(TestUtils.java:390)
	at org.apache.commons.complex.TestUtils.equals(TestUtils.java:390)
	at org.apache.commons.complex.TestUtils.equals(TestUtils.java:390)
	at org.apache.commons.complex.TestUtils.equals(TestUtils.java:390)
	at org.apache.commons.complex.TestUtils.equals(TestUtils.java:390)
	at org.apache.commons.complex.TestUtils.equals(TestUtils.java:390)
	at org.apache.commons.complex.TestUtils.equals(TestUtils.java:390)
	at org.apache.commons.complex.TestUtils.equals(TestUtils.java:390)
	at org.apache.commons.complex.TestUtils.equals(TestUtils.java:390)
	at org.apache.commons.complex.TestUtils.equals(TestUtils.java:390)
	at org.apache.commons.complex.TestUtils.equals(TestUtils.java:390)
	at org.apache.commons.complex.TestUtils.equals(TestUtils.java:390)
	at org.apache.commons.complex.TestUtils.equals(TestUtils.java:390)
	at org.apache.commons.complex.TestUtils.equals(TestUtils.java:390)
	at org.apache.commons.complex.TestUtils.equals(TestUtils.java:390)
	at org.apache.commons.complex.TestUtils.equals(TestUtils.java:390)
	at org.apache.commons.complex.TestUtils.equals(TestUtils.java:390)
	at org.apache.commons.complex.TestUtils.equals(TestUtils.java:390)
	at org.apache.commons.complex.TestUtils.equals(TestUtils.java:390)
	at org.apache.commons.complex.TestUtils.equals(TestUtils.java:390)
	at org.apache.commons.complex.TestUtils.equals(TestUtils.java:390)
	at org.apache.commons.complex.TestUtils.equals(TestUtils.java:390)
	at org.apache.commons.complex.TestUtils.equals(TestUtils.java:390)
	at org.apache.commons.complex.TestUtils.equals(TestUtils.java:390)
	at org.apache.commons.complex.TestUtils.equals(TestUtils.java:390)
	at org.apache.commons.complex.TestUtils.equals(TestUtils.java:390)
	at org.apache.commons.complex.TestUtils.equals(TestUtils.java:390)
	at org.apache.commons.complex.TestUtils.equals(TestUtils.java:390)
	at org.apache.commons.complex.TestUtils.equals(TestUtils.java:390)
	at org.apache.commons.complex.TestUtils.equals(TestUtils.java:390)
	at org.apache.commons.complex.TestUtils.equals(TestUtils.java:390)
	at org.apache.commons.complex.TestUtils.equals(TestUtils.java:390)
	at org.apache.commons.complex.TestUtils.equals(TestUtils.java:390)
	at org.apache.commons.complex.TestUtils.equals(TestUtils.java:390)
	at org.apache.commons.complex.TestUtils.equals(TestUtils.java:390)
	at org.apache.commons.complex.TestUtils.equals(TestUtils.java:390)
	at org.apache.commons.complex.TestUtils.equals(TestUtils.java:390)
	at org.apache.commons.complex.TestUtils.equals(TestUtils.java:390)
	at org.apache.commons.complex.TestUtils.equals(TestUtils.java:390)
	at org.apache.commons.complex.TestUtils.equals(TestUtils.java:390)
	at org.apache.commons.complex.TestUtils.equals(TestUtils.java:390)
	at org.apache.commons.complex.TestUtils.equals(TestUtils.java:390)
	at org.apache.commons.complex.TestUtils.equals(TestUtils.java:390)
	at org.apache.commons.complex.TestUtils.equals(TestUtils.java:390)
	at org.apache.commons.complex.TestUtils.equals(TestUtils.java:390)
	at org.apache.commons.complex.TestUtils.equals(TestUtils.java:390)
	at org.apache.commons.complex.TestUtils.equals(TestUtils.java:390)
	at org.apache.commons.complex.TestUtils.equals(TestUtils.java:390)
	at org.apache.commons.complex.TestUtils.equals(TestUtils.java:390)
	at org.apache.commons.complex.TestUtils.equals(TestUtils.java:390)
	at org.apache.commons.complex.TestUtils.equals(TestUtils.java:390)
	at org.apache.commons.complex.TestUtils.equals(TestUtils.java:390)
	at org.apache.commons.complex.TestUtils.equals(TestUtils.java:390)
	at org.apache.commons.complex.TestUtils.equals(TestUtils.java:390)
	at org.apache.commons.complex.TestUtils.equals(TestUtils.java:390)
	at org.apache.commons.complex.TestUtils.equals(TestUtils.java:390)
	at org.apache.commons.complex.TestUtils.equals(TestUtils.java:390)
	at org.apache.commons.complex.TestUtils.equals(TestUtils.java:390)
	at org.apache.commons.complex.TestUtils.equals(TestUtils.java:390)
	at org.apache.commons.complex.TestUtils.equals(TestUtils.java:390)
	at org.apache.commons.complex.TestUtils.equals(TestUtils.java:390)
	at org.apache.commons.complex.TestUtils.equals(TestUtils.java:390)
	at org.apache.commons.complex.TestUtils.equals(TestUtils.java:390)
	at org.apache.commons.complex.TestUtils.equals(TestUtils.java:390)
	at org.apache.commons.complex.TestUtils.equals(TestUtils.java:390)
	at org.apache.commons.complex.TestUtils.equals(TestUtils.java:390)
	at org.apache.commons.complex.TestUtils.equals(TestUtils.java:390)
	at org.apache.commons.complex.TestUtils.equals(TestUtils.java:390)
	at org.apache.commons.complex.TestUtils.equals(TestUtils.java:390)
	at org.apache.commons.complex.TestUtils.equals(TestUtils.java:390)
	at org.apache.commons.complex.TestUtils.equals(TestUtils.java:390)
	at org.apache.commons.complex.TestUtils.equals(TestUtils.java:390)
	at org.apache.commons.complex.TestUtils.equals(TestUtils.java:390)
	at org.apache.commons.complex.TestUtils.equals(TestUtils.java:390)
	at org.apache.commons.complex.TestUtils.equals(TestUtils.java:390)
	at org.apache.commons.complex.TestUtils.equals(TestUtils.java:390)
	at org.apache.commons.complex.TestUtils.equals(TestUtils.java:390)
	at org.apache.commons.complex.TestUtils.equals(TestUtils.java:390)
	at org.apache.commons.complex.TestUtils.equals(TestUtils.java:390)
	at org.apache.commons.complex.TestUtils.equals(TestUtils.java:390)
	at org.apache.commons.complex.TestUtils.equals(TestUtils.java:390)
	at org.apache.commons.complex.TestUtils.equals(TestUtils.java:390)
	at org.apache.commons.complex.TestUtils.equals(TestUtils.java:390)
	at org.apache.commons.complex.TestUtils.equals(TestUtils.java:390)
	at org.apache.commons.complex.TestUtils.equals(TestUtils.java:390)
	at org.apache.commons.complex.TestUtils.equals(TestUtils.java:390)
	at org.apache.commons.complex.TestUtils.equals(TestUtils.java:390)
	at org.apache.commons.complex.TestUtils.equals(TestUtils.java:390)
	at org.apache.commons.complex.TestUtils.equals(TestUtils.java:390)
	at org.apache.commons.complex.TestUtils.equals(TestUtils.java:390)
	at org.apache.commons.complex.TestUtils.equals(TestUtils.java:390)
	at org.apache.commons.complex.TestUtils.equals(TestUtils.java:390)
	at org.apache.commons.complex.TestUtils.equals(TestUtils.java:390)
	at org.apache.commons.complex.TestUtils.equals(TestUtils.java:390)
	at org.apache.commons.complex.TestUtils.equals(TestUtils.java:390)
	at org.apache.commons.complex.TestUtils.equals(TestUtils.java:390)
	at org.apache.commons.complex.TestUtils.equals(TestUtils.java:390)
	at org.apache.commons.complex.TestUtils.equals(TestUtils.java:390)
	at org.apache.commons.complex.TestUtils.equals(TestUtils.java:390)
	at org.apache.commons.complex.TestUtils.equals(TestUtils.java:390)
	at org.apache.commons.complex.TestUtils.equals(TestUtils.java:390)
	at org.apache.commons.complex.TestUtils.equals(TestUtils.java:390)
	at org.apache.commons.complex.TestUtils.equals(TestUtils.java:390)
	at org.apache.commons.complex.TestUtils.equals(TestUtils.java:390)
	at org.apache.commons.complex.TestUtils.equals(TestUtils.java:390)
	at org.apache.commons.complex.TestUtils.equals(TestUtils.java:390)
	at org.apache.commons.complex.TestUtils.equals(TestUtils.java:390)
	at org.apache.commons.complex.TestUtils.equals(TestUtils.java:390)
	at org.apache.commons.complex.TestUtils.equals(TestUtils.java:390)
	at org.apache.commons.complex.TestUtils.equals(TestUtils.java:390)
	at org.apache.commons.complex.TestUtils.equals(TestUtils.java:390)
	at org.apache.commons.complex.TestUtils.equals(TestUtils.java:390)
	at org.apache.commons.complex.TestUtils.equals(TestUtils.java:390)
	at org.apache.commons.complex.TestUtils.equals(TestUtils.java:390)
	at org.apache.commons.complex.TestUtils.equals(TestUtils.java:390)
	at org.apache.commons.complex.TestUtils.equals(TestUtils.java:390)
	at org.apache.commons.complex.TestUtils.equals(TestUtils.java:390)
	at org.apache.commons.complex.TestUtils.equals(TestUtils.java:390)
	at org.apache.commons.complex.TestUtils.equals(TestUtils.java:390)
	at org.apache.commons.complex.TestUtils.equals(TestUtils.java:390)
	at org.apache.commons.complex.TestUtils.equals(TestUtils.java:390)
	at org.apache.commons.complex.TestUtils.equals(TestUtils.java:390)
	at org.apache.commons.complex.TestUtils.equals(TestUtils.java:390)
	at org.apache.commons.complex.TestUtils.equals(TestUtils.java:390)
	at org.apache.commons.complex.TestUtils.equals(TestUtils.java:390)
	at org.apache.commons.complex.TestUtils.equals(TestUtils.java:390)
	at org.apache.commons.complex.TestUtils.equals(TestUtils.java:390)
	at org.apache.commons.complex.TestUtils.equals(TestUtils.java:390)
	at org.apache.commons.complex.TestUtils.equals(TestUtils.java:390)
	at org.apache.commons.complex.TestUtils.equals(TestUtils.java:390)
	at org.apache.commons.complex.TestUtils.equals(TestUtils.java:390)
	at org.apache.commons.complex.TestUtils.equals(TestUtils.java:390)
	at org.apache.commons.complex.TestUtils.equals(TestUtils.java:390)
	at org.apache.commons.complex.TestUtils.equals(TestUtils.java:390)
	at org.apache.commons.complex.TestUtils.equals(TestUtils.java:390)
	at org.apache.commons.complex.TestUtils.equals(TestUtils.java:390)
	at org.apache.commons.complex.TestUtils.equals(TestUtils.java:390)
	at org.apache.commons.complex.TestUtils.equals(TestUtils.java:390)
	at org.apache.commons.complex.TestUtils.equals(TestUtils.java:390)
	at org.apache.commons.complex.TestUtils.equals(TestUtils.java:390)
	at org.apache.commons.complex.TestUtils.equals(TestUtils.java:390)
	at org.apache.commons.complex.TestUtils.equals(TestUtils.java:390)
	at org.apache.commons.complex.TestUtils.equals(TestUtils.java:390)
	at org.apache.commons.complex.TestUtils.equals(TestUtils.java:390)
	at org.apache.commons.complex.TestUtils.equals(TestUtils.java:390)
	at org.apache.commons.complex.TestUtils.equals(TestUtils.java:390)
	at org.apache.commons.complex.TestUtils.equals(TestUtils.java:390)
	at org.apache.commons.complex.TestUtils.equals(TestUtils.java:390)
	at org.apache.commons.complex.TestUtils.equals(TestUtils.java:390)
	at org.apache.commons.complex.TestUtils.equals(TestUtils.java:390)
	at org.apache.commons.complex.TestUtils.equals(TestUtils.java:390)
	at org.apache.commons.complex.TestUtils.equals(TestUtils.java:390)
	at org.apache.commons.complex.TestUtils.equals(TestUtils.java:390)
	at org.apache.commons.complex.TestUtils.equals(TestUtils.java:390)
	at org.apache.commons.complex.TestUtils.equals(TestUtils.java:390)
	at org.apache.commons.complex.TestUtils.equals(TestUtils.java:390)
	at org.apache.commons.complex.TestUtils.equals(TestUtils.java:390)
	at org.apache.commons.complex.TestUtils.equals(TestUtils.java:390)
	at org.apache.commons.complex.TestUtils.equals(TestUtils.java:390)
	at org.apache.commons.complex.TestUtils.equals(TestUtils.java:390)
	at org.apache.commons.complex.TestUtils.equals(TestUtils.java:390)
	at org.apache.commons.complex.TestUtils.equals(TestUtils.java:390)
	at org.apache.commons.complex.TestUtils.equals(TestUtils.java:390)
	at org.apache.commons.complex.TestUtils.equals(TestUtils.java:390)
	at org.apache.commons.complex.TestUtils.equals(TestUtils.java:390)
	at org.apache.commons.complex.TestUtils.equals(TestUtils.java:390)
	at org.apache.commons.complex.TestUtils.equals(TestUtils.java:390)
	at org.apache.commons.complex.TestUtils.equals(TestUtils.java:390)
	at org.apache.commons.complex.TestUtils.equals(TestUtils.java:390)
	at org.apache.commons.complex.TestUtils.equals(TestUtils.java:390)
	at org.apache.commons.complex.TestUtils.equals(TestUtils.java:390)
	at org.apache.commons.complex.TestUtils.equals(TestUtils.java:390)
	at org.apache.commons.complex.TestUtils.equals(TestUtils.java:390)
	at org.apache.commons.complex.TestUtils.equals(TestUtils.java:390)
	at org.apache.commons.complex.TestUtils.equals(TestUtils.java:390)
	at org.apache.commons.complex.TestUtils.equals(TestUtils.java:390)
	at org.apache.commons.complex.TestUtils.equals(TestUtils.java:390)
	at org.apache.commons.complex.TestUtils.equals(TestUtils.java:390)
	at org.apache.commons.complex.TestUtils.equals(TestUtils.java:390)
	at org.apache.commons.complex.TestUtils.equals(TestUtils.java:390)
	at org.apache.commons.complex.TestUtils.equals(TestUtils.java:390)
	at org.apache.commons.complex.TestUtils.equals(TestUtils.java:390)
	at org.apache.commons.complex.TestUtils.equals(TestUtils.java:390)
	at org.apache.commons.complex.TestUtils.equals(TestUtils.java:390)
	at org.apache.commons.complex.TestUtils.equals(TestUtils.java:390)
	at org.apache.commons.complex.TestUtils.equals(TestUtils.java:390)
	at org.apache.commons.complex.TestUtils.equals(TestUtils.java:390)
	at org.apache.commons.complex.TestUtils.equals(TestUtils.java:390)
	at org.apache.commons.complex.TestUtils.equals(TestUtils.java:390)
	at org.apache.commons.complex.TestUtils.equals(TestUtils.java:390)
	at org.apache.commons.complex.TestUtils.equals(TestUtils.java:390)
	at org.apache.commons.complex.TestUtils.equals(TestUtils.java:390)
	at org.apache.commons.complex.TestUtils.equals(TestUtils.java:390)
	at org.apache.commons.complex.TestUtils.equals(TestUtils.java:390)
	at org.apache.commons.complex.TestUtils.equals(TestUtils.java:390)
	at org.apache.commons.complex.TestUtils.equals(TestUtils.java:390)
	at org.apache.commons.complex.TestUtils.equals(TestUtils.java:390)
	at org.apache.commons.complex.TestUtils.equals(TestUtils.java:390)
	at org.apache.commons.complex.TestUtils.equals(TestUtils.java:390)
	at org.apache.commons.complex.TestUtils.equals(TestUtils.java:390)
	at org.apache.commons.complex.TestUtils.equals(TestUtils.java:390)
	at org.apache.commons.complex.TestUtils.equals(TestUtils.java:390)
	at org.apache.commons.complex.TestUtils.equals(TestUtils.java:390)
	at org.apache.commons.complex.TestUtils.equals(TestUtils.java:390)
	at org.apache.commons.complex.TestUtils.equals(TestUtils.java:390)
	at org.apache.commons.complex.TestUtils.equals(TestUtils.java:390)
	at org.apache.commons.complex.TestUtils.equals(TestUtils.java:390)
	at org.apache.commons.complex.TestUtils.equals(TestUtils.java:390)
	at org.apache.commons.complex.TestUtils.equals(TestUtils.java:390)
	at org.apache.commons.complex.TestUtils.equals(TestUtils.java:390)
	at org.apache.commons.complex.TestUtils.equals(TestUtils.java:390)
	at org.apache.commons.complex.TestUtils.equals(TestUtils.java:390)
	at org.apache.commons.complex.TestUtils.equals(TestUtils.java:390)
	at org.apache.commons.complex.TestUtils.equals(TestUtils.java:390)
	at org.apache.commons.complex.TestUtils.equals(TestUtils.java:390)
	at org.apache.commons.complex.TestUtils.equals(TestUtils.java:390)
	at org.apache.commons.complex.TestUtils.equals(TestUtils.java:390)
	at org.apache.commons.complex.TestUtils.equals(TestUtils.java:390)
	at org.apache.commons.complex.TestUtils.equals(TestUtils.java:390)
	at org.apache.commons.complex.TestUtils.equals(TestUtils.java:390)
	at org.apache.commons.complex.TestUtils.equals(TestUtils.java:390)
	at org.apache.commons.complex.TestUtils.equals(TestUtils.java:390)
	at org.apache.commons.complex.TestUtils.equals(TestUtils.java:390)
	at org.apache.commons.complex.TestUtils.equals(TestUtils.java:390)
	at org.apache.commons.complex.TestUtils.equals(TestUtils.java:390)
	at org.apache.commons.complex.TestUtils.equals(TestUtils.java:390)
	at org.apache.commons.complex.TestUtils.equals(TestUtils.java:390)
	at org.apache.commons.complex.TestUtils.equals(TestUtils.java:390)
	at org.apache.commons.complex.TestUtils.equals(TestUtils.java:390)
	at org.apache.commons.complex.TestUtils.equals(TestUtils.java:390)
	at org.apache.commons.complex.TestUtils.equals(TestUtils.java:390)
	at org.apache.commons.complex.TestUtils.equals(TestUtils.java:390)
	at org.apache.commons.complex.TestUtils.equals(TestUtils.java:390)
	at org.apache.commons.complex.TestUtils.equals(TestUtils.java:390)
	at org.apache.commons.complex.TestUtils.equals(TestUtils.java:390)
	at org.apache.commons.complex.TestUtils.equals(TestUtils.java:390)
	at org.apache.commons.complex.TestUtils.equals(TestUtils.java:390)
	at org.apache.commons.complex.TestUtils.equals(TestUtils.java:390)
	at org.apache.commons.complex.TestUtils.equals(TestUtils.java:390)
	at org.apache.commons.complex.TestUtils.equals(TestUtils.java:390)
	at org.apache.commons.complex.TestUtils.equals(TestUtils.java:390)
	at org.apache.commons.complex.TestUtils.equals(TestUtils.java:390)
	at org.apache.commons.complex.TestUtils.equals(TestUtils.java:390)
	at org.apache.commons.complex.TestUtils.equals(TestUtils.java:390)
	at org.apache.commons.complex.TestUtils.equals(TestUtils.java:390)
	at org.apache.commons.complex.TestUtils.equals(TestUtils.java:390)
	at org.apache.commons.complex.TestUtils.equals(TestUtils.java:390)
	at org.apache.commons.complex.TestUtils.equals(TestUtils.java:390)
	at org.apache.commons.complex.TestUtils.equals(TestUtils.java:390)
	at org.apache.commons.complex.TestUtils.equals(TestUtils.java:390)
	at org.apache.commons.complex.TestUtils.equals(TestUtils.java:390)
	at org.apache.commons.complex.TestUtils.equals(TestUtils.java:390)
	at org.apache.commons.complex.TestUtils.equals(TestUtils.java:390)
	at org.apache.commons.complex.TestUtils.equals(TestUtils.java:390)
	at org.apache.commons.complex.TestUtils.equals(TestUtils.java:390)
	at org.apache.commons.complex.TestUtils.equals(TestUtils.java:390)
	at org.apache.commons.complex.TestUtils.equals(TestUtils.java:390)
	at org.apache.commons.complex.TestUtils.equals(TestUtils.java:390)
	at org.apache.commons.complex.TestUtils.equals(TestUtils.java:390)
	at org.apache.commons.complex.TestUtils.equals(TestUtils.java:390)
	at org.apache.commons.complex.TestUtils.equals(TestUtils.java:390)
	at org.apache.commons.complex.TestUtils.equals(TestUtils.java:390)
	at org.apache.commons.complex.TestUtils.equals(TestUtils.java:390)
	at org.apache.commons.complex.TestUtils.equals(TestUtils.java:390)
	at org.apache.commons.complex.TestUtils.equals(TestUtils.java:390)
	at org.apache.commons.complex.TestUtils.equals(TestUtils.java:390)
	at org.apache.commons.complex.TestUtils.equals(TestUtils.java:390)
	at org.apache.commons.complex.TestUtils.equals(TestUtils.java:390)
	at org.apache.commons.complex.TestUtils.equals(TestUtils.java:390)
	at org.apache.commons.complex.TestUtils.equals(TestUtils.java:390)
	at org.apache.commons.complex.TestUtils.equals(TestUtils.java:390)
	at org.apache.commons.complex.TestUtils.equals(TestUtils.java:390)
	at org.apache.commons.complex.TestUtils.equals(TestUtils.java:390)
	at org.apache.commons.complex.TestUtils.equals(TestUtils.java:390)
	at org.apache.commons.complex.TestUtils.equals(TestUtils.java:390)
	at org.apache.commons.complex.TestUtils.equals(TestUtils.java:390)
	at org.apache.commons.complex.TestUtils.equals(TestUtils.java:390)
	at org.apache.commons.complex.TestUtils.equals(TestUtils.java:390)
	at org.apache.commons.complex.TestUtils.equals(TestUtils.java:390)
	at org.apache.commons.complex.TestUtils.equals(TestUtils.java:390)
	at org.apache.commons.complex.TestUtils.equals(TestUtils.java:390)
	at org.apache.commons.complex.TestUtils.equals(TestUtils.java:390)
	at org.apache.commons.complex.TestUtils.equals(TestUtils.java:390)
	at org.apache.commons.complex.TestUtils.equals(TestUtils.java:390)
	at org.apache.commons.complex.TestUtils.equals(TestUtils.java:390)
	at org.apache.commons.complex.TestUtils.equals(TestUtils.java:390)
	at org.apache.commons.complex.TestUtils.equals(TestUtils.java:390)
	at org.apache.commons.complex.TestUtils.equals(TestUtils.java:390)
	at org.apache.commons.complex.TestUtils.equals(TestUtils.java:390)
	at org.apache.commons.complex.TestUtils.equals(TestUtils.java:390)
	at org.apache.commons.complex.TestUtils.equals(TestUtils.java:390)
	at org.apache.commons.complex.TestUtils.equals(TestUtils.java:390)
	at org.apache.commons.complex.TestUtils.equals(TestUtils.java:390)
	at org.apache.commons.complex.TestUtils.equals(TestUtils.java:390)
	at org.apache.commons.complex.TestUtils.equals(TestUtils.java:390)
	at org.apache.commons.complex.TestUtils.equals(TestUtils.java:390)
	at org.apache.commons.complex.TestUtils.equals(TestUtils.java:390)
	at org.apache.commons.complex.TestUtils.equals(TestUtils.java:390)
	at org.apache.commons.complex.TestUtils.equals(TestUtils.java:390)
	at org.apache.commons.complex.TestUtils.equals(TestUtils.java:390)
	at org.apache.commons.complex.TestUtils.equals(TestUtils.java:390)
	at org.apache.commons.complex.TestUtils.equals(TestUtils.java:390)
	at org.apache.commons.complex.TestUtils.equals(TestUtils.java:390)
	at org.apache.commons.complex.TestUtils.equals(TestUtils.java:390)
	at org.apache.commons.complex.TestUtils.equals(TestUtils.java:390)
	at org.apache.commons.complex.TestUtils.equals(TestUtils.java:390)
	at org.apache.commons.complex.TestUtils.equals(TestUtils.java:390)
	at org.apache.commons.complex.TestUtils.equals(TestUtils.java:390)
	at org.apache.commons.complex.TestUtils.equals(TestUtils.java:390)
	at org.apache.commons.complex.TestUtils.equals(TestUtils.java:390)
	at org.apache.commons.complex.TestUtils.equals(TestUtils.java:390)
	at org.apache.commons.complex.TestUtils.equals(TestUtils.java:390)
	at org.apache.commons.complex.TestUtils.equals(TestUtils.java:390)
	at org.apache.commons.complex.TestUtils.equals(TestUtils.java:390)
	at org.apache.commons.complex.TestUtils.equals(TestUtils.java:390)
	at org.apache.commons.complex.TestUtils.equals(TestUtils.java:390)
	at org.apache.commons.complex.TestUtils.equals(TestUtils.java:390)
	at org.apache.commons.complex.TestUtils.equals(TestUtils.java:390)
	at org.apache.commons.complex.TestUtils.equals(TestUtils.java:390)
	at org.apache.commons.complex.TestUtils.equals(TestUtils.java:390)
	at org.apache.commons.complex.TestUtils.equals(TestUtils.java:390)
	at org.apache.commons.complex.TestUtils.equals(TestUtils.java:390)
	at org.apache.commons.complex.TestUtils.equals(TestUtils.java:390)
	at org.apache.commons.complex.TestUtils.equals(TestUtils.java:390)
	at org.apache.commons.complex.TestUtils.equals(TestUtils.java:390)
	at org.apache.commons.complex.TestUtils.equals(TestUtils.java:390)
	at org.apache.commons.complex.TestUtils.equals(TestUtils.java:390)
	at org.apache.commons.complex.TestUtils.equals(TestUtils.java:390)
	at org.apache.commons.complex.TestUtils.equals(TestUtils.java:390)
	at org.apache.commons.complex.TestUtils.equals(TestUtils.java:390)
	at org.apache.commons.complex.TestUtils.equals(TestUtils.java:390)
	at org.apache.commons.complex.TestUtils.equals(TestUtils.java:390)
	at org.apache.commons.complex.TestUtils.equals(TestUtils.java:390)
	at org.apache.commons.complex.TestUtils.equals(TestUtils.java:390)
	at org.apache.commons.complex.TestUtils.equals(TestUtils.java:390)
	at org.apache.commons.complex.TestUtils.equals(TestUtils.java:390)
	at org.apache.commons.complex.TestUtils.equals(TestUtils.java:390)
	at org.apache.commons.complex.TestUtils.equals(TestUtils.java:390)
	at org.apache.commons.complex.TestUtils.equals(TestUtils.java:390)
	at org.apache.commons.complex.TestUtils.equals(TestUtils.java:390)
	at org.apache.commons.complex.TestUtils.equals(TestUtils.java:390)
	at org.apache.commons.complex.TestUtils.equals(TestUtils.java:390)
	at org.apache.commons.complex.TestUtils.equals(TestUtils.java:390)
	at org.apache.commons.complex.TestUtils.equals(TestUtils.java:390)
	at org.apache.commons.complex.TestUtils.equals(TestUtils.java:390)
	at org.apache.commons.complex.TestUtils.equals(TestUtils.java:390)
	at org.apache.commons.complex.TestUtils.equals(TestUtils.java:390)
	at org.apache.commons.complex.TestUtils.equals(TestUtils.java:390)
	at org.apache.commons.complex.TestUtils.equals(TestUtils.java:390)
	at org.apache.commons.complex.TestUtils.equals(TestUtils.java:390)
	at org.apache.commons.complex.TestUtils.equals(TestUtils.java:390)
	at org.apache.commons.complex.TestUtils.equals(TestUtils.java:390)
	at org.apache.commons.complex.TestUtils.equals(TestUtils.java:390)
	at org.apache.commons.complex.TestUtils.equals(TestUtils.java:390)
	at org.apache.commons.complex.TestUtils.equals(TestUtils.java:390)
	at org.apache.commons.complex.TestUtils.equals(TestUtils.java:390)
	at org.apache.commons.complex.TestUtils.equals(TestUtils.java:390)
	at org.apache.commons.complex.TestUtils.equals(TestUtils.java:390)
	at org.apache.commons.complex.TestUtils.equals(TestUtils.java:390)
	at org.apache.commons.complex.TestUtils.equals(TestUtils.java:390)
	at org.apache.commons.complex.TestUtils.equals(TestUtils.java:390)
	at org.apache.commons.complex.TestUtils.equals(TestUtils.java:390)
	at org.apache.commons.complex.TestUtils.equals(TestUtils.java:390)
	at org.apache.commons.complex.TestUtils.equals(TestUtils.java:390)
	at org.apache.commons.complex.TestUtils.equals(TestUtils.java:390)
	at org.apache.commons.complex.TestUtils.equals(TestUtils.java:390)
	at org.apache.commons.complex.TestUtils.equals(TestUtils.java:390)
	at org.apache.commons.complex.TestUtils.equals(TestUtils.java:390)
	at org.apache.commons.complex.TestUtils.equals(TestUtils.java:390)
	at org.apache.commons.complex.TestUtils.equals(TestUtils.java:390)
	at org.apache.commons.complex.TestUtils.equals(TestUtils.java:390)
	at org.apache.commons.complex.TestUtils.equals(TestUtils.java:390)
	at org.apache.commons.complex.TestUtils.equals(TestUtils.java:390)
	at org.apache.commons.complex.TestUtils.equals(TestUtils.java:390)
	at org.apache.commons.complex.TestUtils.equals(TestUtils.java:390)
	at org.apache.commons.complex.TestUtils.equals(TestUtils.java:390)
	at org.apache.commons.complex.TestUtils.equals(TestUtils.java:390)
	at org.apache.commons.complex.TestUtils.equals(TestUtils.java:390)
	at org.apache.commons.complex.TestUtils.equals(TestUtils.java:390)
	at org.apache.commons.complex.TestUtils.equals(TestUtils.java:390)
	at org.apache.commons.complex.TestUtils.equals(TestUtils.java:390)
	at org.apache.commons.complex.TestUtils.equals(TestUtils.java:390)
	at org.apache.commons.complex.TestUtils.equals(TestUtils.java:390)
	at org.apache.commons.complex.TestUtils.equals(TestUtils.java:390)
	at org.apache.commons.complex.TestUtils.equals(TestUtils.java:390)
	at org.apache.commons.complex.TestUtils.equals(TestUtils.java:390)
	at org.apache.commons.complex.TestUtils.equals(TestUtils.java:390)
	at org.apache.commons.complex.TestUtils.equals(TestUtils.java:390)
	at org.apache.commons.complex.TestUtils.equals(TestUtils.java:390)
	at org.apache.commons.complex.TestUtils.equals(TestUtils.java:390)
	at org.apache.commons.complex.TestUtils.equals(TestUtils.java:390)
	at org.apache.commons.complex.TestUtils.equals(TestUtils.java:390)
	at org.apache.commons.complex.TestUtils.equals(TestUtils.java:390)
	at org.apache.commons.complex.TestUtils.equals(TestUtils.java:390)
	at org.apache.commons.complex.TestUtils.equals(TestUtils.java:390)
	at org.apache.commons.complex.TestUtils.equals(TestUtils.java:390)
	at org.apache.commons.complex.TestUtils.equals(TestUtils.java:390)
	at org.apache.commons.complex.TestUtils.equals(TestUtils.java:390)
	at org.apache.commons.complex.TestUtils.equals(TestUtils.java:390)
	at org.apache.commons.complex.TestUtils.equals(TestUtils.java:390)
	at org.apache.commons.complex.TestUtils.equals(TestUtils.java:390)
	at org.apache.commons.complex.TestUtils.equals(TestUtils.java:390)
	at org.apache.commons.complex.TestUtils.equals(TestUtils.java:390)
	at org.apache.commons.complex.TestUtils.equals(TestUtils.java:390)
	at org.apache.commons.complex.TestUtils.equals(TestUtils.java:390)
	at org.apache.commons.complex.TestUtils.equals(TestUtils.java:390)
	at org.apache.commons.complex.TestUtils.equals(TestUtils.java:390)
	at org.apache.commons.complex.TestUtils.equals(TestUtils.java:390)
	at org.apache.commons.complex.TestUtils.equals(TestUtils.java:390)
	at org.apache.commons.complex.TestUtils.equals(TestUtils.java:390)
	at org.apache.commons.complex.TestUtils.equals(TestUtils.java:390)
	at org.apache.commons.complex.TestUtils.equals(TestUtils.java:390)
	at org.apache.commons.complex.TestUtils.equals(TestUtils.java:390)
	at org.apache.commons.complex.TestUtils.equals(TestUtils.java:390)
	at org.apache.commons.complex.TestUtils.equals(TestUtils.java:390)
	at org.apache.commons.complex.TestUtils.equals(TestUtils.java:390)
	at org.apache.commons.complex.TestUtils.equals(TestUtils.java:390)
	at org.apache.commons.complex.TestUtils.equals(TestUtils.java:390)
	at org.apache.commons.complex.TestUtils.equals(TestUtils.java:390)
	at org.apache.commons.complex.TestUtils.equals(TestUtils.java:390)
	at org.apache.commons.complex.TestUtils.equals(TestUtils.java:390)
	at org.apache.commons.complex.TestUtils.equals(TestUtils.java:390)
	at org.apache.commons.complex.TestUtils.equals(TestUtils.java:390)
	at org.apache.commons.complex.TestUtils.equals(TestUtils.java:390)
	at org.apache.commons.complex.TestUtils.equals(TestUtils.java:390)
	at org.apache.commons.complex.TestUtils.equals(TestUtils.java:390)
	at org.apache.commons.complex.TestUtils.equals(TestUtils.java:390)
	at org.apache.commons.complex.TestUtils.equals(TestUtils.java:390)
	at org.apache.commons.complex.TestUtils.equals(TestUtils.java:390)
	at org.apache.commons.complex.TestUtils.equals(TestUtils.java:390)
	at org.apache.commons.complex.TestUtils.equals(TestUtils.java:390)
	at org.apache.commons.complex.TestUtils.equals(TestUtils.java:390)
	at org.apache.commons.complex.TestUtils.equals(TestUtils.java:390)
	at org.apache.commons.complex.TestUtils.equals(TestUtils.java:390)
	at org.apache.commons.complex.TestUtils.equals(TestUtils.java:390)
	at org.apache.commons.complex.TestUtils.equals(TestUtils.java:390)
	at org.apache.commons.complex.TestUtils.equals(TestUtils.java:390)
	at org.apache.commons.complex.TestUtils.equals(TestUtils.java:390)
	at org.apache.commons.complex.TestUtils.equals(TestUtils.java:390)
	at org.apache.commons.complex.TestUtils.equals(TestUtils.java:390)
	at org.apache.commons.complex.TestUtils.equals(TestUtils.java:390)
	at org.apache.commons.complex.TestUtils.equals(TestUtils.java:390)
	at org.apache.commons.complex.TestUtils.equals(TestUtils.java:390)
	at org.apache.commons.complex.TestUtils.equals(TestUtils.java:390)
	at org.apache.commons.complex.TestUtils.equals(TestUtils.java:390)
	at org.apache.commons.complex.TestUtils.equals(TestUtils.java:390)
	at org.apache.commons.complex.TestUtils.equals(TestUtils.java:390)
	at org.apache.commons.complex.TestUtils.equals(TestUtils.java:390)
	at org.apache.commons.complex.TestUtils.equals(TestUtils.java:390)
	at org.apache.commons.complex.TestUtils.equals(TestUtils.java:390)
	at org.apache.commons.complex.TestUtils.equals(TestUtils.java:390)
	at org.apache.commons.complex.TestUtils.equals(TestUtils.java:390)
	at org.apache.commons.complex.TestUtils.equals(TestUtils.java:390)
	at org.apache.commons.complex.TestUtils.equals(TestUtils.java:390)
	at org.apache.commons.complex.TestUtils.equals(TestUtils.java:390)
	at org.apache.commons.complex.TestUtils.equals(TestUtils.java:390)
	at org.apache.commons.complex.TestUtils.equals(TestUtils.java:390)
	at org.apache.commons.complex.TestUtils.equals(TestUtils.java:390)
	at org.apache.commons.complex.TestUtils.equals(TestUtils.java:390)
	at org.apache.commons.complex.TestUtils.equals(TestUtils.java:390)
	at org.apache.commons.complex.TestUtils.equals(TestUtils.java:390)
	at org.apache.commons.complex.TestUtils.equals(TestUtils.java:390)
	at org.apache.commons.complex.TestUtils.equals(TestUtils.java:390)
	at org.apache.commons.complex.TestUtils.equals(TestUtils.java:390)
	at org.apache.commons.complex.TestUtils.equals(TestUtils.java:390)
	at org.apache.commons.complex.TestUtils.equals(TestUtils.java:390)
	at org.apache.commons.complex.TestUtils.equals(TestUtils.java:390)
	at org.apache.commons.complex.TestUtils.equals(TestUtils.java:390)
	at org.apache.commons.complex.TestUtils.equals(TestUtils.java:390)
	at org.apache.commons.complex.TestUtils.equals(TestUtils.java:390)
	at org.apache.commons.complex.TestUtils.equals(TestUtils.java:390)
	at org.apache.commons.complex.TestUtils.equals(TestUtils.java:390)
	at org.apache.commons.complex.TestUtils.equals(TestUtils.java:390)
	at org.apache.commons.complex.TestUtils.equals(TestUtils.java:390)
	at org.apache.commons.complex.TestUtils.equals(TestUtils.java:390)
	at org.apache.commons.complex.TestUtils.equals(TestUtils.java:390)
	at org.apache.commons.complex.TestUtils.equals(TestUtils.java:390)
	at org.apache.commons.complex.TestUtils.equals(TestUtils.java:390)
	at org.apache.commons.complex.TestUtils.equals(TestUtils.java:390)
	at org.apache.commons.complex.TestUtils.equals(TestUtils.java:390)
	at org.apache.commons.complex.TestUtils.equals(TestUtils.java:390)
	at org.apache.commons.complex.TestUtils.equals(TestUtils.java:390)
	at org.apache.commons.complex.TestUtils.equals(TestUtils.java:390)
	at org.apache.commons.complex.TestUtils.equals(TestUtils.java:390)
	at org.apache.commons.complex.TestUtils.equals(TestUtils.java:390)
	at org.apache.commons.complex.TestUtils.equals(TestUtils.java:390)
	at org.apache.commons.complex.TestUtils.equals(TestUtils.java:390)
	at org.apache.commons.complex.TestUtils.equals(TestUtils.java:390)
	at org.apache.commons.complex.TestUtils.equals(TestUtils.java:390)
	at org.apache.commons.complex.TestUtils.equals(TestUtils.java:390)
	at org.apache.commons.complex.TestUtils.equals(TestUtils.java:390)
	at org.apache.commons.complex.TestUtils.equals(TestUtils.java:390)
	at org.apache.commons.complex.TestUtils.equals(TestUtils.java:390)
	at org.apache.commons.complex.TestUtils.equals(TestUtils.java:390)
	at org.apache.commons.complex.TestUtils.equals(TestUtils.java:390)
	at org.apache.commons.complex.TestUtils.equals(TestUtils.java:390)
	at org.apache.commons.complex.TestUtils.equals(TestUtils.java:390)
	at org.apache.commons.complex.TestUtils.equals(TestUtils.java:390)
	at org.apache.commons.complex.TestUtils.equals(TestUtils.java:390)
	at org.apache.commons.complex.TestUtils.equals(TestUtils.java:390)
	at org.apache.commons.complex.TestUtils.equals(TestUtils.java:390)
	at org.apache.commons.complex.TestUtils.equals(TestUtils.java:390)
	at org.apache.commons.complex.TestUtils.equals(TestUtils.java:390)
	at org.apache.commons.complex.TestUtils.equals(TestUtils.java:390)
	at org.apache.commons.complex.TestUtils.equals(TestUtils.java:390)
	at org.apache.commons.complex.TestUtils.equals(TestUtils.java:390)
	at org.apache.commons.complex.TestUtils.equals(TestUtils.java:390)
	at org.apache.commons.complex.TestUtils.equals(TestUtils.java:390)
	at org.apache.commons.complex.TestUtils.equals(TestUtils.java:390)
	at org.apache.commons.complex.TestUtils.equals(TestUtils.java:390)
	at org.apache.commons.complex.TestUtils.equals(TestUtils.java:390)
	at org.apache.commons.complex.TestUtils.equals(TestUtils.java:390)
	at org.apache.commons.complex.TestUtils.equals(TestUtils.java:390)
	at org.apache.commons.complex.TestUtils.equals(TestUtils.java:390)
	at org.apache.commons.complex.TestUtils.equals(TestUtils.java:390)
	at org.apache.commons.complex.TestUtils.equals(TestUtils.java:390)
	at org.apache.commons.complex.TestUtils.equals(TestUtils.java:390)
	at org.apache.commons.complex.TestUtils.equals(TestUtils.java:390)
	at org.apache.commons.complex.TestUtils.equals(TestUtils.java:390)
	at org.apache.commons.complex.TestUtils.equals(TestUtils.java:390)
	at org.apache.commons.complex.TestUtils.equals(TestUtils.java:390)
	at org.apache.commons.complex.TestUtils.equals(TestUtils.java:390)
	at org.apache.commons.complex.TestUtils.equals(TestUtils.java:390)
	at org.apache.commons.complex.TestUtils.equals(TestUtils.java:390)
	at org.apache.commons.complex.TestUtils.equals(TestUtils.java:390)
	at org.apache.commons.complex.TestUtils.equals(TestUtils.java:390)
	at org.apache.commons.complex.TestUtils.equals(TestUtils.java:390)
	at org.apache.commons.complex.TestUtils.equals(TestUtils.java:390)
	at org.apache.commons.complex.TestUtils.equals(TestUtils.java:390)
	at org.apache.commons.complex.TestUtils.equals(TestUtils.java:390)
	at org.apache.commons.complex.TestUtils.equals(TestUtils.java:390)
	at org.apache.commons.complex.TestUtils.equals(TestUtils.java:390)
	at org.apache.commons.complex.TestUtils.equals(TestUtils.java:390)
	at org.apache.commons.complex.TestUtils.equals(TestUtils.java:390)
	at org.apache.commons.complex.TestUtils.equals(TestUtils.java:390)
	at org.apache.commons.complex.TestUtils.equals(TestUtils.java:390)
	at org.apache.commons.complex.TestUtils.equals(TestUtils.java:390)
	at org.apache.commons.complex.TestUtils.equals(TestUtils.java:390)
	at org.apache.commons.complex.TestUtils.equals(TestUtils.java:390)
	at org.apache.commons.complex.TestUtils.equals(TestUtils.java:390)
	at org.apache.commons.complex.TestUtils.equals(TestUtils.java:390)
	at org.apache.commons.complex.TestUtils.equals(TestUtils.java:390)
	at org.apache.commons.complex.TestUtils.equals(TestUtils.java:390)
	at org.apache.commons.complex.TestUtils.equals(TestUtils.java:390)
	at org.apache.commons.complex.TestUtils.equals(TestUtils.java:390)
	at org.apache.commons.complex.TestUtils.equals(TestUtils.java:390)
	at org.apache.commons.complex.TestUtils.equals(TestUtils.java:390)
	at org.apache.commons.complex.TestUtils.equals(TestUtils.java:390)
	at org.apache.commons.complex.TestUtils.equals(TestUtils.java:390)
	at org.apache.commons.complex.TestUtils.equals(TestUtils.java:390)
	at org.apache.commons.complex.TestUtils.equals(TestUtils.java:390)
	at org.apache.commons.complex.TestUtils.equals(TestUtils.java:390)
	at org.apache.commons.complex.TestUtils.equals(TestUtils.java:390)
	at org.apache.commons.complex.TestUtils.equals(TestUtils.java:390)
	at org.apache.commons.complex.TestUtils.equals(TestUtils.java:390)
	at org.apache.commons.complex.TestUtils.equals(TestUtils.java:390)
	at org.apache.commons.complex.TestUtils.equals(TestUtils.java:390)
	at org.apache.commons.complex.TestUtils.equals(TestUtils.java:390)
	at org.apache.commons.complex.TestUtils.equals(TestUtils.java:390)
	at org.apache.commons.complex.TestUtils.equals(TestUtils.java:390)
	at org.apache.commons.complex.TestUtils.equals(TestUtils.java:390)
	at org.apache.commons.complex.TestUtils.equals(TestUtils.java:390)
	at org.apache.commons.complex.TestUtils.equals(TestUtils.java:390)
	at org.apache.commons.complex.TestUtils.equals(TestUtils.java:390)
	at org.apache.commons.complex.TestUtils.equals(TestUtils.java:390)
	at org.apache.commons.complex.TestUtils.equals(TestUtils.java:390)
	at org.apache.commons.complex.TestUtils.equals(TestUtils.java:390)
	at org.apache.commons.complex.TestUtils.equals(TestUtils.java:390)
	at org.apache.commons.complex.TestUtils.equals(TestUtils.java:390)
	at org.apache.commons.complex.TestUtils.equals(TestUtils.java:390)
	at org.apache.commons.complex.TestUtils.equals(TestUtils.java:390)
	at org.apache.commons.complex.TestUtils.equals(TestUtils.java:390)
	at org.apache.commons.complex.TestUtils.equals(TestUtils.java:390)
	at org.apache.commons.complex.TestUtils.equals(TestUtils.java:390)
	at org.apache.commons.complex.TestUtils.equals(TestUtils.java:390)
	at org.apache.commons.complex.TestUtils.equals(TestUtils.java:390)
	at org.apache.commons.complex.TestUtils.equals(TestUtils.java:390)
	at org.apache.commons.complex.TestUtils.equals(TestUtils.java:390)
	at org.apache.commons.complex.TestUtils.equals(TestUtils.java:390)
	at org.apache.commons.complex.TestUtils.equals(TestUtils.java:390)
	at org.apache.commons.complex.TestUtils.equals(TestUtils.java:390)
	at org.apache.commons.complex.TestUtils.equals(TestUtils.java:390)
	at org.apache.commons.complex.TestUtils.equals(TestUtils.java:390)
	at org.apache.commons.complex.TestUtils.equals(TestUtils.java:390)
	at org.apache.commons.complex.TestUtils.equals(TestUtils.java:390)
	at org.apache.commons.complex.TestUtils.equals(TestUtils.java:390)
	at org.apache.commons.complex.TestUtils.equals(TestUtils.java:390)
	at org.apache.commons.complex.TestUtils.equals(TestUtils.java:390)
	at org.apache.commons.complex.TestUtils.equals(TestUtils.java:390)
	at org.apache.commons.complex.TestUtils.equals(TestUtils.java:390)
	at org.apache.commons.complex.TestUtils.equals(TestUtils.java:390)
	at org.apache.commons.complex.TestUtils.equals(TestUtils.java:390)
	at org.apache.commons.complex.TestUtils.equals(TestUtils.java:390)
	at org.apache.commons.complex.TestUtils.equals(TestUtils.java:390)
	at org.apache.commons.complex.TestUtils.equals(TestUtils.java:390)
	at org.apache.commons.complex.TestUtils.equals(TestUtils.java:390)
	at org.apache.commons.complex.TestUtils.equals(TestUtils.java:390)
	at org.apache.commons.complex.TestUtils.equals(TestUtils.java:390)
	at org.apache.commons.complex.TestUtils.equals(TestUtils.java:390)
	at org.apache.commons.complex.TestUtils.equals(TestUtils.java:390)
	at org.apache.commons.complex.TestUtils.equals(TestUtils.java:390)
	at org.apache.commons.complex.TestUtils.equals(TestUtils.java:390)
	at org.apache.commons.complex.TestUtils.equals(TestUtils.java:390)
	at org.apache.commons.complex.TestUtils.equals(TestUtils.java:390)
	at org.apache.commons.complex.TestUtils.equals(TestUtils.java:390)
	at org.apache.commons.complex.TestUtils.equals(TestUtils.java:390)
	at org.apache.commons.complex.TestUtils.equals(TestUtils.java:390)
	at org.apache.commons.complex.TestUtils.equals(TestUtils.java:390)
	at org.apache.commons.complex.TestUtils.equals(TestUtils.java:390)
	at org.apache.commons.complex.TestUtils.equals(TestUtils.java:390)
</error>
  </testcase>
  <testcase name="testImaginaryToComplex" classname="org.apache.commons.complex.ComplexUtilsTest" time="0.005">
    <error type="java.lang.StackOverflowError:">java.lang.StackOverflowError: null
	at org.apache.commons.complex.TestUtils.equals(TestUtils.java)
	at org.apache.commons.complex.TestUtils.equals(TestUtils.java:390)
	at org.apache.commons.complex.TestUtils.equals(TestUtils.java:390)
	at org.apache.commons.complex.TestUtils.equals(TestUtils.java:390)
	at org.apache.commons.complex.TestUtils.equals(TestUtils.java:390)
	at org.apache.commons.complex.TestUtils.equals(TestUtils.java:390)
	at org.apache.commons.complex.TestUtils.equals(TestUtils.java:390)
	at org.apache.commons.complex.TestUtils.equals(TestUtils.java:390)
	at org.apache.commons.complex.TestUtils.equals(TestUtils.java:390)
	at org.apache.commons.complex.TestUtils.equals(TestUtils.java:390)
	at org.apache.commons.complex.TestUtils.equals(TestUtils.java:390)
	at org.apache.commons.complex.TestUtils.equals(TestUtils.java:390)
	at org.apache.commons.complex.TestUtils.equals(TestUtils.java:390)
	at org.apache.commons.complex.TestUtils.equals(TestUtils.java:390)
	at org.apache.commons.complex.TestUtils.equals(TestUtils.java:390)
	at org.apache.commons.complex.TestUtils.equals(TestUtils.java:390)
	at org.apache.commons.complex.TestUtils.equals(TestUtils.java:390)
	at org.apache.commons.complex.TestUtils.equals(TestUtils.java:390)
	at org.apache.commons.complex.TestUtils.equals(TestUtils.java:390)
	at org.apache.commons.complex.TestUtils.equals(TestUtils.java:390)
	at org.apache.commons.complex.TestUtils.equals(TestUtils.java:390)
	at org.apache.commons.complex.TestUtils.equals(TestUtils.java:390)
	at org.apache.commons.complex.TestUtils.equals(TestUtils.java:390)
	at org.apache.commons.complex.TestUtils.equals(TestUtils.java:390)
	at org.apache.commons.complex.TestUtils.equals(TestUtils.java:390)
	at org.apache.commons.complex.TestUtils.equals(TestUtils.java:390)
	at org.apache.commons.complex.TestUtils.equals(TestUtils.java:390)
	at org.apache.commons.complex.TestUtils.equals(TestUtils.java:390)
	at org.apache.commons.complex.TestUtils.equals(TestUtils.java:390)
	at org.apache.commons.complex.TestUtils.equals(TestUtils.java:390)
	at org.apache.commons.complex.TestUtils.equals(TestUtils.java:390)
	at org.apache.commons.complex.TestUtils.equals(TestUtils.java:390)
	at org.apache.commons.complex.TestUtils.equals(TestUtils.java:390)
	at org.apache.commons.complex.TestUtils.equals(TestUtils.java:390)
	at org.apache.commons.complex.TestUtils.equals(TestUtils.java:390)
	at org.apache.commons.complex.TestUtils.equals(TestUtils.java:390)
	at org.apache.commons.complex.TestUtils.equals(TestUtils.java:390)
	at org.apache.commons.complex.TestUtils.equals(TestUtils.java:390)
	at org.apache.commons.complex.TestUtils.equals(TestUtils.java:390)
	at org.apache.commons.complex.TestUtils.equals(TestUtils.java:390)
	at org.apache.commons.complex.TestUtils.equals(TestUtils.java:390)
	at org.apache.commons.complex.TestUtils.equals(TestUtils.java:390)
	at org.apache.commons.complex.TestUtils.equals(TestUtils.java:390)
	at org.apache.commons.complex.TestUtils.equals(TestUtils.java:390)
	at org.apache.commons.complex.TestUtils.equals(TestUtils.java:390)
	at org.apache.commons.complex.TestUtils.equals(TestUtils.java:390)
	at org.apache.commons.complex.TestUtils.equals(TestUtils.java:390)
	at org.apache.commons.complex.TestUtils.equals(TestUtils.java:390)
	at org.apache.commons.complex.TestUtils.equals(TestUtils.java:390)
	at org.apache.commons.complex.TestUtils.equals(TestUtils.java:390)
	at org.apache.commons.complex.TestUtils.equals(TestUtils.java:390)
	at org.apache.commons.complex.TestUtils.equals(TestUtils.java:390)
	at org.apache.commons.complex.TestUtils.equals(TestUtils.java:390)
	at org.apache.commons.complex.TestUtils.equals(TestUtils.java:390)
	at org.apache.commons.complex.TestUtils.equals(TestUtils.java:390)
	at org.apache.commons.complex.TestUtils.equals(TestUtils.java:390)
	at org.apache.commons.complex.TestUtils.equals(TestUtils.java:390)
	at org.apache.commons.complex.TestUtils.equals(TestUtils.java:390)
	at org.apache.commons.complex.TestUtils.equals(TestUtils.java:390)
	at org.apache.commons.complex.TestUtils.equals(TestUtils.java:390)
	at org.apache.commons.complex.TestUtils.equals(TestUtils.java:390)
	at org.apache.commons.complex.TestUtils.equals(TestUtils.java:390)
	at org.apache.commons.complex.TestUtils.equals(TestUtils.java:390)
	at org.apache.commons.complex.TestUtils.equals(TestUtils.java:390)
	at org.apache.commons.complex.TestUtils.equals(TestUtils.java:390)
	at org.apache.commons.complex.TestUtils.equals(TestUtils.java:390)
	at org.apache.commons.complex.TestUtils.equals(TestUtils.java:390)
	at org.apache.commons.complex.TestUtils.equals(TestUtils.java:390)
	at org.apache.commons.complex.TestUtils.equals(TestUtils.java:390)
	at org.apache.commons.complex.TestUtils.equals(TestUtils.java:390)
	at org.apache.commons.complex.TestUtils.equals(TestUtils.java:390)
	at org.apache.commons.complex.TestUtils.equals(TestUtils.java:390)
	at org.apache.commons.complex.TestUtils.equals(TestUtils.java:390)
	at org.apache.commons.complex.TestUtils.equals(TestUtils.java:390)
	at org.apache.commons.complex.TestUtils.equals(TestUtils.java:390)
	at org.apache.commons.complex.TestUtils.equals(TestUtils.java:390)
	at org.apache.commons.complex.TestUtils.equals(TestUtils.java:390)
	at org.apache.commons.complex.TestUtils.equals(TestUtils.java:390)
	at org.apache.commons.complex.TestUtils.equals(TestUtils.java:390)
	at org.apache.commons.complex.TestUtils.equals(TestUtils.java:390)
	at org.apache.commons.complex.TestUtils.equals(TestUtils.java:390)
	at org.apache.commons.complex.TestUtils.equals(TestUtils.java:390)
	at org.apache.commons.complex.TestUtils.equals(TestUtils.java:390)
	at org.apache.commons.complex.TestUtils.equals(TestUtils.java:390)
	at org.apache.commons.complex.TestUtils.equals(TestUtils.java:390)
	at org.apache.commons.complex.TestUtils.equals(TestUtils.java:390)
	at org.apache.commons.complex.TestUtils.equals(TestUtils.java:390)
	at org.apache.commons.complex.TestUtils.equals(TestUtils.java:390)
	at org.apache.commons.complex.TestUtils.equals(TestUtils.java:390)
	at org.apache.commons.complex.TestUtils.equals(TestUtils.java:390)
	at org.apache.commons.complex.TestUtils.equals(TestUtils.java:390)
	at org.apache.commons.complex.TestUtils.equals(TestUtils.java:390)
	at org.apache.commons.complex.TestUtils.equals(TestUtils.java:390)
	at org.apache.commons.complex.TestUtils.equals(TestUtils.java:390)
	at org.apache.commons.complex.TestUtils.equals(TestUtils.java:390)
	at org.apache.commons.complex.TestUtils.equals(TestUtils.java:390)
	at org.apache.commons.complex.TestUtils.equals(TestUtils.java:390)
	at org.apache.commons.complex.TestUtils.equals(TestUtils.java:390)
	at org.apache.commons.complex.TestUtils.equals(TestUtils.java:390)
	at org.apache.commons.complex.TestUtils.equals(TestUtils.java:390)
	at org.apache.commons.complex.TestUtils.equals(TestUtils.java:390)
	at org.apache.commons.complex.TestUtils.equals(TestUtils.java:390)
	at org.apache.commons.complex.TestUtils.equals(TestUtils.java:390)
	at org.apache.commons.complex.TestUtils.equals(TestUtils.java:390)
	at org.apache.commons.complex.TestUtils.equals(TestUtils.java:390)
	at org.apache.commons.complex.TestUtils.equals(TestUtils.java:390)
	at org.apache.commons.complex.TestUtils.equals(TestUtils.java:390)
	at org.apache.commons.complex.TestUtils.equals(TestUtils.java:390)
	at org.apache.commons.complex.TestUtils.equals(TestUtils.java:390)
	at org.apache.commons.complex.TestUtils.equals(TestUtils.java:390)
	at org.apache.commons.complex.TestUtils.equals(TestUtils.java:390)
	at org.apache.commons.complex.TestUtils.equals(TestUtils.java:390)
	at org.apache.commons.complex.TestUtils.equals(TestUtils.java:390)
	at org.apache.commons.complex.TestUtils.equals(TestUtils.java:390)
	at org.apache.commons.complex.TestUtils.equals(TestUtils.java:390)
	at org.apache.commons.complex.TestUtils.equals(TestUtils.java:390)
	at org.apache.commons.complex.TestUtils.equals(TestUtils.java:390)
	at org.apache.commons.complex.TestUtils.equals(TestUtils.java:390)
	at org.apache.commons.complex.TestUtils.equals(TestUtils.java:390)
	at org.apache.commons.complex.TestUtils.equals(TestUtils.java:390)
	at org.apache.commons.complex.TestUtils.equals(TestUtils.java:390)
	at org.apache.commons.complex.TestUtils.equals(TestUtils.java:390)
	at org.apache.commons.complex.TestUtils.equals(TestUtils.java:390)
	at org.apache.commons.complex.TestUtils.equals(TestUtils.java:390)
	at org.apache.commons.complex.TestUtils.equals(TestUtils.java:390)
	at org.apache.commons.complex.TestUtils.equals(TestUtils.java:390)
	at org.apache.commons.complex.TestUtils.equals(TestUtils.java:390)
	at org.apache.commons.complex.TestUtils.equals(TestUtils.java:390)
	at org.apache.commons.complex.TestUtils.equals(TestUtils.java:390)
	at org.apache.commons.complex.TestUtils.equals(TestUtils.java:390)
	at org.apache.commons.complex.TestUtils.equals(TestUtils.java:390)
	at org.apache.commons.complex.TestUtils.equals(TestUtils.java:390)
	at org.apache.commons.complex.TestUtils.equals(TestUtils.java:390)
	at org.apache.commons.complex.TestUtils.equals(TestUtils.java:390)
	at org.apache.commons.complex.TestUtils.equals(TestUtils.java:390)
	at org.apache.commons.complex.TestUtils.equals(TestUtils.java:390)
	at org.apache.commons.complex.TestUtils.equals(TestUtils.java:390)
	at org.apache.commons.complex.TestUtils.equals(TestUtils.java:390)
	at org.apache.commons.complex.TestUtils.equals(TestUtils.java:390)
	at org.apache.commons.complex.TestUtils.equals(TestUtils.java:390)
	at org.apache.commons.complex.TestUtils.equals(TestUtils.java:390)
	at org.apache.commons.complex.TestUtils.equals(TestUtils.java:390)
	at org.apache.commons.complex.TestUtils.equals(TestUtils.java:390)
	at org.apache.commons.complex.TestUtils.equals(TestUtils.java:390)
	at org.apache.commons.complex.TestUtils.equals(TestUtils.java:390)
	at org.apache.commons.complex.TestUtils.equals(TestUtils.java:390)
	at org.apache.commons.complex.TestUtils.equals(TestUtils.java:390)
	at org.apache.commons.complex.TestUtils.equals(TestUtils.java:390)
	at org.apache.commons.complex.TestUtils.equals(TestUtils.java:390)
	at org.apache.commons.complex.TestUtils.equals(TestUtils.java:390)
	at org.apache.commons.complex.TestUtils.equals(TestUtils.java:390)
	at org.apache.commons.complex.TestUtils.equals(TestUtils.java:390)
	at org.apache.commons.complex.TestUtils.equals(TestUtils.java:390)
	at org.apache.commons.complex.TestUtils.equals(TestUtils.java:390)
	at org.apache.commons.complex.TestUtils.equals(TestUtils.java:390)
	at org.apache.commons.complex.TestUtils.equals(TestUtils.java:390)
	at org.apache.commons.complex.TestUtils.equals(TestUtils.java:390)
	at org.apache.commons.complex.TestUtils.equals(TestUtils.java:390)
	at org.apache.commons.complex.TestUtils.equals(TestUtils.java:390)
	at org.apache.commons.complex.TestUtils.equals(TestUtils.java:390)
	at org.apache.commons.complex.TestUtils.equals(TestUtils.java:390)
	at org.apache.commons.complex.TestUtils.equals(TestUtils.java:390)
	at org.apache.commons.complex.TestUtils.equals(TestUtils.java:390)
	at org.apache.commons.complex.TestUtils.equals(TestUtils.java:390)
	at org.apache.commons.complex.TestUtils.equals(TestUtils.java:390)
	at org.apache.commons.complex.TestUtils.equals(TestUtils.java:390)
	at org.apache.commons.complex.TestUtils.equals(TestUtils.java:390)
	at org.apache.commons.complex.TestUtils.equals(TestUtils.java:390)
	at org.apache.commons.complex.TestUtils.equals(TestUtils.java:390)
	at org.apache.commons.complex.TestUtils.equals(TestUtils.java:390)
	at org.apache.commons.complex.TestUtils.equals(TestUtils.java:390)
	at org.apache.commons.complex.TestUtils.equals(TestUtils.java:390)
	at org.apache.commons.complex.TestUtils.equals(TestUtils.java:390)
	at org.apache.commons.complex.TestUtils.equals(TestUtils.java:390)
	at org.apache.commons.complex.TestUtils.equals(TestUtils.java:390)
	at org.apache.commons.complex.TestUtils.equals(TestUtils.java:390)
	at org.apache.commons.complex.TestUtils.equals(TestUtils.java:390)
	at org.apache.commons.complex.TestUtils.equals(TestUtils.java:390)
	at org.apache.commons.complex.TestUtils.equals(TestUtils.java:390)
	at org.apache.commons.complex.TestUtils.equals(TestUtils.java:390)
	at org.apache.commons.complex.TestUtils.equals(TestUtils.java:390)
	at org.apache.commons.complex.TestUtils.equals(TestUtils.java:390)
	at org.apache.commons.complex.TestUtils.equals(TestUtils.java:390)
	at org.apache.commons.complex.TestUtils.equals(TestUtils.java:390)
	at org.apache.commons.complex.TestUtils.equals(TestUtils.java:390)
	at org.apache.commons.complex.TestUtils.equals(TestUtils.java:390)
	at org.apache.commons.complex.TestUtils.equals(TestUtils.java:390)
	at org.apache.commons.complex.TestUtils.equals(TestUtils.java:390)
	at org.apache.commons.complex.TestUtils.equals(TestUtils.java:390)
	at org.apache.commons.complex.TestUtils.equals(TestUtils.java:390)
	at org.apache.commons.complex.TestUtils.equals(TestUtils.java:390)
	at org.apache.commons.complex.TestUtils.equals(TestUtils.java:390)
	at org.apache.commons.complex.TestUtils.equals(TestUtils.java:390)
	at org.apache.commons.complex.TestUtils.equals(TestUtils.java:390)
	at org.apache.commons.complex.TestUtils.equals(TestUtils.java:390)
	at org.apache.commons.complex.TestUtils.equals(TestUtils.java:390)
	at org.apache.commons.complex.TestUtils.equals(TestUtils.java:390)
	at org.apache.commons.complex.TestUtils.equals(TestUtils.java:390)
	at org.apache.commons.complex.TestUtils.equals(TestUtils.java:390)
	at org.apache.commons.complex.TestUtils.equals(TestUtils.java:390)
	at org.apache.commons.complex.TestUtils.equals(TestUtils.java:390)
	at org.apache.commons.complex.TestUtils.equals(TestUtils.java:390)
	at org.apache.commons.complex.TestUtils.equals(TestUtils.java:390)
	at org.apache.commons.complex.TestUtils.equals(TestUtils.java:390)
	at org.apache.commons.complex.TestUtils.equals(TestUtils.java:390)
	at org.apache.commons.complex.TestUtils.equals(TestUtils.java:390)
	at org.apache.commons.complex.TestUtils.equals(TestUtils.java:390)
	at org.apache.commons.complex.TestUtils.equals(TestUtils.java:390)
	at org.apache.commons.complex.TestUtils.equals(TestUtils.java:390)
	at org.apache.commons.complex.TestUtils.equals(TestUtils.java:390)
	at org.apache.commons.complex.TestUtils.equals(TestUtils.java:390)
	at org.apache.commons.complex.TestUtils.equals(TestUtils.java:390)
	at org.apache.commons.complex.TestUtils.equals(TestUtils.java:390)
	at org.apache.commons.complex.TestUtils.equals(TestUtils.java:390)
	at org.apache.commons.complex.TestUtils.equals(TestUtils.java:390)
	at org.apache.commons.complex.TestUtils.equals(TestUtils.java:390)
	at org.apache.commons.complex.TestUtils.equals(TestUtils.java:390)
	at org.apache.commons.complex.TestUtils.equals(TestUtils.java:390)
	at org.apache.commons.complex.TestUtils.equals(TestUtils.java:390)
	at org.apache.commons.complex.TestUtils.equals(TestUtils.java:390)
	at org.apache.commons.complex.TestUtils.equals(TestUtils.java:390)
	at org.apache.commons.complex.TestUtils.equals(TestUtils.java:390)
	at org.apache.commons.complex.TestUtils.equals(TestUtils.java:390)
	at org.apache.commons.complex.TestUtils.equals(TestUtils.java:390)
	at org.apache.commons.complex.TestUtils.equals(TestUtils.java:390)
	at org.apache.commons.complex.TestUtils.equals(TestUtils.java:390)
	at org.apache.commons.complex.TestUtils.equals(TestUtils.java:390)
	at org.apache.commons.complex.TestUtils.equals(TestUtils.java:390)
	at org.apache.commons.complex.TestUtils.equals(TestUtils.java:390)
	at org.apache.commons.complex.TestUtils.equals(TestUtils.java:390)
	at org.apache.commons.complex.TestUtils.equals(TestUtils.java:390)
	at org.apache.commons.complex.TestUtils.equals(TestUtils.java:390)
	at org.apache.commons.complex.TestUtils.equals(TestUtils.java:390)
	at org.apache.commons.complex.TestUtils.equals(TestUtils.java:390)
	at org.apache.commons.complex.TestUtils.equals(TestUtils.java:390)
	at org.apache.commons.complex.TestUtils.equals(TestUtils.java:390)
	at org.apache.commons.complex.TestUtils.equals(TestUtils.java:390)
	at org.apache.commons.complex.TestUtils.equals(TestUtils.java:390)
	at org.apache.commons.complex.TestUtils.equals(TestUtils.java:390)
	at org.apache.commons.complex.TestUtils.equals(TestUtils.java:390)
	at org.apache.commons.complex.TestUtils.equals(TestUtils.java:390)
	at org.apache.commons.complex.TestUtils.equals(TestUtils.java:390)
	at org.apache.commons.complex.TestUtils.equals(TestUtils.java:390)
	at org.apache.commons.complex.TestUtils.equals(TestUtils.java:390)
	at org.apache.commons.complex.TestUtils.equals(TestUtils.java:390)
	at org.apache.commons.complex.TestUtils.equals(TestUtils.java:390)
	at org.apache.commons.complex.TestUtils.equals(TestUtils.java:390)
	at org.apache.commons.complex.TestUtils.equals(TestUtils.java:390)
	at org.apache.commons.complex.TestUtils.equals(TestUtils.java:390)
	at org.apache.commons.complex.TestUtils.equals(TestUtils.java:390)
	at org.apache.commons.complex.TestUtils.equals(TestUtils.java:390)
	at org.apache.commons.complex.TestUtils.equals(TestUtils.java:390)
	at org.apache.commons.complex.TestUtils.equals(TestUtils.java:390)
	at org.apache.commons.complex.TestUtils.equals(TestUtils.java:390)
	at org.apache.commons.complex.TestUtils.equals(TestUtils.java:390)
	at org.apache.commons.complex.TestUtils.equals(TestUtils.java:390)
	at org.apache.commons.complex.TestUtils.equals(TestUtils.java:390)
	at org.apache.commons.complex.TestUtils.equals(TestUtils.java:390)
	at org.apache.commons.complex.TestUtils.equals(TestUtils.java:390)
	at org.apache.commons.complex.TestUtils.equals(TestUtils.java:390)
	at org.apache.commons.complex.TestUtils.equals(TestUtils.java:390)
	at org.apache.commons.complex.TestUtils.equals(TestUtils.java:390)
	at org.apache.commons.complex.TestUtils.equals(TestUtils.java:390)
	at org.apache.commons.complex.TestUtils.equals(TestUtils.java:390)
	at org.apache.commons.complex.TestUtils.equals(TestUtils.java:390)
	at org.apache.commons.complex.TestUtils.equals(TestUtils.java:390)
	at org.apache.commons.complex.TestUtils.equals(TestUtils.java:390)
	at org.apache.commons.complex.TestUtils.equals(TestUtils.java:390)
	at org.apache.commons.complex.TestUtils.equals(TestUtils.java:390)
	at org.apache.commons.complex.TestUtils.equals(TestUtils.java:390)
	at org.apache.commons.complex.TestUtils.equals(TestUtils.java:390)
	at org.apache.commons.complex.TestUtils.equals(TestUtils.java:390)
	at org.apache.commons.complex.TestUtils.equals(TestUtils.java:390)
	at org.apache.commons.complex.TestUtils.equals(TestUtils.java:390)
	at org.apache.commons.complex.TestUtils.equals(TestUtils.java:390)
	at org.apache.commons.complex.TestUtils.equals(TestUtils.java:390)
	at org.apache.commons.complex.TestUtils.equals(TestUtils.java:390)
	at org.apache.commons.complex.TestUtils.equals(TestUtils.java:390)
	at org.apache.commons.complex.TestUtils.equals(TestUtils.java:390)
	at org.apache.commons.complex.TestUtils.equals(TestUtils.java:390)
	at org.apache.commons.complex.TestUtils.equals(TestUtils.java:390)
	at org.apache.commons.complex.TestUtils.equals(TestUtils.java:390)
	at org.apache.commons.complex.TestUtils.equals(TestUtils.java:390)
	at org.apache.commons.complex.TestUtils.equals(TestUtils.java:390)
	at org.apache.commons.complex.TestUtils.equals(TestUtils.java:390)
	at org.apache.commons.complex.TestUtils.equals(TestUtils.java:390)
	at org.apache.commons.complex.TestUtils.equals(TestUtils.java:390)
	at org.apache.commons.complex.TestUtils.equals(TestUtils.java:390)
	at org.apache.commons.complex.TestUtils.equals(TestUtils.java:390)
	at org.apache.commons.complex.TestUtils.equals(TestUtils.java:390)
	at org.apache.commons.complex.TestUtils.equals(TestUtils.java:390)
	at org.apache.commons.complex.TestUtils.equals(TestUtils.java:390)
	at org.apache.commons.complex.TestUtils.equals(TestUtils.java:390)
	at org.apache.commons.complex.TestUtils.equals(TestUtils.java:390)
	at org.apache.commons.complex.TestUtils.equals(TestUtils.java:390)
	at org.apache.commons.complex.TestUtils.equals(TestUtils.java:390)
	at org.apache.commons.complex.TestUtils.equals(TestUtils.java:390)
	at org.apache.commons.complex.TestUtils.equals(TestUtils.java:390)
	at org.apache.commons.complex.TestUtils.equals(TestUtils.java:390)
	at org.apache.commons.complex.TestUtils.equals(TestUtils.java:390)
	at org.apache.commons.complex.TestUtils.equals(TestUtils.java:390)
	at org.apache.commons.complex.TestUtils.equals(TestUtils.java:390)
	at org.apache.commons.complex.TestUtils.equals(TestUtils.java:390)
	at org.apache.commons.complex.TestUtils.equals(TestUtils.java:390)
	at org.apache.commons.complex.TestUtils.equals(TestUtils.java:390)
	at org.apache.commons.complex.TestUtils.equals(TestUtils.java:390)
	at org.apache.commons.complex.TestUtils.equals(TestUtils.java:390)
	at org.apache.commons.complex.TestUtils.equals(TestUtils.java:390)
	at org.apache.commons.complex.TestUtils.equals(TestUtils.java:390)
	at org.apache.commons.complex.TestUtils.equals(TestUtils.java:390)
	at org.apache.commons.complex.TestUtils.equals(TestUtils.java:390)
	at org.apache.commons.complex.TestUtils.equals(TestUtils.java:390)
	at org.apache.commons.complex.TestUtils.equals(TestUtils.java:390)
	at org.apache.commons.complex.TestUtils.equals(TestUtils.java:390)
	at org.apache.commons.complex.TestUtils.equals(TestUtils.java:390)
	at org.apache.commons.complex.TestUtils.equals(TestUtils.java:390)
	at org.apache.commons.complex.TestUtils.equals(TestUtils.java:390)
	at org.apache.commons.complex.TestUtils.equals(TestUtils.java:390)
	at org.apache.commons.complex.TestUtils.equals(TestUtils.java:390)
	at org.apache.commons.complex.TestUtils.equals(TestUtils.java:390)
	at org.apache.commons.complex.TestUtils.equals(TestUtils.java:390)
	at org.apache.commons.complex.TestUtils.equals(TestUtils.java:390)
	at org.apache.commons.complex.TestUtils.equals(TestUtils.java:390)
	at org.apache.commons.complex.TestUtils.equals(TestUtils.java:390)
	at org.apache.commons.complex.TestUtils.equals(TestUtils.java:390)
	at org.apache.commons.complex.TestUtils.equals(TestUtils.java:390)
	at org.apache.commons.complex.TestUtils.equals(TestUtils.java:390)
	at org.apache.commons.complex.TestUtils.equals(TestUtils.java:390)
	at org.apache.commons.complex.TestUtils.equals(TestUtils.java:390)
	at org.apache.commons.complex.TestUtils.equals(TestUtils.java:390)
	at org.apache.commons.complex.TestUtils.equals(TestUtils.java:390)
	at org.apache.commons.complex.TestUtils.equals(TestUtils.java:390)
	at org.apache.commons.complex.TestUtils.equals(TestUtils.java:390)
	at org.apache.commons.complex.TestUtils.equals(TestUtils.java:390)
	at org.apache.commons.complex.TestUtils.equals(TestUtils.java:390)
	at org.apache.commons.complex.TestUtils.equals(TestUtils.java:390)
	at org.apache.commons.complex.TestUtils.equals(TestUtils.java:390)
	at org.apache.commons.complex.TestUtils.equals(TestUtils.java:390)
	at org.apache.commons.complex.TestUtils.equals(TestUtils.java:390)
	at org.apache.commons.complex.TestUtils.equals(TestUtils.java:390)
	at org.apache.commons.complex.TestUtils.equals(TestUtils.java:390)
	at org.apache.commons.complex.TestUtils.equals(TestUtils.java:390)
	at org.apache.commons.complex.TestUtils.equals(TestUtils.java:390)
	at org.apache.commons.complex.TestUtils.equals(TestUtils.java:390)
	at org.apache.commons.complex.TestUtils.equals(TestUtils.java:390)
	at org.apache.commons.complex.TestUtils.equals(TestUtils.java:390)
	at org.apache.commons.complex.TestUtils.equals(TestUtils.java:390)
	at org.apache.commons.complex.TestUtils.equals(TestUtils.java:390)
	at org.apache.commons.complex.TestUtils.equals(TestUtils.java:390)
	at org.apache.commons.complex.TestUtils.equals(TestUtils.java:390)
	at org.apache.commons.complex.TestUtils.equals(TestUtils.java:390)
	at org.apache.commons.complex.TestUtils.equals(TestUtils.java:390)
	at org.apache.commons.complex.TestUtils.equals(TestUtils.java:390)
	at org.apache.commons.complex.TestUtils.equals(TestUtils.java:390)
	at org.apache.commons.complex.TestUtils.equals(TestUtils.java:390)
	at org.apache.commons.complex.TestUtils.equals(TestUtils.java:390)
	at org.apache.commons.complex.TestUtils.equals(TestUtils.java:390)
	at org.apache.commons.complex.TestUtils.equals(TestUtils.java:390)
	at org.apache.commons.complex.TestUtils.equals(TestUtils.java:390)
	at org.apache.commons.complex.TestUtils.equals(TestUtils.java:390)
	at org.apache.commons.complex.TestUtils.equals(TestUtils.java:390)
	at org.apache.commons.complex.TestUtils.equals(TestUtils.java:390)
	at org.apache.commons.complex.TestUtils.equals(TestUtils.java:390)
	at org.apache.commons.complex.TestUtils.equals(TestUtils.java:390)
	at org.apache.commons.complex.TestUtils.equals(TestUtils.java:390)
	at org.apache.commons.complex.TestUtils.equals(TestUtils.java:390)
	at org.apache.commons.complex.TestUtils.equals(TestUtils.java:390)
	at org.apache.commons.complex.TestUtils.equals(TestUtils.java:390)
	at org.apache.commons.complex.TestUtils.equals(TestUtils.java:390)
	at org.apache.commons.complex.TestUtils.equals(TestUtils.java:390)
	at org.apache.commons.complex.TestUtils.equals(TestUtils.java:390)
	at org.apache.commons.complex.TestUtils.equals(TestUtils.java:390)
	at org.apache.commons.complex.TestUtils.equals(TestUtils.java:390)
	at org.apache.commons.complex.TestUtils.equals(TestUtils.java:390)
	at org.apache.commons.complex.TestUtils.equals(TestUtils.java:390)
	at org.apache.commons.complex.TestUtils.equals(TestUtils.java:390)
	at org.apache.commons.complex.TestUtils.equals(TestUtils.java:390)
	at org.apache.commons.complex.TestUtils.equals(TestUtils.java:390)
	at org.apache.commons.complex.TestUtils.equals(TestUtils.java:390)
	at org.apache.commons.complex.TestUtils.equals(TestUtils.java:390)
	at org.apache.commons.complex.TestUtils.equals(TestUtils.java:390)
	at org.apache.commons.complex.TestUtils.equals(TestUtils.java:390)
	at org.apache.commons.complex.TestUtils.equals(TestUtils.java:390)
	at org.apache.commons.complex.TestUtils.equals(TestUtils.java:390)
	at org.apache.commons.complex.TestUtils.equals(TestUtils.java:390)
	at org.apache.commons.complex.TestUtils.equals(TestUtils.java:390)
	at org.apache.commons.complex.TestUtils.equals(TestUtils.java:390)
	at org.apache.commons.complex.TestUtils.equals(TestUtils.java:390)
	at org.apache.commons.complex.TestUtils.equals(TestUtils.java:390)
	at org.apache.commons.complex.TestUtils.equals(TestUtils.java:390)
	at org.apache.commons.complex.TestUtils.equals(TestUtils.java:390)
	at org.apache.commons.complex.TestUtils.equals(TestUtils.java:390)
	at org.apache.commons.complex.TestUtils.equals(TestUtils.java:390)
	at org.apache.commons.complex.TestUtils.equals(TestUtils.java:390)
	at org.apache.commons.complex.TestUtils.equals(TestUtils.java:390)
	at org.apache.commons.complex.TestUtils.equals(TestUtils.java:390)
	at org.apache.commons.complex.TestUtils.equals(TestUtils.java:390)
	at org.apache.commons.complex.TestUtils.equals(TestUtils.java:390)
	at org.apache.commons.complex.TestUtils.equals(TestUtils.java:390)
	at org.apache.commons.complex.TestUtils.equals(TestUtils.java:390)
	at org.apache.commons.complex.TestUtils.equals(TestUtils.java:390)
	at org.apache.commons.complex.TestUtils.equals(TestUtils.java:390)
	at org.apache.commons.complex.TestUtils.equals(TestUtils.java:390)
	at org.apache.commons.complex.TestUtils.equals(TestUtils.java:390)
	at org.apache.commons.complex.TestUtils.equals(TestUtils.java:390)
	at org.apache.commons.complex.TestUtils.equals(TestUtils.java:390)
	at org.apache.commons.complex.TestUtils.equals(TestUtils.java:390)
	at org.apache.commons.complex.TestUtils.equals(TestUtils.java:390)
	at org.apache.commons.complex.TestUtils.equals(TestUtils.java:390)
	at org.apache.commons.complex.TestUtils.equals(TestUtils.java:390)
	at org.apache.commons.complex.TestUtils.equals(TestUtils.java:390)
	at org.apache.commons.complex.TestUtils.equals(TestUtils.java:390)
	at org.apache.commons.complex.TestUtils.equals(TestUtils.java:390)
	at org.apache.commons.complex.TestUtils.equals(TestUtils.java:390)
	at org.apache.commons.complex.TestUtils.equals(TestUtils.java:390)
	at org.apache.commons.complex.TestUtils.equals(TestUtils.java:390)
	at org.apache.commons.complex.TestUtils.equals(TestUtils.java:390)
	at org.apache.commons.complex.TestUtils.equals(TestUtils.java:390)
	at org.apache.commons.complex.TestUtils.equals(TestUtils.java:390)
	at org.apache.commons.complex.TestUtils.equals(TestUtils.java:390)
	at org.apache.commons.complex.TestUtils.equals(TestUtils.java:390)
	at org.apache.commons.complex.TestUtils.equals(TestUtils.java:390)
	at org.apache.commons.complex.TestUtils.equals(TestUtils.java:390)
	at org.apache.commons.complex.TestUtils.equals(TestUtils.java:390)
	at org.apache.commons.complex.TestUtils.equals(TestUtils.java:390)
	at org.apache.commons.complex.TestUtils.equals(TestUtils.java:390)
	at org.apache.commons.complex.TestUtils.equals(TestUtils.java:390)
	at org.apache.commons.complex.TestUtils.equals(TestUtils.java:390)
	at org.apache.commons.complex.TestUtils.equals(TestUtils.java:390)
	at org.apache.commons.complex.TestUtils.equals(TestUtils.java:390)
	at org.apache.commons.complex.TestUtils.equals(TestUtils.java:390)
	at org.apache.commons.complex.TestUtils.equals(TestUtils.java:390)
	at org.apache.commons.complex.TestUtils.equals(TestUtils.java:390)
	at org.apache.commons.complex.TestUtils.equals(TestUtils.java:390)
	at org.apache.commons.complex.TestUtils.equals(TestUtils.java:390)
	at org.apache.commons.complex.TestUtils.equals(TestUtils.java:390)
	at org.apache.commons.complex.TestUtils.equals(TestUtils.java:390)
	at org.apache.commons.complex.TestUtils.equals(TestUtils.java:390)
	at org.apache.commons.complex.TestUtils.equals(TestUtils.java:390)
	at org.apache.commons.complex.TestUtils.equals(TestUtils.java:390)
	at org.apache.commons.complex.TestUtils.equals(TestUtils.java:390)
	at org.apache.commons.complex.TestUtils.equals(TestUtils.java:390)
	at org.apache.commons.complex.TestUtils.equals(TestUtils.java:390)
	at org.apache.commons.complex.TestUtils.equals(TestUtils.java:390)
	at org.apache.commons.complex.TestUtils.equals(TestUtils.java:390)
	at org.apache.commons.complex.TestUtils.equals(TestUtils.java:390)
	at org.apache.commons.complex.TestUtils.equals(TestUtils.java:390)
	at org.apache.commons.complex.TestUtils.equals(TestUtils.java:390)
	at org.apache.commons.complex.TestUtils.equals(TestUtils.java:390)
	at org.apache.commons.complex.TestUtils.equals(TestUtils.java:390)
	at org.apache.commons.complex.TestUtils.equals(TestUtils.java:390)
	at org.apache.commons.complex.TestUtils.equals(TestUtils.java:390)
	at org.apache.commons.complex.TestUtils.equals(TestUtils.java:390)
	at org.apache.commons.complex.TestUtils.equals(TestUtils.java:390)
	at org.apache.commons.complex.TestUtils.equals(TestUtils.java:390)
	at org.apache.commons.complex.TestUtils.equals(TestUtils.java:390)
	at org.apache.commons.complex.TestUtils.equals(TestUtils.java:390)
	at org.apache.commons.complex.TestUtils.equals(TestUtils.java:390)
	at org.apache.commons.complex.TestUtils.equals(TestUtils.java:390)
	at org.apache.commons.complex.TestUtils.equals(TestUtils.java:390)
	at org.apache.commons.complex.TestUtils.equals(TestUtils.java:390)
	at org.apache.commons.complex.TestUtils.equals(TestUtils.java:390)
	at org.apache.commons.complex.TestUtils.equals(TestUtils.java:390)
	at org.apache.commons.complex.TestUtils.equals(TestUtils.java:390)
	at org.apache.commons.complex.TestUtils.equals(TestUtils.java:390)
	at org.apache.commons.complex.TestUtils.equals(TestUtils.java:390)
	at org.apache.commons.complex.TestUtils.equals(TestUtils.java:390)
	at org.apache.commons.complex.TestUtils.equals(TestUtils.java:390)
	at org.apache.commons.complex.TestUtils.equals(TestUtils.java:390)
	at org.apache.commons.complex.TestUtils.equals(TestUtils.java:390)
	at org.apache.commons.complex.TestUtils.equals(TestUtils.java:390)
	at org.apache.commons.complex.TestUtils.equals(TestUtils.java:390)
	at org.apache.commons.complex.TestUtils.equals(TestUtils.java:390)
	at org.apache.commons.complex.TestUtils.equals(TestUtils.java:390)
	at org.apache.commons.complex.TestUtils.equals(TestUtils.java:390)
	at org.apache.commons.complex.TestUtils.equals(TestUtils.java:390)
	at org.apache.commons.complex.TestUtils.equals(TestUtils.java:390)
	at org.apache.commons.complex.TestUtils.equals(TestUtils.java:390)
	at org.apache.commons.complex.TestUtils.equals(TestUtils.java:390)
	at org.apache.commons.complex.TestUtils.equals(TestUtils.java:390)
	at org.apache.commons.complex.TestUtils.equals(TestUtils.java:390)
	at org.apache.commons.complex.TestUtils.equals(TestUtils.java:390)
	at org.apache.commons.complex.TestUtils.equals(TestUtils.java:390)
	at org.apache.commons.complex.TestUtils.equals(TestUtils.java:390)
	at org.apache.commons.complex.TestUtils.equals(TestUtils.java:390)
	at org.apache.commons.complex.TestUtils.equals(TestUtils.java:390)
	at org.apache.commons.complex.TestUtils.equals(TestUtils.java:390)
	at org.apache.commons.complex.TestUtils.equals(TestUtils.java:390)
	at org.apache.commons.complex.TestUtils.equals(TestUtils.java:390)
	at org.apache.commons.complex.TestUtils.equals(TestUtils.java:390)
	at org.apache.commons.complex.TestUtils.equals(TestUtils.java:390)
	at org.apache.commons.complex.TestUtils.equals(TestUtils.java:390)
	at org.apache.commons.complex.TestUtils.equals(TestUtils.java:390)
	at org.apache.commons.complex.TestUtils.equals(TestUtils.java:390)
	at org.apache.commons.complex.TestUtils.equals(TestUtils.java:390)
	at org.apache.commons.complex.TestUtils.equals(TestUtils.java:390)
	at org.apache.commons.complex.TestUtils.equals(TestUtils.java:390)
	at org.apache.commons.complex.TestUtils.equals(TestUtils.java:390)
	at org.apache.commons.complex.TestUtils.equals(TestUtils.java:390)
	at org.apache.commons.complex.TestUtils.equals(TestUtils.java:390)
	at org.apache.commons.complex.TestUtils.equals(TestUtils.java:390)
	at org.apache.commons.complex.TestUtils.equals(TestUtils.java:390)
	at org.apache.commons.complex.TestUtils.equals(TestUtils.java:390)
	at org.apache.commons.complex.TestUtils.equals(TestUtils.java:390)
	at org.apache.commons.complex.TestUtils.equals(TestUtils.java:390)
	at org.apache.commons.complex.TestUtils.equals(TestUtils.java:390)
	at org.apache.commons.complex.TestUtils.equals(TestUtils.java:390)
	at org.apache.commons.complex.TestUtils.equals(TestUtils.java:390)
	at org.apache.commons.complex.TestUtils.equals(TestUtils.java:390)
	at org.apache.commons.complex.TestUtils.equals(TestUtils.java:390)
	at org.apache.commons.complex.TestUtils.equals(TestUtils.java:390)
	at org.apache.commons.complex.TestUtils.equals(TestUtils.java:390)
	at org.apache.commons.complex.TestUtils.equals(TestUtils.java:390)
	at org.apache.commons.complex.TestUtils.equals(TestUtils.java:390)
	at org.apache.commons.complex.TestUtils.equals(TestUtils.java:390)
	at org.apache.commons.complex.TestUtils.equals(TestUtils.java:390)
	at org.apache.commons.complex.TestUtils.equals(TestUtils.java:390)
	at org.apache.commons.complex.TestUtils.equals(TestUtils.java:390)
	at org.apache.commons.complex.TestUtils.equals(TestUtils.java:390)
	at org.apache.commons.complex.TestUtils.equals(TestUtils.java:390)
	at org.apache.commons.complex.TestUtils.equals(TestUtils.java:390)
	at org.apache.commons.complex.TestUtils.equals(TestUtils.java:390)
	at org.apache.commons.complex.TestUtils.equals(TestUtils.java:390)
	at org.apache.commons.complex.TestUtils.equals(TestUtils.java:390)
	at org.apache.commons.complex.TestUtils.equals(TestUtils.java:390)
	at org.apache.commons.complex.TestUtils.equals(TestUtils.java:390)
	at org.apache.commons.complex.TestUtils.equals(TestUtils.java:390)
	at org.apache.commons.complex.TestUtils.equals(TestUtils.java:390)
	at org.apache.commons.complex.TestUtils.equals(TestUtils.java:390)
	at org.apache.commons.complex.TestUtils.equals(TestUtils.java:390)
	at org.apache.commons.complex.TestUtils.equals(TestUtils.java:390)
	at org.apache.commons.complex.TestUtils.equals(TestUtils.java:390)
	at org.apache.commons.complex.TestUtils.equals(TestUtils.java:390)
	at org.apache.commons.complex.TestUtils.equals(TestUtils.java:390)
	at org.apache.commons.complex.TestUtils.equals(TestUtils.java:390)
	at org.apache.commons.complex.TestUtils.equals(TestUtils.java:390)
	at org.apache.commons.complex.TestUtils.equals(TestUtils.java:390)
	at org.apache.commons.complex.TestUtils.equals(TestUtils.java:390)
	at org.apache.commons.complex.TestUtils.equals(TestUtils.java:390)
	at org.apache.commons.complex.TestUtils.equals(TestUtils.java:390)
	at org.apache.commons.complex.TestUtils.equals(TestUtils.java:390)
	at org.apache.commons.complex.TestUtils.equals(TestUtils.java:390)
	at org.apache.commons.complex.TestUtils.equals(TestUtils.java:390)
	at org.apache.commons.complex.TestUtils.equals(TestUtils.java:390)
	at org.apache.commons.complex.TestUtils.equals(TestUtils.java:390)
	at org.apache.commons.complex.TestUtils.equals(TestUtils.java:390)
	at org.apache.commons.complex.TestUtils.equals(TestUtils.java:390)
	at org.apache.commons.complex.TestUtils.equals(TestUtils.java:390)
	at org.apache.commons.complex.TestUtils.equals(TestUtils.java:390)
	at org.apache.commons.complex.TestUtils.equals(TestUtils.java:390)
	at org.apache.commons.complex.TestUtils.equals(TestUtils.java:390)
	at org.apache.commons.complex.TestUtils.equals(TestUtils.java:390)
	at org.apache.commons.complex.TestUtils.equals(TestUtils.java:390)
	at org.apache.commons.complex.TestUtils.equals(TestUtils.java:390)
	at org.apache.commons.complex.TestUtils.equals(TestUtils.java:390)
	at org.apache.commons.complex.TestUtils.equals(TestUtils.java:390)
	at org.apache.commons.complex.TestUtils.equals(TestUtils.java:390)
	at org.apache.commons.complex.TestUtils.equals(TestUtils.java:390)
	at org.apache.commons.complex.TestUtils.equals(TestUtils.java:390)
	at org.apache.commons.complex.TestUtils.equals(TestUtils.java:390)
	at org.apache.commons.complex.TestUtils.equals(TestUtils.java:390)
	at org.apache.commons.complex.TestUtils.equals(TestUtils.java:390)
	at org.apache.commons.complex.TestUtils.equals(TestUtils.java:390)
	at org.apache.commons.complex.TestUtils.equals(TestUtils.java:390)
	at org.apache.commons.complex.TestUtils.equals(TestUtils.java:390)
	at org.apache.commons.complex.TestUtils.equals(TestUtils.java:390)
	at org.apache.commons.complex.TestUtils.equals(TestUtils.java:390)
	at org.apache.commons.complex.TestUtils.equals(TestUtils.java:390)
	at org.apache.commons.complex.TestUtils.equals(TestUtils.java:390)
	at org.apache.commons.complex.TestUtils.equals(TestUtils.java:390)
	at org.apache.commons.complex.TestUtils.equals(TestUtils.java:390)
	at org.apache.commons.complex.TestUtils.equals(TestUtils.java:390)
	at org.apache.commons.complex.TestUtils.equals(TestUtils.java:390)
	at org.apache.commons.complex.TestUtils.equals(TestUtils.java:390)
	at org.apache.commons.complex.TestUtils.equals(TestUtils.java:390)
	at org.apache.commons.complex.TestUtils.equals(TestUtils.java:390)
	at org.apache.commons.complex.TestUtils.equals(TestUtils.java:390)
	at org.apache.commons.complex.TestUtils.equals(TestUtils.java:390)
	at org.apache.commons.complex.TestUtils.equals(TestUtils.java:390)
	at org.apache.commons.complex.TestUtils.equals(TestUtils.java:390)
	at org.apache.commons.complex.TestUtils.equals(TestUtils.java:390)
	at org.apache.commons.complex.TestUtils.equals(TestUtils.java:390)
	at org.apache.commons.complex.TestUtils.equals(TestUtils.java:390)
	at org.apache.commons.complex.TestUtils.equals(TestUtils.java:390)
	at org.apache.commons.complex.TestUtils.equals(TestUtils.java:390)
	at org.apache.commons.complex.TestUtils.equals(TestUtils.java:390)
	at org.apache.commons.complex.TestUtils.equals(TestUtils.java:390)
	at org.apache.commons.complex.TestUtils.equals(TestUtils.java:390)
	at org.apache.commons.complex.TestUtils.equals(TestUtils.java:390)
	at org.apache.commons.complex.TestUtils.equals(TestUtils.java:390)
	at org.apache.commons.complex.TestUtils.equals(TestUtils.java:390)
	at org.apache.commons.complex.TestUtils.equals(TestUtils.java:390)
	at org.apache.commons.complex.TestUtils.equals(TestUtils.java:390)
	at org.apache.commons.complex.TestUtils.equals(TestUtils.java:390)
	at org.apache.commons.complex.TestUtils.equals(TestUtils.java:390)
	at org.apache.commons.complex.TestUtils.equals(TestUtils.java:390)
	at org.apache.commons.complex.TestUtils.equals(TestUtils.java:390)
	at org.apache.commons.complex.TestUtils.equals(TestUtils.java:390)
	at org.apache.commons.complex.TestUtils.equals(TestUtils.java:390)
	at org.apache.commons.complex.TestUtils.equals(TestUtils.java:390)
	at org.apache.commons.complex.TestUtils.equals(TestUtils.java:390)
	at org.apache.commons.complex.TestUtils.equals(TestUtils.java:390)
	at org.apache.commons.complex.TestUtils.equals(TestUtils.java:390)
	at org.apache.commons.complex.TestUtils.equals(TestUtils.java:390)
	at org.apache.commons.complex.TestUtils.equals(TestUtils.java:390)
	at org.apache.commons.complex.TestUtils.equals(TestUtils.java:390)
	at org.apache.commons.complex.TestUtils.equals(TestUtils.java:390)
	at org.apache.commons.complex.TestUtils.equals(TestUtils.java:390)
	at org.apache.commons.complex.TestUtils.equals(TestUtils.java:390)
	at org.apache.commons.complex.TestUtils.equals(TestUtils.java:390)
	at org.apache.commons.complex.TestUtils.equals(TestUtils.java:390)
	at org.apache.commons.complex.TestUtils.equals(TestUtils.java:390)
	at org.apache.commons.complex.TestUtils.equals(TestUtils.java:390)
	at org.apache.commons.complex.TestUtils.equals(TestUtils.java:390)
	at org.apache.commons.complex.TestUtils.equals(TestUtils.java:390)
	at org.apache.commons.complex.TestUtils.equals(TestUtils.java:390)
	at org.apache.commons.complex.TestUtils.equals(TestUtils.java:390)
	at org.apache.commons.complex.TestUtils.equals(TestUtils.java:390)
	at org.apache.commons.complex.TestUtils.equals(TestUtils.java:390)
	at org.apache.commons.complex.TestUtils.equals(TestUtils.java:390)
	at org.apache.commons.complex.TestUtils.equals(TestUtils.java:390)
	at org.apache.commons.complex.TestUtils.equals(TestUtils.java:390)
	at org.apache.commons.complex.TestUtils.equals(TestUtils.java:390)
	at org.apache.commons.complex.TestUtils.equals(TestUtils.java:390)
	at org.apache.commons.complex.TestUtils.equals(TestUtils.java:390)
	at org.apache.commons.complex.TestUtils.equals(TestUtils.java:390)
	at org.apache.commons.complex.TestUtils.equals(TestUtils.java:390)
	at org.apache.commons.complex.TestUtils.equals(TestUtils.java:390)
	at org.apache.commons.complex.TestUtils.equals(TestUtils.java:390)
	at org.apache.commons.complex.TestUtils.equals(TestUtils.java:390)
	at org.apache.commons.complex.TestUtils.equals(TestUtils.java:390)
	at org.apache.commons.complex.TestUtils.equals(TestUtils.java:390)
	at org.apache.commons.complex.TestUtils.equals(TestUtils.java:390)
	at org.apache.commons.complex.TestUtils.equals(TestUtils.java:390)
	at org.apache.commons.complex.TestUtils.equals(TestUtils.java:390)
	at org.apache.commons.complex.TestUtils.equals(TestUtils.java:390)
	at org.apache.commons.complex.TestUtils.equals(TestUtils.java:390)
	at org.apache.commons.complex.TestUtils.equals(TestUtils.java:390)
	at org.apache.commons.complex.TestUtils.equals(TestUtils.java:390)
	at org.apache.commons.complex.TestUtils.equals(TestUtils.java:390)
	at org.apache.commons.complex.TestUtils.equals(TestUtils.java:390)
	at org.apache.commons.complex.TestUtils.equals(TestUtils.java:390)
	at org.apache.commons.complex.TestUtils.equals(TestUtils.java:390)
	at org.apache.commons.complex.TestUtils.equals(TestUtils.java:390)
	at org.apache.commons.complex.TestUtils.equals(TestUtils.java:390)
	at org.apache.commons.complex.TestUtils.equals(TestUtils.java:390)
	at org.apache.commons.complex.TestUtils.equals(TestUtils.java:390)
	at org.apache.commons.complex.TestUtils.equals(TestUtils.java:390)
	at org.apache.commons.complex.TestUtils.equals(TestUtils.java:390)
	at org.apache.commons.complex.TestUtils.equals(TestUtils.java:390)
	at org.apache.commons.complex.TestUtils.equals(TestUtils.java:390)
	at org.apache.commons.complex.TestUtils.equals(TestUtils.java:390)
	at org.apache.commons.complex.TestUtils.equals(TestUtils.java:390)
	at org.apache.commons.complex.TestUtils.equals(TestUtils.java:390)
	at org.apache.commons.complex.TestUtils.equals(TestUtils.java:390)
	at org.apache.commons.complex.TestUtils.equals(TestUtils.java:390)
	at org.apache.commons.complex.TestUtils.equals(TestUtils.java:390)
	at org.apache.commons.complex.TestUtils.equals(TestUtils.java:390)
	at org.apache.commons.complex.TestUtils.equals(TestUtils.java:390)
	at org.apache.commons.complex.TestUtils.equals(TestUtils.java:390)
	at org.apache.commons.complex.TestUtils.equals(TestUtils.java:390)
	at org.apache.commons.complex.TestUtils.equals(TestUtils.java:390)
	at org.apache.commons.complex.TestUtils.equals(TestUtils.java:390)
	at org.apache.commons.complex.TestUtils.equals(TestUtils.java:390)
	at org.apache.commons.complex.TestUtils.equals(TestUtils.java:390)
	at org.apache.commons.complex.TestUtils.equals(TestUtils.java:390)
	at org.apache.commons.complex.TestUtils.equals(TestUtils.java:390)
	at org.apache.commons.complex.TestUtils.equals(TestUtils.java:390)
	at org.apache.commons.complex.TestUtils.equals(TestUtils.java:390)
	at org.apache.commons.complex.TestUtils.equals(TestUtils.java:390)
	at org.apache.commons.complex.TestUtils.equals(TestUtils.java:390)
	at org.apache.commons.complex.TestUtils.equals(TestUtils.java:390)
	at org.apache.commons.complex.TestUtils.equals(TestUtils.java:390)
	at org.apache.commons.complex.TestUtils.equals(TestUtils.java:390)
	at org.apache.commons.complex.TestUtils.equals(TestUtils.java:390)
	at org.apache.commons.complex.TestUtils.equals(TestUtils.java:390)
	at org.apache.commons.complex.TestUtils.equals(TestUtils.java:390)
	at org.apache.commons.complex.TestUtils.equals(TestUtils.java:390)
	at org.apache.commons.complex.TestUtils.equals(TestUtils.java:390)
	at org.apache.commons.complex.TestUtils.equals(TestUtils.java:390)
	at org.apache.commons.complex.TestUtils.equals(TestUtils.java:390)
	at org.apache.commons.complex.TestUtils.equals(TestUtils.java:390)
	at org.apache.commons.complex.TestUtils.equals(TestUtils.java:390)
	at org.apache.commons.complex.TestUtils.equals(TestUtils.java:390)
	at org.apache.commons.complex.TestUtils.equals(TestUtils.java:390)
	at org.apache.commons.complex.TestUtils.equals(TestUtils.java:390)
	at org.apache.commons.complex.TestUtils.equals(TestUtils.java:390)
	at org.apache.commons.complex.TestUtils.equals(TestUtils.java:390)
	at org.apache.commons.complex.TestUtils.equals(TestUtils.java:390)
	at org.apache.commons.complex.TestUtils.equals(TestUtils.java:390)
	at org.apache.commons.complex.TestUtils.equals(TestUtils.java:390)
	at org.apache.commons.complex.TestUtils.equals(TestUtils.java:390)
	at org.apache.commons.complex.TestUtils.equals(TestUtils.java:390)
	at org.apache.commons.complex.TestUtils.equals(TestUtils.java:390)
	at org.apache.commons.complex.TestUtils.equals(TestUtils.java:390)
	at org.apache.commons.complex.TestUtils.equals(TestUtils.java:390)
	at org.apache.commons.complex.TestUtils.equals(TestUtils.java:390)
	at org.apache.commons.complex.TestUtils.equals(TestUtils.java:390)
	at org.apache.commons.complex.TestUtils.equals(TestUtils.java:390)
	at org.apache.commons.complex.TestUtils.equals(TestUtils.java:390)
	at org.apache.commons.complex.TestUtils.equals(TestUtils.java:390)
	at org.apache.commons.complex.TestUtils.equals(TestUtils.java:390)
	at org.apache.commons.complex.TestUtils.equals(TestUtils.java:390)
	at org.apache.commons.complex.TestUtils.equals(TestUtils.java:390)
	at org.apache.commons.complex.TestUtils.equals(TestUtils.java:390)
	at org.apache.commons.complex.TestUtils.equals(TestUtils.java:390)
	at org.apache.commons.complex.TestUtils.equals(TestUtils.java:390)
	at org.apache.commons.complex.TestUtils.equals(TestUtils.java:390)
	at org.apache.commons.complex.TestUtils.equals(TestUtils.java:390)
	at org.apache.commons.complex.TestUtils.equals(TestUtils.java:390)
	at org.apache.commons.complex.TestUtils.equals(TestUtils.java:390)
	at org.apache.commons.complex.TestUtils.equals(TestUtils.java:390)
	at org.apache.commons.complex.TestUtils.equals(TestUtils.java:390)
	at org.apache.commons.complex.TestUtils.equals(TestUtils.java:390)
	at org.apache.commons.complex.TestUtils.equals(TestUtils.java:390)
	at org.apache.commons.complex.TestUtils.equals(TestUtils.java:390)
	at org.apache.commons.complex.TestUtils.equals(TestUtils.java:390)
	at org.apache.commons.complex.TestUtils.equals(TestUtils.java:390)
	at org.apache.commons.complex.TestUtils.equals(TestUtils.java:390)
	at org.apache.commons.complex.TestUtils.equals(TestUtils.java:390)
	at org.apache.commons.complex.TestUtils.equals(TestUtils.java:390)
	at org.apache.commons.complex.TestUtils.equals(TestUtils.java:390)
	at org.apache.commons.complex.TestUtils.equals(TestUtils.java:390)
	at org.apache.commons.complex.TestUtils.equals(TestUtils.java:390)
	at org.apache.commons.complex.TestUtils.equals(TestUtils.java:390)
	at org.apache.commons.complex.TestUtils.equals(TestUtils.java:390)
	at org.apache.commons.complex.TestUtils.equals(TestUtils.java:390)
	at org.apache.commons.complex.TestUtils.equals(TestUtils.java:390)
	at org.apache.commons.complex.TestUtils.equals(TestUtils.java:390)
	at org.apache.commons.complex.TestUtils.equals(TestUtils.java:390)
	at org.apache.commons.complex.TestUtils.equals(TestUtils.java:390)
	at org.apache.commons.complex.TestUtils.equals(TestUtils.java:390)
	at org.apache.commons.complex.TestUtils.equals(TestUtils.java:390)
	at org.apache.commons.complex.TestUtils.equals(TestUtils.java:390)
	at org.apache.commons.complex.TestUtils.equals(TestUtils.java:390)
	at org.apache.commons.complex.TestUtils.equals(TestUtils.java:390)
	at org.apache.commons.complex.TestUtils.equals(TestUtils.java:390)
	at org.apache.commons.complex.TestUtils.equals(TestUtils.java:390)
	at org.apache.commons.complex.TestUtils.equals(TestUtils.java:390)
	at org.apache.commons.complex.TestUtils.equals(TestUtils.java:390)
	at org.apache.commons.complex.TestUtils.equals(TestUtils.java:390)
	at org.apache.commons.complex.TestUtils.equals(TestUtils.java:390)
	at org.apache.commons.complex.TestUtils.equals(TestUtils.java:390)
	at org.apache.commons.complex.TestUtils.equals(TestUtils.java:390)
	at org.apache.commons.complex.TestUtils.equals(TestUtils.java:390)
	at org.apache.commons.complex.TestUtils.equals(TestUtils.java:390)
	at org.apache.commons.complex.TestUtils.equals(TestUtils.java:390)
	at org.apache.commons.complex.TestUtils.equals(TestUtils.java:390)
	at org.apache.commons.complex.TestUtils.equals(TestUtils.java:390)
	at org.apache.commons.complex.TestUtils.equals(TestUtils.java:390)
	at org.apache.commons.complex.TestUtils.equals(TestUtils.java:390)
	at org.apache.commons.complex.TestUtils.equals(TestUtils.java:390)
	at org.apache.commons.complex.TestUtils.equals(TestUtils.java:390)
	at org.apache.commons.complex.TestUtils.equals(TestUtils.java:390)
	at org.apache.commons.complex.TestUtils.equals(TestUtils.java:390)
	at org.apache.commons.complex.TestUtils.equals(TestUtils.java:390)
	at org.apache.commons.complex.TestUtils.equals(TestUtils.java:390)
	at org.apache.commons.complex.TestUtils.equals(TestUtils.java:390)
	at org.apache.commons.complex.TestUtils.equals(TestUtils.java:390)
	at org.apache.commons.complex.TestUtils.equals(TestUtils.java:390)
	at org.apache.commons.complex.TestUtils.equals(TestUtils.java:390)
	at org.apache.commons.complex.TestUtils.equals(TestUtils.java:390)
	at org.apache.commons.complex.TestUtils.equals(TestUtils.java:390)
	at org.apache.commons.complex.TestUtils.equals(TestUtils.java:390)
	at org.apache.commons.complex.TestUtils.equals(TestUtils.java:390)
	at org.apache.commons.complex.TestUtils.equals(TestUtils.java:390)
	at org.apache.commons.complex.TestUtils.equals(TestUtils.java:390)
	at org.apache.commons.complex.TestUtils.equals(TestUtils.java:390)
	at org.apache.commons.complex.TestUtils.equals(TestUtils.java:390)
	at org.apache.commons.complex.TestUtils.equals(TestUtils.java:390)
	at org.apache.commons.complex.TestUtils.equals(TestUtils.java:390)
	at org.apache.commons.complex.TestUtils.equals(TestUtils.java:390)
	at org.apache.commons.complex.TestUtils.equals(TestUtils.java:390)
	at org.apache.commons.complex.TestUtils.equals(TestUtils.java:390)
	at org.apache.commons.complex.TestUtils.equals(TestUtils.java:390)
	at org.apache.commons.complex.TestUtils.equals(TestUtils.java:390)
	at org.apache.commons.complex.TestUtils.equals(TestUtils.java:390)
	at org.apache.commons.complex.TestUtils.equals(TestUtils.java:390)
	at org.apache.commons.complex.TestUtils.equals(TestUtils.java:390)
	at org.apache.commons.complex.TestUtils.equals(TestUtils.java:390)
	at org.apache.commons.complex.TestUtils.equals(TestUtils.java:390)
	at org.apache.commons.complex.TestUtils.equals(TestUtils.java:390)
	at org.apache.commons.complex.TestUtils.equals(TestUtils.java:390)
	at org.apache.commons.complex.TestUtils.equals(TestUtils.java:390)
	at org.apache.commons.complex.TestUtils.equals(TestUtils.java:390)
	at org.apache.commons.complex.TestUtils.equals(TestUtils.java:390)
	at org.apache.commons.complex.TestUtils.equals(TestUtils.java:390)
	at org.apache.commons.complex.TestUtils.equals(TestUtils.java:390)
	at org.apache.commons.complex.TestUtils.equals(TestUtils.java:390)
	at org.apache.commons.complex.TestUtils.equals(TestUtils.java:390)
	at org.apache.commons.complex.TestUtils.equals(TestUtils.java:390)
	at org.apache.commons.complex.TestUtils.equals(TestUtils.java:390)
	at org.apache.commons.complex.TestUtils.equals(TestUtils.java:390)
	at org.apache.commons.complex.TestUtils.equals(TestUtils.java:390)
	at org.apache.commons.complex.TestUtils.equals(TestUtils.java:390)
	at org.apache.commons.complex.TestUtils.equals(TestUtils.java:390)
	at org.apache.commons.complex.TestUtils.equals(TestUtils.java:390)
	at org.apache.commons.complex.TestUtils.equals(TestUtils.java:390)
	at org.apache.commons.complex.TestUtils.equals(TestUtils.java:390)
	at org.apache.commons.complex.TestUtils.equals(TestUtils.java:390)
	at org.apache.commons.complex.TestUtils.equals(TestUtils.java:390)
	at org.apache.commons.complex.TestUtils.equals(TestUtils.java:390)
	at org.apache.commons.complex.TestUtils.equals(TestUtils.java:390)
	at org.apache.commons.complex.TestUtils.equals(TestUtils.java:390)
	at org.apache.commons.complex.TestUtils.equals(TestUtils.java:390)
	at org.apache.commons.complex.TestUtils.equals(TestUtils.java:390)
	at org.apache.commons.complex.TestUtils.equals(TestUtils.java:390)
	at org.apache.commons.complex.TestUtils.equals(TestUtils.java:390)
	at org.apache.commons.complex.TestUtils.equals(TestUtils.java:390)
	at org.apache.commons.complex.TestUtils.equals(TestUtils.java:390)
	at org.apache.commons.complex.TestUtils.equals(TestUtils.java:390)
	at org.apache.commons.complex.TestUtils.equals(TestUtils.java:390)
	at org.apache.commons.complex.TestUtils.equals(TestUtils.java:390)
	at org.apache.commons.complex.TestUtils.equals(TestUtils.java:390)
	at org.apache.commons.complex.TestUtils.equals(TestUtils.java:390)
	at org.apache.commons.complex.TestUtils.equals(TestUtils.java:390)
	at org.apache.commons.complex.TestUtils.equals(TestUtils.java:390)
	at org.apache.commons.complex.TestUtils.equals(TestUtils.java:390)
	at org.apache.commons.complex.TestUtils.equals(TestUtils.java:390)
	at org.apache.commons.complex.TestUtils.equals(TestUtils.java:390)
	at org.apache.commons.complex.TestUtils.equals(TestUtils.java:390)
	at org.apache.commons.complex.TestUtils.equals(TestUtils.java:390)
	at org.apache.commons.complex.TestUtils.equals(TestUtils.java:390)
	at org.apache.commons.complex.TestUtils.equals(TestUtils.java:390)
	at org.apache.commons.complex.TestUtils.equals(TestUtils.java:390)
	at org.apache.commons.complex.TestUtils.equals(TestUtils.java:390)
	at org.apache.commons.complex.TestUtils.equals(TestUtils.java:390)
	at org.apache.commons.complex.TestUtils.equals(TestUtils.java:390)
	at org.apache.commons.complex.TestUtils.equals(TestUtils.java:390)
	at org.apache.commons.complex.TestUtils.equals(TestUtils.java:390)
	at org.apache.commons.complex.TestUtils.equals(TestUtils.java:390)
	at org.apache.commons.complex.TestUtils.equals(TestUtils.java:390)
	at org.apache.commons.complex.TestUtils.equals(TestUtils.java:390)
	at org.apache.commons.complex.TestUtils.equals(TestUtils.java:390)
	at org.apache.commons.complex.TestUtils.equals(TestUtils.java:390)
	at org.apache.commons.complex.TestUtils.equals(TestUtils.java:390)
	at org.apache.commons.complex.TestUtils.equals(TestUtils.java:390)
	at org.apache.commons.complex.TestUtils.equals(TestUtils.java:390)
	at org.apache.commons.complex.TestUtils.equals(TestUtils.java:390)
	at org.apache.commons.complex.TestUtils.equals(TestUtils.java:390)
	at org.apache.commons.complex.TestUtils.equals(TestUtils.java:390)
	at org.apache.commons.complex.TestUtils.equals(TestUtils.java:390)
	at org.apache.commons.complex.TestUtils.equals(TestUtils.java:390)
	at org.apache.commons.complex.TestUtils.equals(TestUtils.java:390)
	at org.apache.commons.complex.TestUtils.equals(TestUtils.java:390)
	at org.apache.commons.complex.TestUtils.equals(TestUtils.java:390)
	at org.apache.commons.complex.TestUtils.equals(TestUtils.java:390)
	at org.apache.commons.complex.TestUtils.equals(TestUtils.java:390)
	at org.apache.commons.complex.TestUtils.equals(TestUtils.java:390)
	at org.apache.commons.complex.TestUtils.equals(TestUtils.java:390)
	at org.apache.commons.complex.TestUtils.equals(TestUtils.java:390)
	at org.apache.commons.complex.TestUtils.equals(TestUtils.java:390)
	at org.apache.commons.complex.TestUtils.equals(TestUtils.java:390)
	at org.apache.commons.complex.TestUtils.equals(TestUtils.java:390)
	at org.apache.commons.complex.TestUtils.equals(TestUtils.java:390)
	at org.apache.commons.complex.TestUtils.equals(TestUtils.java:390)
	at org.apache.commons.complex.TestUtils.equals(TestUtils.java:390)
	at org.apache.commons.complex.TestUtils.equals(TestUtils.java:390)
	at org.apache.commons.complex.TestUtils.equals(TestUtils.java:390)
	at org.apache.commons.complex.TestUtils.equals(TestUtils.java:390)
	at org.apache.commons.complex.TestUtils.equals(TestUtils.java:390)
	at org.apache.commons.complex.TestUtils.equals(TestUtils.java:390)
	at org.apache.commons.complex.TestUtils.equals(TestUtils.java:390)
	at org.apache.commons.complex.TestUtils.equals(TestUtils.java:390)
	at org.apache.commons.complex.TestUtils.equals(TestUtils.java:390)
	at org.apache.commons.complex.TestUtils.equals(TestUtils.java:390)
	at org.apache.commons.complex.TestUtils.equals(TestUtils.java:390)
	at org.apache.commons.complex.TestUtils.equals(TestUtils.java:390)
	at org.apache.commons.complex.TestUtils.equals(TestUtils.java:390)
	at org.apache.commons.complex.TestUtils.equals(TestUtils.java:390)
	at org.apache.commons.complex.TestUtils.equals(TestUtils.java:390)
	at org.apache.commons.complex.TestUtils.equals(TestUtils.java:390)
	at org.apache.commons.complex.TestUtils.equals(TestUtils.java:390)
	at org.apache.commons.complex.TestUtils.equals(TestUtils.java:390)
	at org.apache.commons.complex.TestUtils.equals(TestUtils.java:390)
	at org.apache.commons.complex.TestUtils.equals(TestUtils.java:390)
	at org.apache.commons.complex.TestUtils.equals(TestUtils.java:390)
	at org.apache.commons.complex.TestUtils.equals(TestUtils.java:390)
	at org.apache.commons.complex.TestUtils.equals(TestUtils.java:390)
	at org.apache.commons.complex.TestUtils.equals(TestUtils.java:390)
	at org.apache.commons.complex.TestUtils.equals(TestUtils.java:390)
	at org.apache.commons.complex.TestUtils.equals(TestUtils.java:390)
	at org.apache.commons.complex.TestUtils.equals(TestUtils.java:390)
	at org.apache.commons.complex.TestUtils.equals(TestUtils.java:390)
	at org.apache.commons.complex.TestUtils.equals(TestUtils.java:390)
	at org.apache.commons.complex.TestUtils.equals(TestUtils.java:390)
	at org.apache.commons.complex.TestUtils.equals(TestUtils.java:390)
	at org.apache.commons.complex.TestUtils.equals(TestUtils.java:390)
	at org.apache.commons.complex.TestUtils.equals(TestUtils.java:390)
	at org.apache.commons.complex.TestUtils.equals(TestUtils.java:390)
	at org.apache.commons.complex.TestUtils.equals(TestUtils.java:390)
	at org.apache.commons.complex.TestUtils.equals(TestUtils.java:390)
	at org.apache.commons.complex.TestUtils.equals(TestUtils.java:390)
	at org.apache.commons.complex.TestUtils.equals(TestUtils.java:390)
	at org.apache.commons.complex.TestUtils.equals(TestUtils.java:390)
	at org.apache.commons.complex.TestUtils.equals(TestUtils.java:390)
	at org.apache.commons.complex.TestUtils.equals(TestUtils.java:390)
	at org.apache.commons.complex.TestUtils.equals(TestUtils.java:390)
	at org.apache.commons.complex.TestUtils.equals(TestUtils.java:390)
	at org.apache.commons.complex.TestUtils.equals(TestUtils.java:390)
	at org.apache.commons.complex.TestUtils.equals(TestUtils.java:390)
	at org.apache.commons.complex.TestUtils.equals(TestUtils.java:390)
	at org.apache.commons.complex.TestUtils.equals(TestUtils.java:390)
	at org.apache.commons.complex.TestUtils.equals(TestUtils.java:390)
	at org.apache.commons.complex.TestUtils.equals(TestUtils.java:390)
	at org.apache.commons.complex.TestUtils.equals(TestUtils.java:390)
	at org.apache.commons.complex.TestUtils.equals(TestUtils.java:390)
	at org.apache.commons.complex.TestUtils.equals(TestUtils.java:390)
	at org.apache.commons.complex.TestUtils.equals(TestUtils.java:390)
	at org.apache.commons.complex.TestUtils.equals(TestUtils.java:390)
	at org.apache.commons.complex.TestUtils.equals(TestUtils.java:390)
	at org.apache.commons.complex.TestUtils.equals(TestUtils.java:390)
	at org.apache.commons.complex.TestUtils.equals(TestUtils.java:390)
	at org.apache.commons.complex.TestUtils.equals(TestUtils.java:390)
	at org.apache.commons.complex.TestUtils.equals(TestUtils.java:390)
	at org.apache.commons.complex.TestUtils.equals(TestUtils.java:390)
	at org.apache.commons.complex.TestUtils.equals(TestUtils.java:390)
	at org.apache.commons.complex.TestUtils.equals(TestUtils.java:390)
	at org.apache.commons.complex.TestUtils.equals(TestUtils.java:390)
	at org.apache.commons.complex.TestUtils.equals(TestUtils.java:390)
	at org.apache.commons.complex.TestUtils.equals(TestUtils.java:390)
	at org.apache.commons.complex.TestUtils.equals(TestUtils.java:390)
	at org.apache.commons.complex.TestUtils.equals(TestUtils.java:390)
	at org.apache.commons.complex.TestUtils.equals(TestUtils.java:390)
	at org.apache.commons.complex.TestUtils.equals(TestUtils.java:390)
	at org.apache.commons.complex.TestUtils.equals(TestUtils.java:390)
	at org.apache.commons.complex.TestUtils.equals(TestUtils.java:390)
	at org.apache.commons.complex.TestUtils.equals(TestUtils.java:390)
	at org.apache.commons.complex.TestUtils.equals(TestUtils.java:390)
	at org.apache.commons.complex.TestUtils.equals(TestUtils.java:390)
	at org.apache.commons.complex.TestUtils.equals(TestUtils.java:390)
	at org.apache.commons.complex.TestUtils.equals(TestUtils.java:390)
	at org.apache.commons.complex.TestUtils.equals(TestUtils.java:390)
	at org.apache.commons.complex.TestUtils.equals(TestUtils.java:390)
	at org.apache.commons.complex.TestUtils.equals(TestUtils.java:390)
	at org.apache.commons.complex.TestUtils.equals(TestUtils.java:390)
	at org.apache.commons.complex.TestUtils.equals(TestUtils.java:390)
	at org.apache.commons.complex.TestUtils.equals(TestUtils.java:390)
	at org.apache.commons.complex.TestUtils.equals(TestUtils.java:390)
	at org.apache.commons.complex.TestUtils.equals(TestUtils.java:390)
	at org.apache.commons.complex.TestUtils.equals(TestUtils.java:390)
	at org.apache.commons.complex.TestUtils.equals(TestUtils.java:390)
	at org.apache.commons.complex.TestUtils.equals(TestUtils.java:390)
	at org.apache.commons.complex.TestUtils.equals(TestUtils.java:390)
	at org.apache.commons.complex.TestUtils.equals(TestUtils.java:390)
	at org.apache.commons.complex.TestUtils.equals(TestUtils.java:390)
	at org.apache.commons.complex.TestUtils.equals(TestUtils.java:390)
	at org.apache.commons.complex.TestUtils.equals(TestUtils.java:390)
	at org.apache.commons.complex.TestUtils.equals(TestUtils.java:390)
	at org.apache.commons.complex.TestUtils.equals(TestUtils.java:390)
	at org.apache.commons.complex.TestUtils.equals(TestUtils.java:390)
	at org.apache.commons.complex.TestUtils.equals(TestUtils.java:390)
	at org.apache.commons.complex.TestUtils.equals(TestUtils.java:390)
	at org.apache.commons.complex.TestUtils.equals(TestUtils.java:390)
	at org.apache.commons.complex.TestUtils.equals(TestUtils.java:390)
	at org.apache.commons.complex.TestUtils.equals(TestUtils.java:390)
	at org.apache.commons.complex.TestUtils.equals(TestUtils.java:390)
	at org.apache.commons.complex.TestUtils.equals(TestUtils.java:390)
	at org.apache.commons.complex.TestUtils.equals(TestUtils.java:390)
	at org.apache.commons.complex.TestUtils.equals(TestUtils.java:390)
	at org.apache.commons.complex.TestUtils.equals(TestUtils.java:390)
	at org.apache.commons.complex.TestUtils.equals(TestUtils.java:390)
	at org.apache.commons.complex.TestUtils.equals(TestUtils.java:390)
	at org.apache.commons.complex.TestUtils.equals(TestUtils.java:390)
	at org.apache.commons.complex.TestUtils.equals(TestUtils.java:390)
	at org.apache.commons.complex.TestUtils.equals(TestUtils.java:390)
	at org.apache.commons.complex.TestUtils.equals(TestUtils.java:390)
	at org.apache.commons.complex.TestUtils.equals(TestUtils.java:390)
	at org.apache.commons.complex.TestUtils.equals(TestUtils.java:390)
	at org.apache.commons.complex.TestUtils.equals(TestUtils.java:390)
	at org.apache.commons.complex.TestUtils.equals(TestUtils.java:390)
	at org.apache.commons.complex.TestUtils.equals(TestUtils.java:390)
	at org.apache.commons.complex.TestUtils.equals(TestUtils.java:390)
	at org.apache.commons.complex.TestUtils.equals(TestUtils.java:390)
	at org.apache.commons.complex.TestUtils.equals(TestUtils.java:390)
	at org.apache.commons.complex.TestUtils.equals(TestUtils.java:390)
	at org.apache.commons.complex.TestUtils.equals(TestUtils.java:390)
	at org.apache.commons.complex.TestUtils.equals(TestUtils.java:390)
	at org.apache.commons.complex.TestUtils.equals(TestUtils.java:390)
	at org.apache.commons.complex.TestUtils.equals(TestUtils.java:390)
	at org.apache.commons.complex.TestUtils.equals(TestUtils.java:390)
	at org.apache.commons.complex.TestUtils.equals(TestUtils.java:390)
	at org.apache.commons.complex.TestUtils.equals(TestUtils.java:390)
	at org.apache.commons.complex.TestUtils.equals(TestUtils.java:390)
	at org.apache.commons.complex.TestUtils.equals(TestUtils.java:390)
	at org.apache.commons.complex.TestUtils.equals(TestUtils.java:390)
	at org.apache.commons.complex.TestUtils.equals(TestUtils.java:390)
	at org.apache.commons.complex.TestUtils.equals(TestUtils.java:390)
	at org.apache.commons.complex.TestUtils.equals(TestUtils.java:390)
	at org.apache.commons.complex.TestUtils.equals(TestUtils.java:390)
	at org.apache.commons.complex.TestUtils.equals(TestUtils.java:390)
	at org.apache.commons.complex.TestUtils.equals(TestUtils.java:390)
	at org.apache.commons.complex.TestUtils.equals(TestUtils.java:390)
	at org.apache.commons.complex.TestUtils.equals(TestUtils.java:390)
	at org.apache.commons.complex.TestUtils.equals(TestUtils.java:390)
	at org.apache.commons.complex.TestUtils.equals(TestUtils.java:390)
	at org.apache.commons.complex.TestUtils.equals(TestUtils.java:390)
	at org.apache.commons.complex.TestUtils.equals(TestUtils.java:390)
	at org.apache.commons.complex.TestUtils.equals(TestUtils.java:390)
	at org.apache.commons.complex.TestUtils.equals(TestUtils.java:390)
	at org.apache.commons.complex.TestUtils.equals(TestUtils.java:390)
	at org.apache.commons.complex.TestUtils.equals(TestUtils.java:390)
	at org.apache.commons.complex.TestUtils.equals(TestUtils.java:390)
	at org.apache.commons.complex.TestUtils.equals(TestUtils.java:390)
	at org.apache.commons.complex.TestUtils.equals(TestUtils.java:390)
	at org.apache.commons.complex.TestUtils.equals(TestUtils.java:390)
	at org.apache.commons.complex.TestUtils.equals(TestUtils.java:390)
	at org.apache.commons.complex.TestUtils.equals(TestUtils.java:390)
	at org.apache.commons.complex.TestUtils.equals(TestUtils.java:390)
	at org.apache.commons.complex.TestUtils.equals(TestUtils.java:390)
	at org.apache.commons.complex.TestUtils.equals(TestUtils.java:390)
	at org.apache.commons.complex.TestUtils.equals(TestUtils.java:390)
	at org.apache.commons.complex.TestUtils.equals(TestUtils.java:390)
	at org.apache.commons.complex.TestUtils.equals(TestUtils.java:390)
	at org.apache.commons.complex.TestUtils.equals(TestUtils.java:390)
	at org.apache.commons.complex.TestUtils.equals(TestUtils.java:390)
	at org.apache.commons.complex.TestUtils.equals(TestUtils.java:390)
	at org.apache.commons.complex.TestUtils.equals(TestUtils.java:390)
	at org.apache.commons.complex.TestUtils.equals(TestUtils.java:390)
	at org.apache.commons.complex.TestUtils.equals(TestUtils.java:390)
	at org.apache.commons.complex.TestUtils.equals(TestUtils.java:390)
	at org.apache.commons.complex.TestUtils.equals(TestUtils.java:390)
	at org.apache.commons.complex.TestUtils.equals(TestUtils.java:390)
	at org.apache.commons.complex.TestUtils.equals(TestUtils.java:390)
</error>
  </testcase>
  <testcase name="testComplexToInterleaved" classname="org.apache.commons.complex.ComplexUtilsTest" time="0.004">
    <error type="java.lang.StackOverflowError:">java.lang.StackOverflowError: null
	at org.apache.commons.complex.TestUtils.equals(TestUtils.java:390)
	at org.apache.commons.complex.TestUtils.equals(TestUtils.java:390)
	at org.apache.commons.complex.TestUtils.equals(TestUtils.java:390)
	at org.apache.commons.complex.TestUtils.equals(TestUtils.java:390)
	at org.apache.commons.complex.TestUtils.equals(TestUtils.java:390)
	at org.apache.commons.complex.TestUtils.equals(TestUtils.java:390)
	at org.apache.commons.complex.TestUtils.equals(TestUtils.java:390)
	at org.apache.commons.complex.TestUtils.equals(TestUtils.java:390)
	at org.apache.commons.complex.TestUtils.equals(TestUtils.java:390)
	at org.apache.commons.complex.TestUtils.equals(TestUtils.java:390)
	at org.apache.commons.complex.TestUtils.equals(TestUtils.java:390)
	at org.apache.commons.complex.TestUtils.equals(TestUtils.java:390)
	at org.apache.commons.complex.TestUtils.equals(TestUtils.java:390)
	at org.apache.commons.complex.TestUtils.equals(TestUtils.java:390)
	at org.apache.commons.complex.TestUtils.equals(TestUtils.java:390)
	at org.apache.commons.complex.TestUtils.equals(TestUtils.java:390)
	at org.apache.commons.complex.TestUtils.equals(TestUtils.java:390)
	at org.apache.commons.complex.TestUtils.equals(TestUtils.java:390)
	at org.apache.commons.complex.TestUtils.equals(TestUtils.java:390)
	at org.apache.commons.complex.TestUtils.equals(TestUtils.java:390)
	at org.apache.commons.complex.TestUtils.equals(TestUtils.java:390)
	at org.apache.commons.complex.TestUtils.equals(TestUtils.java:390)
	at org.apache.commons.complex.TestUtils.equals(TestUtils.java:390)
	at org.apache.commons.complex.TestUtils.equals(TestUtils.java:390)
	at org.apache.commons.complex.TestUtils.equals(TestUtils.java:390)
	at org.apache.commons.complex.TestUtils.equals(TestUtils.java:390)
	at org.apache.commons.complex.TestUtils.equals(TestUtils.java:390)
	at org.apache.commons.complex.TestUtils.equals(TestUtils.java:390)
	at org.apache.commons.complex.TestUtils.equals(TestUtils.java:390)
	at org.apache.commons.complex.TestUtils.equals(TestUtils.java:390)
	at org.apache.commons.complex.TestUtils.equals(TestUtils.java:390)
	at org.apache.commons.complex.TestUtils.equals(TestUtils.java:390)
	at org.apache.commons.complex.TestUtils.equals(TestUtils.java:390)
	at org.apache.commons.complex.TestUtils.equals(TestUtils.java:390)
	at org.apache.commons.complex.TestUtils.equals(TestUtils.java:390)
	at org.apache.commons.complex.TestUtils.equals(TestUtils.java:390)
	at org.apache.commons.complex.TestUtils.equals(TestUtils.java:390)
	at org.apache.commons.complex.TestUtils.equals(TestUtils.java:390)
	at org.apache.commons.complex.TestUtils.equals(TestUtils.java:390)
	at org.apache.commons.complex.TestUtils.equals(TestUtils.java:390)
	at org.apache.commons.complex.TestUtils.equals(TestUtils.java:390)
	at org.apache.commons.complex.TestUtils.equals(TestUtils.java:390)
	at org.apache.commons.complex.TestUtils.equals(TestUtils.java:390)
	at org.apache.commons.complex.TestUtils.equals(TestUtils.java:390)
	at org.apache.commons.complex.TestUtils.equals(TestUtils.java:390)
	at org.apache.commons.complex.TestUtils.equals(TestUtils.java:390)
	at org.apache.commons.complex.TestUtils.equals(TestUtils.java:390)
	at org.apache.commons.complex.TestUtils.equals(TestUtils.java:390)
	at org.apache.commons.complex.TestUtils.equals(TestUtils.java:390)
	at org.apache.commons.complex.TestUtils.equals(TestUtils.java:390)
	at org.apache.commons.complex.TestUtils.equals(TestUtils.java:390)
	at org.apache.commons.complex.TestUtils.equals(TestUtils.java:390)
	at org.apache.commons.complex.TestUtils.equals(TestUtils.java:390)
	at org.apache.commons.complex.TestUtils.equals(TestUtils.java:390)
	at org.apache.commons.complex.TestUtils.equals(TestUtils.java:390)
	at org.apache.commons.complex.TestUtils.equals(TestUtils.java:390)
	at org.apache.commons.complex.TestUtils.equals(TestUtils.java:390)
	at org.apache.commons.complex.TestUtils.equals(TestUtils.java:390)
	at org.apache.commons.complex.TestUtils.equals(TestUtils.java:390)
	at org.apache.commons.complex.TestUtils.equals(TestUtils.java:390)
	at org.apache.commons.complex.TestUtils.equals(TestUtils.java:390)
	at org.apache.commons.complex.TestUtils.equals(TestUtils.java:390)
	at org.apache.commons.complex.TestUtils.equals(TestUtils.java:390)
	at org.apache.commons.complex.TestUtils.equals(TestUtils.java:390)
	at org.apache.commons.complex.TestUtils.equals(TestUtils.java:390)
	at org.apache.commons.complex.TestUtils.equals(TestUtils.java:390)
	at org.apache.commons.complex.TestUtils.equals(TestUtils.java:390)
	at org.apache.commons.complex.TestUtils.equals(TestUtils.java:390)
	at org.apache.commons.complex.TestUtils.equals(TestUtils.java:390)
	at org.apache.commons.complex.TestUtils.equals(TestUtils.java:390)
	at org.apache.commons.complex.TestUtils.equals(TestUtils.java:390)
	at org.apache.commons.complex.TestUtils.equals(TestUtils.java:390)
	at org.apache.commons.complex.TestUtils.equals(TestUtils.java:390)
	at org.apache.commons.complex.TestUtils.equals(TestUtils.java:390)
	at org.apache.commons.complex.TestUtils.equals(TestUtils.java:390)
	at org.apache.commons.complex.TestUtils.equals(TestUtils.java:390)
	at org.apache.commons.complex.TestUtils.equals(TestUtils.java:390)
	at org.apache.commons.complex.TestUtils.equals(TestUtils.java:390)
	at org.apache.commons.complex.TestUtils.equals(TestUtils.java:390)
	at org.apache.commons.complex.TestUtils.equals(TestUtils.java:390)
	at org.apache.commons.complex.TestUtils.equals(TestUtils.java:390)
	at org.apache.commons.complex.TestUtils.equals(TestUtils.java:390)
	at org.apache.commons.complex.TestUtils.equals(TestUtils.java:390)
	at org.apache.commons.complex.TestUtils.equals(TestUtils.java:390)
	at org.apache.commons.complex.TestUtils.equals(TestUtils.java:390)
	at org.apache.commons.complex.TestUtils.equals(TestUtils.java:390)
	at org.apache.commons.complex.TestUtils.equals(TestUtils.java:390)
	at org.apache.commons.complex.TestUtils.equals(TestUtils.java:390)
	at org.apache.commons.complex.TestUtils.equals(TestUtils.java:390)
	at org.apache.commons.complex.TestUtils.equals(TestUtils.java:390)
	at org.apache.commons.complex.TestUtils.equals(TestUtils.java:390)
	at org.apache.commons.complex.TestUtils.equals(TestUtils.java:390)
	at org.apache.commons.complex.TestUtils.equals(TestUtils.java:390)
	at org.apache.commons.complex.TestUtils.equals(TestUtils.java:390)
	at org.apache.commons.complex.TestUtils.equals(TestUtils.java:390)
	at org.apache.commons.complex.TestUtils.equals(TestUtils.java:390)
	at org.apache.commons.complex.TestUtils.equals(TestUtils.java:390)
	at org.apache.commons.complex.TestUtils.equals(TestUtils.java:390)
	at org.apache.commons.complex.TestUtils.equals(TestUtils.java:390)
	at org.apache.commons.complex.TestUtils.equals(TestUtils.java:390)
	at org.apache.commons.complex.TestUtils.equals(TestUtils.java:390)
	at org.apache.commons.complex.TestUtils.equals(TestUtils.java:390)
	at org.apache.commons.complex.TestUtils.equals(TestUtils.java:390)
	at org.apache.commons.complex.TestUtils.equals(TestUtils.java:390)
	at org.apache.commons.complex.TestUtils.equals(TestUtils.java:390)
	at org.apache.commons.complex.TestUtils.equals(TestUtils.java:390)
	at org.apache.commons.complex.TestUtils.equals(TestUtils.java:390)
	at org.apache.commons.complex.TestUtils.equals(TestUtils.java:390)
	at org.apache.commons.complex.TestUtils.equals(TestUtils.java:390)
	at org.apache.commons.complex.TestUtils.equals(TestUtils.java:390)
	at org.apache.commons.complex.TestUtils.equals(TestUtils.java:390)
	at org.apache.commons.complex.TestUtils.equals(TestUtils.java:390)
	at org.apache.commons.complex.TestUtils.equals(TestUtils.java:390)
	at org.apache.commons.complex.TestUtils.equals(TestUtils.java:390)
	at org.apache.commons.complex.TestUtils.equals(TestUtils.java:390)
	at org.apache.commons.complex.TestUtils.equals(TestUtils.java:390)
	at org.apache.commons.complex.TestUtils.equals(TestUtils.java:390)
	at org.apache.commons.complex.TestUtils.equals(TestUtils.java:390)
	at org.apache.commons.complex.TestUtils.equals(TestUtils.java:390)
	at org.apache.commons.complex.TestUtils.equals(TestUtils.java:390)
	at org.apache.commons.complex.TestUtils.equals(TestUtils.java:390)
	at org.apache.commons.complex.TestUtils.equals(TestUtils.java:390)
	at org.apache.commons.complex.TestUtils.equals(TestUtils.java:390)
	at org.apache.commons.complex.TestUtils.equals(TestUtils.java:390)
	at org.apache.commons.complex.TestUtils.equals(TestUtils.java:390)
	at org.apache.commons.complex.TestUtils.equals(TestUtils.java:390)
	at org.apache.commons.complex.TestUtils.equals(TestUtils.java:390)
	at org.apache.commons.complex.TestUtils.equals(TestUtils.java:390)
	at org.apache.commons.complex.TestUtils.equals(TestUtils.java:390)
	at org.apache.commons.complex.TestUtils.equals(TestUtils.java:390)
	at org.apache.commons.complex.TestUtils.equals(TestUtils.java:390)
	at org.apache.commons.complex.TestUtils.equals(TestUtils.java:390)
	at org.apache.commons.complex.TestUtils.equals(TestUtils.java:390)
	at org.apache.commons.complex.TestUtils.equals(TestUtils.java:390)
	at org.apache.commons.complex.TestUtils.equals(TestUtils.java:390)
	at org.apache.commons.complex.TestUtils.equals(TestUtils.java:390)
	at org.apache.commons.complex.TestUtils.equals(TestUtils.java:390)
	at org.apache.commons.complex.TestUtils.equals(TestUtils.java:390)
	at org.apache.commons.complex.TestUtils.equals(TestUtils.java:390)
	at org.apache.commons.complex.TestUtils.equals(TestUtils.java:390)
	at org.apache.commons.complex.TestUtils.equals(TestUtils.java:390)
	at org.apache.commons.complex.TestUtils.equals(TestUtils.java:390)
	at org.apache.commons.complex.TestUtils.equals(TestUtils.java:390)
	at org.apache.commons.complex.TestUtils.equals(TestUtils.java:390)
	at org.apache.commons.complex.TestUtils.equals(TestUtils.java:390)
	at org.apache.commons.complex.TestUtils.equals(TestUtils.java:390)
	at org.apache.commons.complex.TestUtils.equals(TestUtils.java:390)
	at org.apache.commons.complex.TestUtils.equals(TestUtils.java:390)
	at org.apache.commons.complex.TestUtils.equals(TestUtils.java:390)
	at org.apache.commons.complex.TestUtils.equals(TestUtils.java:390)
	at org.apache.commons.complex.TestUtils.equals(TestUtils.java:390)
	at org.apache.commons.complex.TestUtils.equals(TestUtils.java:390)
	at org.apache.commons.complex.TestUtils.equals(TestUtils.java:390)
	at org.apache.commons.complex.TestUtils.equals(TestUtils.java:390)
	at org.apache.commons.complex.TestUtils.equals(TestUtils.java:390)
	at org.apache.commons.complex.TestUtils.equals(TestUtils.java:390)
	at org.apache.commons.complex.TestUtils.equals(TestUtils.java:390)
	at org.apache.commons.complex.TestUtils.equals(TestUtils.java:390)
	at org.apache.commons.complex.TestUtils.equals(TestUtils.java:390)
	at org.apache.commons.complex.TestUtils.equals(TestUtils.java:390)
	at org.apache.commons.complex.TestUtils.equals(TestUtils.java:390)
	at org.apache.commons.complex.TestUtils.equals(TestUtils.java:390)
	at org.apache.commons.complex.TestUtils.equals(TestUtils.java:390)
	at org.apache.commons.complex.TestUtils.equals(TestUtils.java:390)
	at org.apache.commons.complex.TestUtils.equals(TestUtils.java:390)
	at org.apache.commons.complex.TestUtils.equals(TestUtils.java:390)
	at org.apache.commons.complex.TestUtils.equals(TestUtils.java:390)
	at org.apache.commons.complex.TestUtils.equals(TestUtils.java:390)
	at org.apache.commons.complex.TestUtils.equals(TestUtils.java:390)
	at org.apache.commons.complex.TestUtils.equals(TestUtils.java:390)
	at org.apache.commons.complex.TestUtils.equals(TestUtils.java:390)
	at org.apache.commons.complex.TestUtils.equals(TestUtils.java:390)
	at org.apache.commons.complex.TestUtils.equals(TestUtils.java:390)
	at org.apache.commons.complex.TestUtils.equals(TestUtils.java:390)
	at org.apache.commons.complex.TestUtils.equals(TestUtils.java:390)
	at org.apache.commons.complex.TestUtils.equals(TestUtils.java:390)
	at org.apache.commons.complex.TestUtils.equals(TestUtils.java:390)
	at org.apache.commons.complex.TestUtils.equals(TestUtils.java:390)
	at org.apache.commons.complex.TestUtils.equals(TestUtils.java:390)
	at org.apache.commons.complex.TestUtils.equals(TestUtils.java:390)
	at org.apache.commons.complex.TestUtils.equals(TestUtils.java:390)
	at org.apache.commons.complex.TestUtils.equals(TestUtils.java:390)
	at org.apache.commons.complex.TestUtils.equals(TestUtils.java:390)
	at org.apache.commons.complex.TestUtils.equals(TestUtils.java:390)
	at org.apache.commons.complex.TestUtils.equals(TestUtils.java:390)
	at org.apache.commons.complex.TestUtils.equals(TestUtils.java:390)
	at org.apache.commons.complex.TestUtils.equals(TestUtils.java:390)
	at org.apache.commons.complex.TestUtils.equals(TestUtils.java:390)
	at org.apache.commons.complex.TestUtils.equals(TestUtils.java:390)
	at org.apache.commons.complex.TestUtils.equals(TestUtils.java:390)
	at org.apache.commons.complex.TestUtils.equals(TestUtils.java:390)
	at org.apache.commons.complex.TestUtils.equals(TestUtils.java:390)
	at org.apache.commons.complex.TestUtils.equals(TestUtils.java:390)
	at org.apache.commons.complex.TestUtils.equals(TestUtils.java:390)
	at org.apache.commons.complex.TestUtils.equals(TestUtils.java:390)
	at org.apache.commons.complex.TestUtils.equals(TestUtils.java:390)
	at org.apache.commons.complex.TestUtils.equals(TestUtils.java:390)
	at org.apache.commons.complex.TestUtils.equals(TestUtils.java:390)
	at org.apache.commons.complex.TestUtils.equals(TestUtils.java:390)
	at org.apache.commons.complex.TestUtils.equals(TestUtils.java:390)
	at org.apache.commons.complex.TestUtils.equals(TestUtils.java:390)
	at org.apache.commons.complex.TestUtils.equals(TestUtils.java:390)
	at org.apache.commons.complex.TestUtils.equals(TestUtils.java:390)
	at org.apache.commons.complex.TestUtils.equals(TestUtils.java:390)
	at org.apache.commons.complex.TestUtils.equals(TestUtils.java:390)
	at org.apache.commons.complex.TestUtils.equals(TestUtils.java:390)
	at org.apache.commons.complex.TestUtils.equals(TestUtils.java:390)
	at org.apache.commons.complex.TestUtils.equals(TestUtils.java:390)
	at org.apache.commons.complex.TestUtils.equals(TestUtils.java:390)
	at org.apache.commons.complex.TestUtils.equals(TestUtils.java:390)
	at org.apache.commons.complex.TestUtils.equals(TestUtils.java:390)
	at org.apache.commons.complex.TestUtils.equals(TestUtils.java:390)
	at org.apache.commons.complex.TestUtils.equals(TestUtils.java:390)
	at org.apache.commons.complex.TestUtils.equals(TestUtils.java:390)
	at org.apache.commons.complex.TestUtils.equals(TestUtils.java:390)
	at org.apache.commons.complex.TestUtils.equals(TestUtils.java:390)
	at org.apache.commons.complex.TestUtils.equals(TestUtils.java:390)
	at org.apache.commons.complex.TestUtils.equals(TestUtils.java:390)
	at org.apache.commons.complex.TestUtils.equals(TestUtils.java:390)
	at org.apache.commons.complex.TestUtils.equals(TestUtils.java:390)
	at org.apache.commons.complex.TestUtils.equals(TestUtils.java:390)
	at org.apache.commons.complex.TestUtils.equals(TestUtils.java:390)
	at org.apache.commons.complex.TestUtils.equals(TestUtils.java:390)
	at org.apache.commons.complex.TestUtils.equals(TestUtils.java:390)
	at org.apache.commons.complex.TestUtils.equals(TestUtils.java:390)
	at org.apache.commons.complex.TestUtils.equals(TestUtils.java:390)
	at org.apache.commons.complex.TestUtils.equals(TestUtils.java:390)
	at org.apache.commons.complex.TestUtils.equals(TestUtils.java:390)
	at org.apache.commons.complex.TestUtils.equals(TestUtils.java:390)
	at org.apache.commons.complex.TestUtils.equals(TestUtils.java:390)
	at org.apache.commons.complex.TestUtils.equals(TestUtils.java:390)
	at org.apache.commons.complex.TestUtils.equals(TestUtils.java:390)
	at org.apache.commons.complex.TestUtils.equals(TestUtils.java:390)
	at org.apache.commons.complex.TestUtils.equals(TestUtils.java:390)
	at org.apache.commons.complex.TestUtils.equals(TestUtils.java:390)
	at org.apache.commons.complex.TestUtils.equals(TestUtils.java:390)
	at org.apache.commons.complex.TestUtils.equals(TestUtils.java:390)
	at org.apache.commons.complex.TestUtils.equals(TestUtils.java:390)
	at org.apache.commons.complex.TestUtils.equals(TestUtils.java:390)
	at org.apache.commons.complex.TestUtils.equals(TestUtils.java:390)
	at org.apache.commons.complex.TestUtils.equals(TestUtils.java:390)
	at org.apache.commons.complex.TestUtils.equals(TestUtils.java:390)
	at org.apache.commons.complex.TestUtils.equals(TestUtils.java:390)
	at org.apache.commons.complex.TestUtils.equals(TestUtils.java:390)
	at org.apache.commons.complex.TestUtils.equals(TestUtils.java:390)
	at org.apache.commons.complex.TestUtils.equals(TestUtils.java:390)
	at org.apache.commons.complex.TestUtils.equals(TestUtils.java:390)
	at org.apache.commons.complex.TestUtils.equals(TestUtils.java:390)
	at org.apache.commons.complex.TestUtils.equals(TestUtils.java:390)
	at org.apache.commons.complex.TestUtils.equals(TestUtils.java:390)
	at org.apache.commons.complex.TestUtils.equals(TestUtils.java:390)
	at org.apache.commons.complex.TestUtils.equals(TestUtils.java:390)
	at org.apache.commons.complex.TestUtils.equals(TestUtils.java:390)
	at org.apache.commons.complex.TestUtils.equals(TestUtils.java:390)
	at org.apache.commons.complex.TestUtils.equals(TestUtils.java:390)
	at org.apache.commons.complex.TestUtils.equals(TestUtils.java:390)
	at org.apache.commons.complex.TestUtils.equals(TestUtils.java:390)
	at org.apache.commons.complex.TestUtils.equals(TestUtils.java:390)
	at org.apache.commons.complex.TestUtils.equals(TestUtils.java:390)
	at org.apache.commons.complex.TestUtils.equals(TestUtils.java:390)
	at org.apache.commons.complex.TestUtils.equals(TestUtils.java:390)
	at org.apache.commons.complex.TestUtils.equals(TestUtils.java:390)
	at org.apache.commons.complex.TestUtils.equals(TestUtils.java:390)
	at org.apache.commons.complex.TestUtils.equals(TestUtils.java:390)
	at org.apache.commons.complex.TestUtils.equals(TestUtils.java:390)
	at org.apache.commons.complex.TestUtils.equals(TestUtils.java:390)
	at org.apache.commons.complex.TestUtils.equals(TestUtils.java:390)
	at org.apache.commons.complex.TestUtils.equals(TestUtils.java:390)
	at org.apache.commons.complex.TestUtils.equals(TestUtils.java:390)
	at org.apache.commons.complex.TestUtils.equals(TestUtils.java:390)
	at org.apache.commons.complex.TestUtils.equals(TestUtils.java:390)
	at org.apache.commons.complex.TestUtils.equals(TestUtils.java:390)
	at org.apache.commons.complex.TestUtils.equals(TestUtils.java:390)
	at org.apache.commons.complex.TestUtils.equals(TestUtils.java:390)
	at org.apache.commons.complex.TestUtils.equals(TestUtils.java:390)
	at org.apache.commons.complex.TestUtils.equals(TestUtils.java:390)
	at org.apache.commons.complex.TestUtils.equals(TestUtils.java:390)
	at org.apache.commons.complex.TestUtils.equals(TestUtils.java:390)
	at org.apache.commons.complex.TestUtils.equals(TestUtils.java:390)
	at org.apache.commons.complex.TestUtils.equals(TestUtils.java:390)
	at org.apache.commons.complex.TestUtils.equals(TestUtils.java:390)
	at org.apache.commons.complex.TestUtils.equals(TestUtils.java:390)
	at org.apache.commons.complex.TestUtils.equals(TestUtils.java:390)
	at org.apache.commons.complex.TestUtils.equals(TestUtils.java:390)
	at org.apache.commons.complex.TestUtils.equals(TestUtils.java:390)
	at org.apache.commons.complex.TestUtils.equals(TestUtils.java:390)
	at org.apache.commons.complex.TestUtils.equals(TestUtils.java:390)
	at org.apache.commons.complex.TestUtils.equals(TestUtils.java:390)
	at org.apache.commons.complex.TestUtils.equals(TestUtils.java:390)
	at org.apache.commons.complex.TestUtils.equals(TestUtils.java:390)
	at org.apache.commons.complex.TestUtils.equals(TestUtils.java:390)
	at org.apache.commons.complex.TestUtils.equals(TestUtils.java:390)
	at org.apache.commons.complex.TestUtils.equals(TestUtils.java:390)
	at org.apache.commons.complex.TestUtils.equals(TestUtils.java:390)
	at org.apache.commons.complex.TestUtils.equals(TestUtils.java:390)
	at org.apache.commons.complex.TestUtils.equals(TestUtils.java:390)
	at org.apache.commons.complex.TestUtils.equals(TestUtils.java:390)
	at org.apache.commons.complex.TestUtils.equals(TestUtils.java:390)
	at org.apache.commons.complex.TestUtils.equals(TestUtils.java:390)
	at org.apache.commons.complex.TestUtils.equals(TestUtils.java:390)
	at org.apache.commons.complex.TestUtils.equals(TestUtils.java:390)
	at org.apache.commons.complex.TestUtils.equals(TestUtils.java:390)
	at org.apache.commons.complex.TestUtils.equals(TestUtils.java:390)
	at org.apache.commons.complex.TestUtils.equals(TestUtils.java:390)
	at org.apache.commons.complex.TestUtils.equals(TestUtils.java:390)
	at org.apache.commons.complex.TestUtils.equals(TestUtils.java:390)
	at org.apache.commons.complex.TestUtils.equals(TestUtils.java:390)
	at org.apache.commons.complex.TestUtils.equals(TestUtils.java:390)
	at org.apache.commons.complex.TestUtils.equals(TestUtils.java:390)
	at org.apache.commons.complex.TestUtils.equals(TestUtils.java:390)
	at org.apache.commons.complex.TestUtils.equals(TestUtils.java:390)
	at org.apache.commons.complex.TestUtils.equals(TestUtils.java:390)
	at org.apache.commons.complex.TestUtils.equals(TestUtils.java:390)
	at org.apache.commons.complex.TestUtils.equals(TestUtils.java:390)
	at org.apache.commons.complex.TestUtils.equals(TestUtils.java:390)
	at org.apache.commons.complex.TestUtils.equals(TestUtils.java:390)
	at org.apache.commons.complex.TestUtils.equals(TestUtils.java:390)
	at org.apache.commons.complex.TestUtils.equals(TestUtils.java:390)
	at org.apache.commons.complex.TestUtils.equals(TestUtils.java:390)
	at org.apache.commons.complex.TestUtils.equals(TestUtils.java:390)
	at org.apache.commons.complex.TestUtils.equals(TestUtils.java:390)
	at org.apache.commons.complex.TestUtils.equals(TestUtils.java:390)
	at org.apache.commons.complex.TestUtils.equals(TestUtils.java:390)
	at org.apache.commons.complex.TestUtils.equals(TestUtils.java:390)
	at org.apache.commons.complex.TestUtils.equals(TestUtils.java:390)
	at org.apache.commons.complex.TestUtils.equals(TestUtils.java:390)
	at org.apache.commons.complex.TestUtils.equals(TestUtils.java:390)
	at org.apache.commons.complex.TestUtils.equals(TestUtils.java:390)
	at org.apache.commons.complex.TestUtils.equals(TestUtils.java:390)
	at org.apache.commons.complex.TestUtils.equals(TestUtils.java:390)
	at org.apache.commons.complex.TestUtils.equals(TestUtils.java:390)
	at org.apache.commons.complex.TestUtils.equals(TestUtils.java:390)
	at org.apache.commons.complex.TestUtils.equals(TestUtils.java:390)
	at org.apache.commons.complex.TestUtils.equals(TestUtils.java:390)
	at org.apache.commons.complex.TestUtils.equals(TestUtils.java:390)
	at org.apache.commons.complex.TestUtils.equals(TestUtils.java:390)
	at org.apache.commons.complex.TestUtils.equals(TestUtils.java:390)
	at org.apache.commons.complex.TestUtils.equals(TestUtils.java:390)
	at org.apache.commons.complex.TestUtils.equals(TestUtils.java:390)
	at org.apache.commons.complex.TestUtils.equals(TestUtils.java:390)
	at org.apache.commons.complex.TestUtils.equals(TestUtils.java:390)
	at org.apache.commons.complex.TestUtils.equals(TestUtils.java:390)
	at org.apache.commons.complex.TestUtils.equals(TestUtils.java:390)
	at org.apache.commons.complex.TestUtils.equals(TestUtils.java:390)
	at org.apache.commons.complex.TestUtils.equals(TestUtils.java:390)
	at org.apache.commons.complex.TestUtils.equals(TestUtils.java:390)
	at org.apache.commons.complex.TestUtils.equals(TestUtils.java:390)
	at org.apache.commons.complex.TestUtils.equals(TestUtils.java:390)
	at org.apache.commons.complex.TestUtils.equals(TestUtils.java:390)
	at org.apache.commons.complex.TestUtils.equals(TestUtils.java:390)
	at org.apache.commons.complex.TestUtils.equals(TestUtils.java:390)
	at org.apache.commons.complex.TestUtils.equals(TestUtils.java:390)
	at org.apache.commons.complex.TestUtils.equals(TestUtils.java:390)
	at org.apache.commons.complex.TestUtils.equals(TestUtils.java:390)
	at org.apache.commons.complex.TestUtils.equals(TestUtils.java:390)
	at org.apache.commons.complex.TestUtils.equals(TestUtils.java:390)
	at org.apache.commons.complex.TestUtils.equals(TestUtils.java:390)
	at org.apache.commons.complex.TestUtils.equals(TestUtils.java:390)
	at org.apache.commons.complex.TestUtils.equals(TestUtils.java:390)
	at org.apache.commons.complex.TestUtils.equals(TestUtils.java:390)
	at org.apache.commons.complex.TestUtils.equals(TestUtils.java:390)
	at org.apache.commons.complex.TestUtils.equals(TestUtils.java:390)
	at org.apache.commons.complex.TestUtils.equals(TestUtils.java:390)
	at org.apache.commons.complex.TestUtils.equals(TestUtils.java:390)
	at org.apache.commons.complex.TestUtils.equals(TestUtils.java:390)
	at org.apache.commons.complex.TestUtils.equals(TestUtils.java:390)
	at org.apache.commons.complex.TestUtils.equals(TestUtils.java:390)
	at org.apache.commons.complex.TestUtils.equals(TestUtils.java:390)
	at org.apache.commons.complex.TestUtils.equals(TestUtils.java:390)
	at org.apache.commons.complex.TestUtils.equals(TestUtils.java:390)
	at org.apache.commons.complex.TestUtils.equals(TestUtils.java:390)
	at org.apache.commons.complex.TestUtils.equals(TestUtils.java:390)
	at org.apache.commons.complex.TestUtils.equals(TestUtils.java:390)
	at org.apache.commons.complex.TestUtils.equals(TestUtils.java:390)
	at org.apache.commons.complex.TestUtils.equals(TestUtils.java:390)
	at org.apache.commons.complex.TestUtils.equals(TestUtils.java:390)
	at org.apache.commons.complex.TestUtils.equals(TestUtils.java:390)
	at org.apache.commons.complex.TestUtils.equals(TestUtils.java:390)
	at org.apache.commons.complex.TestUtils.equals(TestUtils.java:390)
	at org.apache.commons.complex.TestUtils.equals(TestUtils.java:390)
	at org.apache.commons.complex.TestUtils.equals(TestUtils.java:390)
	at org.apache.commons.complex.TestUtils.equals(TestUtils.java:390)
	at org.apache.commons.complex.TestUtils.equals(TestUtils.java:390)
	at org.apache.commons.complex.TestUtils.equals(TestUtils.java:390)
	at org.apache.commons.complex.TestUtils.equals(TestUtils.java:390)
	at org.apache.commons.complex.TestUtils.equals(TestUtils.java:390)
	at org.apache.commons.complex.TestUtils.equals(TestUtils.java:390)
	at org.apache.commons.complex.TestUtils.equals(TestUtils.java:390)
	at org.apache.commons.complex.TestUtils.equals(TestUtils.java:390)
	at org.apache.commons.complex.TestUtils.equals(TestUtils.java:390)
	at org.apache.commons.complex.TestUtils.equals(TestUtils.java:390)
	at org.apache.commons.complex.TestUtils.equals(TestUtils.java:390)
	at org.apache.commons.complex.TestUtils.equals(TestUtils.java:390)
	at org.apache.commons.complex.TestUtils.equals(TestUtils.java:390)
	at org.apache.commons.complex.TestUtils.equals(TestUtils.java:390)
	at org.apache.commons.complex.TestUtils.equals(TestUtils.java:390)
	at org.apache.commons.complex.TestUtils.equals(TestUtils.java:390)
	at org.apache.commons.complex.TestUtils.equals(TestUtils.java:390)
	at org.apache.commons.complex.TestUtils.equals(TestUtils.java:390)
	at org.apache.commons.complex.TestUtils.equals(TestUtils.java:390)
	at org.apache.commons.complex.TestUtils.equals(TestUtils.java:390)
	at org.apache.commons.complex.TestUtils.equals(TestUtils.java:390)
	at org.apache.commons.complex.TestUtils.equals(TestUtils.java:390)
	at org.apache.commons.complex.TestUtils.equals(TestUtils.java:390)
	at org.apache.commons.complex.TestUtils.equals(TestUtils.java:390)
	at org.apache.commons.complex.TestUtils.equals(TestUtils.java:390)
	at org.apache.commons.complex.TestUtils.equals(TestUtils.java:390)
	at org.apache.commons.complex.TestUtils.equals(TestUtils.java:390)
	at org.apache.commons.complex.TestUtils.equals(TestUtils.java:390)
	at org.apache.commons.complex.TestUtils.equals(TestUtils.java:390)
	at org.apache.commons.complex.TestUtils.equals(TestUtils.java:390)
	at org.apache.commons.complex.TestUtils.equals(TestUtils.java:390)
	at org.apache.commons.complex.TestUtils.equals(TestUtils.java:390)
	at org.apache.commons.complex.TestUtils.equals(TestUtils.java:390)
	at org.apache.commons.complex.TestUtils.equals(TestUtils.java:390)
	at org.apache.commons.complex.TestUtils.equals(TestUtils.java:390)
	at org.apache.commons.complex.TestUtils.equals(TestUtils.java:390)
	at org.apache.commons.complex.TestUtils.equals(TestUtils.java:390)
	at org.apache.commons.complex.TestUtils.equals(TestUtils.java:390)
	at org.apache.commons.complex.TestUtils.equals(TestUtils.java:390)
	at org.apache.commons.complex.TestUtils.equals(TestUtils.java:390)
	at org.apache.commons.complex.TestUtils.equals(TestUtils.java:390)
	at org.apache.commons.complex.TestUtils.equals(TestUtils.java:390)
	at org.apache.commons.complex.TestUtils.equals(TestUtils.java:390)
	at org.apache.commons.complex.TestUtils.equals(TestUtils.java:390)
	at org.apache.commons.complex.TestUtils.equals(TestUtils.java:390)
	at org.apache.commons.complex.TestUtils.equals(TestUtils.java:390)
	at org.apache.commons.complex.TestUtils.equals(TestUtils.java:390)
	at org.apache.commons.complex.TestUtils.equals(TestUtils.java:390)
	at org.apache.commons.complex.TestUtils.equals(TestUtils.java:390)
	at org.apache.commons.complex.TestUtils.equals(TestUtils.java:390)
	at org.apache.commons.complex.TestUtils.equals(TestUtils.java:390)
	at org.apache.commons.complex.TestUtils.equals(TestUtils.java:390)
	at org.apache.commons.complex.TestUtils.equals(TestUtils.java:390)
	at org.apache.commons.complex.TestUtils.equals(TestUtils.java:390)
	at org.apache.commons.complex.TestUtils.equals(TestUtils.java:390)
	at org.apache.commons.complex.TestUtils.equals(TestUtils.java:390)
	at org.apache.commons.complex.TestUtils.equals(TestUtils.java:390)
	at org.apache.commons.complex.TestUtils.equals(TestUtils.java:390)
	at org.apache.commons.complex.TestUtils.equals(TestUtils.java:390)
	at org.apache.commons.complex.TestUtils.equals(TestUtils.java:390)
	at org.apache.commons.complex.TestUtils.equals(TestUtils.java:390)
	at org.apache.commons.complex.TestUtils.equals(TestUtils.java:390)
	at org.apache.commons.complex.TestUtils.equals(TestUtils.java:390)
	at org.apache.commons.complex.TestUtils.equals(TestUtils.java:390)
	at org.apache.commons.complex.TestUtils.equals(TestUtils.java:390)
	at org.apache.commons.complex.TestUtils.equals(TestUtils.java:390)
	at org.apache.commons.complex.TestUtils.equals(TestUtils.java:390)
	at org.apache.commons.complex.TestUtils.equals(TestUtils.java:390)
	at org.apache.commons.complex.TestUtils.equals(TestUtils.java:390)
	at org.apache.commons.complex.TestUtils.equals(TestUtils.java:390)
	at org.apache.commons.complex.TestUtils.equals(TestUtils.java:390)
	at org.apache.commons.complex.TestUtils.equals(TestUtils.java:390)
	at org.apache.commons.complex.TestUtils.equals(TestUtils.java:390)
	at org.apache.commons.complex.TestUtils.equals(TestUtils.java:390)
	at org.apache.commons.complex.TestUtils.equals(TestUtils.java:390)
	at org.apache.commons.complex.TestUtils.equals(TestUtils.java:390)
	at org.apache.commons.complex.TestUtils.equals(TestUtils.java:390)
	at org.apache.commons.complex.TestUtils.equals(TestUtils.java:390)
	at org.apache.commons.complex.TestUtils.equals(TestUtils.java:390)
	at org.apache.commons.complex.TestUtils.equals(TestUtils.java:390)
	at org.apache.commons.complex.TestUtils.equals(TestUtils.java:390)
	at org.apache.commons.complex.TestUtils.equals(TestUtils.java:390)
	at org.apache.commons.complex.TestUtils.equals(TestUtils.java:390)
	at org.apache.commons.complex.TestUtils.equals(TestUtils.java:390)
	at org.apache.commons.complex.TestUtils.equals(TestUtils.java:390)
	at org.apache.commons.complex.TestUtils.equals(TestUtils.java:390)
	at org.apache.commons.complex.TestUtils.equals(TestUtils.java:390)
	at org.apache.commons.complex.TestUtils.equals(TestUtils.java:390)
	at org.apache.commons.complex.TestUtils.equals(TestUtils.java:390)
	at org.apache.commons.complex.TestUtils.equals(TestUtils.java:390)
	at org.apache.commons.complex.TestUtils.equals(TestUtils.java:390)
	at org.apache.commons.complex.TestUtils.equals(TestUtils.java:390)
	at org.apache.commons.complex.TestUtils.equals(TestUtils.java:390)
	at org.apache.commons.complex.TestUtils.equals(TestUtils.java:390)
	at org.apache.commons.complex.TestUtils.equals(TestUtils.java:390)
	at org.apache.commons.complex.TestUtils.equals(TestUtils.java:390)
	at org.apache.commons.complex.TestUtils.equals(TestUtils.java:390)
	at org.apache.commons.complex.TestUtils.equals(TestUtils.java:390)
	at org.apache.commons.complex.TestUtils.equals(TestUtils.java:390)
	at org.apache.commons.complex.TestUtils.equals(TestUtils.java:390)
	at org.apache.commons.complex.TestUtils.equals(TestUtils.java:390)
	at org.apache.commons.complex.TestUtils.equals(TestUtils.java:390)
	at org.apache.commons.complex.TestUtils.equals(TestUtils.java:390)
	at org.apache.commons.complex.TestUtils.equals(TestUtils.java:390)
	at org.apache.commons.complex.TestUtils.equals(TestUtils.java:390)
	at org.apache.commons.complex.TestUtils.equals(TestUtils.java:390)
	at org.apache.commons.complex.TestUtils.equals(TestUtils.java:390)
	at org.apache.commons.complex.TestUtils.equals(TestUtils.java:390)
	at org.apache.commons.complex.TestUtils.equals(TestUtils.java:390)
	at org.apache.commons.complex.TestUtils.equals(TestUtils.java:390)
	at org.apache.commons.complex.TestUtils.equals(TestUtils.java:390)
	at org.apache.commons.complex.TestUtils.equals(TestUtils.java:390)
	at org.apache.commons.complex.TestUtils.equals(TestUtils.java:390)
	at org.apache.commons.complex.TestUtils.equals(TestUtils.java:390)
	at org.apache.commons.complex.TestUtils.equals(TestUtils.java:390)
	at org.apache.commons.complex.TestUtils.equals(TestUtils.java:390)
	at org.apache.commons.complex.TestUtils.equals(TestUtils.java:390)
	at org.apache.commons.complex.TestUtils.equals(TestUtils.java:390)
	at org.apache.commons.complex.TestUtils.equals(TestUtils.java:390)
	at org.apache.commons.complex.TestUtils.equals(TestUtils.java:390)
	at org.apache.commons.complex.TestUtils.equals(TestUtils.java:390)
	at org.apache.commons.complex.TestUtils.equals(TestUtils.java:390)
	at org.apache.commons.complex.TestUtils.equals(TestUtils.java:390)
	at org.apache.commons.complex.TestUtils.equals(TestUtils.java:390)
	at org.apache.commons.complex.TestUtils.equals(TestUtils.java:390)
	at org.apache.commons.complex.TestUtils.equals(TestUtils.java:390)
	at org.apache.commons.complex.TestUtils.equals(TestUtils.java:390)
	at org.apache.commons.complex.TestUtils.equals(TestUtils.java:390)
	at org.apache.commons.complex.TestUtils.equals(TestUtils.java:390)
	at org.apache.commons.complex.TestUtils.equals(TestUtils.java:390)
	at org.apache.commons.complex.TestUtils.equals(TestUtils.java:390)
	at org.apache.commons.complex.TestUtils.equals(TestUtils.java:390)
	at org.apache.commons.complex.TestUtils.equals(TestUtils.java:390)
	at org.apache.commons.complex.TestUtils.equals(TestUtils.java:390)
	at org.apache.commons.complex.TestUtils.equals(TestUtils.java:390)
	at org.apache.commons.complex.TestUtils.equals(TestUtils.java:390)
	at org.apache.commons.complex.TestUtils.equals(TestUtils.java:390)
	at org.apache.commons.complex.TestUtils.equals(TestUtils.java:390)
	at org.apache.commons.complex.TestUtils.equals(TestUtils.java:390)
	at org.apache.commons.complex.TestUtils.equals(TestUtils.java:390)
	at org.apache.commons.complex.TestUtils.equals(TestUtils.java:390)
	at org.apache.commons.complex.TestUtils.equals(TestUtils.java:390)
	at org.apache.commons.complex.TestUtils.equals(TestUtils.java:390)
	at org.apache.commons.complex.TestUtils.equals(TestUtils.java:390)
	at org.apache.commons.complex.TestUtils.equals(TestUtils.java:390)
	at org.apache.commons.complex.TestUtils.equals(TestUtils.java:390)
	at org.apache.commons.complex.TestUtils.equals(TestUtils.java:390)
	at org.apache.commons.complex.TestUtils.equals(TestUtils.java:390)
	at org.apache.commons.complex.TestUtils.equals(TestUtils.java:390)
	at org.apache.commons.complex.TestUtils.equals(TestUtils.java:390)
	at org.apache.commons.complex.TestUtils.equals(TestUtils.java:390)
	at org.apache.commons.complex.TestUtils.equals(TestUtils.java:390)
	at org.apache.commons.complex.TestUtils.equals(TestUtils.java:390)
	at org.apache.commons.complex.TestUtils.equals(TestUtils.java:390)
	at org.apache.commons.complex.TestUtils.equals(TestUtils.java:390)
	at org.apache.commons.complex.TestUtils.equals(TestUtils.java:390)
	at org.apache.commons.complex.TestUtils.equals(TestUtils.java:390)
	at org.apache.commons.complex.TestUtils.equals(TestUtils.java:390)
	at org.apache.commons.complex.TestUtils.equals(TestUtils.java:390)
	at org.apache.commons.complex.TestUtils.equals(TestUtils.java:390)
	at org.apache.commons.complex.TestUtils.equals(TestUtils.java:390)
	at org.apache.commons.complex.TestUtils.equals(TestUtils.java:390)
	at org.apache.commons.complex.TestUtils.equals(TestUtils.java:390)
	at org.apache.commons.complex.TestUtils.equals(TestUtils.java:390)
	at org.apache.commons.complex.TestUtils.equals(TestUtils.java:390)
	at org.apache.commons.complex.TestUtils.equals(TestUtils.java:390)
	at org.apache.commons.complex.TestUtils.equals(TestUtils.java:390)
	at org.apache.commons.complex.TestUtils.equals(TestUtils.java:390)
	at org.apache.commons.complex.TestUtils.equals(TestUtils.java:390)
	at org.apache.commons.complex.TestUtils.equals(TestUtils.java:390)
	at org.apache.commons.complex.TestUtils.equals(TestUtils.java:390)
	at org.apache.commons.complex.TestUtils.equals(TestUtils.java:390)
	at org.apache.commons.complex.TestUtils.equals(TestUtils.java:390)
	at org.apache.commons.complex.TestUtils.equals(TestUtils.java:390)
	at org.apache.commons.complex.TestUtils.equals(TestUtils.java:390)
	at org.apache.commons.complex.TestUtils.equals(TestUtils.java:390)
	at org.apache.commons.complex.TestUtils.equals(TestUtils.java:390)
	at org.apache.commons.complex.TestUtils.equals(TestUtils.java:390)
	at org.apache.commons.complex.TestUtils.equals(TestUtils.java:390)
	at org.apache.commons.complex.TestUtils.equals(TestUtils.java:390)
	at org.apache.commons.complex.TestUtils.equals(TestUtils.java:390)
	at org.apache.commons.complex.TestUtils.equals(TestUtils.java:390)
	at org.apache.commons.complex.TestUtils.equals(TestUtils.java:390)
	at org.apache.commons.complex.TestUtils.equals(TestUtils.java:390)
	at org.apache.commons.complex.TestUtils.equals(TestUtils.java:390)
	at org.apache.commons.complex.TestUtils.equals(TestUtils.java:390)
	at org.apache.commons.complex.TestUtils.equals(TestUtils.java:390)
	at org.apache.commons.complex.TestUtils.equals(TestUtils.java:390)
	at org.apache.commons.complex.TestUtils.equals(TestUtils.java:390)
	at org.apache.commons.complex.TestUtils.equals(TestUtils.java:390)
	at org.apache.commons.complex.TestUtils.equals(TestUtils.java:390)
	at org.apache.commons.complex.TestUtils.equals(TestUtils.java:390)
	at org.apache.commons.complex.TestUtils.equals(TestUtils.java:390)
	at org.apache.commons.complex.TestUtils.equals(TestUtils.java:390)
	at org.apache.commons.complex.TestUtils.equals(TestUtils.java:390)
	at org.apache.commons.complex.TestUtils.equals(TestUtils.java:390)
	at org.apache.commons.complex.TestUtils.equals(TestUtils.java:390)
	at org.apache.commons.complex.TestUtils.equals(TestUtils.java:390)
	at org.apache.commons.complex.TestUtils.equals(TestUtils.java:390)
	at org.apache.commons.complex.TestUtils.equals(TestUtils.java:390)
	at org.apache.commons.complex.TestUtils.equals(TestUtils.java:390)
	at org.apache.commons.complex.TestUtils.equals(TestUtils.java:390)
	at org.apache.commons.complex.TestUtils.equals(TestUtils.java:390)
	at org.apache.commons.complex.TestUtils.equals(TestUtils.java:390)
	at org.apache.commons.complex.TestUtils.equals(TestUtils.java:390)
	at org.apache.commons.complex.TestUtils.equals(TestUtils.java:390)
	at org.apache.commons.complex.TestUtils.equals(TestUtils.java:390)
	at org.apache.commons.complex.TestUtils.equals(TestUtils.java:390)
	at org.apache.commons.complex.TestUtils.equals(TestUtils.java:390)
	at org.apache.commons.complex.TestUtils.equals(TestUtils.java:390)
	at org.apache.commons.complex.TestUtils.equals(TestUtils.java:390)
	at org.apache.commons.complex.TestUtils.equals(TestUtils.java:390)
	at org.apache.commons.complex.TestUtils.equals(TestUtils.java:390)
	at org.apache.commons.complex.TestUtils.equals(TestUtils.java:390)
	at org.apache.commons.complex.TestUtils.equals(TestUtils.java:390)
	at org.apache.commons.complex.TestUtils.equals(TestUtils.java:390)
	at org.apache.commons.complex.TestUtils.equals(TestUtils.java:390)
	at org.apache.commons.complex.TestUtils.equals(TestUtils.java:390)
	at org.apache.commons.complex.TestUtils.equals(TestUtils.java:390)
	at org.apache.commons.complex.TestUtils.equals(TestUtils.java:390)
	at org.apache.commons.complex.TestUtils.equals(TestUtils.java:390)
	at org.apache.commons.complex.TestUtils.equals(TestUtils.java:390)
	at org.apache.commons.complex.TestUtils.equals(TestUtils.java:390)
	at org.apache.commons.complex.TestUtils.equals(TestUtils.java:390)
	at org.apache.commons.complex.TestUtils.equals(TestUtils.java:390)
	at org.apache.commons.complex.TestUtils.equals(TestUtils.java:390)
	at org.apache.commons.complex.TestUtils.equals(TestUtils.java:390)
	at org.apache.commons.complex.TestUtils.equals(TestUtils.java:390)
	at org.apache.commons.complex.TestUtils.equals(TestUtils.java:390)
	at org.apache.commons.complex.TestUtils.equals(TestUtils.java:390)
	at org.apache.commons.complex.TestUtils.equals(TestUtils.java:390)
	at org.apache.commons.complex.TestUtils.equals(TestUtils.java:390)
	at org.apache.commons.complex.TestUtils.equals(TestUtils.java:390)
	at org.apache.commons.complex.TestUtils.equals(TestUtils.java:390)
	at org.apache.commons.complex.TestUtils.equals(TestUtils.java:390)
	at org.apache.commons.complex.TestUtils.equals(TestUtils.java:390)
	at org.apache.commons.complex.TestUtils.equals(TestUtils.java:390)
	at org.apache.commons.complex.TestUtils.equals(TestUtils.java:390)
	at org.apache.commons.complex.TestUtils.equals(TestUtils.java:390)
	at org.apache.commons.complex.TestUtils.equals(TestUtils.java:390)
	at org.apache.commons.complex.TestUtils.equals(TestUtils.java:390)
	at org.apache.commons.complex.TestUtils.equals(TestUtils.java:390)
	at org.apache.commons.complex.TestUtils.equals(TestUtils.java:390)
	at org.apache.commons.complex.TestUtils.equals(TestUtils.java:390)
	at org.apache.commons.complex.TestUtils.equals(TestUtils.java:390)
	at org.apache.commons.complex.TestUtils.equals(TestUtils.java:390)
	at org.apache.commons.complex.TestUtils.equals(TestUtils.java:390)
	at org.apache.commons.complex.TestUtils.equals(TestUtils.java:390)
	at org.apache.commons.complex.TestUtils.equals(TestUtils.java:390)
	at org.apache.commons.complex.TestUtils.equals(TestUtils.java:390)
	at org.apache.commons.complex.TestUtils.equals(TestUtils.java:390)
	at org.apache.commons.complex.TestUtils.equals(TestUtils.java:390)
	at org.apache.commons.complex.TestUtils.equals(TestUtils.java:390)
	at org.apache.commons.complex.TestUtils.equals(TestUtils.java:390)
	at org.apache.commons.complex.TestUtils.equals(TestUtils.java:390)
	at org.apache.commons.complex.TestUtils.equals(TestUtils.java:390)
	at org.apache.commons.complex.TestUtils.equals(TestUtils.java:390)
	at org.apache.commons.complex.TestUtils.equals(TestUtils.java:390)
	at org.apache.commons.complex.TestUtils.equals(TestUtils.java:390)
	at org.apache.commons.complex.TestUtils.equals(TestUtils.java:390)
	at org.apache.commons.complex.TestUtils.equals(TestUtils.java:390)
	at org.apache.commons.complex.TestUtils.equals(TestUtils.java:390)
	at org.apache.commons.complex.TestUtils.equals(TestUtils.java:390)
	at org.apache.commons.complex.TestUtils.equals(TestUtils.java:390)
	at org.apache.commons.complex.TestUtils.equals(TestUtils.java:390)
	at org.apache.commons.complex.TestUtils.equals(TestUtils.java:390)
	at org.apache.commons.complex.TestUtils.equals(TestUtils.java:390)
	at org.apache.commons.complex.TestUtils.equals(TestUtils.java:390)
	at org.apache.commons.complex.TestUtils.equals(TestUtils.java:390)
	at org.apache.commons.complex.TestUtils.equals(TestUtils.java:390)
	at org.apache.commons.complex.TestUtils.equals(TestUtils.java:390)
	at org.apache.commons.complex.TestUtils.equals(TestUtils.java:390)
	at org.apache.commons.complex.TestUtils.equals(TestUtils.java:390)
	at org.apache.commons.complex.TestUtils.equals(TestUtils.java:390)
	at org.apache.commons.complex.TestUtils.equals(TestUtils.java:390)
	at org.apache.commons.complex.TestUtils.equals(TestUtils.java:390)
	at org.apache.commons.complex.TestUtils.equals(TestUtils.java:390)
	at org.apache.commons.complex.TestUtils.equals(TestUtils.java:390)
	at org.apache.commons.complex.TestUtils.equals(TestUtils.java:390)
	at org.apache.commons.complex.TestUtils.equals(TestUtils.java:390)
	at org.apache.commons.complex.TestUtils.equals(TestUtils.java:390)
	at org.apache.commons.complex.TestUtils.equals(TestUtils.java:390)
	at org.apache.commons.complex.TestUtils.equals(TestUtils.java:390)
	at org.apache.commons.complex.TestUtils.equals(TestUtils.java:390)
	at org.apache.commons.complex.TestUtils.equals(TestUtils.java:390)
	at org.apache.commons.complex.TestUtils.equals(TestUtils.java:390)
	at org.apache.commons.complex.TestUtils.equals(TestUtils.java:390)
	at org.apache.commons.complex.TestUtils.equals(TestUtils.java:390)
	at org.apache.commons.complex.TestUtils.equals(TestUtils.java:390)
	at org.apache.commons.complex.TestUtils.equals(TestUtils.java:390)
	at org.apache.commons.complex.TestUtils.equals(TestUtils.java:390)
	at org.apache.commons.complex.TestUtils.equals(TestUtils.java:390)
	at org.apache.commons.complex.TestUtils.equals(TestUtils.java:390)
	at org.apache.commons.complex.TestUtils.equals(TestUtils.java:390)
	at org.apache.commons.complex.TestUtils.equals(TestUtils.java:390)
	at org.apache.commons.complex.TestUtils.equals(TestUtils.java:390)
	at org.apache.commons.complex.TestUtils.equals(TestUtils.java:390)
	at org.apache.commons.complex.TestUtils.equals(TestUtils.java:390)
	at org.apache.commons.complex.TestUtils.equals(TestUtils.java:390)
	at org.apache.commons.complex.TestUtils.equals(TestUtils.java:390)
	at org.apache.commons.complex.TestUtils.equals(TestUtils.java:390)
	at org.apache.commons.complex.TestUtils.equals(TestUtils.java:390)
	at org.apache.commons.complex.TestUtils.equals(TestUtils.java:390)
	at org.apache.commons.complex.TestUtils.equals(TestUtils.java:390)
	at org.apache.commons.complex.TestUtils.equals(TestUtils.java:390)
	at org.apache.commons.complex.TestUtils.equals(TestUtils.java:390)
	at org.apache.commons.complex.TestUtils.equals(TestUtils.java:390)
	at org.apache.commons.complex.TestUtils.equals(TestUtils.java:390)
	at org.apache.commons.complex.TestUtils.equals(TestUtils.java:390)
	at org.apache.commons.complex.TestUtils.equals(TestUtils.java:390)
	at org.apache.commons.complex.TestUtils.equals(TestUtils.java:390)
	at org.apache.commons.complex.TestUtils.equals(TestUtils.java:390)
	at org.apache.commons.complex.TestUtils.equals(TestUtils.java:390)
	at org.apache.commons.complex.TestUtils.equals(TestUtils.java:390)
	at org.apache.commons.complex.TestUtils.equals(TestUtils.java:390)
	at org.apache.commons.complex.TestUtils.equals(TestUtils.java:390)
	at org.apache.commons.complex.TestUtils.equals(TestUtils.java:390)
	at org.apache.commons.complex.TestUtils.equals(TestUtils.java:390)
	at org.apache.commons.complex.TestUtils.equals(TestUtils.java:390)
	at org.apache.commons.complex.TestUtils.equals(TestUtils.java:390)
	at org.apache.commons.complex.TestUtils.equals(TestUtils.java:390)
	at org.apache.commons.complex.TestUtils.equals(TestUtils.java:390)
	at org.apache.commons.complex.TestUtils.equals(TestUtils.java:390)
	at org.apache.commons.complex.TestUtils.equals(TestUtils.java:390)
	at org.apache.commons.complex.TestUtils.equals(TestUtils.java:390)
	at org.apache.commons.complex.TestUtils.equals(TestUtils.java:390)
	at org.apache.commons.complex.TestUtils.equals(TestUtils.java:390)
	at org.apache.commons.complex.TestUtils.equals(TestUtils.java:390)
	at org.apache.commons.complex.TestUtils.equals(TestUtils.java:390)
	at org.apache.commons.complex.TestUtils.equals(TestUtils.java:390)
	at org.apache.commons.complex.TestUtils.equals(TestUtils.java:390)
	at org.apache.commons.complex.TestUtils.equals(TestUtils.java:390)
	at org.apache.commons.complex.TestUtils.equals(TestUtils.java:390)
	at org.apache.commons.complex.TestUtils.equals(TestUtils.java:390)
	at org.apache.commons.complex.TestUtils.equals(TestUtils.java:390)
	at org.apache.commons.complex.TestUtils.equals(TestUtils.java:390)
	at org.apache.commons.complex.TestUtils.equals(TestUtils.java:390)
	at org.apache.commons.complex.TestUtils.equals(TestUtils.java:390)
	at org.apache.commons.complex.TestUtils.equals(TestUtils.java:390)
	at org.apache.commons.complex.TestUtils.equals(TestUtils.java:390)
	at org.apache.commons.complex.TestUtils.equals(TestUtils.java:390)
	at org.apache.commons.complex.TestUtils.equals(TestUtils.java:390)
	at org.apache.commons.complex.TestUtils.equals(TestUtils.java:390)
	at org.apache.commons.complex.TestUtils.equals(TestUtils.java:390)
	at org.apache.commons.complex.TestUtils.equals(TestUtils.java:390)
	at org.apache.commons.complex.TestUtils.equals(TestUtils.java:390)
	at org.apache.commons.complex.TestUtils.equals(TestUtils.java:390)
	at org.apache.commons.complex.TestUtils.equals(TestUtils.java:390)
	at org.apache.commons.complex.TestUtils.equals(TestUtils.java:390)
	at org.apache.commons.complex.TestUtils.equals(TestUtils.java:390)
	at org.apache.commons.complex.TestUtils.equals(TestUtils.java:390)
	at org.apache.commons.complex.TestUtils.equals(TestUtils.java:390)
	at org.apache.commons.complex.TestUtils.equals(TestUtils.java:390)
	at org.apache.commons.complex.TestUtils.equals(TestUtils.java:390)
	at org.apache.commons.complex.TestUtils.equals(TestUtils.java:390)
	at org.apache.commons.complex.TestUtils.equals(TestUtils.java:390)
	at org.apache.commons.complex.TestUtils.equals(TestUtils.java:390)
	at org.apache.commons.complex.TestUtils.equals(TestUtils.java:390)
	at org.apache.commons.complex.TestUtils.equals(TestUtils.java:390)
	at org.apache.commons.complex.TestUtils.equals(TestUtils.java:390)
	at org.apache.commons.complex.TestUtils.equals(TestUtils.java:390)
	at org.apache.commons.complex.TestUtils.equals(TestUtils.java:390)
	at org.apache.commons.complex.TestUtils.equals(TestUtils.java:390)
	at org.apache.commons.complex.TestUtils.equals(TestUtils.java:390)
	at org.apache.commons.complex.TestUtils.equals(TestUtils.java:390)
	at org.apache.commons.complex.TestUtils.equals(TestUtils.java:390)
	at org.apache.commons.complex.TestUtils.equals(TestUtils.java:390)
	at org.apache.commons.complex.TestUtils.equals(TestUtils.java:390)
	at org.apache.commons.complex.TestUtils.equals(TestUtils.java:390)
	at org.apache.commons.complex.TestUtils.equals(TestUtils.java:390)
	at org.apache.commons.complex.TestUtils.equals(TestUtils.java:390)
	at org.apache.commons.complex.TestUtils.equals(TestUtils.java:390)
	at org.apache.commons.complex.TestUtils.equals(TestUtils.java:390)
	at org.apache.commons.complex.TestUtils.equals(TestUtils.java:390)
	at org.apache.commons.complex.TestUtils.equals(TestUtils.java:390)
	at org.apache.commons.complex.TestUtils.equals(TestUtils.java:390)
	at org.apache.commons.complex.TestUtils.equals(TestUtils.java:390)
	at org.apache.commons.complex.TestUtils.equals(TestUtils.java:390)
	at org.apache.commons.complex.TestUtils.equals(TestUtils.java:390)
	at org.apache.commons.complex.TestUtils.equals(TestUtils.java:390)
	at org.apache.commons.complex.TestUtils.equals(TestUtils.java:390)
	at org.apache.commons.complex.TestUtils.equals(TestUtils.java:390)
	at org.apache.commons.complex.TestUtils.equals(TestUtils.java:390)
	at org.apache.commons.complex.TestUtils.equals(TestUtils.java:390)
	at org.apache.commons.complex.TestUtils.equals(TestUtils.java:390)
	at org.apache.commons.complex.TestUtils.equals(TestUtils.java:390)
	at org.apache.commons.complex.TestUtils.equals(TestUtils.java:390)
	at org.apache.commons.complex.TestUtils.equals(TestUtils.java:390)
	at org.apache.commons.complex.TestUtils.equals(TestUtils.java:390)
	at org.apache.commons.complex.TestUtils.equals(TestUtils.java:390)
	at org.apache.commons.complex.TestUtils.equals(TestUtils.java:390)
	at org.apache.commons.complex.TestUtils.equals(TestUtils.java:390)
	at org.apache.commons.complex.TestUtils.equals(TestUtils.java:390)
	at org.apache.commons.complex.TestUtils.equals(TestUtils.java:390)
	at org.apache.commons.complex.TestUtils.equals(TestUtils.java:390)
	at org.apache.commons.complex.TestUtils.equals(TestUtils.java:390)
	at org.apache.commons.complex.TestUtils.equals(TestUtils.java:390)
	at org.apache.commons.complex.TestUtils.equals(TestUtils.java:390)
	at org.apache.commons.complex.TestUtils.equals(TestUtils.java:390)
	at org.apache.commons.complex.TestUtils.equals(TestUtils.java:390)
	at org.apache.commons.complex.TestUtils.equals(TestUtils.java:390)
	at org.apache.commons.complex.TestUtils.equals(TestUtils.java:390)
	at org.apache.commons.complex.TestUtils.equals(TestUtils.java:390)
	at org.apache.commons.complex.TestUtils.equals(TestUtils.java:390)
	at org.apache.commons.complex.TestUtils.equals(TestUtils.java:390)
	at org.apache.commons.complex.TestUtils.equals(TestUtils.java:390)
	at org.apache.commons.complex.TestUtils.equals(TestUtils.java:390)
	at org.apache.commons.complex.TestUtils.equals(TestUtils.java:390)
	at org.apache.commons.complex.TestUtils.equals(TestUtils.java:390)
	at org.apache.commons.complex.TestUtils.equals(TestUtils.java:390)
	at org.apache.commons.complex.TestUtils.equals(TestUtils.java:390)
	at org.apache.commons.complex.TestUtils.equals(TestUtils.java:390)
	at org.apache.commons.complex.TestUtils.equals(TestUtils.java:390)
	at org.apache.commons.complex.TestUtils.equals(TestUtils.java:390)
	at org.apache.commons.complex.TestUtils.equals(TestUtils.java:390)
	at org.apache.commons.complex.TestUtils.equals(TestUtils.java:390)
	at org.apache.commons.complex.TestUtils.equals(TestUtils.java:390)
	at org.apache.commons.complex.TestUtils.equals(TestUtils.java:390)
	at org.apache.commons.complex.TestUtils.equals(TestUtils.java:390)
	at org.apache.commons.complex.TestUtils.equals(TestUtils.java:390)
	at org.apache.commons.complex.TestUtils.equals(TestUtils.java:390)
	at org.apache.commons.complex.TestUtils.equals(TestUtils.java:390)
	at org.apache.commons.complex.TestUtils.equals(TestUtils.java:390)
	at org.apache.commons.complex.TestUtils.equals(TestUtils.java:390)
	at org.apache.commons.complex.TestUtils.equals(TestUtils.java:390)
	at org.apache.commons.complex.TestUtils.equals(TestUtils.java:390)
	at org.apache.commons.complex.TestUtils.equals(TestUtils.java:390)
	at org.apache.commons.complex.TestUtils.equals(TestUtils.java:390)
	at org.apache.commons.complex.TestUtils.equals(TestUtils.java:390)
	at org.apache.commons.complex.TestUtils.equals(TestUtils.java:390)
	at org.apache.commons.complex.TestUtils.equals(TestUtils.java:390)
	at org.apache.commons.complex.TestUtils.equals(TestUtils.java:390)
	at org.apache.commons.complex.TestUtils.equals(TestUtils.java:390)
	at org.apache.commons.complex.TestUtils.equals(TestUtils.java:390)
	at org.apache.commons.complex.TestUtils.equals(TestUtils.java:390)
	at org.apache.commons.complex.TestUtils.equals(TestUtils.java:390)
	at org.apache.commons.complex.TestUtils.equals(TestUtils.java:390)
	at org.apache.commons.complex.TestUtils.equals(TestUtils.java:390)
	at org.apache.commons.complex.TestUtils.equals(TestUtils.java:390)
	at org.apache.commons.complex.TestUtils.equals(TestUtils.java:390)
	at org.apache.commons.complex.TestUtils.equals(TestUtils.java:390)
	at org.apache.commons.complex.TestUtils.equals(TestUtils.java:390)
	at org.apache.commons.complex.TestUtils.equals(TestUtils.java:390)
	at org.apache.commons.complex.TestUtils.equals(TestUtils.java:390)
	at org.apache.commons.complex.TestUtils.equals(TestUtils.java:390)
	at org.apache.commons.complex.TestUtils.equals(TestUtils.java:390)
	at org.apache.commons.complex.TestUtils.equals(TestUtils.java:390)
	at org.apache.commons.complex.TestUtils.equals(TestUtils.java:390)
	at org.apache.commons.complex.TestUtils.equals(TestUtils.java:390)
	at org.apache.commons.complex.TestUtils.equals(TestUtils.java:390)
	at org.apache.commons.complex.TestUtils.equals(TestUtils.java:390)
	at org.apache.commons.complex.TestUtils.equals(TestUtils.java:390)
	at org.apache.commons.complex.TestUtils.equals(TestUtils.java:390)
	at org.apache.commons.complex.TestUtils.equals(TestUtils.java:390)
	at org.apache.commons.complex.TestUtils.equals(TestUtils.java:390)
	at org.apache.commons.complex.TestUtils.equals(TestUtils.java:390)
	at org.apache.commons.complex.TestUtils.equals(TestUtils.java:390)
	at org.apache.commons.complex.TestUtils.equals(TestUtils.java:390)
	at org.apache.commons.complex.TestUtils.equals(TestUtils.java:390)
	at org.apache.commons.complex.TestUtils.equals(TestUtils.java:390)
	at org.apache.commons.complex.TestUtils.equals(TestUtils.java:390)
	at org.apache.commons.complex.TestUtils.equals(TestUtils.java:390)
	at org.apache.commons.complex.TestUtils.equals(TestUtils.java:390)
	at org.apache.commons.complex.TestUtils.equals(TestUtils.java:390)
	at org.apache.commons.complex.TestUtils.equals(TestUtils.java:390)
	at org.apache.commons.complex.TestUtils.equals(TestUtils.java:390)
	at org.apache.commons.complex.TestUtils.equals(TestUtils.java:390)
	at org.apache.commons.complex.TestUtils.equals(TestUtils.java:390)
	at org.apache.commons.complex.TestUtils.equals(TestUtils.java:390)
	at org.apache.commons.complex.TestUtils.equals(TestUtils.java:390)
	at org.apache.commons.complex.TestUtils.equals(TestUtils.java:390)
	at org.apache.commons.complex.TestUtils.equals(TestUtils.java:390)
	at org.apache.commons.complex.TestUtils.equals(TestUtils.java:390)
	at org.apache.commons.complex.TestUtils.equals(TestUtils.java:390)
	at org.apache.commons.complex.TestUtils.equals(TestUtils.java:390)
	at org.apache.commons.complex.TestUtils.equals(TestUtils.java:390)
	at org.apache.commons.complex.TestUtils.equals(TestUtils.java:390)
	at org.apache.commons.complex.TestUtils.equals(TestUtils.java:390)
	at org.apache.commons.complex.TestUtils.equals(TestUtils.java:390)
	at org.apache.commons.complex.TestUtils.equals(TestUtils.java:390)
	at org.apache.commons.complex.TestUtils.equals(TestUtils.java:390)
	at org.apache.commons.complex.TestUtils.equals(TestUtils.java:390)
	at org.apache.commons.complex.TestUtils.equals(TestUtils.java:390)
	at org.apache.commons.complex.TestUtils.equals(TestUtils.java:390)
	at org.apache.commons.complex.TestUtils.equals(TestUtils.java:390)
	at org.apache.commons.complex.TestUtils.equals(TestUtils.java:390)
	at org.apache.commons.complex.TestUtils.equals(TestUtils.java:390)
	at org.apache.commons.complex.TestUtils.equals(TestUtils.java:390)
	at org.apache.commons.complex.TestUtils.equals(TestUtils.java:390)
	at org.apache.commons.complex.TestUtils.equals(TestUtils.java:390)
	at org.apache.commons.complex.TestUtils.equals(TestUtils.java:390)
	at org.apache.commons.complex.TestUtils.equals(TestUtils.java:390)
	at org.apache.commons.complex.TestUtils.equals(TestUtils.java:390)
	at org.apache.commons.complex.TestUtils.equals(TestUtils.java:390)
	at org.apache.commons.complex.TestUtils.equals(TestUtils.java:390)
	at org.apache.commons.complex.TestUtils.equals(TestUtils.java:390)
	at org.apache.commons.complex.TestUtils.equals(TestUtils.java:390)
	at org.apache.commons.complex.TestUtils.equals(TestUtils.java:390)
	at org.apache.commons.complex.TestUtils.equals(TestUtils.java:390)
	at org.apache.commons.complex.TestUtils.equals(TestUtils.java:390)
	at org.apache.commons.complex.TestUtils.equals(TestUtils.java:390)
	at org.apache.commons.complex.TestUtils.equals(TestUtils.java:390)
	at org.apache.commons.complex.TestUtils.equals(TestUtils.java:390)
	at org.apache.commons.complex.TestUtils.equals(TestUtils.java:390)
	at org.apache.commons.complex.TestUtils.equals(TestUtils.java:390)
	at org.apache.commons.complex.TestUtils.equals(TestUtils.java:390)
	at org.apache.commons.complex.TestUtils.equals(TestUtils.java:390)
	at org.apache.commons.complex.TestUtils.equals(TestUtils.java:390)
	at org.apache.commons.complex.TestUtils.equals(TestUtils.java:390)
	at org.apache.commons.complex.TestUtils.equals(TestUtils.java:390)
	at org.apache.commons.complex.TestUtils.equals(TestUtils.java:390)
	at org.apache.commons.complex.TestUtils.equals(TestUtils.java:390)
	at org.apache.commons.complex.TestUtils.equals(TestUtils.java:390)
	at org.apache.commons.complex.TestUtils.equals(TestUtils.java:390)
	at org.apache.commons.complex.TestUtils.equals(TestUtils.java:390)
	at org.apache.commons.complex.TestUtils.equals(TestUtils.java:390)
	at org.apache.commons.complex.TestUtils.equals(TestUtils.java:390)
	at org.apache.commons.complex.TestUtils.equals(TestUtils.java:390)
	at org.apache.commons.complex.TestUtils.equals(TestUtils.java:390)
	at org.apache.commons.complex.TestUtils.equals(TestUtils.java:390)
	at org.apache.commons.complex.TestUtils.equals(TestUtils.java:390)
	at org.apache.commons.complex.TestUtils.equals(TestUtils.java:390)
	at org.apache.commons.complex.TestUtils.equals(TestUtils.java:390)
	at org.apache.commons.complex.TestUtils.equals(TestUtils.java:390)
	at org.apache.commons.complex.TestUtils.equals(TestUtils.java:390)
	at org.apache.commons.complex.TestUtils.equals(TestUtils.java:390)
	at org.apache.commons.complex.TestUtils.equals(TestUtils.java:390)
	at org.apache.commons.complex.TestUtils.equals(TestUtils.java:390)
	at org.apache.commons.complex.TestUtils.equals(TestUtils.java:390)
	at org.apache.commons.complex.TestUtils.equals(TestUtils.java:390)
	at org.apache.commons.complex.TestUtils.equals(TestUtils.java:390)
	at org.apache.commons.complex.TestUtils.equals(TestUtils.java:390)
	at org.apache.commons.complex.TestUtils.equals(TestUtils.java:390)
	at org.apache.commons.complex.TestUtils.equals(TestUtils.java:390)
	at org.apache.commons.complex.TestUtils.equals(TestUtils.java:390)
	at org.apache.commons.complex.TestUtils.equals(TestUtils.java:390)
	at org.apache.commons.complex.TestUtils.equals(TestUtils.java:390)
	at org.apache.commons.complex.TestUtils.equals(TestUtils.java:390)
	at org.apache.commons.complex.TestUtils.equals(TestUtils.java:390)
	at org.apache.commons.complex.TestUtils.equals(TestUtils.java:390)
	at org.apache.commons.complex.TestUtils.equals(TestUtils.java:390)
	at org.apache.commons.complex.TestUtils.equals(TestUtils.java:390)
	at org.apache.commons.complex.TestUtils.equals(TestUtils.java:390)
	at org.apache.commons.complex.TestUtils.equals(TestUtils.java:390)
	at org.apache.commons.complex.TestUtils.equals(TestUtils.java:390)
	at org.apache.commons.complex.TestUtils.equals(TestUtils.java:390)
	at org.apache.commons.complex.TestUtils.equals(TestUtils.java:390)
	at org.apache.commons.complex.TestUtils.equals(TestUtils.java:390)
	at org.apache.commons.complex.TestUtils.equals(TestUtils.java:390)
	at org.apache.commons.complex.TestUtils.equals(TestUtils.java:390)
	at org.apache.commons.complex.TestUtils.equals(TestUtils.java:390)
	at org.apache.commons.complex.TestUtils.equals(TestUtils.java:390)
	at org.apache.commons.complex.TestUtils.equals(TestUtils.java:390)
	at org.apache.commons.complex.TestUtils.equals(TestUtils.java:390)
	at org.apache.commons.complex.TestUtils.equals(TestUtils.java:390)
	at org.apache.commons.complex.TestUtils.equals(TestUtils.java:390)
	at org.apache.commons.complex.TestUtils.equals(TestUtils.java:390)
	at org.apache.commons.complex.TestUtils.equals(TestUtils.java:390)
	at org.apache.commons.complex.TestUtils.equals(TestUtils.java:390)
	at org.apache.commons.complex.TestUtils.equals(TestUtils.java:390)
	at org.apache.commons.complex.TestUtils.equals(TestUtils.java:390)
	at org.apache.commons.complex.TestUtils.equals(TestUtils.java:390)
	at org.apache.commons.complex.TestUtils.equals(TestUtils.java:390)
	at org.apache.commons.complex.TestUtils.equals(TestUtils.java:390)
	at org.apache.commons.complex.TestUtils.equals(TestUtils.java:390)
	at org.apache.commons.complex.TestUtils.equals(TestUtils.java:390)
	at org.apache.commons.complex.TestUtils.equals(TestUtils.java:390)
	at org.apache.commons.complex.TestUtils.equals(TestUtils.java:390)
	at org.apache.commons.complex.TestUtils.equals(TestUtils.java:390)
	at org.apache.commons.complex.TestUtils.equals(TestUtils.java:390)
	at org.apache.commons.complex.TestUtils.equals(TestUtils.java:390)
	at org.apache.commons.complex.TestUtils.equals(TestUtils.java:390)
	at org.apache.commons.complex.TestUtils.equals(TestUtils.java:390)
	at org.apache.commons.complex.TestUtils.equals(TestUtils.java:390)
	at org.apache.commons.complex.TestUtils.equals(TestUtils.java:390)
	at org.apache.commons.complex.TestUtils.equals(TestUtils.java:390)
	at org.apache.commons.complex.TestUtils.equals(TestUtils.java:390)
	at org.apache.commons.complex.TestUtils.equals(TestUtils.java:390)
	at org.apache.commons.complex.TestUtils.equals(TestUtils.java:390)
	at org.apache.commons.complex.TestUtils.equals(TestUtils.java:390)
	at org.apache.commons.complex.TestUtils.equals(TestUtils.java:390)
	at org.apache.commons.complex.TestUtils.equals(TestUtils.java:390)
	at org.apache.commons.complex.TestUtils.equals(TestUtils.java:390)
	at org.apache.commons.complex.TestUtils.equals(TestUtils.java:390)
	at org.apache.commons.complex.TestUtils.equals(TestUtils.java:390)
	at org.apache.commons.complex.TestUtils.equals(TestUtils.java:390)
	at org.apache.commons.complex.TestUtils.equals(TestUtils.java:390)
	at org.apache.commons.complex.TestUtils.equals(TestUtils.java:390)
	at org.apache.commons.complex.TestUtils.equals(TestUtils.java:390)
	at org.apache.commons.complex.TestUtils.equals(TestUtils.java:390)
	at org.apache.commons.complex.TestUtils.equals(TestUtils.java:390)
	at org.apache.commons.complex.TestUtils.equals(TestUtils.java:390)
	at org.apache.commons.complex.TestUtils.equals(TestUtils.java:390)
	at org.apache.commons.complex.TestUtils.equals(TestUtils.java:390)
	at org.apache.commons.complex.TestUtils.equals(TestUtils.java:390)
	at org.apache.commons.complex.TestUtils.equals(TestUtils.java:390)
	at org.apache.commons.complex.TestUtils.equals(TestUtils.java:390)
	at org.apache.commons.complex.TestUtils.equals(TestUtils.java:390)
	at org.apache.commons.complex.TestUtils.equals(TestUtils.java:390)
	at org.apache.commons.complex.TestUtils.equals(TestUtils.java:390)
	at org.apache.commons.complex.TestUtils.equals(TestUtils.java:390)
	at org.apache.commons.complex.TestUtils.equals(TestUtils.java:390)
	at org.apache.commons.complex.TestUtils.equals(TestUtils.java:390)
	at org.apache.commons.complex.TestUtils.equals(TestUtils.java:390)
	at org.apache.commons.complex.TestUtils.equals(TestUtils.java:390)
	at org.apache.commons.complex.TestUtils.equals(TestUtils.java:390)
	at org.apache.commons.complex.TestUtils.equals(TestUtils.java:390)
	at org.apache.commons.complex.TestUtils.equals(TestUtils.java:390)
	at org.apache.commons.complex.TestUtils.equals(TestUtils.java:390)
	at org.apache.commons.complex.TestUtils.equals(TestUtils.java:390)
	at org.apache.commons.complex.TestUtils.equals(TestUtils.java:390)
	at org.apache.commons.complex.TestUtils.equals(TestUtils.java:390)
	at org.apache.commons.complex.TestUtils.equals(TestUtils.java:390)
	at org.apache.commons.complex.TestUtils.equals(TestUtils.java:390)
	at org.apache.commons.complex.TestUtils.equals(TestUtils.java:390)
	at org.apache.commons.complex.TestUtils.equals(TestUtils.java:390)
	at org.apache.commons.complex.TestUtils.equals(TestUtils.java:390)
	at org.apache.commons.complex.TestUtils.equals(TestUtils.java:390)
	at org.apache.commons.complex.TestUtils.equals(TestUtils.java:390)
	at org.apache.commons.complex.TestUtils.equals(TestUtils.java:390)
	at org.apache.commons.complex.TestUtils.equals(TestUtils.java:390)
	at org.apache.commons.complex.TestUtils.equals(TestUtils.java:390)
	at org.apache.commons.complex.TestUtils.equals(TestUtils.java:390)
	at org.apache.commons.complex.TestUtils.equals(TestUtils.java:390)
	at org.apache.commons.complex.TestUtils.equals(TestUtils.java:390)
	at org.apache.commons.complex.TestUtils.equals(TestUtils.java:390)
	at org.apache.commons.complex.TestUtils.equals(TestUtils.java:390)
	at org.apache.commons.complex.TestUtils.equals(TestUtils.java:390)
	at org.apache.commons.complex.TestUtils.equals(TestUtils.java:390)
	at org.apache.commons.complex.TestUtils.equals(TestUtils.java:390)
	at org.apache.commons.complex.TestUtils.equals(TestUtils.java:390)
	at org.apache.commons.complex.TestUtils.equals(TestUtils.java:390)
	at org.apache.commons.complex.TestUtils.equals(TestUtils.java:390)
	at org.apache.commons.complex.TestUtils.equals(TestUtils.java:390)
	at org.apache.commons.complex.TestUtils.equals(TestUtils.java:390)
	at org.apache.commons.complex.TestUtils.equals(TestUtils.java:390)
	at org.apache.commons.complex.TestUtils.equals(TestUtils.java:390)
	at org.apache.commons.complex.TestUtils.equals(TestUtils.java:390)
	at org.apache.commons.complex.TestUtils.equals(TestUtils.java:390)
	at org.apache.commons.complex.TestUtils.equals(TestUtils.java:390)
	at org.apache.commons.complex.TestUtils.equals(TestUtils.java:390)
	at org.apache.commons.complex.TestUtils.equals(TestUtils.java:390)
	at org.apache.commons.complex.TestUtils.equals(TestUtils.java:390)
</error>
  </testcase>
  <testcase name="testCExtract" classname="org.apache.commons.complex.ComplexUtilsTest" time="0"/>
  <testcase name="testPolar2Complex" classname="org.apache.commons.complex.ComplexUtilsTest" time="0"/>
  <testcase name="testRealToComplex" classname="org.apache.commons.complex.ComplexUtilsTest" time="0.004">
    <error type="java.lang.StackOverflowError:">java.lang.StackOverflowError: null
	at org.apache.commons.complex.TestUtils.equals(TestUtils.java:390)
	at org.apache.commons.complex.TestUtils.equals(TestUtils.java:390)
	at org.apache.commons.complex.TestUtils.equals(TestUtils.java:390)
	at org.apache.commons.complex.TestUtils.equals(TestUtils.java:390)
	at org.apache.commons.complex.TestUtils.equals(TestUtils.java:390)
	at org.apache.commons.complex.TestUtils.equals(TestUtils.java:390)
	at org.apache.commons.complex.TestUtils.equals(TestUtils.java:390)
	at org.apache.commons.complex.TestUtils.equals(TestUtils.java:390)
	at org.apache.commons.complex.TestUtils.equals(TestUtils.java:390)
	at org.apache.commons.complex.TestUtils.equals(TestUtils.java:390)
	at org.apache.commons.complex.TestUtils.equals(TestUtils.java:390)
	at org.apache.commons.complex.TestUtils.equals(TestUtils.java:390)
	at org.apache.commons.complex.TestUtils.equals(TestUtils.java:390)
	at org.apache.commons.complex.TestUtils.equals(TestUtils.java:390)
	at org.apache.commons.complex.TestUtils.equals(TestUtils.java:390)
	at org.apache.commons.complex.TestUtils.equals(TestUtils.java:390)
	at org.apache.commons.complex.TestUtils.equals(TestUtils.java:390)
	at org.apache.commons.complex.TestUtils.equals(TestUtils.java:390)
	at org.apache.commons.complex.TestUtils.equals(TestUtils.java:390)
	at org.apache.commons.complex.TestUtils.equals(TestUtils.java:390)
	at org.apache.commons.complex.TestUtils.equals(TestUtils.java:390)
	at org.apache.commons.complex.TestUtils.equals(TestUtils.java:390)
	at org.apache.commons.complex.TestUtils.equals(TestUtils.java:390)
	at org.apache.commons.complex.TestUtils.equals(TestUtils.java:390)
	at org.apache.commons.complex.TestUtils.equals(TestUtils.java:390)
	at org.apache.commons.complex.TestUtils.equals(TestUtils.java:390)
	at org.apache.commons.complex.TestUtils.equals(TestUtils.java:390)
	at org.apache.commons.complex.TestUtils.equals(TestUtils.java:390)
	at org.apache.commons.complex.TestUtils.equals(TestUtils.java:390)
	at org.apache.commons.complex.TestUtils.equals(TestUtils.java:390)
	at org.apache.commons.complex.TestUtils.equals(TestUtils.java:390)
	at org.apache.commons.complex.TestUtils.equals(TestUtils.java:390)
	at org.apache.commons.complex.TestUtils.equals(TestUtils.java:390)
	at org.apache.commons.complex.TestUtils.equals(TestUtils.java:390)
	at org.apache.commons.complex.TestUtils.equals(TestUtils.java:390)
	at org.apache.commons.complex.TestUtils.equals(TestUtils.java:390)
	at org.apache.commons.complex.TestUtils.equals(TestUtils.java:390)
	at org.apache.commons.complex.TestUtils.equals(TestUtils.java:390)
	at org.apache.commons.complex.TestUtils.equals(TestUtils.java:390)
	at org.apache.commons.complex.TestUtils.equals(TestUtils.java:390)
	at org.apache.commons.complex.TestUtils.equals(TestUtils.java:390)
	at org.apache.commons.complex.TestUtils.equals(TestUtils.java:390)
	at org.apache.commons.complex.TestUtils.equals(TestUtils.java:390)
	at org.apache.commons.complex.TestUtils.equals(TestUtils.java:390)
	at org.apache.commons.complex.TestUtils.equals(TestUtils.java:390)
	at org.apache.commons.complex.TestUtils.equals(TestUtils.java:390)
	at org.apache.commons.complex.TestUtils.equals(TestUtils.java:390)
	at org.apache.commons.complex.TestUtils.equals(TestUtils.java:390)
	at org.apache.commons.complex.TestUtils.equals(TestUtils.java:390)
	at org.apache.commons.complex.TestUtils.equals(TestUtils.java:390)
	at org.apache.commons.complex.TestUtils.equals(TestUtils.java:390)
	at org.apache.commons.complex.TestUtils.equals(TestUtils.java:390)
	at org.apache.commons.complex.TestUtils.equals(TestUtils.java:390)
	at org.apache.commons.complex.TestUtils.equals(TestUtils.java:390)
	at org.apache.commons.complex.TestUtils.equals(TestUtils.java:390)
	at org.apache.commons.complex.TestUtils.equals(TestUtils.java:390)
	at org.apache.commons.complex.TestUtils.equals(TestUtils.java:390)
	at org.apache.commons.complex.TestUtils.equals(TestUtils.java:390)
	at org.apache.commons.complex.TestUtils.equals(TestUtils.java:390)
	at org.apache.commons.complex.TestUtils.equals(TestUtils.java:390)
	at org.apache.commons.complex.TestUtils.equals(TestUtils.java:390)
	at org.apache.commons.complex.TestUtils.equals(TestUtils.java:390)
	at org.apache.commons.complex.TestUtils.equals(TestUtils.java:390)
	at org.apache.commons.complex.TestUtils.equals(TestUtils.java:390)
	at org.apache.commons.complex.TestUtils.equals(TestUtils.java:390)
	at org.apache.commons.complex.TestUtils.equals(TestUtils.java:390)
	at org.apache.commons.complex.TestUtils.equals(TestUtils.java:390)
	at org.apache.commons.complex.TestUtils.equals(TestUtils.java:390)
	at org.apache.commons.complex.TestUtils.equals(TestUtils.java:390)
	at org.apache.commons.complex.TestUtils.equals(TestUtils.java:390)
	at org.apache.commons.complex.TestUtils.equals(TestUtils.java:390)
	at org.apache.commons.complex.TestUtils.equals(TestUtils.java:390)
	at org.apache.commons.complex.TestUtils.equals(TestUtils.java:390)
	at org.apache.commons.complex.TestUtils.equals(TestUtils.java:390)
	at org.apache.commons.complex.TestUtils.equals(TestUtils.java:390)
	at org.apache.commons.complex.TestUtils.equals(TestUtils.java:390)
	at org.apache.commons.complex.TestUtils.equals(TestUtils.java:390)
	at org.apache.commons.complex.TestUtils.equals(TestUtils.java:390)
	at org.apache.commons.complex.TestUtils.equals(TestUtils.java:390)
	at org.apache.commons.complex.TestUtils.equals(TestUtils.java:390)
	at org.apache.commons.complex.TestUtils.equals(TestUtils.java:390)
	at org.apache.commons.complex.TestUtils.equals(TestUtils.java:390)
	at org.apache.commons.complex.TestUtils.equals(TestUtils.java:390)
	at org.apache.commons.complex.TestUtils.equals(TestUtils.java:390)
	at org.apache.commons.complex.TestUtils.equals(TestUtils.java:390)
	at org.apache.commons.complex.TestUtils.equals(TestUtils.java:390)
	at org.apache.commons.complex.TestUtils.equals(TestUtils.java:390)
	at org.apache.commons.complex.TestUtils.equals(TestUtils.java:390)
	at org.apache.commons.complex.TestUtils.equals(TestUtils.java:390)
	at org.apache.commons.complex.TestUtils.equals(TestUtils.java:390)
	at org.apache.commons.complex.TestUtils.equals(TestUtils.java:390)
	at org.apache.commons.complex.TestUtils.equals(TestUtils.java:390)
	at org.apache.commons.complex.TestUtils.equals(TestUtils.java:390)
	at org.apache.commons.complex.TestUtils.equals(TestUtils.java:390)
	at org.apache.commons.complex.TestUtils.equals(TestUtils.java:390)
	at org.apache.commons.complex.TestUtils.equals(TestUtils.java:390)
	at org.apache.commons.complex.TestUtils.equals(TestUtils.java:390)
	at org.apache.commons.complex.TestUtils.equals(TestUtils.java:390)
	at org.apache.commons.complex.TestUtils.equals(TestUtils.java:390)
	at org.apache.commons.complex.TestUtils.equals(TestUtils.java:390)
	at org.apache.commons.complex.TestUtils.equals(TestUtils.java:390)
	at org.apache.commons.complex.TestUtils.equals(TestUtils.java:390)
	at org.apache.commons.complex.TestUtils.equals(TestUtils.java:390)
	at org.apache.commons.complex.TestUtils.equals(TestUtils.java:390)
	at org.apache.commons.complex.TestUtils.equals(TestUtils.java:390)
	at org.apache.commons.complex.TestUtils.equals(TestUtils.java:390)
	at org.apache.commons.complex.TestUtils.equals(TestUtils.java:390)
	at org.apache.commons.complex.TestUtils.equals(TestUtils.java:390)
	at org.apache.commons.complex.TestUtils.equals(TestUtils.java:390)
	at org.apache.commons.complex.TestUtils.equals(TestUtils.java:390)
	at org.apache.commons.complex.TestUtils.equals(TestUtils.java:390)
	at org.apache.commons.complex.TestUtils.equals(TestUtils.java:390)
	at org.apache.commons.complex.TestUtils.equals(TestUtils.java:390)
	at org.apache.commons.complex.TestUtils.equals(TestUtils.java:390)
	at org.apache.commons.complex.TestUtils.equals(TestUtils.java:390)
	at org.apache.commons.complex.TestUtils.equals(TestUtils.java:390)
	at org.apache.commons.complex.TestUtils.equals(TestUtils.java:390)
	at org.apache.commons.complex.TestUtils.equals(TestUtils.java:390)
	at org.apache.commons.complex.TestUtils.equals(TestUtils.java:390)
	at org.apache.commons.complex.TestUtils.equals(TestUtils.java:390)
	at org.apache.commons.complex.TestUtils.equals(TestUtils.java:390)
	at org.apache.commons.complex.TestUtils.equals(TestUtils.java:390)
	at org.apache.commons.complex.TestUtils.equals(TestUtils.java:390)
	at org.apache.commons.complex.TestUtils.equals(TestUtils.java:390)
	at org.apache.commons.complex.TestUtils.equals(TestUtils.java:390)
	at org.apache.commons.complex.TestUtils.equals(TestUtils.java:390)
	at org.apache.commons.complex.TestUtils.equals(TestUtils.java:390)
	at org.apache.commons.complex.TestUtils.equals(TestUtils.java:390)
	at org.apache.commons.complex.TestUtils.equals(TestUtils.java:390)
	at org.apache.commons.complex.TestUtils.equals(TestUtils.java:390)
	at org.apache.commons.complex.TestUtils.equals(TestUtils.java:390)
	at org.apache.commons.complex.TestUtils.equals(TestUtils.java:390)
	at org.apache.commons.complex.TestUtils.equals(TestUtils.java:390)
	at org.apache.commons.complex.TestUtils.equals(TestUtils.java:390)
	at org.apache.commons.complex.TestUtils.equals(TestUtils.java:390)
	at org.apache.commons.complex.TestUtils.equals(TestUtils.java:390)
	at org.apache.commons.complex.TestUtils.equals(TestUtils.java:390)
	at org.apache.commons.complex.TestUtils.equals(TestUtils.java:390)
	at org.apache.commons.complex.TestUtils.equals(TestUtils.java:390)
	at org.apache.commons.complex.TestUtils.equals(TestUtils.java:390)
	at org.apache.commons.complex.TestUtils.equals(TestUtils.java:390)
	at org.apache.commons.complex.TestUtils.equals(TestUtils.java:390)
	at org.apache.commons.complex.TestUtils.equals(TestUtils.java:390)
	at org.apache.commons.complex.TestUtils.equals(TestUtils.java:390)
	at org.apache.commons.complex.TestUtils.equals(TestUtils.java:390)
	at org.apache.commons.complex.TestUtils.equals(TestUtils.java:390)
	at org.apache.commons.complex.TestUtils.equals(TestUtils.java:390)
	at org.apache.commons.complex.TestUtils.equals(TestUtils.java:390)
	at org.apache.commons.complex.TestUtils.equals(TestUtils.java:390)
	at org.apache.commons.complex.TestUtils.equals(TestUtils.java:390)
	at org.apache.commons.complex.TestUtils.equals(TestUtils.java:390)
	at org.apache.commons.complex.TestUtils.equals(TestUtils.java:390)
	at org.apache.commons.complex.TestUtils.equals(TestUtils.java:390)
	at org.apache.commons.complex.TestUtils.equals(TestUtils.java:390)
	at org.apache.commons.complex.TestUtils.equals(TestUtils.java:390)
	at org.apache.commons.complex.TestUtils.equals(TestUtils.java:390)
	at org.apache.commons.complex.TestUtils.equals(TestUtils.java:390)
	at org.apache.commons.complex.TestUtils.equals(TestUtils.java:390)
	at org.apache.commons.complex.TestUtils.equals(TestUtils.java:390)
	at org.apache.commons.complex.TestUtils.equals(TestUtils.java:390)
	at org.apache.commons.complex.TestUtils.equals(TestUtils.java:390)
	at org.apache.commons.complex.TestUtils.equals(TestUtils.java:390)
	at org.apache.commons.complex.TestUtils.equals(TestUtils.java:390)
	at org.apache.commons.complex.TestUtils.equals(TestUtils.java:390)
	at org.apache.commons.complex.TestUtils.equals(TestUtils.java:390)
	at org.apache.commons.complex.TestUtils.equals(TestUtils.java:390)
	at org.apache.commons.complex.TestUtils.equals(TestUtils.java:390)
	at org.apache.commons.complex.TestUtils.equals(TestUtils.java:390)
	at org.apache.commons.complex.TestUtils.equals(TestUtils.java:390)
	at org.apache.commons.complex.TestUtils.equals(TestUtils.java:390)
	at org.apache.commons.complex.TestUtils.equals(TestUtils.java:390)
	at org.apache.commons.complex.TestUtils.equals(TestUtils.java:390)
	at org.apache.commons.complex.TestUtils.equals(TestUtils.java:390)
	at org.apache.commons.complex.TestUtils.equals(TestUtils.java:390)
	at org.apache.commons.complex.TestUtils.equals(TestUtils.java:390)
	at org.apache.commons.complex.TestUtils.equals(TestUtils.java:390)
	at org.apache.commons.complex.TestUtils.equals(TestUtils.java:390)
	at org.apache.commons.complex.TestUtils.equals(TestUtils.java:390)
	at org.apache.commons.complex.TestUtils.equals(TestUtils.java:390)
	at org.apache.commons.complex.TestUtils.equals(TestUtils.java:390)
	at org.apache.commons.complex.TestUtils.equals(TestUtils.java:390)
	at org.apache.commons.complex.TestUtils.equals(TestUtils.java:390)
	at org.apache.commons.complex.TestUtils.equals(TestUtils.java:390)
	at org.apache.commons.complex.TestUtils.equals(TestUtils.java:390)
	at org.apache.commons.complex.TestUtils.equals(TestUtils.java:390)
	at org.apache.commons.complex.TestUtils.equals(TestUtils.java:390)
	at org.apache.commons.complex.TestUtils.equals(TestUtils.java:390)
	at org.apache.commons.complex.TestUtils.equals(TestUtils.java:390)
	at org.apache.commons.complex.TestUtils.equals(TestUtils.java:390)
	at org.apache.commons.complex.TestUtils.equals(TestUtils.java:390)
	at org.apache.commons.complex.TestUtils.equals(TestUtils.java:390)
	at org.apache.commons.complex.TestUtils.equals(TestUtils.java:390)
	at org.apache.commons.complex.TestUtils.equals(TestUtils.java:390)
	at org.apache.commons.complex.TestUtils.equals(TestUtils.java:390)
	at org.apache.commons.complex.TestUtils.equals(TestUtils.java:390)
	at org.apache.commons.complex.TestUtils.equals(TestUtils.java:390)
	at org.apache.commons.complex.TestUtils.equals(TestUtils.java:390)
	at org.apache.commons.complex.TestUtils.equals(TestUtils.java:390)
	at org.apache.commons.complex.TestUtils.equals(TestUtils.java:390)
	at org.apache.commons.complex.TestUtils.equals(TestUtils.java:390)
	at org.apache.commons.complex.TestUtils.equals(TestUtils.java:390)
	at org.apache.commons.complex.TestUtils.equals(TestUtils.java:390)
	at org.apache.commons.complex.TestUtils.equals(TestUtils.java:390)
	at org.apache.commons.complex.TestUtils.equals(TestUtils.java:390)
	at org.apache.commons.complex.TestUtils.equals(TestUtils.java:390)
	at org.apache.commons.complex.TestUtils.equals(TestUtils.java:390)
	at org.apache.commons.complex.TestUtils.equals(TestUtils.java:390)
	at org.apache.commons.complex.TestUtils.equals(TestUtils.java:390)
	at org.apache.commons.complex.TestUtils.equals(TestUtils.java:390)
	at org.apache.commons.complex.TestUtils.equals(TestUtils.java:390)
	at org.apache.commons.complex.TestUtils.equals(TestUtils.java:390)
	at org.apache.commons.complex.TestUtils.equals(TestUtils.java:390)
	at org.apache.commons.complex.TestUtils.equals(TestUtils.java:390)
	at org.apache.commons.complex.TestUtils.equals(TestUtils.java:390)
	at org.apache.commons.complex.TestUtils.equals(TestUtils.java:390)
	at org.apache.commons.complex.TestUtils.equals(TestUtils.java:390)
	at org.apache.commons.complex.TestUtils.equals(TestUtils.java:390)
	at org.apache.commons.complex.TestUtils.equals(TestUtils.java:390)
	at org.apache.commons.complex.TestUtils.equals(TestUtils.java:390)
	at org.apache.commons.complex.TestUtils.equals(TestUtils.java:390)
	at org.apache.commons.complex.TestUtils.equals(TestUtils.java:390)
	at org.apache.commons.complex.TestUtils.equals(TestUtils.java:390)
	at org.apache.commons.complex.TestUtils.equals(TestUtils.java:390)
	at org.apache.commons.complex.TestUtils.equals(TestUtils.java:390)
	at org.apache.commons.complex.TestUtils.equals(TestUtils.java:390)
	at org.apache.commons.complex.TestUtils.equals(TestUtils.java:390)
	at org.apache.commons.complex.TestUtils.equals(TestUtils.java:390)
	at org.apache.commons.complex.TestUtils.equals(TestUtils.java:390)
	at org.apache.commons.complex.TestUtils.equals(TestUtils.java:390)
	at org.apache.commons.complex.TestUtils.equals(TestUtils.java:390)
	at org.apache.commons.complex.TestUtils.equals(TestUtils.java:390)
	at org.apache.commons.complex.TestUtils.equals(TestUtils.java:390)
	at org.apache.commons.complex.TestUtils.equals(TestUtils.java:390)
	at org.apache.commons.complex.TestUtils.equals(TestUtils.java:390)
	at org.apache.commons.complex.TestUtils.equals(TestUtils.java:390)
	at org.apache.commons.complex.TestUtils.equals(TestUtils.java:390)
	at org.apache.commons.complex.TestUtils.equals(TestUtils.java:390)
	at org.apache.commons.complex.TestUtils.equals(TestUtils.java:390)
	at org.apache.commons.complex.TestUtils.equals(TestUtils.java:390)
	at org.apache.commons.complex.TestUtils.equals(TestUtils.java:390)
	at org.apache.commons.complex.TestUtils.equals(TestUtils.java:390)
	at org.apache.commons.complex.TestUtils.equals(TestUtils.java:390)
	at org.apache.commons.complex.TestUtils.equals(TestUtils.java:390)
	at org.apache.commons.complex.TestUtils.equals(TestUtils.java:390)
	at org.apache.commons.complex.TestUtils.equals(TestUtils.java:390)
	at org.apache.commons.complex.TestUtils.equals(TestUtils.java:390)
	at org.apache.commons.complex.TestUtils.equals(TestUtils.java:390)
	at org.apache.commons.complex.TestUtils.equals(TestUtils.java:390)
	at org.apache.commons.complex.TestUtils.equals(TestUtils.java:390)
	at org.apache.commons.complex.TestUtils.equals(TestUtils.java:390)
	at org.apache.commons.complex.TestUtils.equals(TestUtils.java:390)
	at org.apache.commons.complex.TestUtils.equals(TestUtils.java:390)
	at org.apache.commons.complex.TestUtils.equals(TestUtils.java:390)
	at org.apache.commons.complex.TestUtils.equals(TestUtils.java:390)
	at org.apache.commons.complex.TestUtils.equals(TestUtils.java:390)
	at org.apache.commons.complex.TestUtils.equals(TestUtils.java:390)
	at org.apache.commons.complex.TestUtils.equals(TestUtils.java:390)
	at org.apache.commons.complex.TestUtils.equals(TestUtils.java:390)
	at org.apache.commons.complex.TestUtils.equals(TestUtils.java:390)
	at org.apache.commons.complex.TestUtils.equals(TestUtils.java:390)
	at org.apache.commons.complex.TestUtils.equals(TestUtils.java:390)
	at org.apache.commons.complex.TestUtils.equals(TestUtils.java:390)
	at org.apache.commons.complex.TestUtils.equals(TestUtils.java:390)
	at org.apache.commons.complex.TestUtils.equals(TestUtils.java:390)
	at org.apache.commons.complex.TestUtils.equals(TestUtils.java:390)
	at org.apache.commons.complex.TestUtils.equals(TestUtils.java:390)
	at org.apache.commons.complex.TestUtils.equals(TestUtils.java:390)
	at org.apache.commons.complex.TestUtils.equals(TestUtils.java:390)
	at org.apache.commons.complex.TestUtils.equals(TestUtils.java:390)
	at org.apache.commons.complex.TestUtils.equals(TestUtils.java:390)
	at org.apache.commons.complex.TestUtils.equals(TestUtils.java:390)
	at org.apache.commons.complex.TestUtils.equals(TestUtils.java:390)
	at org.apache.commons.complex.TestUtils.equals(TestUtils.java:390)
	at org.apache.commons.complex.TestUtils.equals(TestUtils.java:390)
	at org.apache.commons.complex.TestUtils.equals(TestUtils.java:390)
	at org.apache.commons.complex.TestUtils.equals(TestUtils.java:390)
	at org.apache.commons.complex.TestUtils.equals(TestUtils.java:390)
	at org.apache.commons.complex.TestUtils.equals(TestUtils.java:390)
	at org.apache.commons.complex.TestUtils.equals(TestUtils.java:390)
	at org.apache.commons.complex.TestUtils.equals(TestUtils.java:390)
	at org.apache.commons.complex.TestUtils.equals(TestUtils.java:390)
	at org.apache.commons.complex.TestUtils.equals(TestUtils.java:390)
	at org.apache.commons.complex.TestUtils.equals(TestUtils.java:390)
	at org.apache.commons.complex.TestUtils.equals(TestUtils.java:390)
	at org.apache.commons.complex.TestUtils.equals(TestUtils.java:390)
	at org.apache.commons.complex.TestUtils.equals(TestUtils.java:390)
	at org.apache.commons.complex.TestUtils.equals(TestUtils.java:390)
	at org.apache.commons.complex.TestUtils.equals(TestUtils.java:390)
	at org.apache.commons.complex.TestUtils.equals(TestUtils.java:390)
	at org.apache.commons.complex.TestUtils.equals(TestUtils.java:390)
	at org.apache.commons.complex.TestUtils.equals(TestUtils.java:390)
	at org.apache.commons.complex.TestUtils.equals(TestUtils.java:390)
	at org.apache.commons.complex.TestUtils.equals(TestUtils.java:390)
	at org.apache.commons.complex.TestUtils.equals(TestUtils.java:390)
	at org.apache.commons.complex.TestUtils.equals(TestUtils.java:390)
	at org.apache.commons.complex.TestUtils.equals(TestUtils.java:390)
	at org.apache.commons.complex.TestUtils.equals(TestUtils.java:390)
	at org.apache.commons.complex.TestUtils.equals(TestUtils.java:390)
	at org.apache.commons.complex.TestUtils.equals(TestUtils.java:390)
	at org.apache.commons.complex.TestUtils.equals(TestUtils.java:390)
	at org.apache.commons.complex.TestUtils.equals(TestUtils.java:390)
	at org.apache.commons.complex.TestUtils.equals(TestUtils.java:390)
	at org.apache.commons.complex.TestUtils.equals(TestUtils.java:390)
	at org.apache.commons.complex.TestUtils.equals(TestUtils.java:390)
	at org.apache.commons.complex.TestUtils.equals(TestUtils.java:390)
	at org.apache.commons.complex.TestUtils.equals(TestUtils.java:390)
	at org.apache.commons.complex.TestUtils.equals(TestUtils.java:390)
	at org.apache.commons.complex.TestUtils.equals(TestUtils.java:390)
	at org.apache.commons.complex.TestUtils.equals(TestUtils.java:390)
	at org.apache.commons.complex.TestUtils.equals(TestUtils.java:390)
	at org.apache.commons.complex.TestUtils.equals(TestUtils.java:390)
	at org.apache.commons.complex.TestUtils.equals(TestUtils.java:390)
	at org.apache.commons.complex.TestUtils.equals(TestUtils.java:390)
	at org.apache.commons.complex.TestUtils.equals(TestUtils.java:390)
	at org.apache.commons.complex.TestUtils.equals(TestUtils.java:390)
	at org.apache.commons.complex.TestUtils.equals(TestUtils.java:390)
	at org.apache.commons.complex.TestUtils.equals(TestUtils.java:390)
	at org.apache.commons.complex.TestUtils.equals(TestUtils.java:390)
	at org.apache.commons.complex.TestUtils.equals(TestUtils.java:390)
	at org.apache.commons.complex.TestUtils.equals(TestUtils.java:390)
	at org.apache.commons.complex.TestUtils.equals(TestUtils.java:390)
	at org.apache.commons.complex.TestUtils.equals(TestUtils.java:390)
	at org.apache.commons.complex.TestUtils.equals(TestUtils.java:390)
	at org.apache.commons.complex.TestUtils.equals(TestUtils.java:390)
	at org.apache.commons.complex.TestUtils.equals(TestUtils.java:390)
	at org.apache.commons.complex.TestUtils.equals(TestUtils.java:390)
	at org.apache.commons.complex.TestUtils.equals(TestUtils.java:390)
	at org.apache.commons.complex.TestUtils.equals(TestUtils.java:390)
	at org.apache.commons.complex.TestUtils.equals(TestUtils.java:390)
	at org.apache.commons.complex.TestUtils.equals(TestUtils.java:390)
	at org.apache.commons.complex.TestUtils.equals(TestUtils.java:390)
	at org.apache.commons.complex.TestUtils.equals(TestUtils.java:390)
	at org.apache.commons.complex.TestUtils.equals(TestUtils.java:390)
	at org.apache.commons.complex.TestUtils.equals(TestUtils.java:390)
	at org.apache.commons.complex.TestUtils.equals(TestUtils.java:390)
	at org.apache.commons.complex.TestUtils.equals(TestUtils.java:390)
	at org.apache.commons.complex.TestUtils.equals(TestUtils.java:390)
	at org.apache.commons.complex.TestUtils.equals(TestUtils.java:390)
	at org.apache.commons.complex.TestUtils.equals(TestUtils.java:390)
	at org.apache.commons.complex.TestUtils.equals(TestUtils.java:390)
	at org.apache.commons.complex.TestUtils.equals(TestUtils.java:390)
	at org.apache.commons.complex.TestUtils.equals(TestUtils.java:390)
	at org.apache.commons.complex.TestUtils.equals(TestUtils.java:390)
	at org.apache.commons.complex.TestUtils.equals(TestUtils.java:390)
	at org.apache.commons.complex.TestUtils.equals(TestUtils.java:390)
	at org.apache.commons.complex.TestUtils.equals(TestUtils.java:390)
	at org.apache.commons.complex.TestUtils.equals(TestUtils.java:390)
	at org.apache.commons.complex.TestUtils.equals(TestUtils.java:390)
	at org.apache.commons.complex.TestUtils.equals(TestUtils.java:390)
	at org.apache.commons.complex.TestUtils.equals(TestUtils.java:390)
	at org.apache.commons.complex.TestUtils.equals(TestUtils.java:390)
	at org.apache.commons.complex.TestUtils.equals(TestUtils.java:390)
	at org.apache.commons.complex.TestUtils.equals(TestUtils.java:390)
	at org.apache.commons.complex.TestUtils.equals(TestUtils.java:390)
	at org.apache.commons.complex.TestUtils.equals(TestUtils.java:390)
	at org.apache.commons.complex.TestUtils.equals(TestUtils.java:390)
	at org.apache.commons.complex.TestUtils.equals(TestUtils.java:390)
	at org.apache.commons.complex.TestUtils.equals(TestUtils.java:390)
	at org.apache.commons.complex.TestUtils.equals(TestUtils.java:390)
	at org.apache.commons.complex.TestUtils.equals(TestUtils.java:390)
	at org.apache.commons.complex.TestUtils.equals(TestUtils.java:390)
	at org.apache.commons.complex.TestUtils.equals(TestUtils.java:390)
	at org.apache.commons.complex.TestUtils.equals(TestUtils.java:390)
	at org.apache.commons.complex.TestUtils.equals(TestUtils.java:390)
	at org.apache.commons.complex.TestUtils.equals(TestUtils.java:390)
	at org.apache.commons.complex.TestUtils.equals(TestUtils.java:390)
	at org.apache.commons.complex.TestUtils.equals(TestUtils.java:390)
	at org.apache.commons.complex.TestUtils.equals(TestUtils.java:390)
	at org.apache.commons.complex.TestUtils.equals(TestUtils.java:390)
	at org.apache.commons.complex.TestUtils.equals(TestUtils.java:390)
	at org.apache.commons.complex.TestUtils.equals(TestUtils.java:390)
	at org.apache.commons.complex.TestUtils.equals(TestUtils.java:390)
	at org.apache.commons.complex.TestUtils.equals(TestUtils.java:390)
	at org.apache.commons.complex.TestUtils.equals(TestUtils.java:390)
	at org.apache.commons.complex.TestUtils.equals(TestUtils.java:390)
	at org.apache.commons.complex.TestUtils.equals(TestUtils.java:390)
	at org.apache.commons.complex.TestUtils.equals(TestUtils.java:390)
	at org.apache.commons.complex.TestUtils.equals(TestUtils.java:390)
	at org.apache.commons.complex.TestUtils.equals(TestUtils.java:390)
	at org.apache.commons.complex.TestUtils.equals(TestUtils.java:390)
	at org.apache.commons.complex.TestUtils.equals(TestUtils.java:390)
	at org.apache.commons.complex.TestUtils.equals(TestUtils.java:390)
	at org.apache.commons.complex.TestUtils.equals(TestUtils.java:390)
	at org.apache.commons.complex.TestUtils.equals(TestUtils.java:390)
	at org.apache.commons.complex.TestUtils.equals(TestUtils.java:390)
	at org.apache.commons.complex.TestUtils.equals(TestUtils.java:390)
	at org.apache.commons.complex.TestUtils.equals(TestUtils.java:390)
	at org.apache.commons.complex.TestUtils.equals(TestUtils.java:390)
	at org.apache.commons.complex.TestUtils.equals(TestUtils.java:390)
	at org.apache.commons.complex.TestUtils.equals(TestUtils.java:390)
	at org.apache.commons.complex.TestUtils.equals(TestUtils.java:390)
	at org.apache.commons.complex.TestUtils.equals(TestUtils.java:390)
	at org.apache.commons.complex.TestUtils.equals(TestUtils.java:390)
	at org.apache.commons.complex.TestUtils.equals(TestUtils.java:390)
	at org.apache.commons.complex.TestUtils.equals(TestUtils.java:390)
	at org.apache.commons.complex.TestUtils.equals(TestUtils.java:390)
	at org.apache.commons.complex.TestUtils.equals(TestUtils.java:390)
	at org.apache.commons.complex.TestUtils.equals(TestUtils.java:390)
	at org.apache.commons.complex.TestUtils.equals(TestUtils.java:390)
	at org.apache.commons.complex.TestUtils.equals(TestUtils.java:390)
	at org.apache.commons.complex.TestUtils.equals(TestUtils.java:390)
	at org.apache.commons.complex.TestUtils.equals(TestUtils.java:390)
	at org.apache.commons.complex.TestUtils.equals(TestUtils.java:390)
	at org.apache.commons.complex.TestUtils.equals(TestUtils.java:390)
	at org.apache.commons.complex.TestUtils.equals(TestUtils.java:390)
	at org.apache.commons.complex.TestUtils.equals(TestUtils.java:390)
	at org.apache.commons.complex.TestUtils.equals(TestUtils.java:390)
	at org.apache.commons.complex.TestUtils.equals(TestUtils.java:390)
	at org.apache.commons.complex.TestUtils.equals(TestUtils.java:390)
	at org.apache.commons.complex.TestUtils.equals(TestUtils.java:390)
	at org.apache.commons.complex.TestUtils.equals(TestUtils.java:390)
	at org.apache.commons.complex.TestUtils.equals(TestUtils.java:390)
	at org.apache.commons.complex.TestUtils.equals(TestUtils.java:390)
	at org.apache.commons.complex.TestUtils.equals(TestUtils.java:390)
	at org.apache.commons.complex.TestUtils.equals(TestUtils.java:390)
	at org.apache.commons.complex.TestUtils.equals(TestUtils.java:390)
	at org.apache.commons.complex.TestUtils.equals(TestUtils.java:390)
	at org.apache.commons.complex.TestUtils.equals(TestUtils.java:390)
	at org.apache.commons.complex.TestUtils.equals(TestUtils.java:390)
	at org.apache.commons.complex.TestUtils.equals(TestUtils.java:390)
	at org.apache.commons.complex.TestUtils.equals(TestUtils.java:390)
	at org.apache.commons.complex.TestUtils.equals(TestUtils.java:390)
	at org.apache.commons.complex.TestUtils.equals(TestUtils.java:390)
	at org.apache.commons.complex.TestUtils.equals(TestUtils.java:390)
	at org.apache.commons.complex.TestUtils.equals(TestUtils.java:390)
	at org.apache.commons.complex.TestUtils.equals(TestUtils.java:390)
	at org.apache.commons.complex.TestUtils.equals(TestUtils.java:390)
	at org.apache.commons.complex.TestUtils.equals(TestUtils.java:390)
	at org.apache.commons.complex.TestUtils.equals(TestUtils.java:390)
	at org.apache.commons.complex.TestUtils.equals(TestUtils.java:390)
	at org.apache.commons.complex.TestUtils.equals(TestUtils.java:390)
	at org.apache.commons.complex.TestUtils.equals(TestUtils.java:390)
	at org.apache.commons.complex.TestUtils.equals(TestUtils.java:390)
	at org.apache.commons.complex.TestUtils.equals(TestUtils.java:390)
	at org.apache.commons.complex.TestUtils.equals(TestUtils.java:390)
	at org.apache.commons.complex.TestUtils.equals(TestUtils.java:390)
	at org.apache.commons.complex.TestUtils.equals(TestUtils.java:390)
	at org.apache.commons.complex.TestUtils.equals(TestUtils.java:390)
	at org.apache.commons.complex.TestUtils.equals(TestUtils.java:390)
	at org.apache.commons.complex.TestUtils.equals(TestUtils.java:390)
	at org.apache.commons.complex.TestUtils.equals(TestUtils.java:390)
	at org.apache.commons.complex.TestUtils.equals(TestUtils.java:390)
	at org.apache.commons.complex.TestUtils.equals(TestUtils.java:390)
	at org.apache.commons.complex.TestUtils.equals(TestUtils.java:390)
	at org.apache.commons.complex.TestUtils.equals(TestUtils.java:390)
	at org.apache.commons.complex.TestUtils.equals(TestUtils.java:390)
	at org.apache.commons.complex.TestUtils.equals(TestUtils.java:390)
	at org.apache.commons.complex.TestUtils.equals(TestUtils.java:390)
	at org.apache.commons.complex.TestUtils.equals(TestUtils.java:390)
	at org.apache.commons.complex.TestUtils.equals(TestUtils.java:390)
	at org.apache.commons.complex.TestUtils.equals(TestUtils.java:390)
	at org.apache.commons.complex.TestUtils.equals(TestUtils.java:390)
	at org.apache.commons.complex.TestUtils.equals(TestUtils.java:390)
	at org.apache.commons.complex.TestUtils.equals(TestUtils.java:390)
	at org.apache.commons.complex.TestUtils.equals(TestUtils.java:390)
	at org.apache.commons.complex.TestUtils.equals(TestUtils.java:390)
	at org.apache.commons.complex.TestUtils.equals(TestUtils.java:390)
	at org.apache.commons.complex.TestUtils.equals(TestUtils.java:390)
	at org.apache.commons.complex.TestUtils.equals(TestUtils.java:390)
	at org.apache.commons.complex.TestUtils.equals(TestUtils.java:390)
	at org.apache.commons.complex.TestUtils.equals(TestUtils.java:390)
	at org.apache.commons.complex.TestUtils.equals(TestUtils.java:390)
	at org.apache.commons.complex.TestUtils.equals(TestUtils.java:390)
	at org.apache.commons.complex.TestUtils.equals(TestUtils.java:390)
	at org.apache.commons.complex.TestUtils.equals(TestUtils.java:390)
	at org.apache.commons.complex.TestUtils.equals(TestUtils.java:390)
	at org.apache.commons.complex.TestUtils.equals(TestUtils.java:390)
	at org.apache.commons.complex.TestUtils.equals(TestUtils.java:390)
	at org.apache.commons.complex.TestUtils.equals(TestUtils.java:390)
	at org.apache.commons.complex.TestUtils.equals(TestUtils.java:390)
	at org.apache.commons.complex.TestUtils.equals(TestUtils.java:390)
	at org.apache.commons.complex.TestUtils.equals(TestUtils.java:390)
	at org.apache.commons.complex.TestUtils.equals(TestUtils.java:390)
	at org.apache.commons.complex.TestUtils.equals(TestUtils.java:390)
	at org.apache.commons.complex.TestUtils.equals(TestUtils.java:390)
	at org.apache.commons.complex.TestUtils.equals(TestUtils.java:390)
	at org.apache.commons.complex.TestUtils.equals(TestUtils.java:390)
	at org.apache.commons.complex.TestUtils.equals(TestUtils.java:390)
	at org.apache.commons.complex.TestUtils.equals(TestUtils.java:390)
	at org.apache.commons.complex.TestUtils.equals(TestUtils.java:390)
	at org.apache.commons.complex.TestUtils.equals(TestUtils.java:390)
	at org.apache.commons.complex.TestUtils.equals(TestUtils.java:390)
	at org.apache.commons.complex.TestUtils.equals(TestUtils.java:390)
	at org.apache.commons.complex.TestUtils.equals(TestUtils.java:390)
	at org.apache.commons.complex.TestUtils.equals(TestUtils.java:390)
	at org.apache.commons.complex.TestUtils.equals(TestUtils.java:390)
	at org.apache.commons.complex.TestUtils.equals(TestUtils.java:390)
	at org.apache.commons.complex.TestUtils.equals(TestUtils.java:390)
	at org.apache.commons.complex.TestUtils.equals(TestUtils.java:390)
	at org.apache.commons.complex.TestUtils.equals(TestUtils.java:390)
	at org.apache.commons.complex.TestUtils.equals(TestUtils.java:390)
	at org.apache.commons.complex.TestUtils.equals(TestUtils.java:390)
	at org.apache.commons.complex.TestUtils.equals(TestUtils.java:390)
	at org.apache.commons.complex.TestUtils.equals(TestUtils.java:390)
	at org.apache.commons.complex.TestUtils.equals(TestUtils.java:390)
	at org.apache.commons.complex.TestUtils.equals(TestUtils.java:390)
	at org.apache.commons.complex.TestUtils.equals(TestUtils.java:390)
	at org.apache.commons.complex.TestUtils.equals(TestUtils.java:390)
	at org.apache.commons.complex.TestUtils.equals(TestUtils.java:390)
	at org.apache.commons.complex.TestUtils.equals(TestUtils.java:390)
	at org.apache.commons.complex.TestUtils.equals(TestUtils.java:390)
	at org.apache.commons.complex.TestUtils.equals(TestUtils.java:390)
	at org.apache.commons.complex.TestUtils.equals(TestUtils.java:390)
	at org.apache.commons.complex.TestUtils.equals(TestUtils.java:390)
	at org.apache.commons.complex.TestUtils.equals(TestUtils.java:390)
	at org.apache.commons.complex.TestUtils.equals(TestUtils.java:390)
	at org.apache.commons.complex.TestUtils.equals(TestUtils.java:390)
	at org.apache.commons.complex.TestUtils.equals(TestUtils.java:390)
	at org.apache.commons.complex.TestUtils.equals(TestUtils.java:390)
	at org.apache.commons.complex.TestUtils.equals(TestUtils.java:390)
	at org.apache.commons.complex.TestUtils.equals(TestUtils.java:390)
	at org.apache.commons.complex.TestUtils.equals(TestUtils.java:390)
	at org.apache.commons.complex.TestUtils.equals(TestUtils.java:390)
	at org.apache.commons.complex.TestUtils.equals(TestUtils.java:390)
	at org.apache.commons.complex.TestUtils.equals(TestUtils.java:390)
	at org.apache.commons.complex.TestUtils.equals(TestUtils.java:390)
	at org.apache.commons.complex.TestUtils.equals(TestUtils.java:390)
	at org.apache.commons.complex.TestUtils.equals(TestUtils.java:390)
	at org.apache.commons.complex.TestUtils.equals(TestUtils.java:390)
	at org.apache.commons.complex.TestUtils.equals(TestUtils.java:390)
	at org.apache.commons.complex.TestUtils.equals(TestUtils.java:390)
	at org.apache.commons.complex.TestUtils.equals(TestUtils.java:390)
	at org.apache.commons.complex.TestUtils.equals(TestUtils.java:390)
	at org.apache.commons.complex.TestUtils.equals(TestUtils.java:390)
	at org.apache.commons.complex.TestUtils.equals(TestUtils.java:390)
	at org.apache.commons.complex.TestUtils.equals(TestUtils.java:390)
	at org.apache.commons.complex.TestUtils.equals(TestUtils.java:390)
	at org.apache.commons.complex.TestUtils.equals(TestUtils.java:390)
	at org.apache.commons.complex.TestUtils.equals(TestUtils.java:390)
	at org.apache.commons.complex.TestUtils.equals(TestUtils.java:390)
	at org.apache.commons.complex.TestUtils.equals(TestUtils.java:390)
	at org.apache.commons.complex.TestUtils.equals(TestUtils.java:390)
	at org.apache.commons.complex.TestUtils.equals(TestUtils.java:390)
	at org.apache.commons.complex.TestUtils.equals(TestUtils.java:390)
	at org.apache.commons.complex.TestUtils.equals(TestUtils.java:390)
	at org.apache.commons.complex.TestUtils.equals(TestUtils.java:390)
	at org.apache.commons.complex.TestUtils.equals(TestUtils.java:390)
	at org.apache.commons.complex.TestUtils.equals(TestUtils.java:390)
	at org.apache.commons.complex.TestUtils.equals(TestUtils.java:390)
	at org.apache.commons.complex.TestUtils.equals(TestUtils.java:390)
	at org.apache.commons.complex.TestUtils.equals(TestUtils.java:390)
	at org.apache.commons.complex.TestUtils.equals(TestUtils.java:390)
	at org.apache.commons.complex.TestUtils.equals(TestUtils.java:390)
	at org.apache.commons.complex.TestUtils.equals(TestUtils.java:390)
	at org.apache.commons.complex.TestUtils.equals(TestUtils.java:390)
	at org.apache.commons.complex.TestUtils.equals(TestUtils.java:390)
	at org.apache.commons.complex.TestUtils.equals(TestUtils.java:390)
	at org.apache.commons.complex.TestUtils.equals(TestUtils.java:390)
	at org.apache.commons.complex.TestUtils.equals(TestUtils.java:390)
	at org.apache.commons.complex.TestUtils.equals(TestUtils.java:390)
	at org.apache.commons.complex.TestUtils.equals(TestUtils.java:390)
	at org.apache.commons.complex.TestUtils.equals(TestUtils.java:390)
	at org.apache.commons.complex.TestUtils.equals(TestUtils.java:390)
	at org.apache.commons.complex.TestUtils.equals(TestUtils.java:390)
	at org.apache.commons.complex.TestUtils.equals(TestUtils.java:390)
	at org.apache.commons.complex.TestUtils.equals(TestUtils.java:390)
	at org.apache.commons.complex.TestUtils.equals(TestUtils.java:390)
	at org.apache.commons.complex.TestUtils.equals(TestUtils.java:390)
	at org.apache.commons.complex.TestUtils.equals(TestUtils.java:390)
	at org.apache.commons.complex.TestUtils.equals(TestUtils.java:390)
	at org.apache.commons.complex.TestUtils.equals(TestUtils.java:390)
	at org.apache.commons.complex.TestUtils.equals(TestUtils.java:390)
	at org.apache.commons.complex.TestUtils.equals(TestUtils.java:390)
	at org.apache.commons.complex.TestUtils.equals(TestUtils.java:390)
	at org.apache.commons.complex.TestUtils.equals(TestUtils.java:390)
	at org.apache.commons.complex.TestUtils.equals(TestUtils.java:390)
	at org.apache.commons.complex.TestUtils.equals(TestUtils.java:390)
	at org.apache.commons.complex.TestUtils.equals(TestUtils.java:390)
	at org.apache.commons.complex.TestUtils.equals(TestUtils.java:390)
	at org.apache.commons.complex.TestUtils.equals(TestUtils.java:390)
	at org.apache.commons.complex.TestUtils.equals(TestUtils.java:390)
	at org.apache.commons.complex.TestUtils.equals(TestUtils.java:390)
	at org.apache.commons.complex.TestUtils.equals(TestUtils.java:390)
	at org.apache.commons.complex.TestUtils.equals(TestUtils.java:390)
	at org.apache.commons.complex.TestUtils.equals(TestUtils.java:390)
	at org.apache.commons.complex.TestUtils.equals(TestUtils.java:390)
	at org.apache.commons.complex.TestUtils.equals(TestUtils.java:390)
	at org.apache.commons.complex.TestUtils.equals(TestUtils.java:390)
	at org.apache.commons.complex.TestUtils.equals(TestUtils.java:390)
	at org.apache.commons.complex.TestUtils.equals(TestUtils.java:390)
	at org.apache.commons.complex.TestUtils.equals(TestUtils.java:390)
	at org.apache.commons.complex.TestUtils.equals(TestUtils.java:390)
	at org.apache.commons.complex.TestUtils.equals(TestUtils.java:390)
	at org.apache.commons.complex.TestUtils.equals(TestUtils.java:390)
	at org.apache.commons.complex.TestUtils.equals(TestUtils.java:390)
	at org.apache.commons.complex.TestUtils.equals(TestUtils.java:390)
	at org.apache.commons.complex.TestUtils.equals(TestUtils.java:390)
	at org.apache.commons.complex.TestUtils.equals(TestUtils.java:390)
	at org.apache.commons.complex.TestUtils.equals(TestUtils.java:390)
	at org.apache.commons.complex.TestUtils.equals(TestUtils.java:390)
	at org.apache.commons.complex.TestUtils.equals(TestUtils.java:390)
	at org.apache.commons.complex.TestUtils.equals(TestUtils.java:390)
	at org.apache.commons.complex.TestUtils.equals(TestUtils.java:390)
	at org.apache.commons.complex.TestUtils.equals(TestUtils.java:390)
	at org.apache.commons.complex.TestUtils.equals(TestUtils.java:390)
	at org.apache.commons.complex.TestUtils.equals(TestUtils.java:390)
	at org.apache.commons.complex.TestUtils.equals(TestUtils.java:390)
	at org.apache.commons.complex.TestUtils.equals(TestUtils.java:390)
	at org.apache.commons.complex.TestUtils.equals(TestUtils.java:390)
	at org.apache.commons.complex.TestUtils.equals(TestUtils.java:390)
	at org.apache.commons.complex.TestUtils.equals(TestUtils.java:390)
	at org.apache.commons.complex.TestUtils.equals(TestUtils.java:390)
	at org.apache.commons.complex.TestUtils.equals(TestUtils.java:390)
	at org.apache.commons.complex.TestUtils.equals(TestUtils.java:390)
	at org.apache.commons.complex.TestUtils.equals(TestUtils.java:390)
	at org.apache.commons.complex.TestUtils.equals(TestUtils.java:390)
	at org.apache.commons.complex.TestUtils.equals(TestUtils.java:390)
	at org.apache.commons.complex.TestUtils.equals(TestUtils.java:390)
	at org.apache.commons.complex.TestUtils.equals(TestUtils.java:390)
	at org.apache.commons.complex.TestUtils.equals(TestUtils.java:390)
	at org.apache.commons.complex.TestUtils.equals(TestUtils.java:390)
	at org.apache.commons.complex.TestUtils.equals(TestUtils.java:390)
	at org.apache.commons.complex.TestUtils.equals(TestUtils.java:390)
	at org.apache.commons.complex.TestUtils.equals(TestUtils.java:390)
	at org.apache.commons.complex.TestUtils.equals(TestUtils.java:390)
	at org.apache.commons.complex.TestUtils.equals(TestUtils.java:390)
	at org.apache.commons.complex.TestUtils.equals(TestUtils.java:390)
	at org.apache.commons.complex.TestUtils.equals(TestUtils.java:390)
	at org.apache.commons.complex.TestUtils.equals(TestUtils.java:390)
	at org.apache.commons.complex.TestUtils.equals(TestUtils.java:390)
	at org.apache.commons.complex.TestUtils.equals(TestUtils.java:390)
	at org.apache.commons.complex.TestUtils.equals(TestUtils.java:390)
	at org.apache.commons.complex.TestUtils.equals(TestUtils.java:390)
	at org.apache.commons.complex.TestUtils.equals(TestUtils.java:390)
	at org.apache.commons.complex.TestUtils.equals(TestUtils.java:390)
	at org.apache.commons.complex.TestUtils.equals(TestUtils.java:390)
	at org.apache.commons.complex.TestUtils.equals(TestUtils.java:390)
	at org.apache.commons.complex.TestUtils.equals(TestUtils.java:390)
	at org.apache.commons.complex.TestUtils.equals(TestUtils.java:390)
	at org.apache.commons.complex.TestUtils.equals(TestUtils.java:390)
	at org.apache.commons.complex.TestUtils.equals(TestUtils.java:390)
	at org.apache.commons.complex.TestUtils.equals(TestUtils.java:390)
	at org.apache.commons.complex.TestUtils.equals(TestUtils.java:390)
	at org.apache.commons.complex.TestUtils.equals(TestUtils.java:390)
	at org.apache.commons.complex.TestUtils.equals(TestUtils.java:390)
	at org.apache.commons.complex.TestUtils.equals(TestUtils.java:390)
	at org.apache.commons.complex.TestUtils.equals(TestUtils.java:390)
	at org.apache.commons.complex.TestUtils.equals(TestUtils.java:390)
	at org.apache.commons.complex.TestUtils.equals(TestUtils.java:390)
	at org.apache.commons.complex.TestUtils.equals(TestUtils.java:390)
	at org.apache.commons.complex.TestUtils.equals(TestUtils.java:390)
	at org.apache.commons.complex.TestUtils.equals(TestUtils.java:390)
	at org.apache.commons.complex.TestUtils.equals(TestUtils.java:390)
	at org.apache.commons.complex.TestUtils.equals(TestUtils.java:390)
	at org.apache.commons.complex.TestUtils.equals(TestUtils.java:390)
	at org.apache.commons.complex.TestUtils.equals(TestUtils.java:390)
	at org.apache.commons.complex.TestUtils.equals(TestUtils.java:390)
	at org.apache.commons.complex.TestUtils.equals(TestUtils.java:390)
	at org.apache.commons.complex.TestUtils.equals(TestUtils.java:390)
	at org.apache.commons.complex.TestUtils.equals(TestUtils.java:390)
	at org.apache.commons.complex.TestUtils.equals(TestUtils.java:390)
	at org.apache.commons.complex.TestUtils.equals(TestUtils.java:390)
	at org.apache.commons.complex.TestUtils.equals(TestUtils.java:390)
	at org.apache.commons.complex.TestUtils.equals(TestUtils.java:390)
	at org.apache.commons.complex.TestUtils.equals(TestUtils.java:390)
	at org.apache.commons.complex.TestUtils.equals(TestUtils.java:390)
	at org.apache.commons.complex.TestUtils.equals(TestUtils.java:390)
	at org.apache.commons.complex.TestUtils.equals(TestUtils.java:390)
	at org.apache.commons.complex.TestUtils.equals(TestUtils.java:390)
	at org.apache.commons.complex.TestUtils.equals(TestUtils.java:390)
	at org.apache.commons.complex.TestUtils.equals(TestUtils.java:390)
	at org.apache.commons.complex.TestUtils.equals(TestUtils.java:390)
	at org.apache.commons.complex.TestUtils.equals(TestUtils.java:390)
	at org.apache.commons.complex.TestUtils.equals(TestUtils.java:390)
	at org.apache.commons.complex.TestUtils.equals(TestUtils.java:390)
	at org.apache.commons.complex.TestUtils.equals(TestUtils.java:390)
	at org.apache.commons.complex.TestUtils.equals(TestUtils.java:390)
	at org.apache.commons.complex.TestUtils.equals(TestUtils.java:390)
	at org.apache.commons.complex.TestUtils.equals(TestUtils.java:390)
	at org.apache.commons.complex.TestUtils.equals(TestUtils.java:390)
	at org.apache.commons.complex.TestUtils.equals(TestUtils.java:390)
	at org.apache.commons.complex.TestUtils.equals(TestUtils.java:390)
	at org.apache.commons.complex.TestUtils.equals(TestUtils.java:390)
	at org.apache.commons.complex.TestUtils.equals(TestUtils.java:390)
	at org.apache.commons.complex.TestUtils.equals(TestUtils.java:390)
	at org.apache.commons.complex.TestUtils.equals(TestUtils.java:390)
	at org.apache.commons.complex.TestUtils.equals(TestUtils.java:390)
	at org.apache.commons.complex.TestUtils.equals(TestUtils.java:390)
	at org.apache.commons.complex.TestUtils.equals(TestUtils.java:390)
	at org.apache.commons.complex.TestUtils.equals(TestUtils.java:390)
	at org.apache.commons.complex.TestUtils.equals(TestUtils.java:390)
	at org.apache.commons.complex.TestUtils.equals(TestUtils.java:390)
	at org.apache.commons.complex.TestUtils.equals(TestUtils.java:390)
	at org.apache.commons.complex.TestUtils.equals(TestUtils.java:390)
	at org.apache.commons.complex.TestUtils.equals(TestUtils.java:390)
	at org.apache.commons.complex.TestUtils.equals(TestUtils.java:390)
	at org.apache.commons.complex.TestUtils.equals(TestUtils.java:390)
	at org.apache.commons.complex.TestUtils.equals(TestUtils.java:390)
	at org.apache.commons.complex.TestUtils.equals(TestUtils.java:390)
	at org.apache.commons.complex.TestUtils.equals(TestUtils.java:390)
	at org.apache.commons.complex.TestUtils.equals(TestUtils.java:390)
	at org.apache.commons.complex.TestUtils.equals(TestUtils.java:390)
	at org.apache.commons.complex.TestUtils.equals(TestUtils.java:390)
	at org.apache.commons.complex.TestUtils.equals(TestUtils.java:390)
	at org.apache.commons.complex.TestUtils.equals(TestUtils.java:390)
	at org.apache.commons.complex.TestUtils.equals(TestUtils.java:390)
	at org.apache.commons.complex.TestUtils.equals(TestUtils.java:390)
	at org.apache.commons.complex.TestUtils.equals(TestUtils.java:390)
	at org.apache.commons.complex.TestUtils.equals(TestUtils.java:390)
	at org.apache.commons.complex.TestUtils.equals(TestUtils.java:390)
	at org.apache.commons.complex.TestUtils.equals(TestUtils.java:390)
	at org.apache.commons.complex.TestUtils.equals(TestUtils.java:390)
	at org.apache.commons.complex.TestUtils.equals(TestUtils.java:390)
	at org.apache.commons.complex.TestUtils.equals(TestUtils.java:390)
	at org.apache.commons.complex.TestUtils.equals(TestUtils.java:390)
	at org.apache.commons.complex.TestUtils.equals(TestUtils.java:390)
	at org.apache.commons.complex.TestUtils.equals(TestUtils.java:390)
	at org.apache.commons.complex.TestUtils.equals(TestUtils.java:390)
	at org.apache.commons.complex.TestUtils.equals(TestUtils.java:390)
	at org.apache.commons.complex.TestUtils.equals(TestUtils.java:390)
	at org.apache.commons.complex.TestUtils.equals(TestUtils.java:390)
	at org.apache.commons.complex.TestUtils.equals(TestUtils.java:390)
	at org.apache.commons.complex.TestUtils.equals(TestUtils.java:390)
	at org.apache.commons.complex.TestUtils.equals(TestUtils.java:390)
	at org.apache.commons.complex.TestUtils.equals(TestUtils.java:390)
	at org.apache.commons.complex.TestUtils.equals(TestUtils.java:390)
	at org.apache.commons.complex.TestUtils.equals(TestUtils.java:390)
	at org.apache.commons.complex.TestUtils.equals(TestUtils.java:390)
	at org.apache.commons.complex.TestUtils.equals(TestUtils.java:390)
	at org.apache.commons.complex.TestUtils.equals(TestUtils.java:390)
	at org.apache.commons.complex.TestUtils.equals(TestUtils.java:390)
	at org.apache.commons.complex.TestUtils.equals(TestUtils.java:390)
	at org.apache.commons.complex.TestUtils.equals(TestUtils.java:390)
	at org.apache.commons.complex.TestUtils.equals(TestUtils.java:390)
	at org.apache.commons.complex.TestUtils.equals(TestUtils.java:390)
	at org.apache.commons.complex.TestUtils.equals(TestUtils.java:390)
	at org.apache.commons.complex.TestUtils.equals(TestUtils.java:390)
	at org.apache.commons.complex.TestUtils.equals(TestUtils.java:390)
	at org.apache.commons.complex.TestUtils.equals(TestUtils.java:390)
	at org.apache.commons.complex.TestUtils.equals(TestUtils.java:390)
	at org.apache.commons.complex.TestUtils.equals(TestUtils.java:390)
	at org.apache.commons.complex.TestUtils.equals(TestUtils.java:390)
	at org.apache.commons.complex.TestUtils.equals(TestUtils.java:390)
	at org.apache.commons.complex.TestUtils.equals(TestUtils.java:390)
	at org.apache.commons.complex.TestUtils.equals(TestUtils.java:390)
	at org.apache.commons.complex.TestUtils.equals(TestUtils.java:390)
	at org.apache.commons.complex.TestUtils.equals(TestUtils.java:390)
	at org.apache.commons.complex.TestUtils.equals(TestUtils.java:390)
	at org.apache.commons.complex.TestUtils.equals(TestUtils.java:390)
	at org.apache.commons.complex.TestUtils.equals(TestUtils.java:390)
	at org.apache.commons.complex.TestUtils.equals(TestUtils.java:390)
	at org.apache.commons.complex.TestUtils.equals(TestUtils.java:390)
	at org.apache.commons.complex.TestUtils.equals(TestUtils.java:390)
	at org.apache.commons.complex.TestUtils.equals(TestUtils.java:390)
	at org.apache.commons.complex.TestUtils.equals(TestUtils.java:390)
	at org.apache.commons.complex.TestUtils.equals(TestUtils.java:390)
	at org.apache.commons.complex.TestUtils.equals(TestUtils.java:390)
	at org.apache.commons.complex.TestUtils.equals(TestUtils.java:390)
	at org.apache.commons.complex.TestUtils.equals(TestUtils.java:390)
	at org.apache.commons.complex.TestUtils.equals(TestUtils.java:390)
	at org.apache.commons.complex.TestUtils.equals(TestUtils.java:390)
	at org.apache.commons.complex.TestUtils.equals(TestUtils.java:390)
	at org.apache.commons.complex.TestUtils.equals(TestUtils.java:390)
	at org.apache.commons.complex.TestUtils.equals(TestUtils.java:390)
	at org.apache.commons.complex.TestUtils.equals(TestUtils.java:390)
	at org.apache.commons.complex.TestUtils.equals(TestUtils.java:390)
	at org.apache.commons.complex.TestUtils.equals(TestUtils.java:390)
	at org.apache.commons.complex.TestUtils.equals(TestUtils.java:390)
	at org.apache.commons.complex.TestUtils.equals(TestUtils.java:390)
	at org.apache.commons.complex.TestUtils.equals(TestUtils.java:390)
	at org.apache.commons.complex.TestUtils.equals(TestUtils.java:390)
	at org.apache.commons.complex.TestUtils.equals(TestUtils.java:390)
	at org.apache.commons.complex.TestUtils.equals(TestUtils.java:390)
	at org.apache.commons.complex.TestUtils.equals(TestUtils.java:390)
	at org.apache.commons.complex.TestUtils.equals(TestUtils.java:390)
	at org.apache.commons.complex.TestUtils.equals(TestUtils.java:390)
	at org.apache.commons.complex.TestUtils.equals(TestUtils.java:390)
	at org.apache.commons.complex.TestUtils.equals(TestUtils.java:390)
	at org.apache.commons.complex.TestUtils.equals(TestUtils.java:390)
	at org.apache.commons.complex.TestUtils.equals(TestUtils.java:390)
	at org.apache.commons.complex.TestUtils.equals(TestUtils.java:390)
	at org.apache.commons.complex.TestUtils.equals(TestUtils.java:390)
	at org.apache.commons.complex.TestUtils.equals(TestUtils.java:390)
	at org.apache.commons.complex.TestUtils.equals(TestUtils.java:390)
	at org.apache.commons.complex.TestUtils.equals(TestUtils.java:390)
	at org.apache.commons.complex.TestUtils.equals(TestUtils.java:390)
	at org.apache.commons.complex.TestUtils.equals(TestUtils.java:390)
	at org.apache.commons.complex.TestUtils.equals(TestUtils.java:390)
	at org.apache.commons.complex.TestUtils.equals(TestUtils.java:390)
	at org.apache.commons.complex.TestUtils.equals(TestUtils.java:390)
	at org.apache.commons.complex.TestUtils.equals(TestUtils.java:390)
	at org.apache.commons.complex.TestUtils.equals(TestUtils.java:390)
	at org.apache.commons.complex.TestUtils.equals(TestUtils.java:390)
	at org.apache.commons.complex.TestUtils.equals(TestUtils.java:390)
	at org.apache.commons.complex.TestUtils.equals(TestUtils.java:390)
	at org.apache.commons.complex.TestUtils.equals(TestUtils.java:390)
	at org.apache.commons.complex.TestUtils.equals(TestUtils.java:390)
	at org.apache.commons.complex.TestUtils.equals(TestUtils.java:390)
	at org.apache.commons.complex.TestUtils.equals(TestUtils.java:390)
	at org.apache.commons.complex.TestUtils.equals(TestUtils.java:390)
	at org.apache.commons.complex.TestUtils.equals(TestUtils.java:390)
	at org.apache.commons.complex.TestUtils.equals(TestUtils.java:390)
	at org.apache.commons.complex.TestUtils.equals(TestUtils.java:390)
	at org.apache.commons.complex.TestUtils.equals(TestUtils.java:390)
	at org.apache.commons.complex.TestUtils.equals(TestUtils.java:390)
	at org.apache.commons.complex.TestUtils.equals(TestUtils.java:390)
	at org.apache.commons.complex.TestUtils.equals(TestUtils.java:390)
	at org.apache.commons.complex.TestUtils.equals(TestUtils.java:390)
	at org.apache.commons.complex.TestUtils.equals(TestUtils.java:390)
	at org.apache.commons.complex.TestUtils.equals(TestUtils.java:390)
	at org.apache.commons.complex.TestUtils.equals(TestUtils.java:390)
	at org.apache.commons.complex.TestUtils.equals(TestUtils.java:390)
	at org.apache.commons.complex.TestUtils.equals(TestUtils.java:390)
	at org.apache.commons.complex.TestUtils.equals(TestUtils.java:390)
	at org.apache.commons.complex.TestUtils.equals(TestUtils.java:390)
	at org.apache.commons.complex.TestUtils.equals(TestUtils.java:390)
	at org.apache.commons.complex.TestUtils.equals(TestUtils.java:390)
	at org.apache.commons.complex.TestUtils.equals(TestUtils.java:390)
	at org.apache.commons.complex.TestUtils.equals(TestUtils.java:390)
	at org.apache.commons.complex.TestUtils.equals(TestUtils.java:390)
	at org.apache.commons.complex.TestUtils.equals(TestUtils.java:390)
	at org.apache.commons.complex.TestUtils.equals(TestUtils.java:390)
	at org.apache.commons.complex.TestUtils.equals(TestUtils.java:390)
	at org.apache.commons.complex.TestUtils.equals(TestUtils.java:390)
	at org.apache.commons.complex.TestUtils.equals(TestUtils.java:390)
	at org.apache.commons.complex.TestUtils.equals(TestUtils.java:390)
	at org.apache.commons.complex.TestUtils.equals(TestUtils.java:390)
	at org.apache.commons.complex.TestUtils.equals(TestUtils.java:390)
	at org.apache.commons.complex.TestUtils.equals(TestUtils.java:390)
	at org.apache.commons.complex.TestUtils.equals(TestUtils.java:390)
	at org.apache.commons.complex.TestUtils.equals(TestUtils.java:390)
	at org.apache.commons.complex.TestUtils.equals(TestUtils.java:390)
	at org.apache.commons.complex.TestUtils.equals(TestUtils.java:390)
	at org.apache.commons.complex.TestUtils.equals(TestUtils.java:390)
	at org.apache.commons.complex.TestUtils.equals(TestUtils.java:390)
	at org.apache.commons.complex.TestUtils.equals(TestUtils.java:390)
	at org.apache.commons.complex.TestUtils.equals(TestUtils.java:390)
	at org.apache.commons.complex.TestUtils.equals(TestUtils.java:390)
	at org.apache.commons.complex.TestUtils.equals(TestUtils.java:390)
	at org.apache.commons.complex.TestUtils.equals(TestUtils.java:390)
	at org.apache.commons.complex.TestUtils.equals(TestUtils.java:390)
	at org.apache.commons.complex.TestUtils.equals(TestUtils.java:390)
	at org.apache.commons.complex.TestUtils.equals(TestUtils.java:390)
	at org.apache.commons.complex.TestUtils.equals(TestUtils.java:390)
	at org.apache.commons.complex.TestUtils.equals(TestUtils.java:390)
	at org.apache.commons.complex.TestUtils.equals(TestUtils.java:390)
	at org.apache.commons.complex.TestUtils.equals(TestUtils.java:390)
	at org.apache.commons.complex.TestUtils.equals(TestUtils.java:390)
	at org.apache.commons.complex.TestUtils.equals(TestUtils.java:390)
	at org.apache.commons.complex.TestUtils.equals(TestUtils.java:390)
	at org.apache.commons.complex.TestUtils.equals(TestUtils.java:390)
	at org.apache.commons.complex.TestUtils.equals(TestUtils.java:390)
	at org.apache.commons.complex.TestUtils.equals(TestUtils.java:390)
	at org.apache.commons.complex.TestUtils.equals(TestUtils.java:390)
	at org.apache.commons.complex.TestUtils.equals(TestUtils.java:390)
	at org.apache.commons.complex.TestUtils.equals(TestUtils.java:390)
	at org.apache.commons.complex.TestUtils.equals(TestUtils.java:390)
	at org.apache.commons.complex.TestUtils.equals(TestUtils.java:390)
	at org.apache.commons.complex.TestUtils.equals(TestUtils.java:390)
	at org.apache.commons.complex.TestUtils.equals(TestUtils.java:390)
	at org.apache.commons.complex.TestUtils.equals(TestUtils.java:390)
	at org.apache.commons.complex.TestUtils.equals(TestUtils.java:390)
	at org.apache.commons.complex.TestUtils.equals(TestUtils.java:390)
	at org.apache.commons.complex.TestUtils.equals(TestUtils.java:390)
	at org.apache.commons.complex.TestUtils.equals(TestUtils.java:390)
	at org.apache.commons.complex.TestUtils.equals(TestUtils.java:390)
	at org.apache.commons.complex.TestUtils.equals(TestUtils.java:390)
	at org.apache.commons.complex.TestUtils.equals(TestUtils.java:390)
	at org.apache.commons.complex.TestUtils.equals(TestUtils.java:390)
	at org.apache.commons.complex.TestUtils.equals(TestUtils.java:390)
	at org.apache.commons.complex.TestUtils.equals(TestUtils.java:390)
	at org.apache.commons.complex.TestUtils.equals(TestUtils.java:390)
	at org.apache.commons.complex.TestUtils.equals(TestUtils.java:390)
	at org.apache.commons.complex.TestUtils.equals(TestUtils.java:390)
	at org.apache.commons.complex.TestUtils.equals(TestUtils.java:390)
	at org.apache.commons.complex.TestUtils.equals(TestUtils.java:390)
	at org.apache.commons.complex.TestUtils.equals(TestUtils.java:390)
	at org.apache.commons.complex.TestUtils.equals(TestUtils.java:390)
	at org.apache.commons.complex.TestUtils.equals(TestUtils.java:390)
	at org.apache.commons.complex.TestUtils.equals(TestUtils.java:390)
	at org.apache.commons.complex.TestUtils.equals(TestUtils.java:390)
	at org.apache.commons.complex.TestUtils.equals(TestUtils.java:390)
	at org.apache.commons.complex.TestUtils.equals(TestUtils.java:390)
	at org.apache.commons.complex.TestUtils.equals(TestUtils.java:390)
	at org.apache.commons.complex.TestUtils.equals(TestUtils.java:390)
	at org.apache.commons.complex.TestUtils.equals(TestUtils.java:390)
	at org.apache.commons.complex.TestUtils.equals(TestUtils.java:390)
	at org.apache.commons.complex.TestUtils.equals(TestUtils.java:390)
	at org.apache.commons.complex.TestUtils.equals(TestUtils.java:390)
	at org.apache.commons.complex.TestUtils.equals(TestUtils.java:390)
	at org.apache.commons.complex.TestUtils.equals(TestUtils.java:390)
	at org.apache.commons.complex.TestUtils.equals(TestUtils.java:390)
	at org.apache.commons.complex.TestUtils.equals(TestUtils.java:390)
	at org.apache.commons.complex.TestUtils.equals(TestUtils.java:390)
	at org.apache.commons.complex.TestUtils.equals(TestUtils.java:390)
	at org.apache.commons.complex.TestUtils.equals(TestUtils.java:390)
	at org.apache.commons.complex.TestUtils.equals(TestUtils.java:390)
	at org.apache.commons.complex.TestUtils.equals(TestUtils.java:390)
	at org.apache.commons.complex.TestUtils.equals(TestUtils.java:390)
	at org.apache.commons.complex.TestUtils.equals(TestUtils.java:390)
	at org.apache.commons.complex.TestUtils.equals(TestUtils.java:390)
	at org.apache.commons.complex.TestUtils.equals(TestUtils.java:390)
	at org.apache.commons.complex.TestUtils.equals(TestUtils.java:390)
	at org.apache.commons.complex.TestUtils.equals(TestUtils.java:390)
	at org.apache.commons.complex.TestUtils.equals(TestUtils.java:390)
	at org.apache.commons.complex.TestUtils.equals(TestUtils.java:390)
	at org.apache.commons.complex.TestUtils.equals(TestUtils.java:390)
	at org.apache.commons.complex.TestUtils.equals(TestUtils.java:390)
	at org.apache.commons.complex.TestUtils.equals(TestUtils.java:390)
	at org.apache.commons.complex.TestUtils.equals(TestUtils.java:390)
	at org.apache.commons.complex.TestUtils.equals(TestUtils.java:390)
	at org.apache.commons.complex.TestUtils.equals(TestUtils.java:390)
	at org.apache.commons.complex.TestUtils.equals(TestUtils.java:390)
	at org.apache.commons.complex.TestUtils.equals(TestUtils.java:390)
	at org.apache.commons.complex.TestUtils.equals(TestUtils.java:390)
	at org.apache.commons.complex.TestUtils.equals(TestUtils.java:390)
	at org.apache.commons.complex.TestUtils.equals(TestUtils.java:390)
	at org.apache.commons.complex.TestUtils.equals(TestUtils.java:390)
	at org.apache.commons.complex.TestUtils.equals(TestUtils.java:390)
	at org.apache.commons.complex.TestUtils.equals(TestUtils.java:390)
	at org.apache.commons.complex.TestUtils.equals(TestUtils.java:390)
	at org.apache.commons.complex.TestUtils.equals(TestUtils.java:390)
	at org.apache.commons.complex.TestUtils.equals(TestUtils.java:390)
	at org.apache.commons.complex.TestUtils.equals(TestUtils.java:390)
	at org.apache.commons.complex.TestUtils.equals(TestUtils.java:390)
	at org.apache.commons.complex.TestUtils.equals(TestUtils.java:390)
	at org.apache.commons.complex.TestUtils.equals(TestUtils.java:390)
	at org.apache.commons.complex.TestUtils.equals(TestUtils.java:390)
	at org.apache.commons.complex.TestUtils.equals(TestUtils.java:390)
	at org.apache.commons.complex.TestUtils.equals(TestUtils.java:390)
	at org.apache.commons.complex.TestUtils.equals(TestUtils.java:390)
	at org.apache.commons.complex.TestUtils.equals(TestUtils.java:390)
	at org.apache.commons.complex.TestUtils.equals(TestUtils.java:390)
	at org.apache.commons.complex.TestUtils.equals(TestUtils.java:390)
	at org.apache.commons.complex.TestUtils.equals(TestUtils.java:390)
	at org.apache.commons.complex.TestUtils.equals(TestUtils.java:390)
	at org.apache.commons.complex.TestUtils.equals(TestUtils.java:390)
	at org.apache.commons.complex.TestUtils.equals(TestUtils.java:390)
	at org.apache.commons.complex.TestUtils.equals(TestUtils.java:390)
	at org.apache.commons.complex.TestUtils.equals(TestUtils.java:390)
	at org.apache.commons.complex.TestUtils.equals(TestUtils.java:390)
	at org.apache.commons.complex.TestUtils.equals(TestUtils.java:390)
	at org.apache.commons.complex.TestUtils.equals(TestUtils.java:390)
	at org.apache.commons.complex.TestUtils.equals(TestUtils.java:390)
	at org.apache.commons.complex.TestUtils.equals(TestUtils.java:390)
	at org.apache.commons.complex.TestUtils.equals(TestUtils.java:390)
	at org.apache.commons.complex.TestUtils.equals(TestUtils.java:390)
	at org.apache.commons.complex.TestUtils.equals(TestUtils.java:390)
	at org.apache.commons.complex.TestUtils.equals(TestUtils.java:390)
	at org.apache.commons.complex.TestUtils.equals(TestUtils.java:390)
	at org.apache.commons.complex.TestUtils.equals(TestUtils.java:390)
	at org.apache.commons.complex.TestUtils.equals(TestUtils.java:390)
	at org.apache.commons.complex.TestUtils.equals(TestUtils.java:390)
	at org.apache.commons.complex.TestUtils.equals(TestUtils.java:390)
	at org.apache.commons.complex.TestUtils.equals(TestUtils.java:390)
	at org.apache.commons.complex.TestUtils.equals(TestUtils.java:390)
	at org.apache.commons.complex.TestUtils.equals(TestUtils.java:390)
	at org.apache.commons.complex.TestUtils.equals(TestUtils.java:390)
	at org.apache.commons.complex.TestUtils.equals(TestUtils.java:390)
	at org.apache.commons.complex.TestUtils.equals(TestUtils.java:390)
	at org.apache.commons.complex.TestUtils.equals(TestUtils.java:390)
	at org.apache.commons.complex.TestUtils.equals(TestUtils.java:390)
	at org.apache.commons.complex.TestUtils.equals(TestUtils.java:390)
	at org.apache.commons.complex.TestUtils.equals(TestUtils.java:390)
	at org.apache.commons.complex.TestUtils.equals(TestUtils.java:390)
	at org.apache.commons.complex.TestUtils.equals(TestUtils.java:390)
	at org.apache.commons.complex.TestUtils.equals(TestUtils.java:390)
	at org.apache.commons.complex.TestUtils.equals(TestUtils.java:390)
	at org.apache.commons.complex.TestUtils.equals(TestUtils.java:390)
	at org.apache.commons.complex.TestUtils.equals(TestUtils.java:390)
	at org.apache.commons.complex.TestUtils.equals(TestUtils.java:390)
	at org.apache.commons.complex.TestUtils.equals(TestUtils.java:390)
	at org.apache.commons.complex.TestUtils.equals(TestUtils.java:390)
	at org.apache.commons.complex.TestUtils.equals(TestUtils.java:390)
	at org.apache.commons.complex.TestUtils.equals(TestUtils.java:390)
	at org.apache.commons.complex.TestUtils.equals(TestUtils.java:390)
	at org.apache.commons.complex.TestUtils.equals(TestUtils.java:390)
	at org.apache.commons.complex.TestUtils.equals(TestUtils.java:390)
	at org.apache.commons.complex.TestUtils.equals(TestUtils.java:390)
	at org.apache.commons.complex.TestUtils.equals(TestUtils.java:390)
	at org.apache.commons.complex.TestUtils.equals(TestUtils.java:390)
	at org.apache.commons.complex.TestUtils.equals(TestUtils.java:390)
	at org.apache.commons.complex.TestUtils.equals(TestUtils.java:390)
	at org.apache.commons.complex.TestUtils.equals(TestUtils.java:390)
	at org.apache.commons.complex.TestUtils.equals(TestUtils.java:390)
	at org.apache.commons.complex.TestUtils.equals(TestUtils.java:390)
	at org.apache.commons.complex.TestUtils.equals(TestUtils.java:390)
	at org.apache.commons.complex.TestUtils.equals(TestUtils.java:390)
	at org.apache.commons.complex.TestUtils.equals(TestUtils.java:390)
	at org.apache.commons.complex.TestUtils.equals(TestUtils.java:390)
	at org.apache.commons.complex.TestUtils.equals(TestUtils.java:390)
	at org.apache.commons.complex.TestUtils.equals(TestUtils.java:390)
	at org.apache.commons.complex.TestUtils.equals(TestUtils.java:390)
	at org.apache.commons.complex.TestUtils.equals(TestUtils.java:390)
	at org.apache.commons.complex.TestUtils.equals(TestUtils.java:390)
	at org.apache.commons.complex.TestUtils.equals(TestUtils.java:390)
	at org.apache.commons.complex.TestUtils.equals(TestUtils.java:390)
	at org.apache.commons.complex.TestUtils.equals(TestUtils.java:390)
	at org.apache.commons.complex.TestUtils.equals(TestUtils.java:390)
	at org.apache.commons.complex.TestUtils.equals(TestUtils.java:390)
	at org.apache.commons.complex.TestUtils.equals(TestUtils.java:390)
	at org.apache.commons.complex.TestUtils.equals(TestUtils.java:390)
	at org.apache.commons.complex.TestUtils.equals(TestUtils.java:390)
	at org.apache.commons.complex.TestUtils.equals(TestUtils.java:390)
	at org.apache.commons.complex.TestUtils.equals(TestUtils.java:390)
	at org.apache.commons.complex.TestUtils.equals(TestUtils.java:390)
	at org.apache.commons.complex.TestUtils.equals(TestUtils.java:390)
	at org.apache.commons.complex.TestUtils.equals(TestUtils.java:390)
	at org.apache.commons.complex.TestUtils.equals(TestUtils.java:390)
	at org.apache.commons.complex.TestUtils.equals(TestUtils.java:390)
	at org.apache.commons.complex.TestUtils.equals(TestUtils.java:390)
	at org.apache.commons.complex.TestUtils.equals(TestUtils.java:390)
	at org.apache.commons.complex.TestUtils.equals(TestUtils.java:390)
	at org.apache.commons.complex.TestUtils.equals(TestUtils.java:390)
	at org.apache.commons.complex.TestUtils.equals(TestUtils.java:390)
	at org.apache.commons.complex.TestUtils.equals(TestUtils.java:390)
	at org.apache.commons.complex.TestUtils.equals(TestUtils.java:390)
	at org.apache.commons.complex.TestUtils.equals(TestUtils.java:390)
	at org.apache.commons.complex.TestUtils.equals(TestUtils.java:390)
	at org.apache.commons.complex.TestUtils.equals(TestUtils.java:390)
	at org.apache.commons.complex.TestUtils.equals(TestUtils.java:390)
	at org.apache.commons.complex.TestUtils.equals(TestUtils.java:390)
	at org.apache.commons.complex.TestUtils.equals(TestUtils.java:390)
	at org.apache.commons.complex.TestUtils.equals(TestUtils.java:390)
	at org.apache.commons.complex.TestUtils.equals(TestUtils.java:390)
	at org.apache.commons.complex.TestUtils.equals(TestUtils.java:390)
	at org.apache.commons.complex.TestUtils.equals(TestUtils.java:390)
	at org.apache.commons.complex.TestUtils.equals(TestUtils.java:390)
	at org.apache.commons.complex.TestUtils.equals(TestUtils.java:390)
	at org.apache.commons.complex.TestUtils.equals(TestUtils.java:390)
	at org.apache.commons.complex.TestUtils.equals(TestUtils.java:390)
	at org.apache.commons.complex.TestUtils.equals(TestUtils.java:390)
	at org.apache.commons.complex.TestUtils.equals(TestUtils.java:390)
	at org.apache.commons.complex.TestUtils.equals(TestUtils.java:390)
</error>
  </testcase>
</testsuite>