<?xml version="1.0" encoding="UTF-8"?>
<testsuite name="org.apache.commons.complex.ComplexTest" time="0.095" tests="137" errors="2" skipped="1" failures="6">
  <properties>
    <property name="java.runtime.name" value="OpenJDK Runtime Environment"/>
    <property name="sun.boot.library.path" value="/usr/lib/jvm/java-8-openjdk-amd64/jre/lib/amd64"/>
    <property name="java.vm.version" value="25.111-b14"/>
    <property name="java.vm.vendor" value="Oracle Corporation"/>
    <property name="maven.multiModuleProjectDirectory" value="/home/ericbarnhill/Documents/code/commons-complex"/>
    <property name="java.vendor.url" value="http://java.oracle.com/"/>
    <property name="path.separator" value=":"/>
    <property name="guice.disable.misplaced.annotation.check" value="true"/>
    <property name="java.vm.name" value="OpenJDK 64-Bit Server VM"/>
    <property name="file.encoding.pkg" value="sun.io"/>
    <property name="user.country" value="US"/>
    <property name="sun.java.launcher" value="SUN_STANDARD"/>
    <property name="sun.os.patch.level" value="unknown"/>
    <property name="java.vm.specification.name" value="Java Virtual Machine Specification"/>
    <property name="user.dir" value="/home/ericbarnhill/Documents/code/commons-complex"/>
    <property name="java.runtime.version" value="1.8.0_111-8u111-b14-2ubuntu0.16.04.2-b14"/>
    <property name="java.awt.graphicsenv" value="sun.awt.X11GraphicsEnvironment"/>
    <property name="java.endorsed.dirs" value="/usr/lib/jvm/java-8-openjdk-amd64/jre/lib/endorsed"/>
    <property name="os.arch" value="amd64"/>
    <property name="java.io.tmpdir" value="/tmp"/>
    <property name="line.separator" value="&#10;"/>
    <property name="java.vm.specification.vendor" value="Oracle Corporation"/>
    <property name="os.name" value="Linux"/>
    <property name="classworlds.conf" value="/usr/share/maven/bin/m2.conf"/>
    <property name="sun.jnu.encoding" value="UTF-8"/>
    <property name="java.library.path" value="/home/ericbarnhill/Documents/code//Halide_source/bin:/usr/local/cuda-7.0/lib64:/home/ericbarnhill/Documents/code//itk_build/lib:/usr/lib/x86_64-linux-gnu/:/home/ericbarnhill/Documents/code/caffe-master/matlab/+caffe/private/:/usr/java/packages/lib/amd64:/usr/lib/x86_64-linux-gnu/jni:/lib/x86_64-linux-gnu:/usr/lib/x86_64-linux-gnu:/usr/lib/jni:/lib:/usr/lib"/>
    <property name="java.specification.name" value="Java Platform API Specification"/>
    <property name="java.class.version" value="52.0"/>
    <property name="sun.management.compiler" value="HotSpot 64-Bit Tiered Compilers"/>
    <property name="os.version" value="4.4.0-53-generic"/>
    <property name="user.home" value="/home/ericbarnhill"/>
    <property name="user.timezone" value="Europe/Berlin"/>
    <property name="java.awt.printerjob" value="sun.print.PSPrinterJob"/>
    <property name="file.encoding" value="UTF-8"/>
    <property name="java.specification.version" value="1.8"/>
    <property name="user.name" value="ericbarnhill"/>
    <property name="java.class.path" value="/usr/share/maven/boot/plexus-classworlds-2.x.jar"/>
    <property name="java.vm.specification.version" value="1.8"/>
    <property name="sun.arch.data.model" value="64"/>
    <property name="java.home" value="/usr/lib/jvm/java-8-openjdk-amd64/jre"/>
    <property name="sun.java.command" value="org.codehaus.plexus.classworlds.launcher.Launcher test"/>
    <property name="java.specification.vendor" value="Oracle Corporation"/>
    <property name="user.language" value="en"/>
    <property name="awt.toolkit" value="sun.awt.X11.XToolkit"/>
    <property name="java.vm.info" value="mixed mode"/>
    <property name="java.version" value="1.8.0_111"/>
    <property name="java.ext.dirs" value="/usr/lib/jvm/java-8-openjdk-amd64/jre/lib/ext:/usr/java/packages/lib/ext"/>
    <property name="securerandom.source" value="file:/dev/./urandom"/>
    <property name="sun.boot.class.path" value="/usr/lib/jvm/java-8-openjdk-amd64/jre/lib/resources.jar:/usr/lib/jvm/java-8-openjdk-amd64/jre/lib/rt.jar:/usr/lib/jvm/java-8-openjdk-amd64/jre/lib/sunrsasign.jar:/usr/lib/jvm/java-8-openjdk-amd64/jre/lib/jsse.jar:/usr/lib/jvm/java-8-openjdk-amd64/jre/lib/jce.jar:/usr/lib/jvm/java-8-openjdk-amd64/jre/lib/charsets.jar:/usr/lib/jvm/java-8-openjdk-amd64/jre/lib/jfr.jar:/usr/lib/jvm/java-8-openjdk-amd64/jre/classes"/>
    <property name="java.vendor" value="Oracle Corporation"/>
    <property name="maven.home" value="/usr/share/maven"/>
    <property name="file.separator" value="/"/>
    <property name="java.vendor.url.bug" value="http://bugreport.sun.com/bugreport/"/>
    <property name="sun.cpu.endian" value="little"/>
    <property name="sun.io.unicode.encoding" value="UnicodeLittle"/>
    <property name="sun.cpu.isalist" value=""/>
  </properties>
  <testcase name="testReciprocalReal" classname="org.apache.commons.complex.ComplexTest" time="0.007">
    <failure type="java.lang.AssertionError:">java.lang.AssertionError: null
	at org.junit.Assert.fail(Assert.java:86)
	at org.junit.Assert.assertTrue(Assert.java:41)
	at org.junit.Assert.assertTrue(Assert.java:52)
	at org.apache.commons.complex.ComplexTest.testReciprocalReal(ComplexTest.java:298)
</failure>
  </testcase>
  <testcase name="testReciprocalZero" classname="org.apache.commons.complex.ComplexTest" time="0"/>
  <testcase name="testFloatingPointEqualsWithAllowedDeltaNaN" classname="org.apache.commons.complex.ComplexTest" time="0">
    <failure type="java.lang.AssertionError:">java.lang.AssertionError: null
	at org.junit.Assert.fail(Assert.java:86)
	at org.junit.Assert.assertTrue(Assert.java:41)
	at org.junit.Assert.assertFalse(Assert.java:64)
	at org.junit.Assert.assertFalse(Assert.java:74)
	at org.apache.commons.complex.ComplexTest.testFloatingPointEqualsWithAllowedDeltaNaN(ComplexTest.java:557)
</failure>
  </testcase>
  <testcase name="testNthRoot_cornercase_NAN_Inf" classname="org.apache.commons.complex.ComplexTest" time="0"/>
  <testcase name="testTanhInf" classname="org.apache.commons.complex.ComplexTest" time="0.003"/>
  <testcase name="testTanhNaN" classname="org.apache.commons.complex.ComplexTest" time="0"/>
  <testcase name="testConjugateNaN" classname="org.apache.commons.complex.ComplexTest" time="0"/>
  <testcase name="testScalarDivideNaN" classname="org.apache.commons.complex.ComplexTest" time="0"/>
  <testcase name="testScalarMultiplyInf" classname="org.apache.commons.complex.ComplexTest" time="0"/>
  <testcase name="testScalarMultiplyNaN" classname="org.apache.commons.complex.ComplexTest" time="0"/>
  <testcase name="testDivideImaginary" classname="org.apache.commons.complex.ComplexTest" time="0"/>
  <testcase name="testExpInf1" classname="org.apache.commons.complex.ComplexTest" time="0"/>
  <testcase name="testExpInf2" classname="org.apache.commons.complex.ComplexTest" time="0.001"/>
  <testcase name="testExpInf3" classname="org.apache.commons.complex.ComplexTest" time="0"/>
  <testcase name="testExpInf4" classname="org.apache.commons.complex.ComplexTest" time="0"/>
  <testcase name="testExpInf5" classname="org.apache.commons.complex.ComplexTest" time="0"/>
  <testcase name="testExpInf6" classname="org.apache.commons.complex.ComplexTest" time="0"/>
  <testcase name="testExpInf7" classname="org.apache.commons.complex.ComplexTest" time="0"/>
  <testcase name="testExpInf8" classname="org.apache.commons.complex.ComplexTest" time="0"/>
  <testcase name="testAcosInf" classname="org.apache.commons.complex.ComplexTest" time="0"/>
  <testcase name="testAcosNaN" classname="org.apache.commons.complex.ComplexTest" time="0"/>
  <testcase name="testEqualsClass" classname="org.apache.commons.complex.ComplexTest" time="0"/>
  <testcase name="testAbs" classname="org.apache.commons.complex.ComplexTest" time="0"/>
  <testcase name="testAdd" classname="org.apache.commons.complex.ComplexTest" time="0"/>
  <testcase name="testCos" classname="org.apache.commons.complex.ComplexTest" time="0"/>
  <testcase name="testExp" classname="org.apache.commons.complex.ComplexTest" time="0"/>
  <testcase name="testLog" classname="org.apache.commons.complex.ComplexTest" time="0"/>
  <testcase name="testPow" classname="org.apache.commons.complex.ComplexTest" time="0"/>
  <testcase name="testSin" classname="org.apache.commons.complex.ComplexTest" time="0"/>
  <testcase name="testTan" classname="org.apache.commons.complex.ComplexTest" time="0"/>
  <testcase name="testSubtract" classname="org.apache.commons.complex.ComplexTest" time="0"/>
  <testcase name="testScalarAdd" classname="org.apache.commons.complex.ComplexTest" time="0"/>
  <testcase name="testScalarPow" classname="org.apache.commons.complex.ComplexTest" time="0"/>
  <testcase name="testDivideNaNInf" classname="org.apache.commons.complex.ComplexTest" time="0"/>
  <testcase name="testAtanI" classname="org.apache.commons.complex.ComplexTest" time="0"/>
  <testcase name="testAcos" classname="org.apache.commons.complex.ComplexTest" time="0"/>
  <testcase name="testAsin" classname="org.apache.commons.complex.ComplexTest" time="0"/>
  <testcase name="testAtan" classname="org.apache.commons.complex.ComplexTest" time="0"/>
  <testcase name="testCosh" classname="org.apache.commons.complex.ComplexTest" time="0"/>
  <testcase name="testJava" classname="org.apache.commons.complex.ComplexTest" time="0">
    <skipped/>
  </testcase>
  <testcase name="testSinh" classname="org.apache.commons.complex.ComplexTest" time="0"/>
  <testcase name="testTanh" classname="org.apache.commons.complex.ComplexTest" time="0"/>
  <testcase name="testAsinInf" classname="org.apache.commons.complex.ComplexTest" time="0"/>
  <testcase name="testAsinNaN" classname="org.apache.commons.complex.ComplexTest" time="0"/>
  <testcase name="testAtanInf" classname="org.apache.commons.complex.ComplexTest" time="0.001"/>
  <testcase name="testAtanNaN" classname="org.apache.commons.complex.ComplexTest" time="0"/>
  <testcase name="testFloatingPointEqualsWithRelativeToleranceNaN" classname="org.apache.commons.complex.ComplexTest" time="0.017">
    <error type="java.lang.StackOverflowError:">java.lang.StackOverflowError: null
	at org.apache.commons.complex.Complex.equals(Complex.java)
	at org.apache.commons.complex.Complex.equals(Complex.java:1312)
	at org.apache.commons.complex.Complex.equals(Complex.java:1312)
	at org.apache.commons.complex.Complex.equals(Complex.java:1312)
	at org.apache.commons.complex.Complex.equals(Complex.java:1312)
	at org.apache.commons.complex.Complex.equals(Complex.java:1312)
	at org.apache.commons.complex.Complex.equals(Complex.java:1312)
	at org.apache.commons.complex.Complex.equals(Complex.java:1312)
	at org.apache.commons.complex.Complex.equals(Complex.java:1312)
	at org.apache.commons.complex.Complex.equals(Complex.java:1312)
	at org.apache.commons.complex.Complex.equals(Complex.java:1312)
	at org.apache.commons.complex.Complex.equals(Complex.java:1312)
	at org.apache.commons.complex.Complex.equals(Complex.java:1312)
	at org.apache.commons.complex.Complex.equals(Complex.java:1312)
	at org.apache.commons.complex.Complex.equals(Complex.java:1312)
	at org.apache.commons.complex.Complex.equals(Complex.java:1312)
	at org.apache.commons.complex.Complex.equals(Complex.java:1312)
	at org.apache.commons.complex.Complex.equals(Complex.java:1312)
	at org.apache.commons.complex.Complex.equals(Complex.java:1312)
	at org.apache.commons.complex.Complex.equals(Complex.java:1312)
	at org.apache.commons.complex.Complex.equals(Complex.java:1312)
	at org.apache.commons.complex.Complex.equals(Complex.java:1312)
	at org.apache.commons.complex.Complex.equals(Complex.java:1312)
	at org.apache.commons.complex.Complex.equals(Complex.java:1312)
	at org.apache.commons.complex.Complex.equals(Complex.java:1312)
	at org.apache.commons.complex.Complex.equals(Complex.java:1312)
	at org.apache.commons.complex.Complex.equals(Complex.java:1312)
	at org.apache.commons.complex.Complex.equals(Complex.java:1312)
	at org.apache.commons.complex.Complex.equals(Complex.java:1312)
	at org.apache.commons.complex.Complex.equals(Complex.java:1312)
	at org.apache.commons.complex.Complex.equals(Complex.java:1312)
	at org.apache.commons.complex.Complex.equals(Complex.java:1312)
	at org.apache.commons.complex.Complex.equals(Complex.java:1312)
	at org.apache.commons.complex.Complex.equals(Complex.java:1312)
	at org.apache.commons.complex.Complex.equals(Complex.java:1312)
	at org.apache.commons.complex.Complex.equals(Complex.java:1312)
	at org.apache.commons.complex.Complex.equals(Complex.java:1312)
	at org.apache.commons.complex.Complex.equals(Complex.java:1312)
	at org.apache.commons.complex.Complex.equals(Complex.java:1312)
	at org.apache.commons.complex.Complex.equals(Complex.java:1312)
	at org.apache.commons.complex.Complex.equals(Complex.java:1312)
	at org.apache.commons.complex.Complex.equals(Complex.java:1312)
	at org.apache.commons.complex.Complex.equals(Complex.java:1312)
	at org.apache.commons.complex.Complex.equals(Complex.java:1312)
	at org.apache.commons.complex.Complex.equals(Complex.java:1312)
	at org.apache.commons.complex.Complex.equals(Complex.java:1312)
	at org.apache.commons.complex.Complex.equals(Complex.java:1312)
	at org.apache.commons.complex.Complex.equals(Complex.java:1312)
	at org.apache.commons.complex.Complex.equals(Complex.java:1312)
	at org.apache.commons.complex.Complex.equals(Complex.java:1312)
	at org.apache.commons.complex.Complex.equals(Complex.java:1312)
	at org.apache.commons.complex.Complex.equals(Complex.java:1312)
	at org.apache.commons.complex.Complex.equals(Complex.java:1312)
	at org.apache.commons.complex.Complex.equals(Complex.java:1312)
	at org.apache.commons.complex.Complex.equals(Complex.java:1312)
	at org.apache.commons.complex.Complex.equals(Complex.java:1312)
	at org.apache.commons.complex.Complex.equals(Complex.java:1312)
	at org.apache.commons.complex.Complex.equals(Complex.java:1312)
	at org.apache.commons.complex.Complex.equals(Complex.java:1312)
	at org.apache.commons.complex.Complex.equals(Complex.java:1312)
	at org.apache.commons.complex.Complex.equals(Complex.java:1312)
	at org.apache.commons.complex.Complex.equals(Complex.java:1312)
	at org.apache.commons.complex.Complex.equals(Complex.java:1312)
	at org.apache.commons.complex.Complex.equals(Complex.java:1312)
	at org.apache.commons.complex.Complex.equals(Complex.java:1312)
	at org.apache.commons.complex.Complex.equals(Complex.java:1312)
	at org.apache.commons.complex.Complex.equals(Complex.java:1312)
	at org.apache.commons.complex.Complex.equals(Complex.java:1312)
	at org.apache.commons.complex.Complex.equals(Complex.java:1312)
	at org.apache.commons.complex.Complex.equals(Complex.java:1312)
	at org.apache.commons.complex.Complex.equals(Complex.java:1312)
	at org.apache.commons.complex.Complex.equals(Complex.java:1312)
	at org.apache.commons.complex.Complex.equals(Complex.java:1312)
	at org.apache.commons.complex.Complex.equals(Complex.java:1312)
	at org.apache.commons.complex.Complex.equals(Complex.java:1312)
	at org.apache.commons.complex.Complex.equals(Complex.java:1312)
	at org.apache.commons.complex.Complex.equals(Complex.java:1312)
	at org.apache.commons.complex.Complex.equals(Complex.java:1312)
	at org.apache.commons.complex.Complex.equals(Complex.java:1312)
	at org.apache.commons.complex.Complex.equals(Complex.java:1312)
	at org.apache.commons.complex.Complex.equals(Complex.java:1312)
	at org.apache.commons.complex.Complex.equals(Complex.java:1312)
	at org.apache.commons.complex.Complex.equals(Complex.java:1312)
	at org.apache.commons.complex.Complex.equals(Complex.java:1312)
	at org.apache.commons.complex.Complex.equals(Complex.java:1312)
	at org.apache.commons.complex.Complex.equals(Complex.java:1312)
	at org.apache.commons.complex.Complex.equals(Complex.java:1312)
	at org.apache.commons.complex.Complex.equals(Complex.java:1312)
	at org.apache.commons.complex.Complex.equals(Complex.java:1312)
	at org.apache.commons.complex.Complex.equals(Complex.java:1312)
	at org.apache.commons.complex.Complex.equals(Complex.java:1312)
	at org.apache.commons.complex.Complex.equals(Complex.java:1312)
	at org.apache.commons.complex.Complex.equals(Complex.java:1312)
	at org.apache.commons.complex.Complex.equals(Complex.java:1312)
	at org.apache.commons.complex.Complex.equals(Complex.java:1312)
	at org.apache.commons.complex.Complex.equals(Complex.java:1312)
	at org.apache.commons.complex.Complex.equals(Complex.java:1312)
	at org.apache.commons.complex.Complex.equals(Complex.java:1312)
	at org.apache.commons.complex.Complex.equals(Complex.java:1312)
	at org.apache.commons.complex.Complex.equals(Complex.java:1312)
	at org.apache.commons.complex.Complex.equals(Complex.java:1312)
	at org.apache.commons.complex.Complex.equals(Complex.java:1312)
	at org.apache.commons.complex.Complex.equals(Complex.java:1312)
	at org.apache.commons.complex.Complex.equals(Complex.java:1312)
	at org.apache.commons.complex.Complex.equals(Complex.java:1312)
	at org.apache.commons.complex.Complex.equals(Complex.java:1312)
	at org.apache.commons.complex.Complex.equals(Complex.java:1312)
	at org.apache.commons.complex.Complex.equals(Complex.java:1312)
	at org.apache.commons.complex.Complex.equals(Complex.java:1312)
	at org.apache.commons.complex.Complex.equals(Complex.java:1312)
	at org.apache.commons.complex.Complex.equals(Complex.java:1312)
	at org.apache.commons.complex.Complex.equals(Complex.java:1312)
	at org.apache.commons.complex.Complex.equals(Complex.java:1312)
	at org.apache.commons.complex.Complex.equals(Complex.java:1312)
	at org.apache.commons.complex.Complex.equals(Complex.java:1312)
	at org.apache.commons.complex.Complex.equals(Complex.java:1312)
	at org.apache.commons.complex.Complex.equals(Complex.java:1312)
	at org.apache.commons.complex.Complex.equals(Complex.java:1312)
	at org.apache.commons.complex.Complex.equals(Complex.java:1312)
	at org.apache.commons.complex.Complex.equals(Complex.java:1312)
	at org.apache.commons.complex.Complex.equals(Complex.java:1312)
	at org.apache.commons.complex.Complex.equals(Complex.java:1312)
	at org.apache.commons.complex.Complex.equals(Complex.java:1312)
	at org.apache.commons.complex.Complex.equals(Complex.java:1312)
	at org.apache.commons.complex.Complex.equals(Complex.java:1312)
	at org.apache.commons.complex.Complex.equals(Complex.java:1312)
	at org.apache.commons.complex.Complex.equals(Complex.java:1312)
	at org.apache.commons.complex.Complex.equals(Complex.java:1312)
	at org.apache.commons.complex.Complex.equals(Complex.java:1312)
	at org.apache.commons.complex.Complex.equals(Complex.java:1312)
	at org.apache.commons.complex.Complex.equals(Complex.java:1312)
	at org.apache.commons.complex.Complex.equals(Complex.java:1312)
	at org.apache.commons.complex.Complex.equals(Complex.java:1312)
	at org.apache.commons.complex.Complex.equals(Complex.java:1312)
	at org.apache.commons.complex.Complex.equals(Complex.java:1312)
	at org.apache.commons.complex.Complex.equals(Complex.java:1312)
	at org.apache.commons.complex.Complex.equals(Complex.java:1312)
	at org.apache.commons.complex.Complex.equals(Complex.java:1312)
	at org.apache.commons.complex.Complex.equals(Complex.java:1312)
	at org.apache.commons.complex.Complex.equals(Complex.java:1312)
	at org.apache.commons.complex.Complex.equals(Complex.java:1312)
	at org.apache.commons.complex.Complex.equals(Complex.java:1312)
	at org.apache.commons.complex.Complex.equals(Complex.java:1312)
	at org.apache.commons.complex.Complex.equals(Complex.java:1312)
	at org.apache.commons.complex.Complex.equals(Complex.java:1312)
	at org.apache.commons.complex.Complex.equals(Complex.java:1312)
	at org.apache.commons.complex.Complex.equals(Complex.java:1312)
	at org.apache.commons.complex.Complex.equals(Complex.java:1312)
	at org.apache.commons.complex.Complex.equals(Complex.java:1312)
	at org.apache.commons.complex.Complex.equals(Complex.java:1312)
	at org.apache.commons.complex.Complex.equals(Complex.java:1312)
	at org.apache.commons.complex.Complex.equals(Complex.java:1312)
	at org.apache.commons.complex.Complex.equals(Complex.java:1312)
	at org.apache.commons.complex.Complex.equals(Complex.java:1312)
	at org.apache.commons.complex.Complex.equals(Complex.java:1312)
	at org.apache.commons.complex.Complex.equals(Complex.java:1312)
	at org.apache.commons.complex.Complex.equals(Complex.java:1312)
	at org.apache.commons.complex.Complex.equals(Complex.java:1312)
	at org.apache.commons.complex.Complex.equals(Complex.java:1312)
	at org.apache.commons.complex.Complex.equals(Complex.java:1312)
	at org.apache.commons.complex.Complex.equals(Complex.java:1312)
	at org.apache.commons.complex.Complex.equals(Complex.java:1312)
	at org.apache.commons.complex.Complex.equals(Complex.java:1312)
	at org.apache.commons.complex.Complex.equals(Complex.java:1312)
	at org.apache.commons.complex.Complex.equals(Complex.java:1312)
	at org.apache.commons.complex.Complex.equals(Complex.java:1312)
	at org.apache.commons.complex.Complex.equals(Complex.java:1312)
	at org.apache.commons.complex.Complex.equals(Complex.java:1312)
	at org.apache.commons.complex.Complex.equals(Complex.java:1312)
	at org.apache.commons.complex.Complex.equals(Complex.java:1312)
	at org.apache.commons.complex.Complex.equals(Complex.java:1312)
	at org.apache.commons.complex.Complex.equals(Complex.java:1312)
	at org.apache.commons.complex.Complex.equals(Complex.java:1312)
	at org.apache.commons.complex.Complex.equals(Complex.java:1312)
	at org.apache.commons.complex.Complex.equals(Complex.java:1312)
	at org.apache.commons.complex.Complex.equals(Complex.java:1312)
	at org.apache.commons.complex.Complex.equals(Complex.java:1312)
	at org.apache.commons.complex.Complex.equals(Complex.java:1312)
	at org.apache.commons.complex.Complex.equals(Complex.java:1312)
	at org.apache.commons.complex.Complex.equals(Complex.java:1312)
	at org.apache.commons.complex.Complex.equals(Complex.java:1312)
	at org.apache.commons.complex.Complex.equals(Complex.java:1312)
	at org.apache.commons.complex.Complex.equals(Complex.java:1312)
	at org.apache.commons.complex.Complex.equals(Complex.java:1312)
	at org.apache.commons.complex.Complex.equals(Complex.java:1312)
	at org.apache.commons.complex.Complex.equals(Complex.java:1312)
	at org.apache.commons.complex.Complex.equals(Complex.java:1312)
	at org.apache.commons.complex.Complex.equals(Complex.java:1312)
	at org.apache.commons.complex.Complex.equals(Complex.java:1312)
	at org.apache.commons.complex.Complex.equals(Complex.java:1312)
	at org.apache.commons.complex.Complex.equals(Complex.java:1312)
	at org.apache.commons.complex.Complex.equals(Complex.java:1312)
	at org.apache.commons.complex.Complex.equals(Complex.java:1312)
	at org.apache.commons.complex.Complex.equals(Complex.java:1312)
	at org.apache.commons.complex.Complex.equals(Complex.java:1312)
	at org.apache.commons.complex.Complex.equals(Complex.java:1312)
	at org.apache.commons.complex.Complex.equals(Complex.java:1312)
	at org.apache.commons.complex.Complex.equals(Complex.java:1312)
	at org.apache.commons.complex.Complex.equals(Complex.java:1312)
	at org.apache.commons.complex.Complex.equals(Complex.java:1312)
	at org.apache.commons.complex.Complex.equals(Complex.java:1312)
	at org.apache.commons.complex.Complex.equals(Complex.java:1312)
	at org.apache.commons.complex.Complex.equals(Complex.java:1312)
	at org.apache.commons.complex.Complex.equals(Complex.java:1312)
	at org.apache.commons.complex.Complex.equals(Complex.java:1312)
	at org.apache.commons.complex.Complex.equals(Complex.java:1312)
	at org.apache.commons.complex.Complex.equals(Complex.java:1312)
	at org.apache.commons.complex.Complex.equals(Complex.java:1312)
	at org.apache.commons.complex.Complex.equals(Complex.java:1312)
	at org.apache.commons.complex.Complex.equals(Complex.java:1312)
	at org.apache.commons.complex.Complex.equals(Complex.java:1312)
	at org.apache.commons.complex.Complex.equals(Complex.java:1312)
	at org.apache.commons.complex.Complex.equals(Complex.java:1312)
	at org.apache.commons.complex.Complex.equals(Complex.java:1312)
	at org.apache.commons.complex.Complex.equals(Complex.java:1312)
	at org.apache.commons.complex.Complex.equals(Complex.java:1312)
	at org.apache.commons.complex.Complex.equals(Complex.java:1312)
	at org.apache.commons.complex.Complex.equals(Complex.java:1312)
	at org.apache.commons.complex.Complex.equals(Complex.java:1312)
	at org.apache.commons.complex.Complex.equals(Complex.java:1312)
	at org.apache.commons.complex.Complex.equals(Complex.java:1312)
	at org.apache.commons.complex.Complex.equals(Complex.java:1312)
	at org.apache.commons.complex.Complex.equals(Complex.java:1312)
	at org.apache.commons.complex.Complex.equals(Complex.java:1312)
	at org.apache.commons.complex.Complex.equals(Complex.java:1312)
	at org.apache.commons.complex.Complex.equals(Complex.java:1312)
	at org.apache.commons.complex.Complex.equals(Complex.java:1312)
	at org.apache.commons.complex.Complex.equals(Complex.java:1312)
	at org.apache.commons.complex.Complex.equals(Complex.java:1312)
	at org.apache.commons.complex.Complex.equals(Complex.java:1312)
	at org.apache.commons.complex.Complex.equals(Complex.java:1312)
	at org.apache.commons.complex.Complex.equals(Complex.java:1312)
	at org.apache.commons.complex.Complex.equals(Complex.java:1312)
	at org.apache.commons.complex.Complex.equals(Complex.java:1312)
	at org.apache.commons.complex.Complex.equals(Complex.java:1312)
	at org.apache.commons.complex.Complex.equals(Complex.java:1312)
	at org.apache.commons.complex.Complex.equals(Complex.java:1312)
	at org.apache.commons.complex.Complex.equals(Complex.java:1312)
	at org.apache.commons.complex.Complex.equals(Complex.java:1312)
	at org.apache.commons.complex.Complex.equals(Complex.java:1312)
	at org.apache.commons.complex.Complex.equals(Complex.java:1312)
	at org.apache.commons.complex.Complex.equals(Complex.java:1312)
	at org.apache.commons.complex.Complex.equals(Complex.java:1312)
	at org.apache.commons.complex.Complex.equals(Complex.java:1312)
	at org.apache.commons.complex.Complex.equals(Complex.java:1312)
	at org.apache.commons.complex.Complex.equals(Complex.java:1312)
	at org.apache.commons.complex.Complex.equals(Complex.java:1312)
	at org.apache.commons.complex.Complex.equals(Complex.java:1312)
	at org.apache.commons.complex.Complex.equals(Complex.java:1312)
	at org.apache.commons.complex.Complex.equals(Complex.java:1312)
	at org.apache.commons.complex.Complex.equals(Complex.java:1312)
	at org.apache.commons.complex.Complex.equals(Complex.java:1312)
	at org.apache.commons.complex.Complex.equals(Complex.java:1312)
	at org.apache.commons.complex.Complex.equals(Complex.java:1312)
	at org.apache.commons.complex.Complex.equals(Complex.java:1312)
	at org.apache.commons.complex.Complex.equals(Complex.java:1312)
	at org.apache.commons.complex.Complex.equals(Complex.java:1312)
	at org.apache.commons.complex.Complex.equals(Complex.java:1312)
	at org.apache.commons.complex.Complex.equals(Complex.java:1312)
	at org.apache.commons.complex.Complex.equals(Complex.java:1312)
	at org.apache.commons.complex.Complex.equals(Complex.java:1312)
	at org.apache.commons.complex.Complex.equals(Complex.java:1312)
	at org.apache.commons.complex.Complex.equals(Complex.java:1312)
	at org.apache.commons.complex.Complex.equals(Complex.java:1312)
	at org.apache.commons.complex.Complex.equals(Complex.java:1312)
	at org.apache.commons.complex.Complex.equals(Complex.java:1312)
	at org.apache.commons.complex.Complex.equals(Complex.java:1312)
	at org.apache.commons.complex.Complex.equals(Complex.java:1312)
	at org.apache.commons.complex.Complex.equals(Complex.java:1312)
	at org.apache.commons.complex.Complex.equals(Complex.java:1312)
	at org.apache.commons.complex.Complex.equals(Complex.java:1312)
	at org.apache.commons.complex.Complex.equals(Complex.java:1312)
	at org.apache.commons.complex.Complex.equals(Complex.java:1312)
	at org.apache.commons.complex.Complex.equals(Complex.java:1312)
	at org.apache.commons.complex.Complex.equals(Complex.java:1312)
	at org.apache.commons.complex.Complex.equals(Complex.java:1312)
	at org.apache.commons.complex.Complex.equals(Complex.java:1312)
	at org.apache.commons.complex.Complex.equals(Complex.java:1312)
	at org.apache.commons.complex.Complex.equals(Complex.java:1312)
	at org.apache.commons.complex.Complex.equals(Complex.java:1312)
	at org.apache.commons.complex.Complex.equals(Complex.java:1312)
	at org.apache.commons.complex.Complex.equals(Complex.java:1312)
	at org.apache.commons.complex.Complex.equals(Complex.java:1312)
	at org.apache.commons.complex.Complex.equals(Complex.java:1312)
	at org.apache.commons.complex.Complex.equals(Complex.java:1312)
	at org.apache.commons.complex.Complex.equals(Complex.java:1312)
	at org.apache.commons.complex.Complex.equals(Complex.java:1312)
	at org.apache.commons.complex.Complex.equals(Complex.java:1312)
	at org.apache.commons.complex.Complex.equals(Complex.java:1312)
	at org.apache.commons.complex.Complex.equals(Complex.java:1312)
	at org.apache.commons.complex.Complex.equals(Complex.java:1312)
	at org.apache.commons.complex.Complex.equals(Complex.java:1312)
	at org.apache.commons.complex.Complex.equals(Complex.java:1312)
	at org.apache.commons.complex.Complex.equals(Complex.java:1312)
	at org.apache.commons.complex.Complex.equals(Complex.java:1312)
	at org.apache.commons.complex.Complex.equals(Complex.java:1312)
	at org.apache.commons.complex.Complex.equals(Complex.java:1312)
	at org.apache.commons.complex.Complex.equals(Complex.java:1312)
	at org.apache.commons.complex.Complex.equals(Complex.java:1312)
	at org.apache.commons.complex.Complex.equals(Complex.java:1312)
	at org.apache.commons.complex.Complex.equals(Complex.java:1312)
	at org.apache.commons.complex.Complex.equals(Complex.java:1312)
	at org.apache.commons.complex.Complex.equals(Complex.java:1312)
	at org.apache.commons.complex.Complex.equals(Complex.java:1312)
	at org.apache.commons.complex.Complex.equals(Complex.java:1312)
	at org.apache.commons.complex.Complex.equals(Complex.java:1312)
	at org.apache.commons.complex.Complex.equals(Complex.java:1312)
	at org.apache.commons.complex.Complex.equals(Complex.java:1312)
	at org.apache.commons.complex.Complex.equals(Complex.java:1312)
	at org.apache.commons.complex.Complex.equals(Complex.java:1312)
	at org.apache.commons.complex.Complex.equals(Complex.java:1312)
	at org.apache.commons.complex.Complex.equals(Complex.java:1312)
	at org.apache.commons.complex.Complex.equals(Complex.java:1312)
	at org.apache.commons.complex.Complex.equals(Complex.java:1312)
	at org.apache.commons.complex.Complex.equals(Complex.java:1312)
	at org.apache.commons.complex.Complex.equals(Complex.java:1312)
	at org.apache.commons.complex.Complex.equals(Complex.java:1312)
	at org.apache.commons.complex.Complex.equals(Complex.java:1312)
	at org.apache.commons.complex.Complex.equals(Complex.java:1312)
	at org.apache.commons.complex.Complex.equals(Complex.java:1312)
	at org.apache.commons.complex.Complex.equals(Complex.java:1312)
	at org.apache.commons.complex.Complex.equals(Complex.java:1312)
	at org.apache.commons.complex.Complex.equals(Complex.java:1312)
	at org.apache.commons.complex.Complex.equals(Complex.java:1312)
	at org.apache.commons.complex.Complex.equals(Complex.java:1312)
	at org.apache.commons.complex.Complex.equals(Complex.java:1312)
	at org.apache.commons.complex.Complex.equals(Complex.java:1312)
	at org.apache.commons.complex.Complex.equals(Complex.java:1312)
	at org.apache.commons.complex.Complex.equals(Complex.java:1312)
	at org.apache.commons.complex.Complex.equals(Complex.java:1312)
	at org.apache.commons.complex.Complex.equals(Complex.java:1312)
	at org.apache.commons.complex.Complex.equals(Complex.java:1312)
	at org.apache.commons.complex.Complex.equals(Complex.java:1312)
	at org.apache.commons.complex.Complex.equals(Complex.java:1312)
	at org.apache.commons.complex.Complex.equals(Complex.java:1312)
	at org.apache.commons.complex.Complex.equals(Complex.java:1312)
	at org.apache.commons.complex.Complex.equals(Complex.java:1312)
	at org.apache.commons.complex.Complex.equals(Complex.java:1312)
	at org.apache.commons.complex.Complex.equals(Complex.java:1312)
	at org.apache.commons.complex.Complex.equals(Complex.java:1312)
	at org.apache.commons.complex.Complex.equals(Complex.java:1312)
	at org.apache.commons.complex.Complex.equals(Complex.java:1312)
	at org.apache.commons.complex.Complex.equals(Complex.java:1312)
	at org.apache.commons.complex.Complex.equals(Complex.java:1312)
	at org.apache.commons.complex.Complex.equals(Complex.java:1312)
	at org.apache.commons.complex.Complex.equals(Complex.java:1312)
	at org.apache.commons.complex.Complex.equals(Complex.java:1312)
	at org.apache.commons.complex.Complex.equals(Complex.java:1312)
	at org.apache.commons.complex.Complex.equals(Complex.java:1312)
	at org.apache.commons.complex.Complex.equals(Complex.java:1312)
	at org.apache.commons.complex.Complex.equals(Complex.java:1312)
	at org.apache.commons.complex.Complex.equals(Complex.java:1312)
	at org.apache.commons.complex.Complex.equals(Complex.java:1312)
	at org.apache.commons.complex.Complex.equals(Complex.java:1312)
	at org.apache.commons.complex.Complex.equals(Complex.java:1312)
	at org.apache.commons.complex.Complex.equals(Complex.java:1312)
	at org.apache.commons.complex.Complex.equals(Complex.java:1312)
	at org.apache.commons.complex.Complex.equals(Complex.java:1312)
	at org.apache.commons.complex.Complex.equals(Complex.java:1312)
	at org.apache.commons.complex.Complex.equals(Complex.java:1312)
	at org.apache.commons.complex.Complex.equals(Complex.java:1312)
	at org.apache.commons.complex.Complex.equals(Complex.java:1312)
	at org.apache.commons.complex.Complex.equals(Complex.java:1312)
	at org.apache.commons.complex.Complex.equals(Complex.java:1312)
	at org.apache.commons.complex.Complex.equals(Complex.java:1312)
	at org.apache.commons.complex.Complex.equals(Complex.java:1312)
	at org.apache.commons.complex.Complex.equals(Complex.java:1312)
	at org.apache.commons.complex.Complex.equals(Complex.java:1312)
	at org.apache.commons.complex.Complex.equals(Complex.java:1312)
	at org.apache.commons.complex.Complex.equals(Complex.java:1312)
	at org.apache.commons.complex.Complex.equals(Complex.java:1312)
	at org.apache.commons.complex.Complex.equals(Complex.java:1312)
	at org.apache.commons.complex.Complex.equals(Complex.java:1312)
	at org.apache.commons.complex.Complex.equals(Complex.java:1312)
	at org.apache.commons.complex.Complex.equals(Complex.java:1312)
	at org.apache.commons.complex.Complex.equals(Complex.java:1312)
	at org.apache.commons.complex.Complex.equals(Complex.java:1312)
	at org.apache.commons.complex.Complex.equals(Complex.java:1312)
	at org.apache.commons.complex.Complex.equals(Complex.java:1312)
	at org.apache.commons.complex.Complex.equals(Complex.java:1312)
	at org.apache.commons.complex.Complex.equals(Complex.java:1312)
	at org.apache.commons.complex.Complex.equals(Complex.java:1312)
	at org.apache.commons.complex.Complex.equals(Complex.java:1312)
	at org.apache.commons.complex.Complex.equals(Complex.java:1312)
	at org.apache.commons.complex.Complex.equals(Complex.java:1312)
	at org.apache.commons.complex.Complex.equals(Complex.java:1312)
	at org.apache.commons.complex.Complex.equals(Complex.java:1312)
	at org.apache.commons.complex.Complex.equals(Complex.java:1312)
	at org.apache.commons.complex.Complex.equals(Complex.java:1312)
	at org.apache.commons.complex.Complex.equals(Complex.java:1312)
	at org.apache.commons.complex.Complex.equals(Complex.java:1312)
	at org.apache.commons.complex.Complex.equals(Complex.java:1312)
	at org.apache.commons.complex.Complex.equals(Complex.java:1312)
	at org.apache.commons.complex.Complex.equals(Complex.java:1312)
	at org.apache.commons.complex.Complex.equals(Complex.java:1312)
	at org.apache.commons.complex.Complex.equals(Complex.java:1312)
	at org.apache.commons.complex.Complex.equals(Complex.java:1312)
	at org.apache.commons.complex.Complex.equals(Complex.java:1312)
	at org.apache.commons.complex.Complex.equals(Complex.java:1312)
	at org.apache.commons.complex.Complex.equals(Complex.java:1312)
	at org.apache.commons.complex.Complex.equals(Complex.java:1312)
	at org.apache.commons.complex.Complex.equals(Complex.java:1312)
	at org.apache.commons.complex.Complex.equals(Complex.java:1312)
	at org.apache.commons.complex.Complex.equals(Complex.java:1312)
	at org.apache.commons.complex.Complex.equals(Complex.java:1312)
	at org.apache.commons.complex.Complex.equals(Complex.java:1312)
	at org.apache.commons.complex.Complex.equals(Complex.java:1312)
	at org.apache.commons.complex.Complex.equals(Complex.java:1312)
	at org.apache.commons.complex.Complex.equals(Complex.java:1312)
	at org.apache.commons.complex.Complex.equals(Complex.java:1312)
	at org.apache.commons.complex.Complex.equals(Complex.java:1312)
	at org.apache.commons.complex.Complex.equals(Complex.java:1312)
	at org.apache.commons.complex.Complex.equals(Complex.java:1312)
	at org.apache.commons.complex.Complex.equals(Complex.java:1312)
	at org.apache.commons.complex.Complex.equals(Complex.java:1312)
	at org.apache.commons.complex.Complex.equals(Complex.java:1312)
	at org.apache.commons.complex.Complex.equals(Complex.java:1312)
	at org.apache.commons.complex.Complex.equals(Complex.java:1312)
	at org.apache.commons.complex.Complex.equals(Complex.java:1312)
	at org.apache.commons.complex.Complex.equals(Complex.java:1312)
	at org.apache.commons.complex.Complex.equals(Complex.java:1312)
	at org.apache.commons.complex.Complex.equals(Complex.java:1312)
	at org.apache.commons.complex.Complex.equals(Complex.java:1312)
	at org.apache.commons.complex.Complex.equals(Complex.java:1312)
	at org.apache.commons.complex.Complex.equals(Complex.java:1312)
	at org.apache.commons.complex.Complex.equals(Complex.java:1312)
	at org.apache.commons.complex.Complex.equals(Complex.java:1312)
	at org.apache.commons.complex.Complex.equals(Complex.java:1312)
	at org.apache.commons.complex.Complex.equals(Complex.java:1312)
	at org.apache.commons.complex.Complex.equals(Complex.java:1312)
	at org.apache.commons.complex.Complex.equals(Complex.java:1312)
	at org.apache.commons.complex.Complex.equals(Complex.java:1312)
	at org.apache.commons.complex.Complex.equals(Complex.java:1312)
	at org.apache.commons.complex.Complex.equals(Complex.java:1312)
	at org.apache.commons.complex.Complex.equals(Complex.java:1312)
	at org.apache.commons.complex.Complex.equals(Complex.java:1312)
	at org.apache.commons.complex.Complex.equals(Complex.java:1312)
	at org.apache.commons.complex.Complex.equals(Complex.java:1312)
	at org.apache.commons.complex.Complex.equals(Complex.java:1312)
	at org.apache.commons.complex.Complex.equals(Complex.java:1312)
	at org.apache.commons.complex.Complex.equals(Complex.java:1312)
	at org.apache.commons.complex.Complex.equals(Complex.java:1312)
	at org.apache.commons.complex.Complex.equals(Complex.java:1312)
	at org.apache.commons.complex.Complex.equals(Complex.java:1312)
	at org.apache.commons.complex.Complex.equals(Complex.java:1312)
	at org.apache.commons.complex.Complex.equals(Complex.java:1312)
	at org.apache.commons.complex.Complex.equals(Complex.java:1312)
	at org.apache.commons.complex.Complex.equals(Complex.java:1312)
	at org.apache.commons.complex.Complex.equals(Complex.java:1312)
	at org.apache.commons.complex.Complex.equals(Complex.java:1312)
	at org.apache.commons.complex.Complex.equals(Complex.java:1312)
	at org.apache.commons.complex.Complex.equals(Complex.java:1312)
	at org.apache.commons.complex.Complex.equals(Complex.java:1312)
	at org.apache.commons.complex.Complex.equals(Complex.java:1312)
	at org.apache.commons.complex.Complex.equals(Complex.java:1312)
	at org.apache.commons.complex.Complex.equals(Complex.java:1312)
	at org.apache.commons.complex.Complex.equals(Complex.java:1312)
	at org.apache.commons.complex.Complex.equals(Complex.java:1312)
	at org.apache.commons.complex.Complex.equals(Complex.java:1312)
	at org.apache.commons.complex.Complex.equals(Complex.java:1312)
	at org.apache.commons.complex.Complex.equals(Complex.java:1312)
	at org.apache.commons.complex.Complex.equals(Complex.java:1312)
	at org.apache.commons.complex.Complex.equals(Complex.java:1312)
	at org.apache.commons.complex.Complex.equals(Complex.java:1312)
	at org.apache.commons.complex.Complex.equals(Complex.java:1312)
	at org.apache.commons.complex.Complex.equals(Complex.java:1312)
	at org.apache.commons.complex.Complex.equals(Complex.java:1312)
	at org.apache.commons.complex.Complex.equals(Complex.java:1312)
	at org.apache.commons.complex.Complex.equals(Complex.java:1312)
	at org.apache.commons.complex.Complex.equals(Complex.java:1312)
	at org.apache.commons.complex.Complex.equals(Complex.java:1312)
	at org.apache.commons.complex.Complex.equals(Complex.java:1312)
	at org.apache.commons.complex.Complex.equals(Complex.java:1312)
	at org.apache.commons.complex.Complex.equals(Complex.java:1312)
	at org.apache.commons.complex.Complex.equals(Complex.java:1312)
	at org.apache.commons.complex.Complex.equals(Complex.java:1312)
	at org.apache.commons.complex.Complex.equals(Complex.java:1312)
	at org.apache.commons.complex.Complex.equals(Complex.java:1312)
	at org.apache.commons.complex.Complex.equals(Complex.java:1312)
	at org.apache.commons.complex.Complex.equals(Complex.java:1312)
	at org.apache.commons.complex.Complex.equals(Complex.java:1312)
	at org.apache.commons.complex.Complex.equals(Complex.java:1312)
	at org.apache.commons.complex.Complex.equals(Complex.java:1312)
	at org.apache.commons.complex.Complex.equals(Complex.java:1312)
	at org.apache.commons.complex.Complex.equals(Complex.java:1312)
	at org.apache.commons.complex.Complex.equals(Complex.java:1312)
	at org.apache.commons.complex.Complex.equals(Complex.java:1312)
	at org.apache.commons.complex.Complex.equals(Complex.java:1312)
	at org.apache.commons.complex.Complex.equals(Complex.java:1312)
	at org.apache.commons.complex.Complex.equals(Complex.java:1312)
	at org.apache.commons.complex.Complex.equals(Complex.java:1312)
	at org.apache.commons.complex.Complex.equals(Complex.java:1312)
	at org.apache.commons.complex.Complex.equals(Complex.java:1312)
	at org.apache.commons.complex.Complex.equals(Complex.java:1312)
	at org.apache.commons.complex.Complex.equals(Complex.java:1312)
	at org.apache.commons.complex.Complex.equals(Complex.java:1312)
	at org.apache.commons.complex.Complex.equals(Complex.java:1312)
	at org.apache.commons.complex.Complex.equals(Complex.java:1312)
	at org.apache.commons.complex.Complex.equals(Complex.java:1312)
	at org.apache.commons.complex.Complex.equals(Complex.java:1312)
	at org.apache.commons.complex.Complex.equals(Complex.java:1312)
	at org.apache.commons.complex.Complex.equals(Complex.java:1312)
	at org.apache.commons.complex.Complex.equals(Complex.java:1312)
	at org.apache.commons.complex.Complex.equals(Complex.java:1312)
	at org.apache.commons.complex.Complex.equals(Complex.java:1312)
	at org.apache.commons.complex.Complex.equals(Complex.java:1312)
	at org.apache.commons.complex.Complex.equals(Complex.java:1312)
	at org.apache.commons.complex.Complex.equals(Complex.java:1312)
	at org.apache.commons.complex.Complex.equals(Complex.java:1312)
	at org.apache.commons.complex.Complex.equals(Complex.java:1312)
	at org.apache.commons.complex.Complex.equals(Complex.java:1312)
	at org.apache.commons.complex.Complex.equals(Complex.java:1312)
	at org.apache.commons.complex.Complex.equals(Complex.java:1312)
	at org.apache.commons.complex.Complex.equals(Complex.java:1312)
	at org.apache.commons.complex.Complex.equals(Complex.java:1312)
	at org.apache.commons.complex.Complex.equals(Complex.java:1312)
	at org.apache.commons.complex.Complex.equals(Complex.java:1312)
	at org.apache.commons.complex.Complex.equals(Complex.java:1312)
	at org.apache.commons.complex.Complex.equals(Complex.java:1312)
	at org.apache.commons.complex.Complex.equals(Complex.java:1312)
	at org.apache.commons.complex.Complex.equals(Complex.java:1312)
	at org.apache.commons.complex.Complex.equals(Complex.java:1312)
	at org.apache.commons.complex.Complex.equals(Complex.java:1312)
	at org.apache.commons.complex.Complex.equals(Complex.java:1312)
	at org.apache.commons.complex.Complex.equals(Complex.java:1312)
	at org.apache.commons.complex.Complex.equals(Complex.java:1312)
	at org.apache.commons.complex.Complex.equals(Complex.java:1312)
	at org.apache.commons.complex.Complex.equals(Complex.java:1312)
	at org.apache.commons.complex.Complex.equals(Complex.java:1312)
	at org.apache.commons.complex.Complex.equals(Complex.java:1312)
	at org.apache.commons.complex.Complex.equals(Complex.java:1312)
	at org.apache.commons.complex.Complex.equals(Complex.java:1312)
	at org.apache.commons.complex.Complex.equals(Complex.java:1312)
	at org.apache.commons.complex.Complex.equals(Complex.java:1312)
	at org.apache.commons.complex.Complex.equals(Complex.java:1312)
	at org.apache.commons.complex.Complex.equals(Complex.java:1312)
	at org.apache.commons.complex.Complex.equals(Complex.java:1312)
	at org.apache.commons.complex.Complex.equals(Complex.java:1312)
	at org.apache.commons.complex.Complex.equals(Complex.java:1312)
	at org.apache.commons.complex.Complex.equals(Complex.java:1312)
	at org.apache.commons.complex.Complex.equals(Complex.java:1312)
	at org.apache.commons.complex.Complex.equals(Complex.java:1312)
	at org.apache.commons.complex.Complex.equals(Complex.java:1312)
	at org.apache.commons.complex.Complex.equals(Complex.java:1312)
	at org.apache.commons.complex.Complex.equals(Complex.java:1312)
	at org.apache.commons.complex.Complex.equals(Complex.java:1312)
	at org.apache.commons.complex.Complex.equals(Complex.java:1312)
	at org.apache.commons.complex.Complex.equals(Complex.java:1312)
	at org.apache.commons.complex.Complex.equals(Complex.java:1312)
	at org.apache.commons.complex.Complex.equals(Complex.java:1312)
	at org.apache.commons.complex.Complex.equals(Complex.java:1312)
	at org.apache.commons.complex.Complex.equals(Complex.java:1312)
	at org.apache.commons.complex.Complex.equals(Complex.java:1312)
	at org.apache.commons.complex.Complex.equals(Complex.java:1312)
	at org.apache.commons.complex.Complex.equals(Complex.java:1312)
	at org.apache.commons.complex.Complex.equals(Complex.java:1312)
	at org.apache.commons.complex.Complex.equals(Complex.java:1312)
	at org.apache.commons.complex.Complex.equals(Complex.java:1312)
	at org.apache.commons.complex.Complex.equals(Complex.java:1312)
	at org.apache.commons.complex.Complex.equals(Complex.java:1312)
	at org.apache.commons.complex.Complex.equals(Complex.java:1312)
	at org.apache.commons.complex.Complex.equals(Complex.java:1312)
	at org.apache.commons.complex.Complex.equals(Complex.java:1312)
	at org.apache.commons.complex.Complex.equals(Complex.java:1312)
	at org.apache.commons.complex.Complex.equals(Complex.java:1312)
	at org.apache.commons.complex.Complex.equals(Complex.java:1312)
	at org.apache.commons.complex.Complex.equals(Complex.java:1312)
	at org.apache.commons.complex.Complex.equals(Complex.java:1312)
	at org.apache.commons.complex.Complex.equals(Complex.java:1312)
	at org.apache.commons.complex.Complex.equals(Complex.java:1312)
	at org.apache.commons.complex.Complex.equals(Complex.java:1312)
	at org.apache.commons.complex.Complex.equals(Complex.java:1312)
	at org.apache.commons.complex.Complex.equals(Complex.java:1312)
	at org.apache.commons.complex.Complex.equals(Complex.java:1312)
	at org.apache.commons.complex.Complex.equals(Complex.java:1312)
	at org.apache.commons.complex.Complex.equals(Complex.java:1312)
	at org.apache.commons.complex.Complex.equals(Complex.java:1312)
	at org.apache.commons.complex.Complex.equals(Complex.java:1312)
	at org.apache.commons.complex.Complex.equals(Complex.java:1312)
	at org.apache.commons.complex.Complex.equals(Complex.java:1312)
	at org.apache.commons.complex.Complex.equals(Complex.java:1312)
	at org.apache.commons.complex.Complex.equals(Complex.java:1312)
	at org.apache.commons.complex.Complex.equals(Complex.java:1312)
	at org.apache.commons.complex.Complex.equals(Complex.java:1312)
	at org.apache.commons.complex.Complex.equals(Complex.java:1312)
	at org.apache.commons.complex.Complex.equals(Complex.java:1312)
	at org.apache.commons.complex.Complex.equals(Complex.java:1312)
	at org.apache.commons.complex.Complex.equals(Complex.java:1312)
	at org.apache.commons.complex.Complex.equals(Complex.java:1312)
	at org.apache.commons.complex.Complex.equals(Complex.java:1312)
	at org.apache.commons.complex.Complex.equals(Complex.java:1312)
	at org.apache.commons.complex.Complex.equals(Complex.java:1312)
	at org.apache.commons.complex.Complex.equals(Complex.java:1312)
	at org.apache.commons.complex.Complex.equals(Complex.java:1312)
	at org.apache.commons.complex.Complex.equals(Complex.java:1312)
	at org.apache.commons.complex.Complex.equals(Complex.java:1312)
	at org.apache.commons.complex.Complex.equals(Complex.java:1312)
	at org.apache.commons.complex.Complex.equals(Complex.java:1312)
	at org.apache.commons.complex.Complex.equals(Complex.java:1312)
	at org.apache.commons.complex.Complex.equals(Complex.java:1312)
	at org.apache.commons.complex.Complex.equals(Complex.java:1312)
	at org.apache.commons.complex.Complex.equals(Complex.java:1312)
	at org.apache.commons.complex.Complex.equals(Complex.java:1312)
	at org.apache.commons.complex.Complex.equals(Complex.java:1312)
	at org.apache.commons.complex.Complex.equals(Complex.java:1312)
	at org.apache.commons.complex.Complex.equals(Complex.java:1312)
	at org.apache.commons.complex.Complex.equals(Complex.java:1312)
	at org.apache.commons.complex.Complex.equals(Complex.java:1312)
	at org.apache.commons.complex.Complex.equals(Complex.java:1312)
	at org.apache.commons.complex.Complex.equals(Complex.java:1312)
	at org.apache.commons.complex.Complex.equals(Complex.java:1312)
	at org.apache.commons.complex.Complex.equals(Complex.java:1312)
	at org.apache.commons.complex.Complex.equals(Complex.java:1312)
	at org.apache.commons.complex.Complex.equals(Complex.java:1312)
	at org.apache.commons.complex.Complex.equals(Complex.java:1312)
	at org.apache.commons.complex.Complex.equals(Complex.java:1312)
	at org.apache.commons.complex.Complex.equals(Complex.java:1312)
	at org.apache.commons.complex.Complex.equals(Complex.java:1312)
	at org.apache.commons.complex.Complex.equals(Complex.java:1312)
	at org.apache.commons.complex.Complex.equals(Complex.java:1312)
	at org.apache.commons.complex.Complex.equals(Complex.java:1312)
	at org.apache.commons.complex.Complex.equals(Complex.java:1312)
	at org.apache.commons.complex.Complex.equals(Complex.java:1312)
	at org.apache.commons.complex.Complex.equals(Complex.java:1312)
	at org.apache.commons.complex.Complex.equals(Complex.java:1312)
	at org.apache.commons.complex.Complex.equals(Complex.java:1312)
	at org.apache.commons.complex.Complex.equals(Complex.java:1312)
	at org.apache.commons.complex.Complex.equals(Complex.java:1312)
	at org.apache.commons.complex.Complex.equals(Complex.java:1312)
	at org.apache.commons.complex.Complex.equals(Complex.java:1312)
	at org.apache.commons.complex.Complex.equals(Complex.java:1312)
	at org.apache.commons.complex.Complex.equals(Complex.java:1312)
	at org.apache.commons.complex.Complex.equals(Complex.java:1312)
	at org.apache.commons.complex.Complex.equals(Complex.java:1312)
	at org.apache.commons.complex.Complex.equals(Complex.java:1312)
	at org.apache.commons.complex.Complex.equals(Complex.java:1312)
	at org.apache.commons.complex.Complex.equals(Complex.java:1312)
	at org.apache.commons.complex.Complex.equals(Complex.java:1312)
	at org.apache.commons.complex.Complex.equals(Complex.java:1312)
	at org.apache.commons.complex.Complex.equals(Complex.java:1312)
	at org.apache.commons.complex.Complex.equals(Complex.java:1312)
	at org.apache.commons.complex.Complex.equals(Complex.java:1312)
	at org.apache.commons.complex.Complex.equals(Complex.java:1312)
	at org.apache.commons.complex.Complex.equals(Complex.java:1312)
	at org.apache.commons.complex.Complex.equals(Complex.java:1312)
	at org.apache.commons.complex.Complex.equals(Complex.java:1312)
	at org.apache.commons.complex.Complex.equals(Complex.java:1312)
	at org.apache.commons.complex.Complex.equals(Complex.java:1312)
	at org.apache.commons.complex.Complex.equals(Complex.java:1312)
	at org.apache.commons.complex.Complex.equals(Complex.java:1312)
	at org.apache.commons.complex.Complex.equals(Complex.java:1312)
	at org.apache.commons.complex.Complex.equals(Complex.java:1312)
	at org.apache.commons.complex.Complex.equals(Complex.java:1312)
	at org.apache.commons.complex.Complex.equals(Complex.java:1312)
	at org.apache.commons.complex.Complex.equals(Complex.java:1312)
	at org.apache.commons.complex.Complex.equals(Complex.java:1312)
	at org.apache.commons.complex.Complex.equals(Complex.java:1312)
	at org.apache.commons.complex.Complex.equals(Complex.java:1312)
	at org.apache.commons.complex.Complex.equals(Complex.java:1312)
	at org.apache.commons.complex.Complex.equals(Complex.java:1312)
	at org.apache.commons.complex.Complex.equals(Complex.java:1312)
	at org.apache.commons.complex.Complex.equals(Complex.java:1312)
	at org.apache.commons.complex.Complex.equals(Complex.java:1312)
	at org.apache.commons.complex.Complex.equals(Complex.java:1312)
	at org.apache.commons.complex.Complex.equals(Complex.java:1312)
	at org.apache.commons.complex.Complex.equals(Complex.java:1312)
	at org.apache.commons.complex.Complex.equals(Complex.java:1312)
	at org.apache.commons.complex.Complex.equals(Complex.java:1312)
	at org.apache.commons.complex.Complex.equals(Complex.java:1312)
	at org.apache.commons.complex.Complex.equals(Complex.java:1312)
	at org.apache.commons.complex.Complex.equals(Complex.java:1312)
	at org.apache.commons.complex.Complex.equals(Complex.java:1312)
	at org.apache.commons.complex.Complex.equals(Complex.java:1312)
	at org.apache.commons.complex.Complex.equals(Complex.java:1312)
	at org.apache.commons.complex.Complex.equals(Complex.java:1312)
	at org.apache.commons.complex.Complex.equals(Complex.java:1312)
	at org.apache.commons.complex.Complex.equals(Complex.java:1312)
	at org.apache.commons.complex.Complex.equals(Complex.java:1312)
	at org.apache.commons.complex.Complex.equals(Complex.java:1312)
	at org.apache.commons.complex.Complex.equals(Complex.java:1312)
	at org.apache.commons.complex.Complex.equals(Complex.java:1312)
	at org.apache.commons.complex.Complex.equals(Complex.java:1312)
	at org.apache.commons.complex.Complex.equals(Complex.java:1312)
	at org.apache.commons.complex.Complex.equals(Complex.java:1312)
	at org.apache.commons.complex.Complex.equals(Complex.java:1312)
	at org.apache.commons.complex.Complex.equals(Complex.java:1312)
	at org.apache.commons.complex.Complex.equals(Complex.java:1312)
	at org.apache.commons.complex.Complex.equals(Complex.java:1312)
	at org.apache.commons.complex.Complex.equals(Complex.java:1312)
	at org.apache.commons.complex.Complex.equals(Complex.java:1312)
	at org.apache.commons.complex.Complex.equals(Complex.java:1312)
	at org.apache.commons.complex.Complex.equals(Complex.java:1312)
	at org.apache.commons.complex.Complex.equals(Complex.java:1312)
	at org.apache.commons.complex.Complex.equals(Complex.java:1312)
	at org.apache.commons.complex.Complex.equals(Complex.java:1312)
	at org.apache.commons.complex.Complex.equals(Complex.java:1312)
	at org.apache.commons.complex.Complex.equals(Complex.java:1312)
	at org.apache.commons.complex.Complex.equals(Complex.java:1312)
	at org.apache.commons.complex.Complex.equals(Complex.java:1312)
	at org.apache.commons.complex.Complex.equals(Complex.java:1312)
	at org.apache.commons.complex.Complex.equals(Complex.java:1312)
	at org.apache.commons.complex.Complex.equals(Complex.java:1312)
	at org.apache.commons.complex.Complex.equals(Complex.java:1312)
	at org.apache.commons.complex.Complex.equals(Complex.java:1312)
	at org.apache.commons.complex.Complex.equals(Complex.java:1312)
	at org.apache.commons.complex.Complex.equals(Complex.java:1312)
	at org.apache.commons.complex.Complex.equals(Complex.java:1312)
	at org.apache.commons.complex.Complex.equals(Complex.java:1312)
	at org.apache.commons.complex.Complex.equals(Complex.java:1312)
	at org.apache.commons.complex.Complex.equals(Complex.java:1312)
	at org.apache.commons.complex.Complex.equals(Complex.java:1312)
	at org.apache.commons.complex.Complex.equals(Complex.java:1312)
	at org.apache.commons.complex.Complex.equals(Complex.java:1312)
	at org.apache.commons.complex.Complex.equals(Complex.java:1312)
	at org.apache.commons.complex.Complex.equals(Complex.java:1312)
	at org.apache.commons.complex.Complex.equals(Complex.java:1312)
	at org.apache.commons.complex.Complex.equals(Complex.java:1312)
	at org.apache.commons.complex.Complex.equals(Complex.java:1312)
	at org.apache.commons.complex.Complex.equals(Complex.java:1312)
	at org.apache.commons.complex.Complex.equals(Complex.java:1312)
	at org.apache.commons.complex.Complex.equals(Complex.java:1312)
	at org.apache.commons.complex.Complex.equals(Complex.java:1312)
	at org.apache.commons.complex.Complex.equals(Complex.java:1312)
	at org.apache.commons.complex.Complex.equals(Complex.java:1312)
	at org.apache.commons.complex.Complex.equals(Complex.java:1312)
	at org.apache.commons.complex.Complex.equals(Complex.java:1312)
	at org.apache.commons.complex.Complex.equals(Complex.java:1312)
	at org.apache.commons.complex.Complex.equals(Complex.java:1312)
	at org.apache.commons.complex.Complex.equals(Complex.java:1312)
	at org.apache.commons.complex.Complex.equals(Complex.java:1312)
	at org.apache.commons.complex.Complex.equals(Complex.java:1312)
	at org.apache.commons.complex.Complex.equals(Complex.java:1312)
	at org.apache.commons.complex.Complex.equals(Complex.java:1312)
	at org.apache.commons.complex.Complex.equals(Complex.java:1312)
	at org.apache.commons.complex.Complex.equals(Complex.java:1312)
	at org.apache.commons.complex.Complex.equals(Complex.java:1312)
	at org.apache.commons.complex.Complex.equals(Complex.java:1312)
	at org.apache.commons.complex.Complex.equals(Complex.java:1312)
	at org.apache.commons.complex.Complex.equals(Complex.java:1312)
	at org.apache.commons.complex.Complex.equals(Complex.java:1312)
	at org.apache.commons.complex.Complex.equals(Complex.java:1312)
	at org.apache.commons.complex.Complex.equals(Complex.java:1312)
	at org.apache.commons.complex.Complex.equals(Complex.java:1312)
	at org.apache.commons.complex.Complex.equals(Complex.java:1312)
	at org.apache.commons.complex.Complex.equals(Complex.java:1312)
	at org.apache.commons.complex.Complex.equals(Complex.java:1312)
	at org.apache.commons.complex.Complex.equals(Complex.java:1312)
	at org.apache.commons.complex.Complex.equals(Complex.java:1312)
	at org.apache.commons.complex.Complex.equals(Complex.java:1312)
	at org.apache.commons.complex.Complex.equals(Complex.java:1312)
	at org.apache.commons.complex.Complex.equals(Complex.java:1312)
	at org.apache.commons.complex.Complex.equals(Complex.java:1312)
	at org.apache.commons.complex.Complex.equals(Complex.java:1312)
	at org.apache.commons.complex.Complex.equals(Complex.java:1312)
	at org.apache.commons.complex.Complex.equals(Complex.java:1312)
	at org.apache.commons.complex.Complex.equals(Complex.java:1312)
	at org.apache.commons.complex.Complex.equals(Complex.java:1312)
	at org.apache.commons.complex.Complex.equals(Complex.java:1312)
	at org.apache.commons.complex.Complex.equals(Complex.java:1312)
	at org.apache.commons.complex.Complex.equals(Complex.java:1312)
	at org.apache.commons.complex.Complex.equals(Complex.java:1312)
	at org.apache.commons.complex.Complex.equals(Complex.java:1312)
	at org.apache.commons.complex.Complex.equals(Complex.java:1312)
	at org.apache.commons.complex.Complex.equals(Complex.java:1312)
	at org.apache.commons.complex.Complex.equals(Complex.java:1312)
	at org.apache.commons.complex.Complex.equals(Complex.java:1312)
	at org.apache.commons.complex.Complex.equals(Complex.java:1312)
	at org.apache.commons.complex.Complex.equals(Complex.java:1312)
	at org.apache.commons.complex.Complex.equals(Complex.java:1312)
	at org.apache.commons.complex.Complex.equals(Complex.java:1312)
	at org.apache.commons.complex.Complex.equals(Complex.java:1312)
	at org.apache.commons.complex.Complex.equals(Complex.java:1312)
	at org.apache.commons.complex.Complex.equals(Complex.java:1312)
	at org.apache.commons.complex.Complex.equals(Complex.java:1312)
	at org.apache.commons.complex.Complex.equals(Complex.java:1312)
	at org.apache.commons.complex.Complex.equals(Complex.java:1312)
	at org.apache.commons.complex.Complex.equals(Complex.java:1312)
	at org.apache.commons.complex.Complex.equals(Complex.java:1312)
	at org.apache.commons.complex.Complex.equals(Complex.java:1312)
	at org.apache.commons.complex.Complex.equals(Complex.java:1312)
	at org.apache.commons.complex.Complex.equals(Complex.java:1312)
	at org.apache.commons.complex.Complex.equals(Complex.java:1312)
	at org.apache.commons.complex.Complex.equals(Complex.java:1312)
	at org.apache.commons.complex.Complex.equals(Complex.java:1312)
	at org.apache.commons.complex.Complex.equals(Complex.java:1312)
	at org.apache.commons.complex.Complex.equals(Complex.java:1312)
	at org.apache.commons.complex.Complex.equals(Complex.java:1312)
	at org.apache.commons.complex.Complex.equals(Complex.java:1312)
	at org.apache.commons.complex.Complex.equals(Complex.java:1312)
	at org.apache.commons.complex.Complex.equals(Complex.java:1312)
	at org.apache.commons.complex.Complex.equals(Complex.java:1312)
	at org.apache.commons.complex.Complex.equals(Complex.java:1312)
	at org.apache.commons.complex.Complex.equals(Complex.java:1312)
	at org.apache.commons.complex.Complex.equals(Complex.java:1312)
	at org.apache.commons.complex.Complex.equals(Complex.java:1312)
	at org.apache.commons.complex.Complex.equals(Complex.java:1312)
	at org.apache.commons.complex.Complex.equals(Complex.java:1312)
	at org.apache.commons.complex.Complex.equals(Complex.java:1312)
	at org.apache.commons.complex.Complex.equals(Complex.java:1312)
	at org.apache.commons.complex.Complex.equals(Complex.java:1312)
	at org.apache.commons.complex.Complex.equals(Complex.java:1312)
	at org.apache.commons.complex.Complex.equals(Complex.java:1312)
	at org.apache.commons.complex.Complex.equals(Complex.java:1312)
	at org.apache.commons.complex.Complex.equals(Complex.java:1312)
	at org.apache.commons.complex.Complex.equals(Complex.java:1312)
	at org.apache.commons.complex.Complex.equals(Complex.java:1312)
	at org.apache.commons.complex.Complex.equals(Complex.java:1312)
	at org.apache.commons.complex.Complex.equals(Complex.java:1312)
	at org.apache.commons.complex.Complex.equals(Complex.java:1312)
	at org.apache.commons.complex.Complex.equals(Complex.java:1312)
	at org.apache.commons.complex.Complex.equals(Complex.java:1312)
	at org.apache.commons.complex.Complex.equals(Complex.java:1312)
	at org.apache.commons.complex.Complex.equals(Complex.java:1312)
	at org.apache.commons.complex.Complex.equals(Complex.java:1312)
	at org.apache.commons.complex.Complex.equals(Complex.java:1312)
	at org.apache.commons.complex.Complex.equals(Complex.java:1312)
	at org.apache.commons.complex.Complex.equals(Complex.java:1312)
	at org.apache.commons.complex.Complex.equals(Complex.java:1312)
	at org.apache.commons.complex.Complex.equals(Complex.java:1312)
	at org.apache.commons.complex.Complex.equals(Complex.java:1312)
	at org.apache.commons.complex.Complex.equals(Complex.java:1312)
	at org.apache.commons.complex.Complex.equals(Complex.java:1312)
	at org.apache.commons.complex.Complex.equals(Complex.java:1312)
	at org.apache.commons.complex.Complex.equals(Complex.java:1312)
	at org.apache.commons.complex.Complex.equals(Complex.java:1312)
	at org.apache.commons.complex.Complex.equals(Complex.java:1312)
	at org.apache.commons.complex.Complex.equals(Complex.java:1312)
	at org.apache.commons.complex.Complex.equals(Complex.java:1312)
	at org.apache.commons.complex.Complex.equals(Complex.java:1312)
	at org.apache.commons.complex.Complex.equals(Complex.java:1312)
	at org.apache.commons.complex.Complex.equals(Complex.java:1312)
	at org.apache.commons.complex.Complex.equals(Complex.java:1312)
	at org.apache.commons.complex.Complex.equals(Complex.java:1312)
	at org.apache.commons.complex.Complex.equals(Complex.java:1312)
	at org.apache.commons.complex.Complex.equals(Complex.java:1312)
	at org.apache.commons.complex.Complex.equals(Complex.java:1312)
	at org.apache.commons.complex.Complex.equals(Complex.java:1312)
	at org.apache.commons.complex.Complex.equals(Complex.java:1312)
	at org.apache.commons.complex.Complex.equals(Complex.java:1312)
	at org.apache.commons.complex.Complex.equals(Complex.java:1312)
	at org.apache.commons.complex.Complex.equals(Complex.java:1312)
	at org.apache.commons.complex.Complex.equals(Complex.java:1312)
	at org.apache.commons.complex.Complex.equals(Complex.java:1312)
	at org.apache.commons.complex.Complex.equals(Complex.java:1312)
	at org.apache.commons.complex.Complex.equals(Complex.java:1312)
	at org.apache.commons.complex.Complex.equals(Complex.java:1312)
	at org.apache.commons.complex.Complex.equals(Complex.java:1312)
	at org.apache.commons.complex.Complex.equals(Complex.java:1312)
	at org.apache.commons.complex.Complex.equals(Complex.java:1312)
	at org.apache.commons.complex.Complex.equals(Complex.java:1312)
	at org.apache.commons.complex.Complex.equals(Complex.java:1312)
	at org.apache.commons.complex.Complex.equals(Complex.java:1312)
	at org.apache.commons.complex.Complex.equals(Complex.java:1312)
	at org.apache.commons.complex.Complex.equals(Complex.java:1312)
	at org.apache.commons.complex.Complex.equals(Complex.java:1312)
	at org.apache.commons.complex.Complex.equals(Complex.java:1312)
	at org.apache.commons.complex.Complex.equals(Complex.java:1312)
	at org.apache.commons.complex.Complex.equals(Complex.java:1312)
	at org.apache.commons.complex.Complex.equals(Complex.java:1312)
	at org.apache.commons.complex.Complex.equals(Complex.java:1312)
	at org.apache.commons.complex.Complex.equals(Complex.java:1312)
	at org.apache.commons.complex.Complex.equals(Complex.java:1312)
	at org.apache.commons.complex.Complex.equals(Complex.java:1312)
	at org.apache.commons.complex.Complex.equals(Complex.java:1312)
	at org.apache.commons.complex.Complex.equals(Complex.java:1312)
	at org.apache.commons.complex.Complex.equals(Complex.java:1312)
	at org.apache.commons.complex.Complex.equals(Complex.java:1312)
	at org.apache.commons.complex.Complex.equals(Complex.java:1312)
	at org.apache.commons.complex.Complex.equals(Complex.java:1312)
	at org.apache.commons.complex.Complex.equals(Complex.java:1312)
	at org.apache.commons.complex.Complex.equals(Complex.java:1312)
	at org.apache.commons.complex.Complex.equals(Complex.java:1312)
	at org.apache.commons.complex.Complex.equals(Complex.java:1312)
	at org.apache.commons.complex.Complex.equals(Complex.java:1312)
	at org.apache.commons.complex.Complex.equals(Complex.java:1312)
	at org.apache.commons.complex.Complex.equals(Complex.java:1312)
	at org.apache.commons.complex.Complex.equals(Complex.java:1312)
	at org.apache.commons.complex.Complex.equals(Complex.java:1312)
	at org.apache.commons.complex.Complex.equals(Complex.java:1312)
	at org.apache.commons.complex.Complex.equals(Complex.java:1312)
	at org.apache.commons.complex.Complex.equals(Complex.java:1312)
	at org.apache.commons.complex.Complex.equals(Complex.java:1312)
	at org.apache.commons.complex.Complex.equals(Complex.java:1312)
	at org.apache.commons.complex.Complex.equals(Complex.java:1312)
	at org.apache.commons.complex.Complex.equals(Complex.java:1312)
	at org.apache.commons.complex.Complex.equals(Complex.java:1312)
	at org.apache.commons.complex.Complex.equals(Complex.java:1312)
	at org.apache.commons.complex.Complex.equals(Complex.java:1312)
	at org.apache.commons.complex.Complex.equals(Complex.java:1312)
	at org.apache.commons.complex.Complex.equals(Complex.java:1312)
	at org.apache.commons.complex.Complex.equals(Complex.java:1312)
	at org.apache.commons.complex.Complex.equals(Complex.java:1312)
	at org.apache.commons.complex.Complex.equals(Complex.java:1312)
	at org.apache.commons.complex.Complex.equals(Complex.java:1312)
	at org.apache.commons.complex.Complex.equals(Complex.java:1312)
	at org.apache.commons.complex.Complex.equals(Complex.java:1312)
	at org.apache.commons.complex.Complex.equals(Complex.java:1312)
	at org.apache.commons.complex.Complex.equals(Complex.java:1312)
	at org.apache.commons.complex.Complex.equals(Complex.java:1312)
	at org.apache.commons.complex.Complex.equals(Complex.java:1312)
	at org.apache.commons.complex.Complex.equals(Complex.java:1312)
	at org.apache.commons.complex.Complex.equals(Complex.java:1312)
	at org.apache.commons.complex.Complex.equals(Complex.java:1312)
	at org.apache.commons.complex.Complex.equals(Complex.java:1312)
	at org.apache.commons.complex.Complex.equals(Complex.java:1312)
	at org.apache.commons.complex.Complex.equals(Complex.java:1312)
	at org.apache.commons.complex.Complex.equals(Complex.java:1312)
	at org.apache.commons.complex.Complex.equals(Complex.java:1312)
	at org.apache.commons.complex.Complex.equals(Complex.java:1312)
	at org.apache.commons.complex.Complex.equals(Complex.java:1312)
	at org.apache.commons.complex.Complex.equals(Complex.java:1312)
	at org.apache.commons.complex.Complex.equals(Complex.java:1312)
	at org.apache.commons.complex.Complex.equals(Complex.java:1312)
	at org.apache.commons.complex.Complex.equals(Complex.java:1312)
	at org.apache.commons.complex.Complex.equals(Complex.java:1312)
	at org.apache.commons.complex.Complex.equals(Complex.java:1312)
	at org.apache.commons.complex.Complex.equals(Complex.java:1312)
	at org.apache.commons.complex.Complex.equals(Complex.java:1312)
	at org.apache.commons.complex.Complex.equals(Complex.java:1312)
	at org.apache.commons.complex.Complex.equals(Complex.java:1312)
	at org.apache.commons.complex.Complex.equals(Complex.java:1312)
	at org.apache.commons.complex.Complex.equals(Complex.java:1312)
	at org.apache.commons.complex.Complex.equals(Complex.java:1312)
	at org.apache.commons.complex.Complex.equals(Complex.java:1312)
	at org.apache.commons.complex.Complex.equals(Complex.java:1312)
	at org.apache.commons.complex.Complex.equals(Complex.java:1312)
	at org.apache.commons.complex.Complex.equals(Complex.java:1312)
	at org.apache.commons.complex.Complex.equals(Complex.java:1312)
	at org.apache.commons.complex.Complex.equals(Complex.java:1312)
	at org.apache.commons.complex.Complex.equals(Complex.java:1312)
	at org.apache.commons.complex.Complex.equals(Complex.java:1312)
	at org.apache.commons.complex.Complex.equals(Complex.java:1312)
	at org.apache.commons.complex.Complex.equals(Complex.java:1312)
	at org.apache.commons.complex.Complex.equals(Complex.java:1312)
	at org.apache.commons.complex.Complex.equals(Complex.java:1312)
	at org.apache.commons.complex.Complex.equals(Complex.java:1312)
	at org.apache.commons.complex.Complex.equals(Complex.java:1312)
	at org.apache.commons.complex.Complex.equals(Complex.java:1312)
	at org.apache.commons.complex.Complex.equals(Complex.java:1312)
	at org.apache.commons.complex.Complex.equals(Complex.java:1312)
	at org.apache.commons.complex.Complex.equals(Complex.java:1312)
	at org.apache.commons.complex.Complex.equals(Complex.java:1312)
	at org.apache.commons.complex.Complex.equals(Complex.java:1312)
	at org.apache.commons.complex.Complex.equals(Complex.java:1312)
	at org.apache.commons.complex.Complex.equals(Complex.java:1312)
	at org.apache.commons.complex.Complex.equals(Complex.java:1312)
	at org.apache.commons.complex.Complex.equals(Complex.java:1312)
	at org.apache.commons.complex.Complex.equals(Complex.java:1312)
	at org.apache.commons.complex.Complex.equals(Complex.java:1312)
	at org.apache.commons.complex.Complex.equals(Complex.java:1312)
	at org.apache.commons.complex.Complex.equals(Complex.java:1312)
	at org.apache.commons.complex.Complex.equals(Complex.java:1312)
	at org.apache.commons.complex.Complex.equals(Complex.java:1312)
	at org.apache.commons.complex.Complex.equals(Complex.java:1312)
	at org.apache.commons.complex.Complex.equals(Complex.java:1312)
	at org.apache.commons.complex.Complex.equals(Complex.java:1312)
	at org.apache.commons.complex.Complex.equals(Complex.java:1312)
	at org.apache.commons.complex.Complex.equals(Complex.java:1312)
	at org.apache.commons.complex.Complex.equals(Complex.java:1312)
	at org.apache.commons.complex.Complex.equals(Complex.java:1312)
	at org.apache.commons.complex.Complex.equals(Complex.java:1312)
	at org.apache.commons.complex.Complex.equals(Complex.java:1312)
	at org.apache.commons.complex.Complex.equals(Complex.java:1312)
	at org.apache.commons.complex.Complex.equals(Complex.java:1312)
	at org.apache.commons.complex.Complex.equals(Complex.java:1312)
	at org.apache.commons.complex.Complex.equals(Complex.java:1312)
	at org.apache.commons.complex.Complex.equals(Complex.java:1312)
	at org.apache.commons.complex.Complex.equals(Complex.java:1312)
	at org.apache.commons.complex.Complex.equals(Complex.java:1312)
	at org.apache.commons.complex.Complex.equals(Complex.java:1312)
	at org.apache.commons.complex.Complex.equals(Complex.java:1312)
	at org.apache.commons.complex.Complex.equals(Complex.java:1312)
	at org.apache.commons.complex.Complex.equals(Complex.java:1312)
	at org.apache.commons.complex.Complex.equals(Complex.java:1312)
	at org.apache.commons.complex.Complex.equals(Complex.java:1312)
	at org.apache.commons.complex.Complex.equals(Complex.java:1312)
	at org.apache.commons.complex.Complex.equals(Complex.java:1312)
	at org.apache.commons.complex.Complex.equals(Complex.java:1312)
	at org.apache.commons.complex.Complex.equals(Complex.java:1312)
	at org.apache.commons.complex.Complex.equals(Complex.java:1312)
	at org.apache.commons.complex.Complex.equals(Complex.java:1312)
	at org.apache.commons.complex.Complex.equals(Complex.java:1312)
	at org.apache.commons.complex.Complex.equals(Complex.java:1312)
	at org.apache.commons.complex.Complex.equals(Complex.java:1312)
	at org.apache.commons.complex.Complex.equals(Complex.java:1312)
	at org.apache.commons.complex.Complex.equals(Complex.java:1312)
	at org.apache.commons.complex.Complex.equals(Complex.java:1312)
	at org.apache.commons.complex.Complex.equals(Complex.java:1312)
	at org.apache.commons.complex.Complex.equals(Complex.java:1312)
	at org.apache.commons.complex.Complex.equals(Complex.java:1312)
	at org.apache.commons.complex.Complex.equals(Complex.java:1312)
	at org.apache.commons.complex.Complex.equals(Complex.java:1312)
	at org.apache.commons.complex.Complex.equals(Complex.java:1312)
	at org.apache.commons.complex.Complex.equals(Complex.java:1312)
	at org.apache.commons.complex.Complex.equals(Complex.java:1312)
	at org.apache.commons.complex.Complex.equals(Complex.java:1312)
	at org.apache.commons.complex.Complex.equals(Complex.java:1312)
	at org.apache.commons.complex.Complex.equals(Complex.java:1312)
	at org.apache.commons.complex.Complex.equals(Complex.java:1312)
	at org.apache.commons.complex.Complex.equals(Complex.java:1312)
	at org.apache.commons.complex.Complex.equals(Complex.java:1312)
	at org.apache.commons.complex.Complex.equals(Complex.java:1312)
	at org.apache.commons.complex.Complex.equals(Complex.java:1312)
	at org.apache.commons.complex.Complex.equals(Complex.java:1312)
	at org.apache.commons.complex.Complex.equals(Complex.java:1312)
	at org.apache.commons.complex.Complex.equals(Complex.java:1312)
	at org.apache.commons.complex.Complex.equals(Complex.java:1312)
	at org.apache.commons.complex.Complex.equals(Complex.java:1312)
	at org.apache.commons.complex.Complex.equals(Complex.java:1312)
	at org.apache.commons.complex.Complex.equals(Complex.java:1312)
	at org.apache.commons.complex.Complex.equals(Complex.java:1312)
	at org.apache.commons.complex.Complex.equals(Complex.java:1312)
	at org.apache.commons.complex.Complex.equals(Complex.java:1312)
	at org.apache.commons.complex.Complex.equals(Complex.java:1312)
	at org.apache.commons.complex.Complex.equals(Complex.java:1312)
	at org.apache.commons.complex.Complex.equals(Complex.java:1312)
	at org.apache.commons.complex.Complex.equals(Complex.java:1312)
	at org.apache.commons.complex.Complex.equals(Complex.java:1312)
	at org.apache.commons.complex.Complex.equals(Complex.java:1312)
	at org.apache.commons.complex.Complex.equals(Complex.java:1312)
	at org.apache.commons.complex.Complex.equals(Complex.java:1312)
	at org.apache.commons.complex.Complex.equals(Complex.java:1312)
	at org.apache.commons.complex.Complex.equals(Complex.java:1312)
	at org.apache.commons.complex.Complex.equals(Complex.java:1312)
</error>
  </testcase>
  <testcase name="testReciprocal" classname="org.apache.commons.complex.ComplexTest" time="0"/>
  <testcase name="testScalarAddInf" classname="org.apache.commons.complex.ComplexTest" time="0"/>
  <testcase name="testScalarAddNaN" classname="org.apache.commons.complex.ComplexTest" time="0"/>
  <testcase name="testFloatingPointEqualsWithAllowedDelta" classname="org.apache.commons.complex.ComplexTest" time="0">
    <failure type="java.lang.AssertionError:">java.lang.AssertionError: null
	at org.junit.Assert.fail(Assert.java:86)
	at org.junit.Assert.assertTrue(Assert.java:41)
	at org.junit.Assert.assertTrue(Assert.java:52)
	at org.apache.commons.complex.ComplexTest.testFloatingPointEqualsWithAllowedDelta(ComplexTest.java:546)
</failure>
  </testcase>
  <testcase name="testScalarPowZero" classname="org.apache.commons.complex.ComplexTest" time="0"/>
  <testcase name="testScalarDivide" classname="org.apache.commons.complex.ComplexTest" time="0"/>
  <testcase name="testDivideInf" classname="org.apache.commons.complex.ComplexTest" time="0"/>
  <testcase name="testDivideNaN" classname="org.apache.commons.complex.ComplexTest" time="0"/>
  <testcase name="testEqualsRealDifference" classname="org.apache.commons.complex.ComplexTest" time="0"/>
  <testcase name="testNegateNaN" classname="org.apache.commons.complex.ComplexTest" time="0"/>
  <testcase name="testTanhCritical" classname="org.apache.commons.complex.ComplexTest" time="0"/>
  <testcase name="testPowZero" classname="org.apache.commons.complex.ComplexTest" time="0.001"/>
  <testcase name="testScalarPowInf" classname="org.apache.commons.complex.ComplexTest" time="0"/>
  <testcase name="testScalarMultiply" classname="org.apache.commons.complex.ComplexTest" time="0"/>
  <testcase name="testSqrtImaginaryZero" classname="org.apache.commons.complex.ComplexTest" time="0"/>
  <testcase name="testSqrtRealPositive" classname="org.apache.commons.complex.ComplexTest" time="0"/>
  <testcase name="testEqualsNull" classname="org.apache.commons.complex.ComplexTest" time="0"/>
  <testcase name="testEqualsSame" classname="org.apache.commons.complex.ComplexTest" time="0"/>
  <testcase name="testEqualsTrue" classname="org.apache.commons.complex.ComplexTest" time="0"/>
  <testcase name="testSqrt1zNaN" classname="org.apache.commons.complex.ComplexTest" time="0"/>
  <testcase name="testSqrtRealNegative" classname="org.apache.commons.complex.ComplexTest" time="0"/>
  <testcase name="testScalarPowNaNBase" classname="org.apache.commons.complex.ComplexTest" time="0"/>
  <testcase name="testGetArgument" classname="org.apache.commons.complex.ComplexTest" time="0"/>
  <testcase name="testSqrtPolar" classname="org.apache.commons.complex.ComplexTest" time="0.005"/>
  <testcase name="testMultiplyNaN" classname="org.apache.commons.complex.ComplexTest" time="0"/>
  <testcase name="testLogZero" classname="org.apache.commons.complex.ComplexTest" time="0"/>
  <testcase name="testConjugate" classname="org.apache.commons.complex.ComplexTest" time="0"/>
  <testcase name="testFloatingPointEqualsNaN" classname="org.apache.commons.complex.ComplexTest" time="0">
    <failure type="java.lang.AssertionError:">java.lang.AssertionError: null
	at org.junit.Assert.fail(Assert.java:86)
	at org.junit.Assert.assertTrue(Assert.java:41)
	at org.junit.Assert.assertFalse(Assert.java:64)
	at org.junit.Assert.assertFalse(Assert.java:74)
	at org.apache.commons.complex.ComplexTest.testFloatingPointEqualsNaN(ComplexTest.java:533)
</failure>
  </testcase>
  <testcase name="testMultiplyInfInf" classname="org.apache.commons.complex.ComplexTest" time="0"/>
  <testcase name="testNthRoot_normal_fourthRoot" classname="org.apache.commons.complex.ComplexTest" time="0.001"/>
  <testcase name="testMultiplyNaNInf" classname="org.apache.commons.complex.ComplexTest" time="0"/>
  <testcase name="testEqualsImaginaryDifference" classname="org.apache.commons.complex.ComplexTest" time="0"/>
  <testcase name="testScalarSubtractInf" classname="org.apache.commons.complex.ComplexTest" time="0"/>
  <testcase name="testScalarSubtractNaN" classname="org.apache.commons.complex.ComplexTest" time="0"/>
  <testcase name="testTanCritical" classname="org.apache.commons.complex.ComplexTest" time="0"/>
  <testcase name="testPowNaNBase" classname="org.apache.commons.complex.ComplexTest" time="0"/>
  <testcase name="testMath221" classname="org.apache.commons.complex.ComplexTest" time="0">
    <failure type="java.lang.AssertionError:">java.lang.AssertionError: null
	at org.junit.Assert.fail(Assert.java:86)
	at org.junit.Assert.assertTrue(Assert.java:41)
	at org.junit.Assert.assertTrue(Assert.java:52)
	at org.apache.commons.complex.ComplexTest.testMath221(ComplexTest.java:1207)
</failure>
  </testcase>
  <testcase name="testNthRoot_cornercase_thirdRoot_imaginaryPartEmpty" classname="org.apache.commons.complex.ComplexTest" time="0"/>
  <testcase name="testFloatingPointEqualsWithRelativeTolerance" classname="org.apache.commons.complex.ComplexTest" time="0.011">
    <error type="java.lang.StackOverflowError:">java.lang.StackOverflowError: null
	at org.apache.commons.complex.Complex.equals(Complex.java)
	at org.apache.commons.complex.Complex.equals(Complex.java:1312)
	at org.apache.commons.complex.Complex.equals(Complex.java:1312)
	at org.apache.commons.complex.Complex.equals(Complex.java:1312)
	at org.apache.commons.complex.Complex.equals(Complex.java:1312)
	at org.apache.commons.complex.Complex.equals(Complex.java:1312)
	at org.apache.commons.complex.Complex.equals(Complex.java:1312)
	at org.apache.commons.complex.Complex.equals(Complex.java:1312)
	at org.apache.commons.complex.Complex.equals(Complex.java:1312)
	at org.apache.commons.complex.Complex.equals(Complex.java:1312)
	at org.apache.commons.complex.Complex.equals(Complex.java:1312)
	at org.apache.commons.complex.Complex.equals(Complex.java:1312)
	at org.apache.commons.complex.Complex.equals(Complex.java:1312)
	at org.apache.commons.complex.Complex.equals(Complex.java:1312)
	at org.apache.commons.complex.Complex.equals(Complex.java:1312)
	at org.apache.commons.complex.Complex.equals(Complex.java:1312)
	at org.apache.commons.complex.Complex.equals(Complex.java:1312)
	at org.apache.commons.complex.Complex.equals(Complex.java:1312)
	at org.apache.commons.complex.Complex.equals(Complex.java:1312)
	at org.apache.commons.complex.Complex.equals(Complex.java:1312)
	at org.apache.commons.complex.Complex.equals(Complex.java:1312)
	at org.apache.commons.complex.Complex.equals(Complex.java:1312)
	at org.apache.commons.complex.Complex.equals(Complex.java:1312)
	at org.apache.commons.complex.Complex.equals(Complex.java:1312)
	at org.apache.commons.complex.Complex.equals(Complex.java:1312)
	at org.apache.commons.complex.Complex.equals(Complex.java:1312)
	at org.apache.commons.complex.Complex.equals(Complex.java:1312)
	at org.apache.commons.complex.Complex.equals(Complex.java:1312)
	at org.apache.commons.complex.Complex.equals(Complex.java:1312)
	at org.apache.commons.complex.Complex.equals(Complex.java:1312)
	at org.apache.commons.complex.Complex.equals(Complex.java:1312)
	at org.apache.commons.complex.Complex.equals(Complex.java:1312)
	at org.apache.commons.complex.Complex.equals(Complex.java:1312)
	at org.apache.commons.complex.Complex.equals(Complex.java:1312)
	at org.apache.commons.complex.Complex.equals(Complex.java:1312)
	at org.apache.commons.complex.Complex.equals(Complex.java:1312)
	at org.apache.commons.complex.Complex.equals(Complex.java:1312)
	at org.apache.commons.complex.Complex.equals(Complex.java:1312)
	at org.apache.commons.complex.Complex.equals(Complex.java:1312)
	at org.apache.commons.complex.Complex.equals(Complex.java:1312)
	at org.apache.commons.complex.Complex.equals(Complex.java:1312)
	at org.apache.commons.complex.Complex.equals(Complex.java:1312)
	at org.apache.commons.complex.Complex.equals(Complex.java:1312)
	at org.apache.commons.complex.Complex.equals(Complex.java:1312)
	at org.apache.commons.complex.Complex.equals(Complex.java:1312)
	at org.apache.commons.complex.Complex.equals(Complex.java:1312)
	at org.apache.commons.complex.Complex.equals(Complex.java:1312)
	at org.apache.commons.complex.Complex.equals(Complex.java:1312)
	at org.apache.commons.complex.Complex.equals(Complex.java:1312)
	at org.apache.commons.complex.Complex.equals(Complex.java:1312)
	at org.apache.commons.complex.Complex.equals(Complex.java:1312)
	at org.apache.commons.complex.Complex.equals(Complex.java:1312)
	at org.apache.commons.complex.Complex.equals(Complex.java:1312)
	at org.apache.commons.complex.Complex.equals(Complex.java:1312)
	at org.apache.commons.complex.Complex.equals(Complex.java:1312)
	at org.apache.commons.complex.Complex.equals(Complex.java:1312)
	at org.apache.commons.complex.Complex.equals(Complex.java:1312)
	at org.apache.commons.complex.Complex.equals(Complex.java:1312)
	at org.apache.commons.complex.Complex.equals(Complex.java:1312)
	at org.apache.commons.complex.Complex.equals(Complex.java:1312)
	at org.apache.commons.complex.Complex.equals(Complex.java:1312)
	at org.apache.commons.complex.Complex.equals(Complex.java:1312)
	at org.apache.commons.complex.Complex.equals(Complex.java:1312)
	at org.apache.commons.complex.Complex.equals(Complex.java:1312)
	at org.apache.commons.complex.Complex.equals(Complex.java:1312)
	at org.apache.commons.complex.Complex.equals(Complex.java:1312)
	at org.apache.commons.complex.Complex.equals(Complex.java:1312)
	at org.apache.commons.complex.Complex.equals(Complex.java:1312)
	at org.apache.commons.complex.Complex.equals(Complex.java:1312)
	at org.apache.commons.complex.Complex.equals(Complex.java:1312)
	at org.apache.commons.complex.Complex.equals(Complex.java:1312)
	at org.apache.commons.complex.Complex.equals(Complex.java:1312)
	at org.apache.commons.complex.Complex.equals(Complex.java:1312)
	at org.apache.commons.complex.Complex.equals(Complex.java:1312)
	at org.apache.commons.complex.Complex.equals(Complex.java:1312)
	at org.apache.commons.complex.Complex.equals(Complex.java:1312)
	at org.apache.commons.complex.Complex.equals(Complex.java:1312)
	at org.apache.commons.complex.Complex.equals(Complex.java:1312)
	at org.apache.commons.complex.Complex.equals(Complex.java:1312)
	at org.apache.commons.complex.Complex.equals(Complex.java:1312)
	at org.apache.commons.complex.Complex.equals(Complex.java:1312)
	at org.apache.commons.complex.Complex.equals(Complex.java:1312)
	at org.apache.commons.complex.Complex.equals(Complex.java:1312)
	at org.apache.commons.complex.Complex.equals(Complex.java:1312)
	at org.apache.commons.complex.Complex.equals(Complex.java:1312)
	at org.apache.commons.complex.Complex.equals(Complex.java:1312)
	at org.apache.commons.complex.Complex.equals(Complex.java:1312)
	at org.apache.commons.complex.Complex.equals(Complex.java:1312)
	at org.apache.commons.complex.Complex.equals(Complex.java:1312)
	at org.apache.commons.complex.Complex.equals(Complex.java:1312)
	at org.apache.commons.complex.Complex.equals(Complex.java:1312)
	at org.apache.commons.complex.Complex.equals(Complex.java:1312)
	at org.apache.commons.complex.Complex.equals(Complex.java:1312)
	at org.apache.commons.complex.Complex.equals(Complex.java:1312)
	at org.apache.commons.complex.Complex.equals(Complex.java:1312)
	at org.apache.commons.complex.Complex.equals(Complex.java:1312)
	at org.apache.commons.complex.Complex.equals(Complex.java:1312)
	at org.apache.commons.complex.Complex.equals(Complex.java:1312)
	at org.apache.commons.complex.Complex.equals(Complex.java:1312)
	at org.apache.commons.complex.Complex.equals(Complex.java:1312)
	at org.apache.commons.complex.Complex.equals(Complex.java:1312)
	at org.apache.commons.complex.Complex.equals(Complex.java:1312)
	at org.apache.commons.complex.Complex.equals(Complex.java:1312)
	at org.apache.commons.complex.Complex.equals(Complex.java:1312)
	at org.apache.commons.complex.Complex.equals(Complex.java:1312)
	at org.apache.commons.complex.Complex.equals(Complex.java:1312)
	at org.apache.commons.complex.Complex.equals(Complex.java:1312)
	at org.apache.commons.complex.Complex.equals(Complex.java:1312)
	at org.apache.commons.complex.Complex.equals(Complex.java:1312)
	at org.apache.commons.complex.Complex.equals(Complex.java:1312)
	at org.apache.commons.complex.Complex.equals(Complex.java:1312)
	at org.apache.commons.complex.Complex.equals(Complex.java:1312)
	at org.apache.commons.complex.Complex.equals(Complex.java:1312)
	at org.apache.commons.complex.Complex.equals(Complex.java:1312)
	at org.apache.commons.complex.Complex.equals(Complex.java:1312)
	at org.apache.commons.complex.Complex.equals(Complex.java:1312)
	at org.apache.commons.complex.Complex.equals(Complex.java:1312)
	at org.apache.commons.complex.Complex.equals(Complex.java:1312)
	at org.apache.commons.complex.Complex.equals(Complex.java:1312)
	at org.apache.commons.complex.Complex.equals(Complex.java:1312)
	at org.apache.commons.complex.Complex.equals(Complex.java:1312)
	at org.apache.commons.complex.Complex.equals(Complex.java:1312)
	at org.apache.commons.complex.Complex.equals(Complex.java:1312)
	at org.apache.commons.complex.Complex.equals(Complex.java:1312)
	at org.apache.commons.complex.Complex.equals(Complex.java:1312)
	at org.apache.commons.complex.Complex.equals(Complex.java:1312)
	at org.apache.commons.complex.Complex.equals(Complex.java:1312)
	at org.apache.commons.complex.Complex.equals(Complex.java:1312)
	at org.apache.commons.complex.Complex.equals(Complex.java:1312)
	at org.apache.commons.complex.Complex.equals(Complex.java:1312)
	at org.apache.commons.complex.Complex.equals(Complex.java:1312)
	at org.apache.commons.complex.Complex.equals(Complex.java:1312)
	at org.apache.commons.complex.Complex.equals(Complex.java:1312)
	at org.apache.commons.complex.Complex.equals(Complex.java:1312)
	at org.apache.commons.complex.Complex.equals(Complex.java:1312)
	at org.apache.commons.complex.Complex.equals(Complex.java:1312)
	at org.apache.commons.complex.Complex.equals(Complex.java:1312)
	at org.apache.commons.complex.Complex.equals(Complex.java:1312)
	at org.apache.commons.complex.Complex.equals(Complex.java:1312)
	at org.apache.commons.complex.Complex.equals(Complex.java:1312)
	at org.apache.commons.complex.Complex.equals(Complex.java:1312)
	at org.apache.commons.complex.Complex.equals(Complex.java:1312)
	at org.apache.commons.complex.Complex.equals(Complex.java:1312)
	at org.apache.commons.complex.Complex.equals(Complex.java:1312)
	at org.apache.commons.complex.Complex.equals(Complex.java:1312)
	at org.apache.commons.complex.Complex.equals(Complex.java:1312)
	at org.apache.commons.complex.Complex.equals(Complex.java:1312)
	at org.apache.commons.complex.Complex.equals(Complex.java:1312)
	at org.apache.commons.complex.Complex.equals(Complex.java:1312)
	at org.apache.commons.complex.Complex.equals(Complex.java:1312)
	at org.apache.commons.complex.Complex.equals(Complex.java:1312)
	at org.apache.commons.complex.Complex.equals(Complex.java:1312)
	at org.apache.commons.complex.Complex.equals(Complex.java:1312)
	at org.apache.commons.complex.Complex.equals(Complex.java:1312)
	at org.apache.commons.complex.Complex.equals(Complex.java:1312)
	at org.apache.commons.complex.Complex.equals(Complex.java:1312)
	at org.apache.commons.complex.Complex.equals(Complex.java:1312)
	at org.apache.commons.complex.Complex.equals(Complex.java:1312)
	at org.apache.commons.complex.Complex.equals(Complex.java:1312)
	at org.apache.commons.complex.Complex.equals(Complex.java:1312)
	at org.apache.commons.complex.Complex.equals(Complex.java:1312)
	at org.apache.commons.complex.Complex.equals(Complex.java:1312)
	at org.apache.commons.complex.Complex.equals(Complex.java:1312)
	at org.apache.commons.complex.Complex.equals(Complex.java:1312)
	at org.apache.commons.complex.Complex.equals(Complex.java:1312)
	at org.apache.commons.complex.Complex.equals(Complex.java:1312)
	at org.apache.commons.complex.Complex.equals(Complex.java:1312)
	at org.apache.commons.complex.Complex.equals(Complex.java:1312)
	at org.apache.commons.complex.Complex.equals(Complex.java:1312)
	at org.apache.commons.complex.Complex.equals(Complex.java:1312)
	at org.apache.commons.complex.Complex.equals(Complex.java:1312)
	at org.apache.commons.complex.Complex.equals(Complex.java:1312)
	at org.apache.commons.complex.Complex.equals(Complex.java:1312)
	at org.apache.commons.complex.Complex.equals(Complex.java:1312)
	at org.apache.commons.complex.Complex.equals(Complex.java:1312)
	at org.apache.commons.complex.Complex.equals(Complex.java:1312)
	at org.apache.commons.complex.Complex.equals(Complex.java:1312)
	at org.apache.commons.complex.Complex.equals(Complex.java:1312)
	at org.apache.commons.complex.Complex.equals(Complex.java:1312)
	at org.apache.commons.complex.Complex.equals(Complex.java:1312)
	at org.apache.commons.complex.Complex.equals(Complex.java:1312)
	at org.apache.commons.complex.Complex.equals(Complex.java:1312)
	at org.apache.commons.complex.Complex.equals(Complex.java:1312)
	at org.apache.commons.complex.Complex.equals(Complex.java:1312)
	at org.apache.commons.complex.Complex.equals(Complex.java:1312)
	at org.apache.commons.complex.Complex.equals(Complex.java:1312)
	at org.apache.commons.complex.Complex.equals(Complex.java:1312)
	at org.apache.commons.complex.Complex.equals(Complex.java:1312)
	at org.apache.commons.complex.Complex.equals(Complex.java:1312)
	at org.apache.commons.complex.Complex.equals(Complex.java:1312)
	at org.apache.commons.complex.Complex.equals(Complex.java:1312)
	at org.apache.commons.complex.Complex.equals(Complex.java:1312)
	at org.apache.commons.complex.Complex.equals(Complex.java:1312)
	at org.apache.commons.complex.Complex.equals(Complex.java:1312)
	at org.apache.commons.complex.Complex.equals(Complex.java:1312)
	at org.apache.commons.complex.Complex.equals(Complex.java:1312)
	at org.apache.commons.complex.Complex.equals(Complex.java:1312)
	at org.apache.commons.complex.Complex.equals(Complex.java:1312)
	at org.apache.commons.complex.Complex.equals(Complex.java:1312)
	at org.apache.commons.complex.Complex.equals(Complex.java:1312)
	at org.apache.commons.complex.Complex.equals(Complex.java:1312)
	at org.apache.commons.complex.Complex.equals(Complex.java:1312)
	at org.apache.commons.complex.Complex.equals(Complex.java:1312)
	at org.apache.commons.complex.Complex.equals(Complex.java:1312)
	at org.apache.commons.complex.Complex.equals(Complex.java:1312)
	at org.apache.commons.complex.Complex.equals(Complex.java:1312)
	at org.apache.commons.complex.Complex.equals(Complex.java:1312)
	at org.apache.commons.complex.Complex.equals(Complex.java:1312)
	at org.apache.commons.complex.Complex.equals(Complex.java:1312)
	at org.apache.commons.complex.Complex.equals(Complex.java:1312)
	at org.apache.commons.complex.Complex.equals(Complex.java:1312)
	at org.apache.commons.complex.Complex.equals(Complex.java:1312)
	at org.apache.commons.complex.Complex.equals(Complex.java:1312)
	at org.apache.commons.complex.Complex.equals(Complex.java:1312)
	at org.apache.commons.complex.Complex.equals(Complex.java:1312)
	at org.apache.commons.complex.Complex.equals(Complex.java:1312)
	at org.apache.commons.complex.Complex.equals(Complex.java:1312)
	at org.apache.commons.complex.Complex.equals(Complex.java:1312)
	at org.apache.commons.complex.Complex.equals(Complex.java:1312)
	at org.apache.commons.complex.Complex.equals(Complex.java:1312)
	at org.apache.commons.complex.Complex.equals(Complex.java:1312)
	at org.apache.commons.complex.Complex.equals(Complex.java:1312)
	at org.apache.commons.complex.Complex.equals(Complex.java:1312)
	at org.apache.commons.complex.Complex.equals(Complex.java:1312)
	at org.apache.commons.complex.Complex.equals(Complex.java:1312)
	at org.apache.commons.complex.Complex.equals(Complex.java:1312)
	at org.apache.commons.complex.Complex.equals(Complex.java:1312)
	at org.apache.commons.complex.Complex.equals(Complex.java:1312)
	at org.apache.commons.complex.Complex.equals(Complex.java:1312)
	at org.apache.commons.complex.Complex.equals(Complex.java:1312)
	at org.apache.commons.complex.Complex.equals(Complex.java:1312)
	at org.apache.commons.complex.Complex.equals(Complex.java:1312)
	at org.apache.commons.complex.Complex.equals(Complex.java:1312)
	at org.apache.commons.complex.Complex.equals(Complex.java:1312)
	at org.apache.commons.complex.Complex.equals(Complex.java:1312)
	at org.apache.commons.complex.Complex.equals(Complex.java:1312)
	at org.apache.commons.complex.Complex.equals(Complex.java:1312)
	at org.apache.commons.complex.Complex.equals(Complex.java:1312)
	at org.apache.commons.complex.Complex.equals(Complex.java:1312)
	at org.apache.commons.complex.Complex.equals(Complex.java:1312)
	at org.apache.commons.complex.Complex.equals(Complex.java:1312)
	at org.apache.commons.complex.Complex.equals(Complex.java:1312)
	at org.apache.commons.complex.Complex.equals(Complex.java:1312)
	at org.apache.commons.complex.Complex.equals(Complex.java:1312)
	at org.apache.commons.complex.Complex.equals(Complex.java:1312)
	at org.apache.commons.complex.Complex.equals(Complex.java:1312)
	at org.apache.commons.complex.Complex.equals(Complex.java:1312)
	at org.apache.commons.complex.Complex.equals(Complex.java:1312)
	at org.apache.commons.complex.Complex.equals(Complex.java:1312)
	at org.apache.commons.complex.Complex.equals(Complex.java:1312)
	at org.apache.commons.complex.Complex.equals(Complex.java:1312)
	at org.apache.commons.complex.Complex.equals(Complex.java:1312)
	at org.apache.commons.complex.Complex.equals(Complex.java:1312)
	at org.apache.commons.complex.Complex.equals(Complex.java:1312)
	at org.apache.commons.complex.Complex.equals(Complex.java:1312)
	at org.apache.commons.complex.Complex.equals(Complex.java:1312)
	at org.apache.commons.complex.Complex.equals(Complex.java:1312)
	at org.apache.commons.complex.Complex.equals(Complex.java:1312)
	at org.apache.commons.complex.Complex.equals(Complex.java:1312)
	at org.apache.commons.complex.Complex.equals(Complex.java:1312)
	at org.apache.commons.complex.Complex.equals(Complex.java:1312)
	at org.apache.commons.complex.Complex.equals(Complex.java:1312)
	at org.apache.commons.complex.Complex.equals(Complex.java:1312)
	at org.apache.commons.complex.Complex.equals(Complex.java:1312)
	at org.apache.commons.complex.Complex.equals(Complex.java:1312)
	at org.apache.commons.complex.Complex.equals(Complex.java:1312)
	at org.apache.commons.complex.Complex.equals(Complex.java:1312)
	at org.apache.commons.complex.Complex.equals(Complex.java:1312)
	at org.apache.commons.complex.Complex.equals(Complex.java:1312)
	at org.apache.commons.complex.Complex.equals(Complex.java:1312)
	at org.apache.commons.complex.Complex.equals(Complex.java:1312)
	at org.apache.commons.complex.Complex.equals(Complex.java:1312)
	at org.apache.commons.complex.Complex.equals(Complex.java:1312)
	at org.apache.commons.complex.Complex.equals(Complex.java:1312)
	at org.apache.commons.complex.Complex.equals(Complex.java:1312)
	at org.apache.commons.complex.Complex.equals(Complex.java:1312)
	at org.apache.commons.complex.Complex.equals(Complex.java:1312)
	at org.apache.commons.complex.Complex.equals(Complex.java:1312)
	at org.apache.commons.complex.Complex.equals(Complex.java:1312)
	at org.apache.commons.complex.Complex.equals(Complex.java:1312)
	at org.apache.commons.complex.Complex.equals(Complex.java:1312)
	at org.apache.commons.complex.Complex.equals(Complex.java:1312)
	at org.apache.commons.complex.Complex.equals(Complex.java:1312)
	at org.apache.commons.complex.Complex.equals(Complex.java:1312)
	at org.apache.commons.complex.Complex.equals(Complex.java:1312)
	at org.apache.commons.complex.Complex.equals(Complex.java:1312)
	at org.apache.commons.complex.Complex.equals(Complex.java:1312)
	at org.apache.commons.complex.Complex.equals(Complex.java:1312)
	at org.apache.commons.complex.Complex.equals(Complex.java:1312)
	at org.apache.commons.complex.Complex.equals(Complex.java:1312)
	at org.apache.commons.complex.Complex.equals(Complex.java:1312)
	at org.apache.commons.complex.Complex.equals(Complex.java:1312)
	at org.apache.commons.complex.Complex.equals(Complex.java:1312)
	at org.apache.commons.complex.Complex.equals(Complex.java:1312)
	at org.apache.commons.complex.Complex.equals(Complex.java:1312)
	at org.apache.commons.complex.Complex.equals(Complex.java:1312)
	at org.apache.commons.complex.Complex.equals(Complex.java:1312)
	at org.apache.commons.complex.Complex.equals(Complex.java:1312)
	at org.apache.commons.complex.Complex.equals(Complex.java:1312)
	at org.apache.commons.complex.Complex.equals(Complex.java:1312)
	at org.apache.commons.complex.Complex.equals(Complex.java:1312)
	at org.apache.commons.complex.Complex.equals(Complex.java:1312)
	at org.apache.commons.complex.Complex.equals(Complex.java:1312)
	at org.apache.commons.complex.Complex.equals(Complex.java:1312)
	at org.apache.commons.complex.Complex.equals(Complex.java:1312)
	at org.apache.commons.complex.Complex.equals(Complex.java:1312)
	at org.apache.commons.complex.Complex.equals(Complex.java:1312)
	at org.apache.commons.complex.Complex.equals(Complex.java:1312)
	at org.apache.commons.complex.Complex.equals(Complex.java:1312)
	at org.apache.commons.complex.Complex.equals(Complex.java:1312)
	at org.apache.commons.complex.Complex.equals(Complex.java:1312)
	at org.apache.commons.complex.Complex.equals(Complex.java:1312)
	at org.apache.commons.complex.Complex.equals(Complex.java:1312)
	at org.apache.commons.complex.Complex.equals(Complex.java:1312)
	at org.apache.commons.complex.Complex.equals(Complex.java:1312)
	at org.apache.commons.complex.Complex.equals(Complex.java:1312)
	at org.apache.commons.complex.Complex.equals(Complex.java:1312)
	at org.apache.commons.complex.Complex.equals(Complex.java:1312)
	at org.apache.commons.complex.Complex.equals(Complex.java:1312)
	at org.apache.commons.complex.Complex.equals(Complex.java:1312)
	at org.apache.commons.complex.Complex.equals(Complex.java:1312)
	at org.apache.commons.complex.Complex.equals(Complex.java:1312)
	at org.apache.commons.complex.Complex.equals(Complex.java:1312)
	at org.apache.commons.complex.Complex.equals(Complex.java:1312)
	at org.apache.commons.complex.Complex.equals(Complex.java:1312)
	at org.apache.commons.complex.Complex.equals(Complex.java:1312)
	at org.apache.commons.complex.Complex.equals(Complex.java:1312)
	at org.apache.commons.complex.Complex.equals(Complex.java:1312)
	at org.apache.commons.complex.Complex.equals(Complex.java:1312)
	at org.apache.commons.complex.Complex.equals(Complex.java:1312)
	at org.apache.commons.complex.Complex.equals(Complex.java:1312)
	at org.apache.commons.complex.Complex.equals(Complex.java:1312)
	at org.apache.commons.complex.Complex.equals(Complex.java:1312)
	at org.apache.commons.complex.Complex.equals(Complex.java:1312)
	at org.apache.commons.complex.Complex.equals(Complex.java:1312)
	at org.apache.commons.complex.Complex.equals(Complex.java:1312)
	at org.apache.commons.complex.Complex.equals(Complex.java:1312)
	at org.apache.commons.complex.Complex.equals(Complex.java:1312)
	at org.apache.commons.complex.Complex.equals(Complex.java:1312)
	at org.apache.commons.complex.Complex.equals(Complex.java:1312)
	at org.apache.commons.complex.Complex.equals(Complex.java:1312)
	at org.apache.commons.complex.Complex.equals(Complex.java:1312)
	at org.apache.commons.complex.Complex.equals(Complex.java:1312)
	at org.apache.commons.complex.Complex.equals(Complex.java:1312)
	at org.apache.commons.complex.Complex.equals(Complex.java:1312)
	at org.apache.commons.complex.Complex.equals(Complex.java:1312)
	at org.apache.commons.complex.Complex.equals(Complex.java:1312)
	at org.apache.commons.complex.Complex.equals(Complex.java:1312)
	at org.apache.commons.complex.Complex.equals(Complex.java:1312)
	at org.apache.commons.complex.Complex.equals(Complex.java:1312)
	at org.apache.commons.complex.Complex.equals(Complex.java:1312)
	at org.apache.commons.complex.Complex.equals(Complex.java:1312)
	at org.apache.commons.complex.Complex.equals(Complex.java:1312)
	at org.apache.commons.complex.Complex.equals(Complex.java:1312)
	at org.apache.commons.complex.Complex.equals(Complex.java:1312)
	at org.apache.commons.complex.Complex.equals(Complex.java:1312)
	at org.apache.commons.complex.Complex.equals(Complex.java:1312)
	at org.apache.commons.complex.Complex.equals(Complex.java:1312)
	at org.apache.commons.complex.Complex.equals(Complex.java:1312)
	at org.apache.commons.complex.Complex.equals(Complex.java:1312)
	at org.apache.commons.complex.Complex.equals(Complex.java:1312)
	at org.apache.commons.complex.Complex.equals(Complex.java:1312)
	at org.apache.commons.complex.Complex.equals(Complex.java:1312)
	at org.apache.commons.complex.Complex.equals(Complex.java:1312)
	at org.apache.commons.complex.Complex.equals(Complex.java:1312)
	at org.apache.commons.complex.Complex.equals(Complex.java:1312)
	at org.apache.commons.complex.Complex.equals(Complex.java:1312)
	at org.apache.commons.complex.Complex.equals(Complex.java:1312)
	at org.apache.commons.complex.Complex.equals(Complex.java:1312)
	at org.apache.commons.complex.Complex.equals(Complex.java:1312)
	at org.apache.commons.complex.Complex.equals(Complex.java:1312)
	at org.apache.commons.complex.Complex.equals(Complex.java:1312)
	at org.apache.commons.complex.Complex.equals(Complex.java:1312)
	at org.apache.commons.complex.Complex.equals(Complex.java:1312)
	at org.apache.commons.complex.Complex.equals(Complex.java:1312)
	at org.apache.commons.complex.Complex.equals(Complex.java:1312)
	at org.apache.commons.complex.Complex.equals(Complex.java:1312)
	at org.apache.commons.complex.Complex.equals(Complex.java:1312)
	at org.apache.commons.complex.Complex.equals(Complex.java:1312)
	at org.apache.commons.complex.Complex.equals(Complex.java:1312)
	at org.apache.commons.complex.Complex.equals(Complex.java:1312)
	at org.apache.commons.complex.Complex.equals(Complex.java:1312)
	at org.apache.commons.complex.Complex.equals(Complex.java:1312)
	at org.apache.commons.complex.Complex.equals(Complex.java:1312)
	at org.apache.commons.complex.Complex.equals(Complex.java:1312)
	at org.apache.commons.complex.Complex.equals(Complex.java:1312)
	at org.apache.commons.complex.Complex.equals(Complex.java:1312)
	at org.apache.commons.complex.Complex.equals(Complex.java:1312)
	at org.apache.commons.complex.Complex.equals(Complex.java:1312)
	at org.apache.commons.complex.Complex.equals(Complex.java:1312)
	at org.apache.commons.complex.Complex.equals(Complex.java:1312)
	at org.apache.commons.complex.Complex.equals(Complex.java:1312)
	at org.apache.commons.complex.Complex.equals(Complex.java:1312)
	at org.apache.commons.complex.Complex.equals(Complex.java:1312)
	at org.apache.commons.complex.Complex.equals(Complex.java:1312)
	at org.apache.commons.complex.Complex.equals(Complex.java:1312)
	at org.apache.commons.complex.Complex.equals(Complex.java:1312)
	at org.apache.commons.complex.Complex.equals(Complex.java:1312)
	at org.apache.commons.complex.Complex.equals(Complex.java:1312)
	at org.apache.commons.complex.Complex.equals(Complex.java:1312)
	at org.apache.commons.complex.Complex.equals(Complex.java:1312)
	at org.apache.commons.complex.Complex.equals(Complex.java:1312)
	at org.apache.commons.complex.Complex.equals(Complex.java:1312)
	at org.apache.commons.complex.Complex.equals(Complex.java:1312)
	at org.apache.commons.complex.Complex.equals(Complex.java:1312)
	at org.apache.commons.complex.Complex.equals(Complex.java:1312)
	at org.apache.commons.complex.Complex.equals(Complex.java:1312)
	at org.apache.commons.complex.Complex.equals(Complex.java:1312)
	at org.apache.commons.complex.Complex.equals(Complex.java:1312)
	at org.apache.commons.complex.Complex.equals(Complex.java:1312)
	at org.apache.commons.complex.Complex.equals(Complex.java:1312)
	at org.apache.commons.complex.Complex.equals(Complex.java:1312)
	at org.apache.commons.complex.Complex.equals(Complex.java:1312)
	at org.apache.commons.complex.Complex.equals(Complex.java:1312)
	at org.apache.commons.complex.Complex.equals(Complex.java:1312)
	at org.apache.commons.complex.Complex.equals(Complex.java:1312)
	at org.apache.commons.complex.Complex.equals(Complex.java:1312)
	at org.apache.commons.complex.Complex.equals(Complex.java:1312)
	at org.apache.commons.complex.Complex.equals(Complex.java:1312)
	at org.apache.commons.complex.Complex.equals(Complex.java:1312)
	at org.apache.commons.complex.Complex.equals(Complex.java:1312)
	at org.apache.commons.complex.Complex.equals(Complex.java:1312)
	at org.apache.commons.complex.Complex.equals(Complex.java:1312)
	at org.apache.commons.complex.Complex.equals(Complex.java:1312)
	at org.apache.commons.complex.Complex.equals(Complex.java:1312)
	at org.apache.commons.complex.Complex.equals(Complex.java:1312)
	at org.apache.commons.complex.Complex.equals(Complex.java:1312)
	at org.apache.commons.complex.Complex.equals(Complex.java:1312)
	at org.apache.commons.complex.Complex.equals(Complex.java:1312)
	at org.apache.commons.complex.Complex.equals(Complex.java:1312)
	at org.apache.commons.complex.Complex.equals(Complex.java:1312)
	at org.apache.commons.complex.Complex.equals(Complex.java:1312)
	at org.apache.commons.complex.Complex.equals(Complex.java:1312)
	at org.apache.commons.complex.Complex.equals(Complex.java:1312)
	at org.apache.commons.complex.Complex.equals(Complex.java:1312)
	at org.apache.commons.complex.Complex.equals(Complex.java:1312)
	at org.apache.commons.complex.Complex.equals(Complex.java:1312)
	at org.apache.commons.complex.Complex.equals(Complex.java:1312)
	at org.apache.commons.complex.Complex.equals(Complex.java:1312)
	at org.apache.commons.complex.Complex.equals(Complex.java:1312)
	at org.apache.commons.complex.Complex.equals(Complex.java:1312)
	at org.apache.commons.complex.Complex.equals(Complex.java:1312)
	at org.apache.commons.complex.Complex.equals(Complex.java:1312)
	at org.apache.commons.complex.Complex.equals(Complex.java:1312)
	at org.apache.commons.complex.Complex.equals(Complex.java:1312)
	at org.apache.commons.complex.Complex.equals(Complex.java:1312)
	at org.apache.commons.complex.Complex.equals(Complex.java:1312)
	at org.apache.commons.complex.Complex.equals(Complex.java:1312)
	at org.apache.commons.complex.Complex.equals(Complex.java:1312)
	at org.apache.commons.complex.Complex.equals(Complex.java:1312)
	at org.apache.commons.complex.Complex.equals(Complex.java:1312)
	at org.apache.commons.complex.Complex.equals(Complex.java:1312)
	at org.apache.commons.complex.Complex.equals(Complex.java:1312)
	at org.apache.commons.complex.Complex.equals(Complex.java:1312)
	at org.apache.commons.complex.Complex.equals(Complex.java:1312)
	at org.apache.commons.complex.Complex.equals(Complex.java:1312)
	at org.apache.commons.complex.Complex.equals(Complex.java:1312)
	at org.apache.commons.complex.Complex.equals(Complex.java:1312)
	at org.apache.commons.complex.Complex.equals(Complex.java:1312)
	at org.apache.commons.complex.Complex.equals(Complex.java:1312)
	at org.apache.commons.complex.Complex.equals(Complex.java:1312)
	at org.apache.commons.complex.Complex.equals(Complex.java:1312)
	at org.apache.commons.complex.Complex.equals(Complex.java:1312)
	at org.apache.commons.complex.Complex.equals(Complex.java:1312)
	at org.apache.commons.complex.Complex.equals(Complex.java:1312)
	at org.apache.commons.complex.Complex.equals(Complex.java:1312)
	at org.apache.commons.complex.Complex.equals(Complex.java:1312)
	at org.apache.commons.complex.Complex.equals(Complex.java:1312)
	at org.apache.commons.complex.Complex.equals(Complex.java:1312)
	at org.apache.commons.complex.Complex.equals(Complex.java:1312)
	at org.apache.commons.complex.Complex.equals(Complex.java:1312)
	at org.apache.commons.complex.Complex.equals(Complex.java:1312)
	at org.apache.commons.complex.Complex.equals(Complex.java:1312)
	at org.apache.commons.complex.Complex.equals(Complex.java:1312)
	at org.apache.commons.complex.Complex.equals(Complex.java:1312)
	at org.apache.commons.complex.Complex.equals(Complex.java:1312)
	at org.apache.commons.complex.Complex.equals(Complex.java:1312)
	at org.apache.commons.complex.Complex.equals(Complex.java:1312)
	at org.apache.commons.complex.Complex.equals(Complex.java:1312)
	at org.apache.commons.complex.Complex.equals(Complex.java:1312)
	at org.apache.commons.complex.Complex.equals(Complex.java:1312)
	at org.apache.commons.complex.Complex.equals(Complex.java:1312)
	at org.apache.commons.complex.Complex.equals(Complex.java:1312)
	at org.apache.commons.complex.Complex.equals(Complex.java:1312)
	at org.apache.commons.complex.Complex.equals(Complex.java:1312)
	at org.apache.commons.complex.Complex.equals(Complex.java:1312)
	at org.apache.commons.complex.Complex.equals(Complex.java:1312)
	at org.apache.commons.complex.Complex.equals(Complex.java:1312)
	at org.apache.commons.complex.Complex.equals(Complex.java:1312)
	at org.apache.commons.complex.Complex.equals(Complex.java:1312)
	at org.apache.commons.complex.Complex.equals(Complex.java:1312)
	at org.apache.commons.complex.Complex.equals(Complex.java:1312)
	at org.apache.commons.complex.Complex.equals(Complex.java:1312)
	at org.apache.commons.complex.Complex.equals(Complex.java:1312)
	at org.apache.commons.complex.Complex.equals(Complex.java:1312)
	at org.apache.commons.complex.Complex.equals(Complex.java:1312)
	at org.apache.commons.complex.Complex.equals(Complex.java:1312)
	at org.apache.commons.complex.Complex.equals(Complex.java:1312)
	at org.apache.commons.complex.Complex.equals(Complex.java:1312)
	at org.apache.commons.complex.Complex.equals(Complex.java:1312)
	at org.apache.commons.complex.Complex.equals(Complex.java:1312)
	at org.apache.commons.complex.Complex.equals(Complex.java:1312)
	at org.apache.commons.complex.Complex.equals(Complex.java:1312)
	at org.apache.commons.complex.Complex.equals(Complex.java:1312)
	at org.apache.commons.complex.Complex.equals(Complex.java:1312)
	at org.apache.commons.complex.Complex.equals(Complex.java:1312)
	at org.apache.commons.complex.Complex.equals(Complex.java:1312)
	at org.apache.commons.complex.Complex.equals(Complex.java:1312)
	at org.apache.commons.complex.Complex.equals(Complex.java:1312)
	at org.apache.commons.complex.Complex.equals(Complex.java:1312)
	at org.apache.commons.complex.Complex.equals(Complex.java:1312)
	at org.apache.commons.complex.Complex.equals(Complex.java:1312)
	at org.apache.commons.complex.Complex.equals(Complex.java:1312)
	at org.apache.commons.complex.Complex.equals(Complex.java:1312)
	at org.apache.commons.complex.Complex.equals(Complex.java:1312)
	at org.apache.commons.complex.Complex.equals(Complex.java:1312)
	at org.apache.commons.complex.Complex.equals(Complex.java:1312)
	at org.apache.commons.complex.Complex.equals(Complex.java:1312)
	at org.apache.commons.complex.Complex.equals(Complex.java:1312)
	at org.apache.commons.complex.Complex.equals(Complex.java:1312)
	at org.apache.commons.complex.Complex.equals(Complex.java:1312)
	at org.apache.commons.complex.Complex.equals(Complex.java:1312)
	at org.apache.commons.complex.Complex.equals(Complex.java:1312)
	at org.apache.commons.complex.Complex.equals(Complex.java:1312)
	at org.apache.commons.complex.Complex.equals(Complex.java:1312)
	at org.apache.commons.complex.Complex.equals(Complex.java:1312)
	at org.apache.commons.complex.Complex.equals(Complex.java:1312)
	at org.apache.commons.complex.Complex.equals(Complex.java:1312)
	at org.apache.commons.complex.Complex.equals(Complex.java:1312)
	at org.apache.commons.complex.Complex.equals(Complex.java:1312)
	at org.apache.commons.complex.Complex.equals(Complex.java:1312)
	at org.apache.commons.complex.Complex.equals(Complex.java:1312)
	at org.apache.commons.complex.Complex.equals(Complex.java:1312)
	at org.apache.commons.complex.Complex.equals(Complex.java:1312)
	at org.apache.commons.complex.Complex.equals(Complex.java:1312)
	at org.apache.commons.complex.Complex.equals(Complex.java:1312)
	at org.apache.commons.complex.Complex.equals(Complex.java:1312)
	at org.apache.commons.complex.Complex.equals(Complex.java:1312)
	at org.apache.commons.complex.Complex.equals(Complex.java:1312)
	at org.apache.commons.complex.Complex.equals(Complex.java:1312)
	at org.apache.commons.complex.Complex.equals(Complex.java:1312)
	at org.apache.commons.complex.Complex.equals(Complex.java:1312)
	at org.apache.commons.complex.Complex.equals(Complex.java:1312)
	at org.apache.commons.complex.Complex.equals(Complex.java:1312)
	at org.apache.commons.complex.Complex.equals(Complex.java:1312)
	at org.apache.commons.complex.Complex.equals(Complex.java:1312)
	at org.apache.commons.complex.Complex.equals(Complex.java:1312)
	at org.apache.commons.complex.Complex.equals(Complex.java:1312)
	at org.apache.commons.complex.Complex.equals(Complex.java:1312)
	at org.apache.commons.complex.Complex.equals(Complex.java:1312)
	at org.apache.commons.complex.Complex.equals(Complex.java:1312)
	at org.apache.commons.complex.Complex.equals(Complex.java:1312)
	at org.apache.commons.complex.Complex.equals(Complex.java:1312)
	at org.apache.commons.complex.Complex.equals(Complex.java:1312)
	at org.apache.commons.complex.Complex.equals(Complex.java:1312)
	at org.apache.commons.complex.Complex.equals(Complex.java:1312)
	at org.apache.commons.complex.Complex.equals(Complex.java:1312)
	at org.apache.commons.complex.Complex.equals(Complex.java:1312)
	at org.apache.commons.complex.Complex.equals(Complex.java:1312)
	at org.apache.commons.complex.Complex.equals(Complex.java:1312)
	at org.apache.commons.complex.Complex.equals(Complex.java:1312)
	at org.apache.commons.complex.Complex.equals(Complex.java:1312)
	at org.apache.commons.complex.Complex.equals(Complex.java:1312)
	at org.apache.commons.complex.Complex.equals(Complex.java:1312)
	at org.apache.commons.complex.Complex.equals(Complex.java:1312)
	at org.apache.commons.complex.Complex.equals(Complex.java:1312)
	at org.apache.commons.complex.Complex.equals(Complex.java:1312)
	at org.apache.commons.complex.Complex.equals(Complex.java:1312)
	at org.apache.commons.complex.Complex.equals(Complex.java:1312)
	at org.apache.commons.complex.Complex.equals(Complex.java:1312)
	at org.apache.commons.complex.Complex.equals(Complex.java:1312)
	at org.apache.commons.complex.Complex.equals(Complex.java:1312)
	at org.apache.commons.complex.Complex.equals(Complex.java:1312)
	at org.apache.commons.complex.Complex.equals(Complex.java:1312)
	at org.apache.commons.complex.Complex.equals(Complex.java:1312)
	at org.apache.commons.complex.Complex.equals(Complex.java:1312)
	at org.apache.commons.complex.Complex.equals(Complex.java:1312)
	at org.apache.commons.complex.Complex.equals(Complex.java:1312)
	at org.apache.commons.complex.Complex.equals(Complex.java:1312)
	at org.apache.commons.complex.Complex.equals(Complex.java:1312)
	at org.apache.commons.complex.Complex.equals(Complex.java:1312)
	at org.apache.commons.complex.Complex.equals(Complex.java:1312)
	at org.apache.commons.complex.Complex.equals(Complex.java:1312)
	at org.apache.commons.complex.Complex.equals(Complex.java:1312)
	at org.apache.commons.complex.Complex.equals(Complex.java:1312)
	at org.apache.commons.complex.Complex.equals(Complex.java:1312)
	at org.apache.commons.complex.Complex.equals(Complex.java:1312)
	at org.apache.commons.complex.Complex.equals(Complex.java:1312)
	at org.apache.commons.complex.Complex.equals(Complex.java:1312)
	at org.apache.commons.complex.Complex.equals(Complex.java:1312)
	at org.apache.commons.complex.Complex.equals(Complex.java:1312)
	at org.apache.commons.complex.Complex.equals(Complex.java:1312)
	at org.apache.commons.complex.Complex.equals(Complex.java:1312)
	at org.apache.commons.complex.Complex.equals(Complex.java:1312)
	at org.apache.commons.complex.Complex.equals(Complex.java:1312)
	at org.apache.commons.complex.Complex.equals(Complex.java:1312)
	at org.apache.commons.complex.Complex.equals(Complex.java:1312)
	at org.apache.commons.complex.Complex.equals(Complex.java:1312)
	at org.apache.commons.complex.Complex.equals(Complex.java:1312)
	at org.apache.commons.complex.Complex.equals(Complex.java:1312)
	at org.apache.commons.complex.Complex.equals(Complex.java:1312)
	at org.apache.commons.complex.Complex.equals(Complex.java:1312)
	at org.apache.commons.complex.Complex.equals(Complex.java:1312)
	at org.apache.commons.complex.Complex.equals(Complex.java:1312)
	at org.apache.commons.complex.Complex.equals(Complex.java:1312)
	at org.apache.commons.complex.Complex.equals(Complex.java:1312)
	at org.apache.commons.complex.Complex.equals(Complex.java:1312)
	at org.apache.commons.complex.Complex.equals(Complex.java:1312)
	at org.apache.commons.complex.Complex.equals(Complex.java:1312)
	at org.apache.commons.complex.Complex.equals(Complex.java:1312)
	at org.apache.commons.complex.Complex.equals(Complex.java:1312)
	at org.apache.commons.complex.Complex.equals(Complex.java:1312)
	at org.apache.commons.complex.Complex.equals(Complex.java:1312)
	at org.apache.commons.complex.Complex.equals(Complex.java:1312)
	at org.apache.commons.complex.Complex.equals(Complex.java:1312)
	at org.apache.commons.complex.Complex.equals(Complex.java:1312)
	at org.apache.commons.complex.Complex.equals(Complex.java:1312)
	at org.apache.commons.complex.Complex.equals(Complex.java:1312)
	at org.apache.commons.complex.Complex.equals(Complex.java:1312)
	at org.apache.commons.complex.Complex.equals(Complex.java:1312)
	at org.apache.commons.complex.Complex.equals(Complex.java:1312)
	at org.apache.commons.complex.Complex.equals(Complex.java:1312)
	at org.apache.commons.complex.Complex.equals(Complex.java:1312)
	at org.apache.commons.complex.Complex.equals(Complex.java:1312)
	at org.apache.commons.complex.Complex.equals(Complex.java:1312)
	at org.apache.commons.complex.Complex.equals(Complex.java:1312)
	at org.apache.commons.complex.Complex.equals(Complex.java:1312)
	at org.apache.commons.complex.Complex.equals(Complex.java:1312)
	at org.apache.commons.complex.Complex.equals(Complex.java:1312)
	at org.apache.commons.complex.Complex.equals(Complex.java:1312)
	at org.apache.commons.complex.Complex.equals(Complex.java:1312)
	at org.apache.commons.complex.Complex.equals(Complex.java:1312)
	at org.apache.commons.complex.Complex.equals(Complex.java:1312)
	at org.apache.commons.complex.Complex.equals(Complex.java:1312)
	at org.apache.commons.complex.Complex.equals(Complex.java:1312)
	at org.apache.commons.complex.Complex.equals(Complex.java:1312)
	at org.apache.commons.complex.Complex.equals(Complex.java:1312)
	at org.apache.commons.complex.Complex.equals(Complex.java:1312)
	at org.apache.commons.complex.Complex.equals(Complex.java:1312)
	at org.apache.commons.complex.Complex.equals(Complex.java:1312)
	at org.apache.commons.complex.Complex.equals(Complex.java:1312)
	at org.apache.commons.complex.Complex.equals(Complex.java:1312)
	at org.apache.commons.complex.Complex.equals(Complex.java:1312)
	at org.apache.commons.complex.Complex.equals(Complex.java:1312)
	at org.apache.commons.complex.Complex.equals(Complex.java:1312)
	at org.apache.commons.complex.Complex.equals(Complex.java:1312)
	at org.apache.commons.complex.Complex.equals(Complex.java:1312)
	at org.apache.commons.complex.Complex.equals(Complex.java:1312)
	at org.apache.commons.complex.Complex.equals(Complex.java:1312)
	at org.apache.commons.complex.Complex.equals(Complex.java:1312)
	at org.apache.commons.complex.Complex.equals(Complex.java:1312)
	at org.apache.commons.complex.Complex.equals(Complex.java:1312)
	at org.apache.commons.complex.Complex.equals(Complex.java:1312)
	at org.apache.commons.complex.Complex.equals(Complex.java:1312)
	at org.apache.commons.complex.Complex.equals(Complex.java:1312)
	at org.apache.commons.complex.Complex.equals(Complex.java:1312)
	at org.apache.commons.complex.Complex.equals(Complex.java:1312)
	at org.apache.commons.complex.Complex.equals(Complex.java:1312)
	at org.apache.commons.complex.Complex.equals(Complex.java:1312)
	at org.apache.commons.complex.Complex.equals(Complex.java:1312)
	at org.apache.commons.complex.Complex.equals(Complex.java:1312)
	at org.apache.commons.complex.Complex.equals(Complex.java:1312)
	at org.apache.commons.complex.Complex.equals(Complex.java:1312)
	at org.apache.commons.complex.Complex.equals(Complex.java:1312)
	at org.apache.commons.complex.Complex.equals(Complex.java:1312)
	at org.apache.commons.complex.Complex.equals(Complex.java:1312)
	at org.apache.commons.complex.Complex.equals(Complex.java:1312)
	at org.apache.commons.complex.Complex.equals(Complex.java:1312)
	at org.apache.commons.complex.Complex.equals(Complex.java:1312)
	at org.apache.commons.complex.Complex.equals(Complex.java:1312)
	at org.apache.commons.complex.Complex.equals(Complex.java:1312)
	at org.apache.commons.complex.Complex.equals(Complex.java:1312)
	at org.apache.commons.complex.Complex.equals(Complex.java:1312)
	at org.apache.commons.complex.Complex.equals(Complex.java:1312)
	at org.apache.commons.complex.Complex.equals(Complex.java:1312)
	at org.apache.commons.complex.Complex.equals(Complex.java:1312)
	at org.apache.commons.complex.Complex.equals(Complex.java:1312)
	at org.apache.commons.complex.Complex.equals(Complex.java:1312)
	at org.apache.commons.complex.Complex.equals(Complex.java:1312)
	at org.apache.commons.complex.Complex.equals(Complex.java:1312)
	at org.apache.commons.complex.Complex.equals(Complex.java:1312)
	at org.apache.commons.complex.Complex.equals(Complex.java:1312)
	at org.apache.commons.complex.Complex.equals(Complex.java:1312)
	at org.apache.commons.complex.Complex.equals(Complex.java:1312)
	at org.apache.commons.complex.Complex.equals(Complex.java:1312)
	at org.apache.commons.complex.Complex.equals(Complex.java:1312)
	at org.apache.commons.complex.Complex.equals(Complex.java:1312)
	at org.apache.commons.complex.Complex.equals(Complex.java:1312)
	at org.apache.commons.complex.Complex.equals(Complex.java:1312)
	at org.apache.commons.complex.Complex.equals(Complex.java:1312)
	at org.apache.commons.complex.Complex.equals(Complex.java:1312)
	at org.apache.commons.complex.Complex.equals(Complex.java:1312)
	at org.apache.commons.complex.Complex.equals(Complex.java:1312)
	at org.apache.commons.complex.Complex.equals(Complex.java:1312)
	at org.apache.commons.complex.Complex.equals(Complex.java:1312)
	at org.apache.commons.complex.Complex.equals(Complex.java:1312)
	at org.apache.commons.complex.Complex.equals(Complex.java:1312)
	at org.apache.commons.complex.Complex.equals(Complex.java:1312)
	at org.apache.commons.complex.Complex.equals(Complex.java:1312)
	at org.apache.commons.complex.Complex.equals(Complex.java:1312)
	at org.apache.commons.complex.Complex.equals(Complex.java:1312)
	at org.apache.commons.complex.Complex.equals(Complex.java:1312)
	at org.apache.commons.complex.Complex.equals(Complex.java:1312)
	at org.apache.commons.complex.Complex.equals(Complex.java:1312)
	at org.apache.commons.complex.Complex.equals(Complex.java:1312)
	at org.apache.commons.complex.Complex.equals(Complex.java:1312)
	at org.apache.commons.complex.Complex.equals(Complex.java:1312)
	at org.apache.commons.complex.Complex.equals(Complex.java:1312)
	at org.apache.commons.complex.Complex.equals(Complex.java:1312)
	at org.apache.commons.complex.Complex.equals(Complex.java:1312)
	at org.apache.commons.complex.Complex.equals(Complex.java:1312)
	at org.apache.commons.complex.Complex.equals(Complex.java:1312)
	at org.apache.commons.complex.Complex.equals(Complex.java:1312)
	at org.apache.commons.complex.Complex.equals(Complex.java:1312)
	at org.apache.commons.complex.Complex.equals(Complex.java:1312)
	at org.apache.commons.complex.Complex.equals(Complex.java:1312)
	at org.apache.commons.complex.Complex.equals(Complex.java:1312)
	at org.apache.commons.complex.Complex.equals(Complex.java:1312)
	at org.apache.commons.complex.Complex.equals(Complex.java:1312)
	at org.apache.commons.complex.Complex.equals(Complex.java:1312)
	at org.apache.commons.complex.Complex.equals(Complex.java:1312)
	at org.apache.commons.complex.Complex.equals(Complex.java:1312)
	at org.apache.commons.complex.Complex.equals(Complex.java:1312)
	at org.apache.commons.complex.Complex.equals(Complex.java:1312)
	at org.apache.commons.complex.Complex.equals(Complex.java:1312)
	at org.apache.commons.complex.Complex.equals(Complex.java:1312)
	at org.apache.commons.complex.Complex.equals(Complex.java:1312)
	at org.apache.commons.complex.Complex.equals(Complex.java:1312)
	at org.apache.commons.complex.Complex.equals(Complex.java:1312)
	at org.apache.commons.complex.Complex.equals(Complex.java:1312)
	at org.apache.commons.complex.Complex.equals(Complex.java:1312)
	at org.apache.commons.complex.Complex.equals(Complex.java:1312)
	at org.apache.commons.complex.Complex.equals(Complex.java:1312)
	at org.apache.commons.complex.Complex.equals(Complex.java:1312)
	at org.apache.commons.complex.Complex.equals(Complex.java:1312)
	at org.apache.commons.complex.Complex.equals(Complex.java:1312)
	at org.apache.commons.complex.Complex.equals(Complex.java:1312)
	at org.apache.commons.complex.Complex.equals(Complex.java:1312)
	at org.apache.commons.complex.Complex.equals(Complex.java:1312)
	at org.apache.commons.complex.Complex.equals(Complex.java:1312)
	at org.apache.commons.complex.Complex.equals(Complex.java:1312)
	at org.apache.commons.complex.Complex.equals(Complex.java:1312)
	at org.apache.commons.complex.Complex.equals(Complex.java:1312)
	at org.apache.commons.complex.Complex.equals(Complex.java:1312)
	at org.apache.commons.complex.Complex.equals(Complex.java:1312)
	at org.apache.commons.complex.Complex.equals(Complex.java:1312)
	at org.apache.commons.complex.Complex.equals(Complex.java:1312)
	at org.apache.commons.complex.Complex.equals(Complex.java:1312)
	at org.apache.commons.complex.Complex.equals(Complex.java:1312)
	at org.apache.commons.complex.Complex.equals(Complex.java:1312)
	at org.apache.commons.complex.Complex.equals(Complex.java:1312)
	at org.apache.commons.complex.Complex.equals(Complex.java:1312)
	at org.apache.commons.complex.Complex.equals(Complex.java:1312)
	at org.apache.commons.complex.Complex.equals(Complex.java:1312)
	at org.apache.commons.complex.Complex.equals(Complex.java:1312)
	at org.apache.commons.complex.Complex.equals(Complex.java:1312)
	at org.apache.commons.complex.Complex.equals(Complex.java:1312)
	at org.apache.commons.complex.Complex.equals(Complex.java:1312)
	at org.apache.commons.complex.Complex.equals(Complex.java:1312)
	at org.apache.commons.complex.Complex.equals(Complex.java:1312)
	at org.apache.commons.complex.Complex.equals(Complex.java:1312)
	at org.apache.commons.complex.Complex.equals(Complex.java:1312)
	at org.apache.commons.complex.Complex.equals(Complex.java:1312)
	at org.apache.commons.complex.Complex.equals(Complex.java:1312)
	at org.apache.commons.complex.Complex.equals(Complex.java:1312)
	at org.apache.commons.complex.Complex.equals(Complex.java:1312)
	at org.apache.commons.complex.Complex.equals(Complex.java:1312)
	at org.apache.commons.complex.Complex.equals(Complex.java:1312)
	at org.apache.commons.complex.Complex.equals(Complex.java:1312)
	at org.apache.commons.complex.Complex.equals(Complex.java:1312)
	at org.apache.commons.complex.Complex.equals(Complex.java:1312)
	at org.apache.commons.complex.Complex.equals(Complex.java:1312)
	at org.apache.commons.complex.Complex.equals(Complex.java:1312)
	at org.apache.commons.complex.Complex.equals(Complex.java:1312)
	at org.apache.commons.complex.Complex.equals(Complex.java:1312)
	at org.apache.commons.complex.Complex.equals(Complex.java:1312)
	at org.apache.commons.complex.Complex.equals(Complex.java:1312)
	at org.apache.commons.complex.Complex.equals(Complex.java:1312)
	at org.apache.commons.complex.Complex.equals(Complex.java:1312)
	at org.apache.commons.complex.Complex.equals(Complex.java:1312)
	at org.apache.commons.complex.Complex.equals(Complex.java:1312)
	at org.apache.commons.complex.Complex.equals(Complex.java:1312)
	at org.apache.commons.complex.Complex.equals(Complex.java:1312)
	at org.apache.commons.complex.Complex.equals(Complex.java:1312)
	at org.apache.commons.complex.Complex.equals(Complex.java:1312)
	at org.apache.commons.complex.Complex.equals(Complex.java:1312)
	at org.apache.commons.complex.Complex.equals(Complex.java:1312)
	at org.apache.commons.complex.Complex.equals(Complex.java:1312)
	at org.apache.commons.complex.Complex.equals(Complex.java:1312)
	at org.apache.commons.complex.Complex.equals(Complex.java:1312)
	at org.apache.commons.complex.Complex.equals(Complex.java:1312)
	at org.apache.commons.complex.Complex.equals(Complex.java:1312)
	at org.apache.commons.complex.Complex.equals(Complex.java:1312)
	at org.apache.commons.complex.Complex.equals(Complex.java:1312)
	at org.apache.commons.complex.Complex.equals(Complex.java:1312)
	at org.apache.commons.complex.Complex.equals(Complex.java:1312)
	at org.apache.commons.complex.Complex.equals(Complex.java:1312)
	at org.apache.commons.complex.Complex.equals(Complex.java:1312)
	at org.apache.commons.complex.Complex.equals(Complex.java:1312)
	at org.apache.commons.complex.Complex.equals(Complex.java:1312)
	at org.apache.commons.complex.Complex.equals(Complex.java:1312)
	at org.apache.commons.complex.Complex.equals(Complex.java:1312)
	at org.apache.commons.complex.Complex.equals(Complex.java:1312)
	at org.apache.commons.complex.Complex.equals(Complex.java:1312)
	at org.apache.commons.complex.Complex.equals(Complex.java:1312)
	at org.apache.commons.complex.Complex.equals(Complex.java:1312)
	at org.apache.commons.complex.Complex.equals(Complex.java:1312)
	at org.apache.commons.complex.Complex.equals(Complex.java:1312)
	at org.apache.commons.complex.Complex.equals(Complex.java:1312)
	at org.apache.commons.complex.Complex.equals(Complex.java:1312)
	at org.apache.commons.complex.Complex.equals(Complex.java:1312)
	at org.apache.commons.complex.Complex.equals(Complex.java:1312)
	at org.apache.commons.complex.Complex.equals(Complex.java:1312)
	at org.apache.commons.complex.Complex.equals(Complex.java:1312)
	at org.apache.commons.complex.Complex.equals(Complex.java:1312)
	at org.apache.commons.complex.Complex.equals(Complex.java:1312)
	at org.apache.commons.complex.Complex.equals(Complex.java:1312)
	at org.apache.commons.complex.Complex.equals(Complex.java:1312)
	at org.apache.commons.complex.Complex.equals(Complex.java:1312)
	at org.apache.commons.complex.Complex.equals(Complex.java:1312)
	at org.apache.commons.complex.Complex.equals(Complex.java:1312)
	at org.apache.commons.complex.Complex.equals(Complex.java:1312)
	at org.apache.commons.complex.Complex.equals(Complex.java:1312)
	at org.apache.commons.complex.Complex.equals(Complex.java:1312)
	at org.apache.commons.complex.Complex.equals(Complex.java:1312)
	at org.apache.commons.complex.Complex.equals(Complex.java:1312)
	at org.apache.commons.complex.Complex.equals(Complex.java:1312)
	at org.apache.commons.complex.Complex.equals(Complex.java:1312)
	at org.apache.commons.complex.Complex.equals(Complex.java:1312)
	at org.apache.commons.complex.Complex.equals(Complex.java:1312)
	at org.apache.commons.complex.Complex.equals(Complex.java:1312)
	at org.apache.commons.complex.Complex.equals(Complex.java:1312)
	at org.apache.commons.complex.Complex.equals(Complex.java:1312)
	at org.apache.commons.complex.Complex.equals(Complex.java:1312)
	at org.apache.commons.complex.Complex.equals(Complex.java:1312)
	at org.apache.commons.complex.Complex.equals(Complex.java:1312)
	at org.apache.commons.complex.Complex.equals(Complex.java:1312)
	at org.apache.commons.complex.Complex.equals(Complex.java:1312)
	at org.apache.commons.complex.Complex.equals(Complex.java:1312)
	at org.apache.commons.complex.Complex.equals(Complex.java:1312)
	at org.apache.commons.complex.Complex.equals(Complex.java:1312)
	at org.apache.commons.complex.Complex.equals(Complex.java:1312)
	at org.apache.commons.complex.Complex.equals(Complex.java:1312)
	at org.apache.commons.complex.Complex.equals(Complex.java:1312)
	at org.apache.commons.complex.Complex.equals(Complex.java:1312)
	at org.apache.commons.complex.Complex.equals(Complex.java:1312)
	at org.apache.commons.complex.Complex.equals(Complex.java:1312)
	at org.apache.commons.complex.Complex.equals(Complex.java:1312)
	at org.apache.commons.complex.Complex.equals(Complex.java:1312)
	at org.apache.commons.complex.Complex.equals(Complex.java:1312)
	at org.apache.commons.complex.Complex.equals(Complex.java:1312)
	at org.apache.commons.complex.Complex.equals(Complex.java:1312)
	at org.apache.commons.complex.Complex.equals(Complex.java:1312)
	at org.apache.commons.complex.Complex.equals(Complex.java:1312)
	at org.apache.commons.complex.Complex.equals(Complex.java:1312)
	at org.apache.commons.complex.Complex.equals(Complex.java:1312)
	at org.apache.commons.complex.Complex.equals(Complex.java:1312)
	at org.apache.commons.complex.Complex.equals(Complex.java:1312)
	at org.apache.commons.complex.Complex.equals(Complex.java:1312)
	at org.apache.commons.complex.Complex.equals(Complex.java:1312)
	at org.apache.commons.complex.Complex.equals(Complex.java:1312)
	at org.apache.commons.complex.Complex.equals(Complex.java:1312)
	at org.apache.commons.complex.Complex.equals(Complex.java:1312)
	at org.apache.commons.complex.Complex.equals(Complex.java:1312)
	at org.apache.commons.complex.Complex.equals(Complex.java:1312)
	at org.apache.commons.complex.Complex.equals(Complex.java:1312)
	at org.apache.commons.complex.Complex.equals(Complex.java:1312)
	at org.apache.commons.complex.Complex.equals(Complex.java:1312)
	at org.apache.commons.complex.Complex.equals(Complex.java:1312)
	at org.apache.commons.complex.Complex.equals(Complex.java:1312)
	at org.apache.commons.complex.Complex.equals(Complex.java:1312)
	at org.apache.commons.complex.Complex.equals(Complex.java:1312)
	at org.apache.commons.complex.Complex.equals(Complex.java:1312)
	at org.apache.commons.complex.Complex.equals(Complex.java:1312)
	at org.apache.commons.complex.Complex.equals(Complex.java:1312)
	at org.apache.commons.complex.Complex.equals(Complex.java:1312)
	at org.apache.commons.complex.Complex.equals(Complex.java:1312)
	at org.apache.commons.complex.Complex.equals(Complex.java:1312)
	at org.apache.commons.complex.Complex.equals(Complex.java:1312)
	at org.apache.commons.complex.Complex.equals(Complex.java:1312)
	at org.apache.commons.complex.Complex.equals(Complex.java:1312)
	at org.apache.commons.complex.Complex.equals(Complex.java:1312)
	at org.apache.commons.complex.Complex.equals(Complex.java:1312)
	at org.apache.commons.complex.Complex.equals(Complex.java:1312)
	at org.apache.commons.complex.Complex.equals(Complex.java:1312)
	at org.apache.commons.complex.Complex.equals(Complex.java:1312)
	at org.apache.commons.complex.Complex.equals(Complex.java:1312)
	at org.apache.commons.complex.Complex.equals(Complex.java:1312)
	at org.apache.commons.complex.Complex.equals(Complex.java:1312)
	at org.apache.commons.complex.Complex.equals(Complex.java:1312)
	at org.apache.commons.complex.Complex.equals(Complex.java:1312)
	at org.apache.commons.complex.Complex.equals(Complex.java:1312)
	at org.apache.commons.complex.Complex.equals(Complex.java:1312)
	at org.apache.commons.complex.Complex.equals(Complex.java:1312)
	at org.apache.commons.complex.Complex.equals(Complex.java:1312)
	at org.apache.commons.complex.Complex.equals(Complex.java:1312)
	at org.apache.commons.complex.Complex.equals(Complex.java:1312)
	at org.apache.commons.complex.Complex.equals(Complex.java:1312)
	at org.apache.commons.complex.Complex.equals(Complex.java:1312)
	at org.apache.commons.complex.Complex.equals(Complex.java:1312)
	at org.apache.commons.complex.Complex.equals(Complex.java:1312)
	at org.apache.commons.complex.Complex.equals(Complex.java:1312)
	at org.apache.commons.complex.Complex.equals(Complex.java:1312)
	at org.apache.commons.complex.Complex.equals(Complex.java:1312)
	at org.apache.commons.complex.Complex.equals(Complex.java:1312)
	at org.apache.commons.complex.Complex.equals(Complex.java:1312)
	at org.apache.commons.complex.Complex.equals(Complex.java:1312)
	at org.apache.commons.complex.Complex.equals(Complex.java:1312)
	at org.apache.commons.complex.Complex.equals(Complex.java:1312)
	at org.apache.commons.complex.Complex.equals(Complex.java:1312)
	at org.apache.commons.complex.Complex.equals(Complex.java:1312)
	at org.apache.commons.complex.Complex.equals(Complex.java:1312)
	at org.apache.commons.complex.Complex.equals(Complex.java:1312)
	at org.apache.commons.complex.Complex.equals(Complex.java:1312)
	at org.apache.commons.complex.Complex.equals(Complex.java:1312)
	at org.apache.commons.complex.Complex.equals(Complex.java:1312)
	at org.apache.commons.complex.Complex.equals(Complex.java:1312)
	at org.apache.commons.complex.Complex.equals(Complex.java:1312)
	at org.apache.commons.complex.Complex.equals(Complex.java:1312)
	at org.apache.commons.complex.Complex.equals(Complex.java:1312)
	at org.apache.commons.complex.Complex.equals(Complex.java:1312)
	at org.apache.commons.complex.Complex.equals(Complex.java:1312)
	at org.apache.commons.complex.Complex.equals(Complex.java:1312)
	at org.apache.commons.complex.Complex.equals(Complex.java:1312)
	at org.apache.commons.complex.Complex.equals(Complex.java:1312)
	at org.apache.commons.complex.Complex.equals(Complex.java:1312)
	at org.apache.commons.complex.Complex.equals(Complex.java:1312)
	at org.apache.commons.complex.Complex.equals(Complex.java:1312)
	at org.apache.commons.complex.Complex.equals(Complex.java:1312)
	at org.apache.commons.complex.Complex.equals(Complex.java:1312)
	at org.apache.commons.complex.Complex.equals(Complex.java:1312)
	at org.apache.commons.complex.Complex.equals(Complex.java:1312)
	at org.apache.commons.complex.Complex.equals(Complex.java:1312)
	at org.apache.commons.complex.Complex.equals(Complex.java:1312)
	at org.apache.commons.complex.Complex.equals(Complex.java:1312)
	at org.apache.commons.complex.Complex.equals(Complex.java:1312)
	at org.apache.commons.complex.Complex.equals(Complex.java:1312)
	at org.apache.commons.complex.Complex.equals(Complex.java:1312)
	at org.apache.commons.complex.Complex.equals(Complex.java:1312)
	at org.apache.commons.complex.Complex.equals(Complex.java:1312)
	at org.apache.commons.complex.Complex.equals(Complex.java:1312)
	at org.apache.commons.complex.Complex.equals(Complex.java:1312)
	at org.apache.commons.complex.Complex.equals(Complex.java:1312)
	at org.apache.commons.complex.Complex.equals(Complex.java:1312)
	at org.apache.commons.complex.Complex.equals(Complex.java:1312)
	at org.apache.commons.complex.Complex.equals(Complex.java:1312)
	at org.apache.commons.complex.Complex.equals(Complex.java:1312)
	at org.apache.commons.complex.Complex.equals(Complex.java:1312)
	at org.apache.commons.complex.Complex.equals(Complex.java:1312)
	at org.apache.commons.complex.Complex.equals(Complex.java:1312)
	at org.apache.commons.complex.Complex.equals(Complex.java:1312)
	at org.apache.commons.complex.Complex.equals(Complex.java:1312)
	at org.apache.commons.complex.Complex.equals(Complex.java:1312)
	at org.apache.commons.complex.Complex.equals(Complex.java:1312)
	at org.apache.commons.complex.Complex.equals(Complex.java:1312)
	at org.apache.commons.complex.Complex.equals(Complex.java:1312)
	at org.apache.commons.complex.Complex.equals(Complex.java:1312)
	at org.apache.commons.complex.Complex.equals(Complex.java:1312)
	at org.apache.commons.complex.Complex.equals(Complex.java:1312)
	at org.apache.commons.complex.Complex.equals(Complex.java:1312)
	at org.apache.commons.complex.Complex.equals(Complex.java:1312)
	at org.apache.commons.complex.Complex.equals(Complex.java:1312)
	at org.apache.commons.complex.Complex.equals(Complex.java:1312)
	at org.apache.commons.complex.Complex.equals(Complex.java:1312)
	at org.apache.commons.complex.Complex.equals(Complex.java:1312)
	at org.apache.commons.complex.Complex.equals(Complex.java:1312)
	at org.apache.commons.complex.Complex.equals(Complex.java:1312)
	at org.apache.commons.complex.Complex.equals(Complex.java:1312)
	at org.apache.commons.complex.Complex.equals(Complex.java:1312)
	at org.apache.commons.complex.Complex.equals(Complex.java:1312)
	at org.apache.commons.complex.Complex.equals(Complex.java:1312)
	at org.apache.commons.complex.Complex.equals(Complex.java:1312)
	at org.apache.commons.complex.Complex.equals(Complex.java:1312)
	at org.apache.commons.complex.Complex.equals(Complex.java:1312)
	at org.apache.commons.complex.Complex.equals(Complex.java:1312)
	at org.apache.commons.complex.Complex.equals(Complex.java:1312)
	at org.apache.commons.complex.Complex.equals(Complex.java:1312)
	at org.apache.commons.complex.Complex.equals(Complex.java:1312)
	at org.apache.commons.complex.Complex.equals(Complex.java:1312)
	at org.apache.commons.complex.Complex.equals(Complex.java:1312)
	at org.apache.commons.complex.Complex.equals(Complex.java:1312)
	at org.apache.commons.complex.Complex.equals(Complex.java:1312)
	at org.apache.commons.complex.Complex.equals(Complex.java:1312)
	at org.apache.commons.complex.Complex.equals(Complex.java:1312)
	at org.apache.commons.complex.Complex.equals(Complex.java:1312)
	at org.apache.commons.complex.Complex.equals(Complex.java:1312)
	at org.apache.commons.complex.Complex.equals(Complex.java:1312)
	at org.apache.commons.complex.Complex.equals(Complex.java:1312)
	at org.apache.commons.complex.Complex.equals(Complex.java:1312)
	at org.apache.commons.complex.Complex.equals(Complex.java:1312)
	at org.apache.commons.complex.Complex.equals(Complex.java:1312)
	at org.apache.commons.complex.Complex.equals(Complex.java:1312)
	at org.apache.commons.complex.Complex.equals(Complex.java:1312)
	at org.apache.commons.complex.Complex.equals(Complex.java:1312)
	at org.apache.commons.complex.Complex.equals(Complex.java:1312)
	at org.apache.commons.complex.Complex.equals(Complex.java:1312)
	at org.apache.commons.complex.Complex.equals(Complex.java:1312)
	at org.apache.commons.complex.Complex.equals(Complex.java:1312)
	at org.apache.commons.complex.Complex.equals(Complex.java:1312)
	at org.apache.commons.complex.Complex.equals(Complex.java:1312)
	at org.apache.commons.complex.Complex.equals(Complex.java:1312)
	at org.apache.commons.complex.Complex.equals(Complex.java:1312)
	at org.apache.commons.complex.Complex.equals(Complex.java:1312)
	at org.apache.commons.complex.Complex.equals(Complex.java:1312)
	at org.apache.commons.complex.Complex.equals(Complex.java:1312)
	at org.apache.commons.complex.Complex.equals(Complex.java:1312)
	at org.apache.commons.complex.Complex.equals(Complex.java:1312)
	at org.apache.commons.complex.Complex.equals(Complex.java:1312)
	at org.apache.commons.complex.Complex.equals(Complex.java:1312)
	at org.apache.commons.complex.Complex.equals(Complex.java:1312)
	at org.apache.commons.complex.Complex.equals(Complex.java:1312)
	at org.apache.commons.complex.Complex.equals(Complex.java:1312)
	at org.apache.commons.complex.Complex.equals(Complex.java:1312)
	at org.apache.commons.complex.Complex.equals(Complex.java:1312)
	at org.apache.commons.complex.Complex.equals(Complex.java:1312)
	at org.apache.commons.complex.Complex.equals(Complex.java:1312)
	at org.apache.commons.complex.Complex.equals(Complex.java:1312)
	at org.apache.commons.complex.Complex.equals(Complex.java:1312)
	at org.apache.commons.complex.Complex.equals(Complex.java:1312)
	at org.apache.commons.complex.Complex.equals(Complex.java:1312)
	at org.apache.commons.complex.Complex.equals(Complex.java:1312)
	at org.apache.commons.complex.Complex.equals(Complex.java:1312)
	at org.apache.commons.complex.Complex.equals(Complex.java:1312)
	at org.apache.commons.complex.Complex.equals(Complex.java:1312)
</error>
  </testcase>
  <testcase name="testGetArgumentInf" classname="org.apache.commons.complex.ComplexTest" time="0"/>
  <testcase name="testGetArgumentNaN" classname="org.apache.commons.complex.ComplexTest" time="0"/>
  <testcase name="testConstructorNaN" classname="org.apache.commons.complex.ComplexTest" time="0"/>
  <testcase name="testCoshInf" classname="org.apache.commons.complex.ComplexTest" time="0"/>
  <testcase name="testCoshNaN" classname="org.apache.commons.complex.ComplexTest" time="0"/>
  <testcase name="testPowNaNExponent" classname="org.apache.commons.complex.ComplexTest" time="0"/>
  <testcase name="testHashCode" classname="org.apache.commons.complex.ComplexTest" time="0"/>
  <testcase name="testSqrtRealZero" classname="org.apache.commons.complex.ComplexTest" time="0"/>
  <testcase name="testSqrtImaginaryNegative" classname="org.apache.commons.complex.ComplexTest" time="0"/>
  <testcase name="testFloatingPointEqualsPrecondition1" classname="org.apache.commons.complex.ComplexTest" time="0"/>
  <testcase name="testFloatingPointEqualsPrecondition2" classname="org.apache.commons.complex.ComplexTest" time="0.001"/>
  <testcase name="testReciprocalInf" classname="org.apache.commons.complex.ComplexTest" time="0"/>
  <testcase name="testReciprocalNaN" classname="org.apache.commons.complex.ComplexTest" time="0"/>
  <testcase name="testFloatingPointEquals" classname="org.apache.commons.complex.ComplexTest" time="0.001">
    <failure type="java.lang.AssertionError:">java.lang.AssertionError: null
	at org.junit.Assert.fail(Assert.java:86)
	at org.junit.Assert.assertTrue(Assert.java:41)
	at org.junit.Assert.assertTrue(Assert.java:52)
	at org.apache.commons.complex.ComplexTest.testFloatingPointEquals(ComplexTest.java:522)
</failure>
  </testcase>
  <testcase name="testNthRoot_cornercase_thirdRoot_realPartZero" classname="org.apache.commons.complex.ComplexTest" time="0"/>
  <testcase name="testScalarDivideZero" classname="org.apache.commons.complex.ComplexTest" time="0"/>
  <testcase name="testScalarSubtract" classname="org.apache.commons.complex.ComplexTest" time="0"/>
  <testcase name="testAbsNaN" classname="org.apache.commons.complex.ComplexTest" time="0"/>
  <testcase name="testAddInf" classname="org.apache.commons.complex.ComplexTest" time="0"/>
  <testcase name="testAddNaN" classname="org.apache.commons.complex.ComplexTest" time="0"/>
  <testcase name="testCosInf" classname="org.apache.commons.complex.ComplexTest" time="0"/>
  <testcase name="testCosNaN" classname="org.apache.commons.complex.ComplexTest" time="0"/>
  <testcase name="testDivide" classname="org.apache.commons.complex.ComplexTest" time="0"/>
  <testcase name="testExpNaN" classname="org.apache.commons.complex.ComplexTest" time="0"/>
  <testcase name="testMultiply" classname="org.apache.commons.complex.ComplexTest" time="0"/>
  <testcase name="testDivideReal" classname="org.apache.commons.complex.ComplexTest" time="0"/>
  <testcase name="testDivideZero" classname="org.apache.commons.complex.ComplexTest" time="0"/>
  <testcase name="testEqualsNaN" classname="org.apache.commons.complex.ComplexTest" time="0"/>
  <testcase name="testLogInf" classname="org.apache.commons.complex.ComplexTest" time="0"/>
  <testcase name="testLogNaN" classname="org.apache.commons.complex.ComplexTest" time="0"/>
  <testcase name="testNegate" classname="org.apache.commons.complex.ComplexTest" time="0"/>
  <testcase name="testPowInf" classname="org.apache.commons.complex.ComplexTest" time="0"/>
  <testcase name="testConjugateInfiinite" classname="org.apache.commons.complex.ComplexTest" time="0"/>
  <testcase name="testSinhInf" classname="org.apache.commons.complex.ComplexTest" time="0"/>
  <testcase name="testSinhNaN" classname="org.apache.commons.complex.ComplexTest" time="0"/>
  <testcase name="testSerial" classname="org.apache.commons.complex.ComplexTest" time="0.044"/>
  <testcase name="testSinInf" classname="org.apache.commons.complex.ComplexTest" time="0"/>
  <testcase name="testSinNaN" classname="org.apache.commons.complex.ComplexTest" time="0"/>
  <testcase name="testSqrt1z" classname="org.apache.commons.complex.ComplexTest" time="0"/>
  <testcase name="testTanInf" classname="org.apache.commons.complex.ComplexTest" time="0"/>
  <testcase name="testTanNaN" classname="org.apache.commons.complex.ComplexTest" time="0"/>
  <testcase name="testNthRoot_normal_thirdRoot" classname="org.apache.commons.complex.ComplexTest" time="0.001"/>
  <testcase name="testSubtractInf" classname="org.apache.commons.complex.ComplexTest" time="0"/>
  <testcase name="testSubtractNaN" classname="org.apache.commons.complex.ComplexTest" time="0"/>
  <testcase name="testAbsInfinite" classname="org.apache.commons.complex.ComplexTest" time="0"/>
  <testcase name="testSqrtInf" classname="org.apache.commons.complex.ComplexTest" time="0"/>
  <testcase name="testSqrtNaN" classname="org.apache.commons.complex.ComplexTest" time="0"/>
  <testcase name="testDivideZeroZero" classname="org.apache.commons.complex.ComplexTest" time="0"/>
  <testcase name="testConstructor" classname="org.apache.commons.complex.ComplexTest" time="0"/>
  <testcase name="testScalarPowNaNExponent" classname="org.apache.commons.complex.ComplexTest" time="0.001"/>
  <testcase name="testReciprocalImaginary" classname="org.apache.commons.complex.ComplexTest" time="0"/>
</testsuite>